[2017-09-30 15:47:31] {"toUser":"system","type":"login","scene":"live","roomid":"4","uniacid":"3","uid":"2317","nickname":"\u949f\u575a"}
[2017-09-30 15:47:39] {"toUser":"system","type":"communication","scene":"live","roomid":"4","uniacid":"3","uid":"2317","nickname":"\u949f\u575a"}
[2017-09-30 15:47:47] {"toUser":"system","type":"communication","scene":"live","roomid":"4","uniacid":"3","uid":"2317","nickname":"\u949f\u575a"}
[2017-09-30 15:47:55] {"toUser":"system","type":"communication","scene":"live","roomid":"4","uniacid":"3","uid":"2317","nickname":"\u949f\u575a"}
[2017-09-30 15:49:59] {"toUser":"system","type":"login","scene":"live","roomid":"4","uniacid":"3","uid":"2215","nickname":"\u5340\u5ee3\u797aGogo"}
[2017-09-30 15:50:07] {"toUser":"system","type":"communication","scene":"live","roomid":"4","uniacid":"3","uid":"2215","nickname":"\u5340\u5ee3\u797aGogo"}
[2017-09-30 15:50:15] {"toUser":"system","type":"communication","scene":"live","roomid":"4","uniacid":"3","uid":"2215","nickname":"\u5340\u5ee3\u797aGogo"}
[2017-09-30 16:11:24] {"toUser":"system","type":"login","scene":"live","roomid":"4","uniacid":"3","uid":"2253","nickname":"\u56fd\u6210\u2022\u4e13\u6ce8\u4e92\u8054\u7f51+\u2022"}
[2017-09-30 16:11:32] {"toUser":"system","type":"communication","scene":"live","roomid":"4","uniacid":"3","uid":"2253","nickname":"\u56fd\u6210\u2022\u4e13\u6ce8\u4e92\u8054\u7f51+\u2022"}
[2017-09-30 16:11:37] {"toUser":"system","type":"clicklike","scene":"live","roomid":"4","uniacid":"3","uid":"2253","nickname":"\u56fd\u6210\u2022\u4e13\u6ce8\u4e92\u8054\u7f51+\u2022"}
[2017-09-30 17:31:08] {"toUser":"system","type":"login","scene":"live","roomid":"4","uniacid":"3","uid":"2215","nickname":"\u5340\u5ee3\u797aGogo"}
[2017-09-30 17:31:15] {"toUser":"system","type":"communication","scene":"live","roomid":"4","uniacid":"3","uid":"2215","nickname":"\u5340\u5ee3\u797aGogo"}
[2017-09-30 17:31:23] {"toUser":"system","type":"communication","scene":"live","roomid":"4","uniacid":"3","uid":"2215","nickname":"\u5340\u5ee3\u797aGogo"}
[2017-09-30 17:31:31] {"toUser":"system","type":"communication","scene":"live","roomid":"4","uniacid":"3","uid":"2215","nickname":"\u5340\u5ee3\u797aGogo"}
[2017-09-30 19:21:49] {"toUser":"system","type":"login","scene":"live","roomid":"4","uniacid":"3","uid":"2239","nickname":" \u65c5\u9014alex"}
[2017-09-30 19:21:57] {"toUser":"system","type":"communication","scene":"live","roomid":"4","uniacid":"3","uid":"2239","nickname":" \u65c5\u9014alex"}
[2017-09-30 19:22:05] {"toUser":"system","type":"communication","scene":"live","roomid":"4","uniacid":"3","uid":"2239","nickname":" \u65c5\u9014alex"}
[2017-09-30 19:22:06] {"toUser":"system","type":"login","scene":"live","roomid":"4","uniacid":"3","uid":"2239","nickname":" \u65c5\u9014alex"}
[2017-09-30 19:22:13] {"toUser":"system","type":"communication","scene":"live","roomid":"4","uniacid":"3","uid":"2239","nickname":" \u65c5\u9014alex"}
[2017-09-30 19:22:14] {"toUser":"system","type":"communication","scene":"live","roomid":"4","uniacid":"3","uid":"2239","nickname":" \u65c5\u9014alex"}
[2017-10-01 00:13:09] {"toUser":"system","type":"login","scene":"live","roomid":"4","uniacid":"3","uid":"2215","nickname":"\u5340\u5ee3\u797aGogo"}
[2017-10-01 00:13:17] {"toUser":"system","type":"communication","scene":"live","roomid":"4","uniacid":"3","uid":"2215","nickname":"\u5340\u5ee3\u797aGogo"}
[2017-10-01 00:13:26] {"toUser":"system","type":"communication","scene":"live","roomid":"4","uniacid":"3","uid":"2215","nickname":"\u5340\u5ee3\u797aGogo"}
[2017-10-01 00:13:34] {"toUser":"system","type":"communication","scene":"live","roomid":"4","uniacid":"3","uid":"2215","nickname":"\u5340\u5ee3\u797aGogo"}
[2017-10-01 00:13:41] {"toUser":"system","type":"communication","scene":"live","roomid":"4","uniacid":"3","uid":"2215","nickname":"\u5340\u5ee3\u797aGogo"}
[2017-10-01 00:13:50] {"toUser":"system","type":"communication","scene":"live","roomid":"4","uniacid":"3","uid":"2215","nickname":"\u5340\u5ee3\u797aGogo"}
[2017-10-01 00:13:58] {"toUser":"system","type":"login","scene":"live","roomid":"4","uniacid":"3","uid":"2215","nickname":"\u5340\u5ee3\u797aGogo"}
[2017-10-01 00:14:03] {"toUser":"system","type":"clicklike","scene":"live","roomid":"4","uniacid":"3","uid":"2215","nickname":"\u5340\u5ee3\u797aGogo"}
[2017-10-01 00:14:06] {"toUser":"system","type":"communication","scene":"live","roomid":"4","uniacid":"3","uid":"2215","nickname":"\u5340\u5ee3\u797aGogo"}
[2017-10-01 00:14:14] {"toUser":"system","type":"communication","scene":"live","roomid":"4","uniacid":"3","uid":"2215","nickname":"\u5340\u5ee3\u797aGogo"}
[2017-10-01 00:14:22] {"toUser":"system","type":"communication","scene":"live","roomid":"4","uniacid":"3","uid":"2215","nickname":"\u5340\u5ee3\u797aGogo"}
[2017-10-01 00:14:30] {"toUser":"system","type":"communication","scene":"live","roomid":"4","uniacid":"3","uid":"2215","nickname":"\u5340\u5ee3\u797aGogo"}
[2017-10-01 14:17:08] {"toUser":"system","type":"login","scene":"live","roomid":"4","uniacid":"3","uid":"2256","nickname":"\u6f58\u60e0\u7476"}
[2017-10-01 14:17:16] {"toUser":"system","type":"communication","scene":"live","roomid":"4","uniacid":"3","uid":"2256","nickname":"\u6f58\u60e0\u7476"}
[2017-10-05 19:51:28] {"toUser":"system","type":"login","scene":"live","roomid":"4","uniacid":"3","uid":"2215","nickname":"\u5340\u5ee3\u797aGogo"}
[2017-10-05 19:51:36] {"toUser":"system","type":"communication","scene":"live","roomid":"4","uniacid":"3","uid":"2215","nickname":"\u5340\u5ee3\u797aGogo"}
[2017-10-06 11:01:11] {"toUser":"system","type":"login","scene":"live","roomid":"4","uniacid":"3","uid":"2215","nickname":"\u5340\u5ee3\u797aGogo"}
[2017-10-06 11:01:19] {"toUser":"system","type":"communication","scene":"live","roomid":"4","uniacid":"3","uid":"2215","nickname":"\u5340\u5ee3\u797aGogo"}
[2017-10-06 11:01:27] {"toUser":"system","type":"communication","scene":"live","roomid":"4","uniacid":"3","uid":"2215","nickname":"\u5340\u5ee3\u797aGogo"}
[2017-10-11 18:35:44] {"toUser":"system","type":"login","scene":"live","roomid":"4","uniacid":"3","uid":"2215","nickname":"\u5340\u5ee3\u797aGogo"}
[2017-10-11 18:35:52] {"toUser":"system","type":"communication","scene":"live","roomid":"4","uniacid":"3","uid":"2215","nickname":"\u5340\u5ee3\u797aGogo"}
[2017-10-11 18:36:00] {"toUser":"system","type":"communication","scene":"live","roomid":"4","uniacid":"3","uid":"2215","nickname":"\u5340\u5ee3\u797aGogo"}
[2017-10-11 18:36:08] {"toUser":"system","type":"communication","scene":"live","roomid":"4","uniacid":"3","uid":"2215","nickname":"\u5340\u5ee3\u797aGogo"}
[2017-10-11 18:36:10] {"toUser":"system","type":"login","scene":"live","roomid":"4","uniacid":"3","uid":"2215","nickname":"\u5340\u5ee3\u797aGogo"}
[2017-10-11 18:36:16] {"toUser":"system","type":"communication","scene":"live","roomid":"4","uniacid":"3","uid":"2215","nickname":"\u5340\u5ee3\u797aGogo"}
[2017-10-11 18:36:18] {"toUser":"system","type":"communication","scene":"live","roomid":"4","uniacid":"3","uid":"2215","nickname":"\u5340\u5ee3\u797aGogo"}
[2017-10-11 18:36:24] {"toUser":"system","type":"communication","scene":"live","roomid":"4","uniacid":"3","uid":"2215","nickname":"\u5340\u5ee3\u797aGogo"}
[2017-10-11 18:36:26] {"toUser":"system","type":"communication","scene":"live","roomid":"4","uniacid":"3","uid":"2215","nickname":"\u5340\u5ee3\u797aGogo"}
[2017-10-11 18:36:32] {"toUser":"system","type":"communication","scene":"live","roomid":"4","uniacid":"3","uid":"2215","nickname":"\u5340\u5ee3\u797aGogo"}
[2017-10-11 18:50:45] {"toUser":"system","type":"login","scene":"live","roomid":"4","uniacid":"3","uid":"2215","nickname":"\u5340\u5ee3\u797aGogo"}
