2025-06-18 01:00:03 trace :
------------
String:
<xml><ToUserName><![CDATA[gh_d65bd70457b1]]></ToUserName>
<FromUserName><![CDATA[ov3-bt8keSKg_8z9Wwi-zG1hRhwg]]></FromUserName>
<CreateTime>1750179620</CreateTime>
<MsgType><![CDATA[event]]></MsgType>
<Event><![CDATA[TEMPLATESENDJOBFINISH]]></Event>
<MsgID>4036385924580556803</MsgID>
<Status><![CDATA[success]]></Status>
</xml>

2025-06-18 01:00:03 params :
------------
String:
array (
  'rule' => -2,
  'module' => '',
  'message' => 
  array (
    'tousername' => 'gh_d65bd70457b1',
    'fromusername' => 'ov3-bt8keSKg_8z9Wwi-zG1hRhwg',
    'createtime' => '1750179620',
    'msgtype' => 'event',
    'event' => 'TEMPLATESENDJOBFINISH',
    'msgid' => '4036385924580556803',
    'status' => 'success',
    'from' => 'ov3-bt8keSKg_8z9Wwi-zG1hRhwg',
    'to' => 'gh_d65bd70457b1',
    'time' => '1750179620',
    'type' => 'event',
  ),
)

2025-06-18 01:00:03 response :
------------

2025-06-18 12:56:23 trace :
------------
String:
<xml><ToUserName><![CDATA[gh_30d60bf77e72]]></ToUserName>
<FromUserName><![CDATA[oo3O4tzQPZhX6Aj1fTSBAlRDZNpw]]></FromUserName>
<CreateTime>1750222602</CreateTime>
<MsgType><![CDATA[event]]></MsgType>
<Event><![CDATA[unsubscribe]]></Event>
<EventKey><![CDATA[]]></EventKey>
</xml>

2025-06-18 12:56:23 fm_jiaoyu_messagelog :
------------
Array:
tousername : gh_30d60bf77e72 ;
fromusername : oo3O4tzQPZhX6Aj1fTSBAlRDZNpw ;
createtime : 1750222602 ;
msgtype : event ;
event : unsubscribe ;
eventkey :  ;
from : oo3O4tzQPZhX6Aj1fTSBAlRDZNpw ;
to : gh_30d60bf77e72 ;
time : 1750222602 ;
type : unsubscribe ;

