2025-06-22 01:00:03 trace :
------------
String:
<xml><ToUserName><![CDATA[gh_d65bd70457b1]]></ToUserName>
<FromUserName><![CDATA[ov3-bt8keSKg_8z9Wwi-zG1hRhwg]]></FromUserName>
<CreateTime>1750525236</CreateTime>
<MsgType><![CDATA[event]]></MsgType>
<Event><![CDATA[TEMPLATESENDJOBFINISH]]></Event>
<MsgID>4042184387591323653</MsgID>
<Status><![CDATA[success]]></Status>
</xml>

2025-06-22 01:00:03 params :
------------
String:
array (
  'rule' => -2,
  'module' => '',
  'message' => 
  array (
    'tousername' => 'gh_d65bd70457b1',
    'fromusername' => 'ov3-bt8keSKg_8z9Wwi-zG1hRhwg',
    'createtime' => '1750525236',
    'msgtype' => 'event',
    'event' => 'TEMPLATESENDJOBFINISH',
    'msgid' => '4042184387591323653',
    'status' => 'success',
    'from' => 'ov3-bt8keSKg_8z9Wwi-zG1hRhwg',
    'to' => 'gh_d65bd70457b1',
    'time' => '1750525236',
    'type' => 'event',
  ),
)

2025-06-22 01:00:03 response :
------------

2025-06-22 01:41:23 trace :
------------
String:
<xml><ToUserName><![CDATA[gh_d65bd70457b1]]></ToUserName>
<FromUserName><![CDATA[ov3-bt9KGiwU_Z8xw4lpA0lLc6EI]]></FromUserName>
<CreateTime>1750527716</CreateTime>
<MsgType><![CDATA[event]]></MsgType>
<Event><![CDATA[unsubscribe]]></Event>
<EventKey><![CDATA[]]></EventKey>
</xml>

2025-06-22 01:41:23 fm_jiaoyu_messagelog :
------------
Array:
tousername : gh_d65bd70457b1 ;
fromusername : ov3-bt9KGiwU_Z8xw4lpA0lLc6EI ;
createtime : 1750527716 ;
msgtype : event ;
event : unsubscribe ;
eventkey :  ;
from : ov3-bt9KGiwU_Z8xw4lpA0lLc6EI ;
to : gh_d65bd70457b1 ;
time : 1750527716 ;
type : unsubscribe ;

