2025-06-10 01:00:04 trace :
------------
String:
<xml><ToUserName><![CDATA[gh_d65bd70457b1]]></ToUserName>
<FromUserName><![CDATA[ov3-bt8keSKg_8z9Wwi-zG1hRhwg]]></FromUserName>
<CreateTime>1749488505</CreateTime>
<MsgType><![CDATA[event]]></MsgType>
<Event><![CDATA[TEMPLATESENDJOBFINISH]]></Event>
<MsgID>4024790937719980036</MsgID>
<Status><![CDATA[success]]></Status>
</xml>

2025-06-10 01:00:04 params :
------------
String:
array (
  'rule' => -2,
  'module' => '',
  'message' => 
  array (
    'tousername' => 'gh_d65bd70457b1',
    'fromusername' => 'ov3-bt8keSKg_8z9Wwi-zG1hRhwg',
    'createtime' => '1749488505',
    'msgtype' => 'event',
    'event' => 'TEMPLATESENDJOBFINISH',
    'msgid' => '4024790937719980036',
    'status' => 'success',
    'from' => 'ov3-bt8keSKg_8z9Wwi-zG1hRhwg',
    'to' => 'gh_d65bd70457b1',
    'time' => '1749488505',
    'type' => 'event',
  ),
)

2025-06-10 01:00:04 response :
------------

2025-06-10 05:09:13 trace :
------------
String:
<xml><ToUserName><![CDATA[gh_d65bd70457b1]]></ToUserName>
<FromUserName><![CDATA[ov3-bt5XY9EmUlqm2219A8GDl0gE]]></FromUserName>
<CreateTime>1749503456</CreateTime>
<MsgType><![CDATA[event]]></MsgType>
<Event><![CDATA[VIEW]]></Event>
<EventKey><![CDATA[http://www.gogo198.net/a/brand/brand_com.html]]></EventKey>
<MenuId>460558099</MenuId>
</xml>

2025-06-10 05:09:14 params :
------------
String:
array (
  'rule' => -2,
  'module' => '',
  'message' => 
  array (
    'tousername' => 'gh_d65bd70457b1',
    'fromusername' => 'ov3-bt5XY9EmUlqm2219A8GDl0gE',
    'createtime' => '1749503456',
    'msgtype' => 'event',
    'event' => 'VIEW',
    'eventkey' => 'http://www.gogo198.net/a/brand/brand_com.html',
    'menuid' => '460558099',
    'from' => 'ov3-bt5XY9EmUlqm2219A8GDl0gE',
    'to' => 'gh_d65bd70457b1',
    'time' => '1749503456',
    'type' => 'text',
    'content' => 'http://www.gogo198.net/a/brand/brand_com.html',
    'redirection' => true,
    'source' => 'VIEW',
  ),
)

2025-06-10 05:09:14 response :
------------

2025-06-10 05:28:40 trace :
------------
String:
<xml><ToUserName><![CDATA[gh_d65bd70457b1]]></ToUserName>
<FromUserName><![CDATA[ov3-bt5XY9EmUlqm2219A8GDl0gE]]></FromUserName>
<CreateTime>1749504622</CreateTime>
<MsgType><![CDATA[event]]></MsgType>
<Event><![CDATA[VIEW]]></Event>
<EventKey><![CDATA[http://www.gogo198.net/]]></EventKey>
<MenuId>460558099</MenuId>
</xml>

2025-06-10 05:28:40 params :
------------
String:
array (
  'rule' => -2,
  'module' => '',
  'message' => 
  array (
    'tousername' => 'gh_d65bd70457b1',
    'fromusername' => 'ov3-bt5XY9EmUlqm2219A8GDl0gE',
    'createtime' => '1749504622',
    'msgtype' => 'event',
    'event' => 'VIEW',
    'eventkey' => 'http://www.gogo198.net/',
    'menuid' => '460558099',
    'from' => 'ov3-bt5XY9EmUlqm2219A8GDl0gE',
    'to' => 'gh_d65bd70457b1',
    'time' => '1749504622',
    'type' => 'text',
    'content' => 'http://www.gogo198.net/',
    'redirection' => true,
    'source' => 'VIEW',
  ),
)

2025-06-10 05:28:40 response :
------------

