2025-10-19 01:00:04 trace :
------------
String:
<xml><ToUserName><![CDATA[gh_d65bd70457b1]]></ToUserName>
<FromUserName><![CDATA[ov3-bt8keSKg_8z9Wwi-zG1hRhwg]]></FromUserName>
<CreateTime>1760806810</CreateTime>
<MsgType><![CDATA[event]]></MsgType>
<Event><![CDATA[TEMPLATESENDJOBFINISH]]></Event>
<MsgID>4214680582204080135</MsgID>
<Status><![CDATA[success]]></Status>
</xml>

2025-10-19 01:00:04 params :
------------
String:
array (
  'rule' => -2,
  'module' => '',
  'message' => 
  array (
    'tousername' => 'gh_d65bd70457b1',
    'fromusername' => 'ov3-bt8keSKg_8z9Wwi-zG1hRhwg',
    'createtime' => '1760806810',
    'msgtype' => 'event',
    'event' => 'TEMPLATESENDJOBFINISH',
    'msgid' => '4214680582204080135',
    'status' => 'success',
    'from' => 'ov3-bt8keSKg_8z9Wwi-zG1hRhwg',
    'to' => 'gh_d65bd70457b1',
    'time' => '1760806810',
    'type' => 'event',
  ),
)

2025-10-19 01:00:04 response :
------------

2025-10-19 09:04:48 trace :
------------
String:
<xml><ToUserName><![CDATA[gh_d65bd70457b1]]></ToUserName>
<FromUserName><![CDATA[ov3-bt5vIxepEjWc51zRQNQbFSaQ]]></FromUserName>
<CreateTime>1760835895</CreateTime>
<MsgType><![CDATA[event]]></MsgType>
<Event><![CDATA[TEMPLATESENDJOBFINISH]]></Event>
<MsgID>4215168537096323084</MsgID>
<Status><![CDATA[success]]></Status>
</xml>

2025-10-19 09:04:48 params :
------------
String:
array (
  'rule' => -2,
  'module' => '',
  'message' => 
  array (
    'tousername' => 'gh_d65bd70457b1',
    'fromusername' => 'ov3-bt5vIxepEjWc51zRQNQbFSaQ',
    'createtime' => '1760835895',
    'msgtype' => 'event',
    'event' => 'TEMPLATESENDJOBFINISH',
    'msgid' => '4215168537096323084',
    'status' => 'success',
    'from' => 'ov3-bt5vIxepEjWc51zRQNQbFSaQ',
    'to' => 'gh_d65bd70457b1',
    'time' => '1760835895',
    'type' => 'event',
  ),
)

2025-10-19 09:04:48 response :
------------

