2025-03-19 01:00:03 trace :
------------
String:
<xml><ToUserName><![CDATA[gh_d65bd70457b1]]></ToUserName>
<FromUserName><![CDATA[ov3-bt8keSKg_8z9Wwi-zG1hRhwg]]></FromUserName>
<CreateTime>1742317222</CreateTime>
<MsgType><![CDATA[event]]></MsgType>
<Event><![CDATA[TEMPLATESENDJOBFINISH]]></Event>
<MsgID>3904476772288348164</MsgID>
<Status><![CDATA[success]]></Status>
</xml>

2025-03-19 01:00:03 params :
------------
String:
array (
  'rule' => -2,
  'module' => '',
  'message' => 
  array (
    'tousername' => 'gh_d65bd70457b1',
    'fromusername' => 'ov3-bt8keSKg_8z9Wwi-zG1hRhwg',
    'createtime' => '1742317222',
    'msgtype' => 'event',
    'event' => 'TEMPLATESENDJOBFINISH',
    'msgid' => '3904476772288348164',
    'status' => 'success',
    'from' => 'ov3-bt8keSKg_8z9Wwi-zG1hRhwg',
    'to' => 'gh_d65bd70457b1',
    'time' => '1742317222',
    'type' => 'event',
  ),
)

2025-03-19 01:00:03 response :
------------

2025-03-19 21:25:10 trace :
------------
String:
<xml><ToUserName><![CDATA[gh_30d60bf77e72]]></ToUserName>
<FromUserName><![CDATA[oo3O4t8CYLev1D-lEQz9DsfLb1ms]]></FromUserName>
<CreateTime>1742390732</CreateTime>
<MsgType><![CDATA[event]]></MsgType>
<Event><![CDATA[VIEW]]></Event>
<EventKey><![CDATA[http://shop.gogo198.cn/app/index.php?i=7&c=entry&eid=1]]></EventKey>
<MenuId>446590788</MenuId>
</xml>

2025-03-19 21:25:10 params :
------------
String:
array (
  'rule' => -2,
  'module' => '',
  'message' => 
  array (
    'tousername' => 'gh_30d60bf77e72',
    'fromusername' => 'oo3O4t8CYLev1D-lEQz9DsfLb1ms',
    'createtime' => '1742390732',
    'msgtype' => 'event',
    'event' => 'VIEW',
    'eventkey' => 'http://shop.gogo198.cn/app/index.php?i=7&c=entry&eid=1',
    'menuid' => '446590788',
    'from' => 'oo3O4t8CYLev1D-lEQz9DsfLb1ms',
    'to' => 'gh_30d60bf77e72',
    'time' => '1742390732',
    'type' => 'text',
    'content' => 'http://shop.gogo198.cn/app/index.php?i=7&c=entry&eid=1',
    'redirection' => true,
    'source' => 'VIEW',
  ),
)

2025-03-19 21:25:10 response :
------------

2025-03-19 21:25:27 trace :
------------
String:
<xml><ToUserName><![CDATA[gh_30d60bf77e72]]></ToUserName>
<FromUserName><![CDATA[oo3O4t8CYLev1D-lEQz9DsfLb1ms]]></FromUserName>
<CreateTime>1742390749</CreateTime>
<MsgType><![CDATA[event]]></MsgType>
<Event><![CDATA[VIEW]]></Event>
<EventKey><![CDATA[http://shop.gogo198.cn/app/index.php?i=7&c=entry&eid=1]]></EventKey>
<MenuId>446590788</MenuId>
</xml>

2025-03-19 21:25:27 params :
------------
String:
array (
  'rule' => -2,
  'module' => '',
  'message' => 
  array (
    'tousername' => 'gh_30d60bf77e72',
    'fromusername' => 'oo3O4t8CYLev1D-lEQz9DsfLb1ms',
    'createtime' => '1742390749',
    'msgtype' => 'event',
    'event' => 'VIEW',
    'eventkey' => 'http://shop.gogo198.cn/app/index.php?i=7&c=entry&eid=1',
    'menuid' => '446590788',
    'from' => 'oo3O4t8CYLev1D-lEQz9DsfLb1ms',
    'to' => 'gh_30d60bf77e72',
    'time' => '1742390749',
    'type' => 'text',
    'content' => 'http://shop.gogo198.cn/app/index.php?i=7&c=entry&eid=1',
    'redirection' => true,
    'source' => 'VIEW',
  ),
)

2025-03-19 21:25:27 response :
------------

