2025-05-24 01:00:03 trace :
------------
String:
<xml><ToUserName><![CDATA[gh_d65bd70457b1]]></ToUserName>
<FromUserName><![CDATA[ov3-bt8keSKg_8z9Wwi-zG1hRhwg]]></FromUserName>
<CreateTime>1748019644</CreateTime>
<MsgType><![CDATA[event]]></MsgType>
<Event><![CDATA[TEMPLATESENDJOBFINISH]]></Event>
<MsgID>4000147538945687554</MsgID>
<Status><![CDATA[success]]></Status>
</xml>

2025-05-24 01:00:03 params :
------------
String:
array (
  'rule' => -2,
  'module' => '',
  'message' => 
  array (
    'tousername' => 'gh_d65bd70457b1',
    'fromusername' => 'ov3-bt8keSKg_8z9Wwi-zG1hRhwg',
    'createtime' => '1748019644',
    'msgtype' => 'event',
    'event' => 'TEMPLATESENDJOBFINISH',
    'msgid' => '4000147538945687554',
    'status' => 'success',
    'from' => 'ov3-bt8keSKg_8z9Wwi-zG1hRhwg',
    'to' => 'gh_d65bd70457b1',
    'time' => '1748019644',
    'type' => 'event',
  ),
)

2025-05-24 01:00:03 response :
------------

2025-05-24 01:37:53 trace :
------------
String:
<xml><ToUserName><![CDATA[gh_d65bd70457b1]]></ToUserName>
<FromUserName><![CDATA[ov3-bt8keSKg_8z9Wwi-zG1hRhwg]]></FromUserName>
<CreateTime>1748021915</CreateTime>
<MsgType><![CDATA[event]]></MsgType>
<Event><![CDATA[VIEW]]></Event>
<EventKey><![CDATA[http://www.gogo198.net/]]></EventKey>
<MenuId>460558099</MenuId>
</xml>

2025-05-24 01:37:53 params :
------------
String:
array (
  'rule' => -2,
  'module' => '',
  'message' => 
  array (
    'tousername' => 'gh_d65bd70457b1',
    'fromusername' => 'ov3-bt8keSKg_8z9Wwi-zG1hRhwg',
    'createtime' => '1748021915',
    'msgtype' => 'event',
    'event' => 'VIEW',
    'eventkey' => 'http://www.gogo198.net/',
    'menuid' => '460558099',
    'from' => 'ov3-bt8keSKg_8z9Wwi-zG1hRhwg',
    'to' => 'gh_d65bd70457b1',
    'time' => '1748021915',
    'type' => 'text',
    'content' => 'http://www.gogo198.net/',
    'redirection' => true,
    'source' => 'VIEW',
  ),
)

2025-05-24 01:37:53 response :
------------

2025-05-24 01:37:59 trace :
------------
String:
<xml><ToUserName><![CDATA[gh_d65bd70457b1]]></ToUserName>
<FromUserName><![CDATA[ov3-bt8keSKg_8z9Wwi-zG1hRhwg]]></FromUserName>
<CreateTime>1748021921</CreateTime>
<MsgType><![CDATA[event]]></MsgType>
<Event><![CDATA[VIEW]]></Event>
<EventKey><![CDATA[https://shop.gogo198.cn/app/index.php?i=3&c=home&t=45]]></EventKey>
<MenuId>460558099</MenuId>
</xml>

2025-05-24 01:38:00 params :
------------
String:
array (
  'rule' => -2,
  'module' => '',
  'message' => 
  array (
    'tousername' => 'gh_d65bd70457b1',
    'fromusername' => 'ov3-bt8keSKg_8z9Wwi-zG1hRhwg',
    'createtime' => '1748021921',
    'msgtype' => 'event',
    'event' => 'VIEW',
    'eventkey' => 'https://shop.gogo198.cn/app/index.php?i=3&c=home&t=45',
    'menuid' => '460558099',
    'from' => 'ov3-bt8keSKg_8z9Wwi-zG1hRhwg',
    'to' => 'gh_d65bd70457b1',
    'time' => '1748021921',
    'type' => 'text',
    'content' => 'https://shop.gogo198.cn/app/index.php?i=3&c=home&t=45',
    'redirection' => true,
    'source' => 'VIEW',
  ),
)

2025-05-24 01:38:00 response :
------------

