2025-07-26 01:00:04 trace :
------------
String:
<xml><ToUserName><![CDATA[gh_d65bd70457b1]]></ToUserName>
<FromUserName><![CDATA[ov3-bt8keSKg_8z9Wwi-zG1hRhwg]]></FromUserName>
<CreateTime>1753462837</CreateTime>
<MsgType><![CDATA[event]]></MsgType>
<Event><![CDATA[TEMPLATESENDJOBFINISH]]></Event>
<MsgID>4091469148167782402</MsgID>
<Status><![CDATA[success]]></Status>
</xml>

2025-07-26 01:00:04 params :
------------
String:
array (
  'rule' => -2,
  'module' => '',
  'message' => 
  array (
    'tousername' => 'gh_d65bd70457b1',
    'fromusername' => 'ov3-bt8keSKg_8z9Wwi-zG1hRhwg',
    'createtime' => '1753462837',
    'msgtype' => 'event',
    'event' => 'TEMPLATESENDJOBFINISH',
    'msgid' => '4091469148167782402',
    'status' => 'success',
    'from' => 'ov3-bt8keSKg_8z9Wwi-zG1hRhwg',
    'to' => 'gh_d65bd70457b1',
    'time' => '1753462837',
    'type' => 'event',
  ),
)

2025-07-26 01:00:04 response :
------------

2025-07-26 21:40:13 trace :
------------
String:
<xml><ToUserName><![CDATA[gh_d65bd70457b1]]></ToUserName>
<FromUserName><![CDATA[ov3-bt1V1vUIPPGRKFujzvxHcoIQ]]></FromUserName>
<CreateTime>1753537248</CreateTime>
<MsgType><![CDATA[event]]></MsgType>
<Event><![CDATA[unsubscribe]]></Event>
<EventKey><![CDATA[]]></EventKey>
</xml>

2025-07-26 21:40:13 fm_jiaoyu_messagelog :
------------
Array:
tousername : gh_d65bd70457b1 ;
fromusername : ov3-bt1V1vUIPPGRKFujzvxHcoIQ ;
createtime : 1753537248 ;
msgtype : event ;
event : unsubscribe ;
eventkey :  ;
from : ov3-bt1V1vUIPPGRKFujzvxHcoIQ ;
to : gh_d65bd70457b1 ;
time : 1753537248 ;
type : unsubscribe ;

