2025-09-02 01:00:04 trace :
------------
String:
<xml><ToUserName><![CDATA[gh_d65bd70457b1]]></ToUserName>
<FromUserName><![CDATA[ov3-bt8keSKg_8z9Wwi-zG1hRhwg]]></FromUserName>
<CreateTime>1756746066</CreateTime>
<MsgType><![CDATA[event]]></MsgType>
<Event><![CDATA[TEMPLATESENDJOBFINISH]]></Event>
<MsgID>4146552606904467458</MsgID>
<Status><![CDATA[success]]></Status>
</xml>

2025-09-02 01:00:04 params :
------------
String:
array (
  'rule' => -2,
  'module' => '',
  'message' => 
  array (
    'tousername' => 'gh_d65bd70457b1',
    'fromusername' => 'ov3-bt8keSKg_8z9Wwi-zG1hRhwg',
    'createtime' => '1756746066',
    'msgtype' => 'event',
    'event' => 'TEMPLATESENDJOBFINISH',
    'msgid' => '4146552606904467458',
    'status' => 'success',
    'from' => 'ov3-bt8keSKg_8z9Wwi-zG1hRhwg',
    'to' => 'gh_d65bd70457b1',
    'time' => '1756746066',
    'type' => 'event',
  ),
)

2025-09-02 01:00:04 response :
------------

2025-09-02 14:25:53 trace :
------------
String:
<xml><ToUserName><![CDATA[gh_d65bd70457b1]]></ToUserName>
<FromUserName><![CDATA[ov3-btz6cHPCfgH7V7AH0U8-9RmM]]></FromUserName>
<CreateTime>1756794418</CreateTime>
<MsgType><![CDATA[event]]></MsgType>
<Event><![CDATA[unsubscribe]]></Event>
<EventKey><![CDATA[]]></EventKey>
</xml>

2025-09-02 14:25:53 fm_jiaoyu_messagelog :
------------
Array:
tousername : gh_d65bd70457b1 ;
fromusername : ov3-btz6cHPCfgH7V7AH0U8-9RmM ;
createtime : 1756794418 ;
msgtype : event ;
event : unsubscribe ;
eventkey :  ;
from : ov3-btz6cHPCfgH7V7AH0U8-9RmM ;
to : gh_d65bd70457b1 ;
time : 1756794418 ;
type : unsubscribe ;

