2025-12-17 01:00:04 trace :
------------
String:
<xml><ToUserName><![CDATA[gh_d65bd70457b1]]></ToUserName>
<FromUserName><![CDATA[ov3-bt8keSKg_8z9Wwi-zG1hRhwg]]></FromUserName>
<CreateTime>1765904495</CreateTime>
<MsgType><![CDATA[event]]></MsgType>
<Event><![CDATA[TEMPLATESENDJOBFINISH]]></Event>
<MsgID>4300205537872166915</MsgID>
<Status><![CDATA[success]]></Status>
</xml>

2025-12-17 01:00:04 params :
------------
String:
array (
  'rule' => -2,
  'module' => '',
  'message' => 
  array (
    'tousername' => 'gh_d65bd70457b1',
    'fromusername' => 'ov3-bt8keSKg_8z9Wwi-zG1hRhwg',
    'createtime' => '1765904495',
    'msgtype' => 'event',
    'event' => 'TEMPLATESENDJOBFINISH',
    'msgid' => '4300205537872166915',
    'status' => 'success',
    'from' => 'ov3-bt8keSKg_8z9Wwi-zG1hRhwg',
    'to' => 'gh_d65bd70457b1',
    'time' => '1765904495',
    'type' => 'event',
  ),
)

2025-12-17 01:00:04 response :
------------

2025-12-17 09:22:53 trace :
------------
String:
<xml><ToUserName><![CDATA[gh_d65bd70457b1]]></ToUserName>
<FromUserName><![CDATA[ov3-bt5vIxepEjWc51zRQNQbFSaQ]]></FromUserName>
<CreateTime>1765934664</CreateTime>
<MsgType><![CDATA[event]]></MsgType>
<Event><![CDATA[VIEW]]></Event>
<EventKey><![CDATA[https://shop.gogo198.cn/app/index.php?i=3&c=home&t=45]]></EventKey>
<MenuId>460558099</MenuId>
</xml>

2025-12-17 09:22:53 params :
------------
String:
array (
  'rule' => -2,
  'module' => '',
  'message' => 
  array (
    'tousername' => 'gh_d65bd70457b1',
    'fromusername' => 'ov3-bt5vIxepEjWc51zRQNQbFSaQ',
    'createtime' => '1765934664',
    'msgtype' => 'event',
    'event' => 'VIEW',
    'eventkey' => 'https://shop.gogo198.cn/app/index.php?i=3&c=home&t=45',
    'menuid' => '460558099',
    'from' => 'ov3-bt5vIxepEjWc51zRQNQbFSaQ',
    'to' => 'gh_d65bd70457b1',
    'time' => '1765934664',
    'type' => 'text',
    'content' => 'https://shop.gogo198.cn/app/index.php?i=3&c=home&t=45',
    'redirection' => true,
    'source' => 'VIEW',
  ),
)

2025-12-17 09:22:53 response :
------------

