2025-11-10 09:24:36 trace :
------------
String:
<xml><ToUserName><![CDATA[gh_d65bd70457b1]]></ToUserName>
<FromUserName><![CDATA[ov3-bt5vIxepEjWc51zRQNQbFSaQ]]></FromUserName>
<CreateTime>1762737957</CreateTime>
<MsgType><![CDATA[event]]></MsgType>
<Event><![CDATA[VIEW]]></Event>
<EventKey><![CDATA[https://shop.gogo198.cn/app/index.php?i=3&c=home&t=45]]></EventKey>
<MenuId>460558099</MenuId>
</xml>

2025-11-10 09:24:36 params :
------------
String:
array (
  'rule' => -2,
  'module' => '',
  'message' => 
  array (
    'tousername' => 'gh_d65bd70457b1',
    'fromusername' => 'ov3-bt5vIxepEjWc51zRQNQbFSaQ',
    'createtime' => '1762737957',
    'msgtype' => 'event',
    'event' => 'VIEW',
    'eventkey' => 'https://shop.gogo198.cn/app/index.php?i=3&c=home&t=45',
    'menuid' => '460558099',
    'from' => 'ov3-bt5vIxepEjWc51zRQNQbFSaQ',
    'to' => 'gh_d65bd70457b1',
    'time' => '1762737957',
    'type' => 'text',
    'content' => 'https://shop.gogo198.cn/app/index.php?i=3&c=home&t=45',
    'redirection' => true,
    'source' => 'VIEW',
  ),
)

2025-11-10 09:24:36 response :
------------

2025-11-10 09:24:49 trace :
------------
String:
<xml><ToUserName><![CDATA[gh_d65bd70457b1]]></ToUserName>
<FromUserName><![CDATA[ov3-bt5vIxepEjWc51zRQNQbFSaQ]]></FromUserName>
<CreateTime>1762737970</CreateTime>
<MsgType><![CDATA[event]]></MsgType>
<Event><![CDATA[VIEW]]></Event>
<EventKey><![CDATA[https://shop.gogo198.cn/app/index.php?i=3&c=home&t=45]]></EventKey>
<MenuId>460558099</MenuId>
</xml>

2025-11-10 09:24:49 params :
------------
String:
array (
  'rule' => -2,
  'module' => '',
  'message' => 
  array (
    'tousername' => 'gh_d65bd70457b1',
    'fromusername' => 'ov3-bt5vIxepEjWc51zRQNQbFSaQ',
    'createtime' => '1762737970',
    'msgtype' => 'event',
    'event' => 'VIEW',
    'eventkey' => 'https://shop.gogo198.cn/app/index.php?i=3&c=home&t=45',
    'menuid' => '460558099',
    'from' => 'ov3-bt5vIxepEjWc51zRQNQbFSaQ',
    'to' => 'gh_d65bd70457b1',
    'time' => '1762737970',
    'type' => 'text',
    'content' => 'https://shop.gogo198.cn/app/index.php?i=3&c=home&t=45',
    'redirection' => true,
    'source' => 'VIEW',
  ),
)

2025-11-10 09:24:49 response :
------------

