2025-07-23 01:00:04 trace :
------------
String:
<xml><ToUserName><![CDATA[gh_d65bd70457b1]]></ToUserName>
<FromUserName><![CDATA[ov3-bt8keSKg_8z9Wwi-zG1hRhwg]]></FromUserName>
<CreateTime>1753203629</CreateTime>
<MsgType><![CDATA[event]]></MsgType>
<Event><![CDATA[TEMPLATESENDJOBFINISH]]></Event>
<MsgID>4087120365401325568</MsgID>
<Status><![CDATA[success]]></Status>
</xml>

2025-07-23 01:00:05 params :
------------
String:
array (
  'rule' => -2,
  'module' => '',
  'message' => 
  array (
    'tousername' => 'gh_d65bd70457b1',
    'fromusername' => 'ov3-bt8keSKg_8z9Wwi-zG1hRhwg',
    'createtime' => '1753203629',
    'msgtype' => 'event',
    'event' => 'TEMPLATESENDJOBFINISH',
    'msgid' => '4087120365401325568',
    'status' => 'success',
    'from' => 'ov3-bt8keSKg_8z9Wwi-zG1hRhwg',
    'to' => 'gh_d65bd70457b1',
    'time' => '1753203629',
    'type' => 'event',
  ),
)

2025-07-23 01:00:05 response :
------------

2025-07-23 11:11:02 trace :
------------
String:
<xml><ToUserName><![CDATA[gh_d65bd70457b1]]></ToUserName>
<FromUserName><![CDATA[ov3-btyup1hikHEAOZISgEOjfBf4]]></FromUserName>
<CreateTime>1753240288</CreateTime>
<MsgType><![CDATA[event]]></MsgType>
<Event><![CDATA[TEMPLATESENDJOBFINISH]]></Event>
<MsgID>4087735403292049417</MsgID>
<Status><![CDATA[success]]></Status>
</xml>

2025-07-23 11:11:02 params :
------------
String:
array (
  'rule' => -2,
  'module' => '',
  'message' => 
  array (
    'tousername' => 'gh_d65bd70457b1',
    'fromusername' => 'ov3-btyup1hikHEAOZISgEOjfBf4',
    'createtime' => '1753240288',
    'msgtype' => 'event',
    'event' => 'TEMPLATESENDJOBFINISH',
    'msgid' => '4087735403292049417',
    'status' => 'success',
    'from' => 'ov3-btyup1hikHEAOZISgEOjfBf4',
    'to' => 'gh_d65bd70457b1',
    'time' => '1753240288',
    'type' => 'event',
  ),
)

2025-07-23 11:11:02 response :
------------

2025-07-23 11:11:02 trace :
------------
String:
<xml><ToUserName><![CDATA[gh_d65bd70457b1]]></ToUserName>
<FromUserName><![CDATA[ov3-btyup1hikHEAOZISgEOjfBf4]]></FromUserName>
<CreateTime>1753240288</CreateTime>
<MsgType><![CDATA[event]]></MsgType>
<Event><![CDATA[TEMPLATESENDJOBFINISH]]></Event>
<MsgID>4087735408459431955</MsgID>
<Status><![CDATA[success]]></Status>
</xml>

2025-07-23 11:11:03 params :
------------
String:
array (
  'rule' => -2,
  'module' => '',
  'message' => 
  array (
    'tousername' => 'gh_d65bd70457b1',
    'fromusername' => 'ov3-btyup1hikHEAOZISgEOjfBf4',
    'createtime' => '1753240288',
    'msgtype' => 'event',
    'event' => 'TEMPLATESENDJOBFINISH',
    'msgid' => '4087735408459431955',
    'status' => 'success',
    'from' => 'ov3-btyup1hikHEAOZISgEOjfBf4',
    'to' => 'gh_d65bd70457b1',
    'time' => '1753240288',
    'type' => 'event',
  ),
)

2025-07-23 11:11:03 response :
------------

