2025-06-21 01:00:03 trace :
------------
String:
<xml><ToUserName><![CDATA[gh_d65bd70457b1]]></ToUserName>
<FromUserName><![CDATA[ov3-bt8keSKg_8z9Wwi-zG1hRhwg]]></FromUserName>
<CreateTime>1750438832</CreateTime>
<MsgType><![CDATA[event]]></MsgType>
<Event><![CDATA[TEMPLATESENDJOBFINISH]]></Event>
<MsgID>4040734774086778883</MsgID>
<Status><![CDATA[success]]></Status>
</xml>

2025-06-21 01:00:03 params :
------------
String:
array (
  'rule' => -2,
  'module' => '',
  'message' => 
  array (
    'tousername' => 'gh_d65bd70457b1',
    'fromusername' => 'ov3-bt8keSKg_8z9Wwi-zG1hRhwg',
    'createtime' => '1750438832',
    'msgtype' => 'event',
    'event' => 'TEMPLATESENDJOBFINISH',
    'msgid' => '4040734774086778883',
    'status' => 'success',
    'from' => 'ov3-bt8keSKg_8z9Wwi-zG1hRhwg',
    'to' => 'gh_d65bd70457b1',
    'time' => '1750438832',
    'type' => 'event',
  ),
)

2025-06-21 01:00:03 response :
------------

2025-06-21 23:47:26 trace :
------------
String:
<xml><ToUserName><![CDATA[gh_d65bd70457b1]]></ToUserName>
<FromUserName><![CDATA[ov3-bt1KXC2nRLFg0sDlqjNOIH4U]]></FromUserName>
<CreateTime>1750520878</CreateTime>
<MsgType><![CDATA[event]]></MsgType>
<Event><![CDATA[user_del_card]]></Event>
<CardId><![CDATA[pv3-bt2jTvv0PbqX7kz1kfzm8Km0]]></CardId>
<UserCardCode><![CDATA[149333592506]]></UserCardCode>
</xml>

