2025-07-18 01:00:04 trace :
------------
String:
<xml><ToUserName><![CDATA[gh_d65bd70457b1]]></ToUserName>
<FromUserName><![CDATA[ov3-bt8keSKg_8z9Wwi-zG1hRhwg]]></FromUserName>
<CreateTime>1752771615</CreateTime>
<MsgType><![CDATA[event]]></MsgType>
<Event><![CDATA[TEMPLATESENDJOBFINISH]]></Event>
<MsgID>4079872368191913986</MsgID>
<Status><![CDATA[success]]></Status>
</xml>

2025-07-18 01:00:04 params :
------------
String:
array (
  'rule' => -2,
  'module' => '',
  'message' => 
  array (
    'tousername' => 'gh_d65bd70457b1',
    'fromusername' => 'ov3-bt8keSKg_8z9Wwi-zG1hRhwg',
    'createtime' => '1752771615',
    'msgtype' => 'event',
    'event' => 'TEMPLATESENDJOBFINISH',
    'msgid' => '4079872368191913986',
    'status' => 'success',
    'from' => 'ov3-bt8keSKg_8z9Wwi-zG1hRhwg',
    'to' => 'gh_d65bd70457b1',
    'time' => '1752771615',
    'type' => 'event',
  ),
)

2025-07-18 01:00:04 response :
------------

2025-07-18 11:55:44 trace :
------------
String:
<xml><ToUserName><![CDATA[gh_d65bd70457b1]]></ToUserName>
<FromUserName><![CDATA[ov3-bt6SL0TarOLSLEz5LRakbKWI]]></FromUserName>
<CreateTime>1752810956</CreateTime>
<MsgType><![CDATA[event]]></MsgType>
<Event><![CDATA[annual_renew]]></Event>
<ExpiredTime>1760585791</ExpiredTime>
</xml>

2025-07-18 11:55:44 params :
------------
String:
array (
  'rule' => -2,
  'module' => '',
  'message' => 
  array (
    'tousername' => 'gh_d65bd70457b1',
    'fromusername' => 'ov3-bt6SL0TarOLSLEz5LRakbKWI',
    'createtime' => '1752810956',
    'msgtype' => 'event',
    'event' => 'annual_renew',
    'expiredtime' => '1760585791',
    'from' => 'ov3-bt6SL0TarOLSLEz5LRakbKWI',
    'to' => 'gh_d65bd70457b1',
    'time' => '1752810956',
    'type' => 'event',
  ),
)

2025-07-18 11:55:44 response :
------------

