2025-12-11 01:00:04 trace :
------------
String:
<xml><ToUserName><![CDATA[gh_d65bd70457b1]]></ToUserName>
<FromUserName><![CDATA[ov3-bt8keSKg_8z9Wwi-zG1hRhwg]]></FromUserName>
<CreateTime>1765386076</CreateTime>
<MsgType><![CDATA[event]]></MsgType>
<Event><![CDATA[TEMPLATESENDJOBFINISH]]></Event>
<MsgID>4291507913820323845</MsgID>
<Status><![CDATA[success]]></Status>
</xml>

2025-12-11 01:00:04 params :
------------
String:
array (
  'rule' => -2,
  'module' => '',
  'message' => 
  array (
    'tousername' => 'gh_d65bd70457b1',
    'fromusername' => 'ov3-bt8keSKg_8z9Wwi-zG1hRhwg',
    'createtime' => '1765386076',
    'msgtype' => 'event',
    'event' => 'TEMPLATESENDJOBFINISH',
    'msgid' => '4291507913820323845',
    'status' => 'success',
    'from' => 'ov3-bt8keSKg_8z9Wwi-zG1hRhwg',
    'to' => 'gh_d65bd70457b1',
    'time' => '1765386076',
    'type' => 'event',
  ),
)

2025-12-11 01:00:04 response :
------------

2025-12-11 20:18:05 trace :
------------
String:
<xml><ToUserName><![CDATA[gh_d65bd70457b1]]></ToUserName>
<FromUserName><![CDATA[ov3-bt1DrZirryBFyKTJbQv_Wr5Y]]></FromUserName>
<CreateTime>1765455559</CreateTime>
<MsgType><![CDATA[event]]></MsgType>
<Event><![CDATA[subscribe]]></Event>
<EventKey><![CDATA[]]></EventKey>
</xml>

2025-12-11 20:18:05 params :
------------
String:
array (
  'rule' => -2,
  'module' => '',
  'message' => 
  array (
    'tousername' => 'gh_d65bd70457b1',
    'fromusername' => 'ov3-bt1DrZirryBFyKTJbQv_Wr5Y',
    'createtime' => '1765455559',
    'msgtype' => 'event',
    'event' => 'subscribe',
    'eventkey' => '',
    'from' => 'ov3-bt1DrZirryBFyKTJbQv_Wr5Y',
    'to' => 'gh_d65bd70457b1',
    'time' => '1765455559',
    'type' => 'text',
    'redirection' => true,
    'source' => 'subscribe',
  ),
)

2025-12-11 20:18:05 response :
------------

2025-12-11 20:18:07 fm_jiaoyu_messagelog :
------------
Array:
tousername : gh_d65bd70457b1 ;
fromusername : ov3-bt1DrZirryBFyKTJbQv_Wr5Y ;
createtime : 1765455559 ;
msgtype : event ;
event : subscribe ;
eventkey :  ;
from : ov3-bt1DrZirryBFyKTJbQv_Wr5Y ;
to : gh_d65bd70457b1 ;
time : 1765455559 ;
type : subscribe ;

2025-12-11 20:18:20 trace :
------------
String:
<xml><ToUserName><![CDATA[gh_d65bd70457b1]]></ToUserName>
<FromUserName><![CDATA[ov3-bt1DrZirryBFyKTJbQv_Wr5Y]]></FromUserName>
<CreateTime>1765455575</CreateTime>
<MsgType><![CDATA[event]]></MsgType>
<Event><![CDATA[VIEW]]></Event>
<EventKey><![CDATA[https://shop.gogo198.cn/app/index.php?i=3&c=home&t=45]]></EventKey>
<MenuId>460558099</MenuId>
</xml>

2025-12-11 20:18:20 params :
------------
String:
array (
  'rule' => -2,
  'module' => '',
  'message' => 
  array (
    'tousername' => 'gh_d65bd70457b1',
    'fromusername' => 'ov3-bt1DrZirryBFyKTJbQv_Wr5Y',
    'createtime' => '1765455575',
    'msgtype' => 'event',
    'event' => 'VIEW',
    'eventkey' => 'https://shop.gogo198.cn/app/index.php?i=3&c=home&t=45',
    'menuid' => '460558099',
    'from' => 'ov3-bt1DrZirryBFyKTJbQv_Wr5Y',
    'to' => 'gh_d65bd70457b1',
    'time' => '1765455575',
    'type' => 'text',
    'content' => 'https://shop.gogo198.cn/app/index.php?i=3&c=home&t=45',
    'redirection' => true,
    'source' => 'VIEW',
  ),
)

2025-12-11 20:18:20 response :
------------

2025-12-11 20:18:30 trace :
------------
String:
<xml><ToUserName><![CDATA[gh_d65bd70457b1]]></ToUserName>
<FromUserName><![CDATA[ov3-bt1DrZirryBFyKTJbQv_Wr5Y]]></FromUserName>
<CreateTime>1765455584</CreateTime>
<MsgType><![CDATA[event]]></MsgType>
<Event><![CDATA[VIEW]]></Event>
<EventKey><![CDATA[http://www.gogo198.net/]]></EventKey>
<MenuId>460558099</MenuId>
</xml>

2025-12-11 20:18:30 params :
------------
String:
array (
  'rule' => -2,
  'module' => '',
  'message' => 
  array (
    'tousername' => 'gh_d65bd70457b1',
    'fromusername' => 'ov3-bt1DrZirryBFyKTJbQv_Wr5Y',
    'createtime' => '1765455584',
    'msgtype' => 'event',
    'event' => 'VIEW',
    'eventkey' => 'http://www.gogo198.net/',
    'menuid' => '460558099',
    'from' => 'ov3-bt1DrZirryBFyKTJbQv_Wr5Y',
    'to' => 'gh_d65bd70457b1',
    'time' => '1765455584',
    'type' => 'text',
    'content' => 'http://www.gogo198.net/',
    'redirection' => true,
    'source' => 'VIEW',
  ),
)

2025-12-11 20:18:30 response :
------------

