2025-12-05 16:45:11 trace :
------------
String:
<xml><ToUserName><![CDATA[gh_d65bd70457b1]]></ToUserName>
<FromUserName><![CDATA[ov3-bt6SL0TarOLSLEz5LRakbKWI]]></FromUserName>
<CreateTime>1764924366</CreateTime>
<MsgType><![CDATA[event]]></MsgType>
<Event><![CDATA[wx_verify_pay_succ]]></Event>
<OrderId><![CDATA[13230308791797209509]]></OrderId>
</xml>

2025-12-05 16:45:11 params :
------------
String:
array (
  'rule' => -2,
  'module' => '',
  'message' => 
  array (
    'tousername' => 'gh_d65bd70457b1',
    'fromusername' => 'ov3-bt6SL0TarOLSLEz5LRakbKWI',
    'createtime' => '1764924366',
    'msgtype' => 'event',
    'event' => 'wx_verify_pay_succ',
    'orderid' => '13230308791797209509',
    'from' => 'ov3-bt6SL0TarOLSLEz5LRakbKWI',
    'to' => 'gh_d65bd70457b1',
    'time' => '1764924366',
    'type' => 'event',
  ),
)

2025-12-05 16:45:11 response :
------------

2025-12-05 16:45:31 trace :
------------
String:
<xml><ToUserName><![CDATA[gh_d65bd70457b1]]></ToUserName>
<FromUserName><![CDATA[ov3-bt6SL0TarOLSLEz5LRakbKWI]]></FromUserName>
<CreateTime>1764924386</CreateTime>
<MsgType><![CDATA[event]]></MsgType>
<Event><![CDATA[wx_verify_dispatch]]></Event>
<Provider><![CDATA[深圳市众信电子商务交易保障促进中心]]></Provider>
<Contact><![CDATA[咨询电话：0755-26224288 、0755-36615555，邮箱：wx@ebs.org.cn，咨询时间：周一至周五（工作日）9：00-12：00，14：00-18:00。]]></Contact>
<DispatchTime>1764924376</DispatchTime>
</xml>

2025-12-05 16:45:31 params :
------------
String:
array (
  'rule' => -2,
  'module' => '',
  'message' => 
  array (
    'tousername' => 'gh_d65bd70457b1',
    'fromusername' => 'ov3-bt6SL0TarOLSLEz5LRakbKWI',
    'createtime' => '1764924386',
    'msgtype' => 'event',
    'event' => 'wx_verify_dispatch',
    'provider' => '深圳市众信电子商务交易保障促进中心',
    'contact' => '咨询电话：0755-26224288 、0755-36615555，邮箱：wx@ebs.org.cn，咨询时间：周一至周五（工作日）9：00-12：00，14：00-18:00。',
    'dispatchtime' => '1764924376',
    'from' => 'ov3-bt6SL0TarOLSLEz5LRakbKWI',
    'to' => 'gh_d65bd70457b1',
    'time' => '1764924386',
    'type' => 'event',
  ),
)

2025-12-05 16:45:31 response :
------------

2025-12-05 17:44:11 trace :
------------
String:
<xml><ToUserName><![CDATA[gh_d65bd70457b1]]></ToUserName>
<FromUserName><![CDATA[ov3-bt6SL0TarOLSLEz5LRakbKWI]]></FromUserName>
<CreateTime>1764927906</CreateTime>
<MsgType><![CDATA[event]]></MsgType>
<Event><![CDATA[qualification_verify_success]]></Event>
<ExpiredTime>1796463903</ExpiredTime>
</xml>

2025-12-05 17:44:11 params :
------------
String:
array (
  'rule' => -2,
  'module' => '',
  'message' => 
  array (
    'tousername' => 'gh_d65bd70457b1',
    'fromusername' => 'ov3-bt6SL0TarOLSLEz5LRakbKWI',
    'createtime' => '1764927906',
    'msgtype' => 'event',
    'event' => 'qualification_verify_success',
    'expiredtime' => '1796463903',
    'from' => 'ov3-bt6SL0TarOLSLEz5LRakbKWI',
    'to' => 'gh_d65bd70457b1',
    'time' => '1764927906',
    'type' => 'event',
  ),
)

2025-12-05 17:44:11 response :
------------

2025-12-05 17:44:23 trace :
------------
String:
<xml><ToUserName><![CDATA[gh_d65bd70457b1]]></ToUserName>
<FromUserName><![CDATA[ov3-bt6SL0TarOLSLEz5LRakbKWI]]></FromUserName>
<CreateTime>1764927919</CreateTime>
<MsgType><![CDATA[event]]></MsgType>
<Event><![CDATA[naming_verify_success]]></Event>
<ExpiredTime>1796463903</ExpiredTime>
</xml>

2025-12-05 17:44:23 params :
------------
String:
array (
  'rule' => -2,
  'module' => '',
  'message' => 
  array (
    'tousername' => 'gh_d65bd70457b1',
    'fromusername' => 'ov3-bt6SL0TarOLSLEz5LRakbKWI',
    'createtime' => '1764927919',
    'msgtype' => 'event',
    'event' => 'naming_verify_success',
    'expiredtime' => '1796463903',
    'from' => 'ov3-bt6SL0TarOLSLEz5LRakbKWI',
    'to' => 'gh_d65bd70457b1',
    'time' => '1764927919',
    'type' => 'event',
  ),
)

2025-12-05 17:44:23 response :
------------

2025-12-05 18:03:36 trace :
------------
String:
<xml><ToUserName><![CDATA[gh_d65bd70457b1]]></ToUserName>
<FromUserName><![CDATA[ov3-bt5vIxepEjWc51zRQNQbFSaQ]]></FromUserName>
<CreateTime>1764929071</CreateTime>
<MsgType><![CDATA[event]]></MsgType>
<Event><![CDATA[TEMPLATESENDJOBFINISH]]></Event>
<MsgID>4283840645829443593</MsgID>
<Status><![CDATA[success]]></Status>
</xml>

2025-12-05 18:03:36 params :
------------
String:
array (
  'rule' => -2,
  'module' => '',
  'message' => 
  array (
    'tousername' => 'gh_d65bd70457b1',
    'fromusername' => 'ov3-bt5vIxepEjWc51zRQNQbFSaQ',
    'createtime' => '1764929071',
    'msgtype' => 'event',
    'event' => 'TEMPLATESENDJOBFINISH',
    'msgid' => '4283840645829443593',
    'status' => 'success',
    'from' => 'ov3-bt5vIxepEjWc51zRQNQbFSaQ',
    'to' => 'gh_d65bd70457b1',
    'time' => '1764929071',
    'type' => 'event',
  ),
)

2025-12-05 18:03:36 response :
------------

2025-12-05 18:04:28 trace :
------------
String:
<xml><ToUserName><![CDATA[gh_d65bd70457b1]]></ToUserName>
<FromUserName><![CDATA[ov3-bt5vIxepEjWc51zRQNQbFSaQ]]></FromUserName>
<CreateTime>1764929124</CreateTime>
<MsgType><![CDATA[event]]></MsgType>
<Event><![CDATA[TEMPLATESENDJOBFINISH]]></Event>
<MsgID>4283841524989116430</MsgID>
<Status><![CDATA[success]]></Status>
</xml>

2025-12-05 18:04:28 params :
------------
String:
array (
  'rule' => -2,
  'module' => '',
  'message' => 
  array (
    'tousername' => 'gh_d65bd70457b1',
    'fromusername' => 'ov3-bt5vIxepEjWc51zRQNQbFSaQ',
    'createtime' => '1764929124',
    'msgtype' => 'event',
    'event' => 'TEMPLATESENDJOBFINISH',
    'msgid' => '4283841524989116430',
    'status' => 'success',
    'from' => 'ov3-bt5vIxepEjWc51zRQNQbFSaQ',
    'to' => 'gh_d65bd70457b1',
    'time' => '1764929124',
    'type' => 'event',
  ),
)

2025-12-05 18:04:28 response :
------------

2025-12-05 18:04:43 trace :
------------
String:
<xml><ToUserName><![CDATA[gh_d65bd70457b1]]></ToUserName>
<FromUserName><![CDATA[ov3-bt5vIxepEjWc51zRQNQbFSaQ]]></FromUserName>
<CreateTime>1764929139</CreateTime>
<MsgType><![CDATA[event]]></MsgType>
<Event><![CDATA[TEMPLATESENDJOBFINISH]]></Event>
<MsgID>4283841778643845136</MsgID>
<Status><![CDATA[success]]></Status>
</xml>

2025-12-05 18:04:43 params :
------------
String:
array (
  'rule' => -2,
  'module' => '',
  'message' => 
  array (
    'tousername' => 'gh_d65bd70457b1',
    'fromusername' => 'ov3-bt5vIxepEjWc51zRQNQbFSaQ',
    'createtime' => '1764929139',
    'msgtype' => 'event',
    'event' => 'TEMPLATESENDJOBFINISH',
    'msgid' => '4283841778643845136',
    'status' => 'success',
    'from' => 'ov3-bt5vIxepEjWc51zRQNQbFSaQ',
    'to' => 'gh_d65bd70457b1',
    'time' => '1764929139',
    'type' => 'event',
  ),
)

2025-12-05 18:04:43 response :
------------

2025-12-05 18:04:58 trace :
------------
String:
<xml><ToUserName><![CDATA[gh_d65bd70457b1]]></ToUserName>
<FromUserName><![CDATA[ov3-bt5vIxepEjWc51zRQNQbFSaQ]]></FromUserName>
<CreateTime>1764929153</CreateTime>
<MsgType><![CDATA[event]]></MsgType>
<Event><![CDATA[TEMPLATESENDJOBFINISH]]></Event>
<MsgID>4283842018860023820</MsgID>
<Status><![CDATA[success]]></Status>
</xml>

2025-12-05 18:04:58 params :
------------
String:
array (
  'rule' => -2,
  'module' => '',
  'message' => 
  array (
    'tousername' => 'gh_d65bd70457b1',
    'fromusername' => 'ov3-bt5vIxepEjWc51zRQNQbFSaQ',
    'createtime' => '1764929153',
    'msgtype' => 'event',
    'event' => 'TEMPLATESENDJOBFINISH',
    'msgid' => '4283842018860023820',
    'status' => 'success',
    'from' => 'ov3-bt5vIxepEjWc51zRQNQbFSaQ',
    'to' => 'gh_d65bd70457b1',
    'time' => '1764929153',
    'type' => 'event',
  ),
)

2025-12-05 18:04:58 response :
------------

2025-12-05 18:05:38 trace :
------------
String:
<xml><ToUserName><![CDATA[gh_d65bd70457b1]]></ToUserName>
<FromUserName><![CDATA[ov3-bt5vIxepEjWc51zRQNQbFSaQ]]></FromUserName>
<CreateTime>1764929193</CreateTime>
<MsgType><![CDATA[event]]></MsgType>
<Event><![CDATA[TEMPLATESENDJOBFINISH]]></Event>
<MsgID>4283842692582686728</MsgID>
<Status><![CDATA[success]]></Status>
</xml>

2025-12-05 18:05:38 params :
------------
String:
array (
  'rule' => -2,
  'module' => '',
  'message' => 
  array (
    'tousername' => 'gh_d65bd70457b1',
    'fromusername' => 'ov3-bt5vIxepEjWc51zRQNQbFSaQ',
    'createtime' => '1764929193',
    'msgtype' => 'event',
    'event' => 'TEMPLATESENDJOBFINISH',
    'msgid' => '4283842692582686728',
    'status' => 'success',
    'from' => 'ov3-bt5vIxepEjWc51zRQNQbFSaQ',
    'to' => 'gh_d65bd70457b1',
    'time' => '1764929193',
    'type' => 'event',
  ),
)

2025-12-05 18:05:38 response :
------------

2025-12-05 18:06:17 trace :
------------
String:
<xml><ToUserName><![CDATA[gh_d65bd70457b1]]></ToUserName>
<FromUserName><![CDATA[ov3-bt5vIxepEjWc51zRQNQbFSaQ]]></FromUserName>
<CreateTime>1764929232</CreateTime>
<MsgType><![CDATA[event]]></MsgType>
<Event><![CDATA[TEMPLATESENDJOBFINISH]]></Event>
<MsgID>4283843344192978948</MsgID>
<Status><![CDATA[success]]></Status>
</xml>

2025-12-05 18:06:17 params :
------------
String:
array (
  'rule' => -2,
  'module' => '',
  'message' => 
  array (
    'tousername' => 'gh_d65bd70457b1',
    'fromusername' => 'ov3-bt5vIxepEjWc51zRQNQbFSaQ',
    'createtime' => '1764929232',
    'msgtype' => 'event',
    'event' => 'TEMPLATESENDJOBFINISH',
    'msgid' => '4283843344192978948',
    'status' => 'success',
    'from' => 'ov3-bt5vIxepEjWc51zRQNQbFSaQ',
    'to' => 'gh_d65bd70457b1',
    'time' => '1764929232',
    'type' => 'event',
  ),
)

2025-12-05 18:06:17 response :
------------

