2025-10-01 01:00:04 trace :
------------
String:
<xml><ToUserName><![CDATA[gh_d65bd70457b1]]></ToUserName>
<FromUserName><![CDATA[ov3-bt8keSKg_8z9Wwi-zG1hRhwg]]></FromUserName>
<CreateTime>1759251651</CreateTime>
<MsgType><![CDATA[event]]></MsgType>
<Event><![CDATA[TEMPLATESENDJOBFINISH]]></Event>
<MsgID>4188589347102179328</MsgID>
<Status><![CDATA[success]]></Status>
</xml>

2025-10-01 01:00:04 params :
------------
String:
array (
  'rule' => -2,
  'module' => '',
  'message' => 
  array (
    'tousername' => 'gh_d65bd70457b1',
    'fromusername' => 'ov3-bt8keSKg_8z9Wwi-zG1hRhwg',
    'createtime' => '1759251651',
    'msgtype' => 'event',
    'event' => 'TEMPLATESENDJOBFINISH',
    'msgid' => '4188589347102179328',
    'status' => 'success',
    'from' => 'ov3-bt8keSKg_8z9Wwi-zG1hRhwg',
    'to' => 'gh_d65bd70457b1',
    'time' => '1759251651',
    'type' => 'event',
  ),
)

2025-10-01 01:00:04 response :
------------

2025-10-01 11:16:20 trace :
------------
String:
<xml><ToUserName><![CDATA[gh_d65bd70457b1]]></ToUserName>
<FromUserName><![CDATA[ov3-bt5gDRZv4_qNF5dbmSjkikGI]]></FromUserName>
<CreateTime>1759288629</CreateTime>
<MsgType><![CDATA[event]]></MsgType>
<Event><![CDATA[subscribe]]></Event>
<EventKey><![CDATA[]]></EventKey>
</xml>

2025-10-01 11:16:20 params :
------------
String:
array (
  'rule' => -2,
  'module' => '',
  'message' => 
  array (
    'tousername' => 'gh_d65bd70457b1',
    'fromusername' => 'ov3-bt5gDRZv4_qNF5dbmSjkikGI',
    'createtime' => '1759288629',
    'msgtype' => 'event',
    'event' => 'subscribe',
    'eventkey' => '',
    'from' => 'ov3-bt5gDRZv4_qNF5dbmSjkikGI',
    'to' => 'gh_d65bd70457b1',
    'time' => '1759288629',
    'type' => 'text',
    'redirection' => true,
    'source' => 'subscribe',
  ),
)

2025-10-01 11:16:20 response :
------------

2025-10-01 11:16:22 fm_jiaoyu_messagelog :
------------
Array:
tousername : gh_d65bd70457b1 ;
fromusername : ov3-bt5gDRZv4_qNF5dbmSjkikGI ;
createtime : 1759288629 ;
msgtype : event ;
event : subscribe ;
eventkey :  ;
from : ov3-bt5gDRZv4_qNF5dbmSjkikGI ;
to : gh_d65bd70457b1 ;
time : 1759288629 ;
type : subscribe ;

2025-10-01 11:16:26 trace :
------------
String:
<xml><ToUserName><![CDATA[gh_d65bd70457b1]]></ToUserName>
<FromUserName><![CDATA[ov3-bt5gDRZv4_qNF5dbmSjkikGI]]></FromUserName>
<CreateTime>1759288634</CreateTime>
<MsgType><![CDATA[event]]></MsgType>
<Event><![CDATA[VIEW]]></Event>
<EventKey><![CDATA[http://www.gogo198.net/a/brand/brand_cn.html]]></EventKey>
<MenuId>460558099</MenuId>
</xml>

2025-10-01 11:16:26 params :
------------
String:
array (
  'rule' => -2,
  'module' => '',
  'message' => 
  array (
    'tousername' => 'gh_d65bd70457b1',
    'fromusername' => 'ov3-bt5gDRZv4_qNF5dbmSjkikGI',
    'createtime' => '1759288634',
    'msgtype' => 'event',
    'event' => 'VIEW',
    'eventkey' => 'http://www.gogo198.net/a/brand/brand_cn.html',
    'menuid' => '460558099',
    'from' => 'ov3-bt5gDRZv4_qNF5dbmSjkikGI',
    'to' => 'gh_d65bd70457b1',
    'time' => '1759288634',
    'type' => 'text',
    'content' => 'http://www.gogo198.net/a/brand/brand_cn.html',
    'redirection' => true,
    'source' => 'VIEW',
  ),
)

2025-10-01 11:16:26 response :
------------

