2025-12-28 01:00:04 trace :
------------
String:
<xml><ToUserName><![CDATA[gh_d65bd70457b1]]></ToUserName>
<FromUserName><![CDATA[ov3-bt8keSKg_8z9Wwi-zG1hRhwg]]></FromUserName>
<CreateTime>1766854833</CreateTime>
<MsgType><![CDATA[event]]></MsgType>
<Event><![CDATA[TEMPLATESENDJOBFINISH]]></Event>
<MsgID>4316149570884714497</MsgID>
<Status><![CDATA[success]]></Status>
</xml>

2025-12-28 01:00:04 params :
------------
String:
array (
  'rule' => -2,
  'module' => '',
  'message' => 
  array (
    'tousername' => 'gh_d65bd70457b1',
    'fromusername' => 'ov3-bt8keSKg_8z9Wwi-zG1hRhwg',
    'createtime' => '1766854833',
    'msgtype' => 'event',
    'event' => 'TEMPLATESENDJOBFINISH',
    'msgid' => '4316149570884714497',
    'status' => 'success',
    'from' => 'ov3-bt8keSKg_8z9Wwi-zG1hRhwg',
    'to' => 'gh_d65bd70457b1',
    'time' => '1766854833',
    'type' => 'event',
  ),
)

2025-12-28 01:00:04 response :
------------

2025-12-28 02:15:13 trace :
------------
String:
<xml><ToUserName><![CDATA[gh_d65bd70457b1]]></ToUserName>
<FromUserName><![CDATA[ov3-bt5gDRZv4_qNF5dbmSjkikGI]]></FromUserName>
<CreateTime>1766859343</CreateTime>
<MsgType><![CDATA[event]]></MsgType>
<Event><![CDATA[unsubscribe]]></Event>
<EventKey><![CDATA[]]></EventKey>
</xml>

2025-12-28 02:15:13 fm_jiaoyu_messagelog :
------------
Array:
tousername : gh_d65bd70457b1 ;
fromusername : ov3-bt5gDRZv4_qNF5dbmSjkikGI ;
createtime : 1766859343 ;
msgtype : event ;
event : unsubscribe ;
eventkey :  ;
from : ov3-bt5gDRZv4_qNF5dbmSjkikGI ;
to : gh_d65bd70457b1 ;
time : 1766859343 ;
type : unsubscribe ;

