2026-03-19 01:00:04 trace :
------------
String:
<xml><ToUserName><![CDATA[gh_d65bd70457b1]]></ToUserName>
<FromUserName><![CDATA[ov3-bt8keSKg_8z9Wwi-zG1hRhwg]]></FromUserName>
<CreateTime>1773853262</CreateTime>
<MsgType><![CDATA[event]]></MsgType>
<Event><![CDATA[TEMPLATESENDJOBFINISH]]></Event>
<MsgID>4433563710158372864</MsgID>
<Status><![CDATA[success]]></Status>
</xml>

2026-03-19 01:00:04 params :
------------
String:
array (
  'rule' => -2,
  'module' => '',
  'message' => 
  array (
    'tousername' => 'gh_d65bd70457b1',
    'fromusername' => 'ov3-bt8keSKg_8z9Wwi-zG1hRhwg',
    'createtime' => '1773853262',
    'msgtype' => 'event',
    'event' => 'TEMPLATESENDJOBFINISH',
    'msgid' => '4433563710158372864',
    'status' => 'success',
    'from' => 'ov3-bt8keSKg_8z9Wwi-zG1hRhwg',
    'to' => 'gh_d65bd70457b1',
    'time' => '1773853262',
    'type' => 'event',
  ),
)

2026-03-19 01:00:04 response :
------------

2026-03-19 11:59:37 trace :
------------
String:
<xml><ToUserName><![CDATA[gh_d65bd70457b1]]></ToUserName>
<FromUserName><![CDATA[ov3-btxwRBkDUJDxvfCCPHtuwqac]]></FromUserName>
<CreateTime>1773892836</CreateTime>
<MsgType><![CDATA[event]]></MsgType>
<Event><![CDATA[TEMPLATESENDJOBFINISH]]></Event>
<MsgID>4434227653901549579</MsgID>
<Status><![CDATA[success]]></Status>
</xml>

2026-03-19 11:59:37 params :
------------
String:
array (
  'rule' => -2,
  'module' => '',
  'message' => 
  array (
    'tousername' => 'gh_d65bd70457b1',
    'fromusername' => 'ov3-btxwRBkDUJDxvfCCPHtuwqac',
    'createtime' => '1773892836',
    'msgtype' => 'event',
    'event' => 'TEMPLATESENDJOBFINISH',
    'msgid' => '4434227653901549579',
    'status' => 'success',
    'from' => 'ov3-btxwRBkDUJDxvfCCPHtuwqac',
    'to' => 'gh_d65bd70457b1',
    'time' => '1773892836',
    'type' => 'event',
  ),
)

2026-03-19 11:59:37 response :
------------

2026-03-19 12:02:43 trace :
------------
String:
<xml><ToUserName><![CDATA[gh_d65bd70457b1]]></ToUserName>
<FromUserName><![CDATA[ov3-btxwRBkDUJDxvfCCPHtuwqac]]></FromUserName>
<CreateTime>1773893022</CreateTime>
<MsgType><![CDATA[event]]></MsgType>
<Event><![CDATA[VIEW]]></Event>
<EventKey><![CDATA[https://shop.gogo198.cn/app/index.php?i=3&c=home&t=45]]></EventKey>
<MenuId>460558099</MenuId>
</xml>

2026-03-19 12:02:43 params :
------------
String:
array (
  'rule' => -2,
  'module' => '',
  'message' => 
  array (
    'tousername' => 'gh_d65bd70457b1',
    'fromusername' => 'ov3-btxwRBkDUJDxvfCCPHtuwqac',
    'createtime' => '1773893022',
    'msgtype' => 'event',
    'event' => 'VIEW',
    'eventkey' => 'https://shop.gogo198.cn/app/index.php?i=3&c=home&t=45',
    'menuid' => '460558099',
    'from' => 'ov3-btxwRBkDUJDxvfCCPHtuwqac',
    'to' => 'gh_d65bd70457b1',
    'time' => '1773893022',
    'type' => 'text',
    'content' => 'https://shop.gogo198.cn/app/index.php?i=3&c=home&t=45',
    'redirection' => true,
    'source' => 'VIEW',
  ),
)

2026-03-19 12:02:43 response :
------------

2026-03-19 12:03:02 trace :
------------
String:
<xml><ToUserName><![CDATA[gh_d65bd70457b1]]></ToUserName>
<FromUserName><![CDATA[ov3-btxwRBkDUJDxvfCCPHtuwqac]]></FromUserName>
<CreateTime>1773893041</CreateTime>
<MsgType><![CDATA[event]]></MsgType>
<Event><![CDATA[VIEW]]></Event>
<EventKey><![CDATA[https://dtc.gogo198.net/?s=index/customer_login&is_merchs=1]]></EventKey>
<MenuId>461357068</MenuId>
</xml>

2026-03-19 12:03:02 params :
------------
String:
array (
  'rule' => -2,
  'module' => '',
  'message' => 
  array (
    'tousername' => 'gh_d65bd70457b1',
    'fromusername' => 'ov3-btxwRBkDUJDxvfCCPHtuwqac',
    'createtime' => '1773893041',
    'msgtype' => 'event',
    'event' => 'VIEW',
    'eventkey' => 'https://dtc.gogo198.net/?s=index/customer_login&is_merchs=1',
    'menuid' => '461357068',
    'from' => 'ov3-btxwRBkDUJDxvfCCPHtuwqac',
    'to' => 'gh_d65bd70457b1',
    'time' => '1773893041',
    'type' => 'text',
    'content' => 'https://dtc.gogo198.net/?s=index/customer_login&is_merchs=1',
    'redirection' => true,
    'source' => 'VIEW',
  ),
)

2026-03-19 12:03:02 response :
------------

2026-03-19 12:16:38 trace :
------------
String:
<xml><ToUserName><![CDATA[gh_d65bd70457b1]]></ToUserName>
<FromUserName><![CDATA[ov3-bt5vIxepEjWc51zRQNQbFSaQ]]></FromUserName>
<CreateTime>1773893857</CreateTime>
<MsgType><![CDATA[event]]></MsgType>
<Event><![CDATA[TEMPLATESENDJOBFINISH]]></Event>
<MsgID>4434244795888336900</MsgID>
<Status><![CDATA[success]]></Status>
</xml>

2026-03-19 12:16:38 params :
------------
String:
array (
  'rule' => -2,
  'module' => '',
  'message' => 
  array (
    'tousername' => 'gh_d65bd70457b1',
    'fromusername' => 'ov3-bt5vIxepEjWc51zRQNQbFSaQ',
    'createtime' => '1773893857',
    'msgtype' => 'event',
    'event' => 'TEMPLATESENDJOBFINISH',
    'msgid' => '4434244795888336900',
    'status' => 'success',
    'from' => 'ov3-bt5vIxepEjWc51zRQNQbFSaQ',
    'to' => 'gh_d65bd70457b1',
    'time' => '1773893857',
    'type' => 'event',
  ),
)

2026-03-19 12:16:38 response :
------------

2026-03-19 12:18:26 trace :
------------
String:
<xml><ToUserName><![CDATA[gh_d65bd70457b1]]></ToUserName>
<FromUserName><![CDATA[ov3-btxwRBkDUJDxvfCCPHtuwqac]]></FromUserName>
<CreateTime>1773893965</CreateTime>
<MsgType><![CDATA[event]]></MsgType>
<Event><![CDATA[TEMPLATESENDJOBFINISH]]></Event>
<MsgID>4434246600612904965</MsgID>
<Status><![CDATA[success]]></Status>
</xml>

2026-03-19 12:18:26 params :
------------
String:
array (
  'rule' => -2,
  'module' => '',
  'message' => 
  array (
    'tousername' => 'gh_d65bd70457b1',
    'fromusername' => 'ov3-btxwRBkDUJDxvfCCPHtuwqac',
    'createtime' => '1773893965',
    'msgtype' => 'event',
    'event' => 'TEMPLATESENDJOBFINISH',
    'msgid' => '4434246600612904965',
    'status' => 'success',
    'from' => 'ov3-btxwRBkDUJDxvfCCPHtuwqac',
    'to' => 'gh_d65bd70457b1',
    'time' => '1773893965',
    'type' => 'event',
  ),
)

2026-03-19 12:18:26 response :
------------

2026-03-19 12:19:01 trace :
------------
String:
<xml><ToUserName><![CDATA[gh_d65bd70457b1]]></ToUserName>
<FromUserName><![CDATA[ov3-btxwRBkDUJDxvfCCPHtuwqac]]></FromUserName>
<CreateTime>1773894000</CreateTime>
<MsgType><![CDATA[event]]></MsgType>
<Event><![CDATA[VIEW]]></Event>
<EventKey><![CDATA[https://dtc.gogo198.net/?s=index/customer_login&is_merchs=1]]></EventKey>
<MenuId>461357068</MenuId>
</xml>

2026-03-19 12:19:01 params :
------------
String:
array (
  'rule' => -2,
  'module' => '',
  'message' => 
  array (
    'tousername' => 'gh_d65bd70457b1',
    'fromusername' => 'ov3-btxwRBkDUJDxvfCCPHtuwqac',
    'createtime' => '1773894000',
    'msgtype' => 'event',
    'event' => 'VIEW',
    'eventkey' => 'https://dtc.gogo198.net/?s=index/customer_login&is_merchs=1',
    'menuid' => '461357068',
    'from' => 'ov3-btxwRBkDUJDxvfCCPHtuwqac',
    'to' => 'gh_d65bd70457b1',
    'time' => '1773894000',
    'type' => 'text',
    'content' => 'https://dtc.gogo198.net/?s=index/customer_login&is_merchs=1',
    'redirection' => true,
    'source' => 'VIEW',
  ),
)

2026-03-19 12:19:01 response :
------------

2026-03-19 12:19:29 trace :
------------
String:
<xml><ToUserName><![CDATA[gh_d65bd70457b1]]></ToUserName>
<FromUserName><![CDATA[ov3-bt5vIxepEjWc51zRQNQbFSaQ]]></FromUserName>
<CreateTime>1773894028</CreateTime>
<MsgType><![CDATA[event]]></MsgType>
<Event><![CDATA[TEMPLATESENDJOBFINISH]]></Event>
<MsgID>4434247664741941257</MsgID>
<Status><![CDATA[success]]></Status>
</xml>

2026-03-19 12:19:29 params :
------------
String:
array (
  'rule' => -2,
  'module' => '',
  'message' => 
  array (
    'tousername' => 'gh_d65bd70457b1',
    'fromusername' => 'ov3-bt5vIxepEjWc51zRQNQbFSaQ',
    'createtime' => '1773894028',
    'msgtype' => 'event',
    'event' => 'TEMPLATESENDJOBFINISH',
    'msgid' => '4434247664741941257',
    'status' => 'success',
    'from' => 'ov3-bt5vIxepEjWc51zRQNQbFSaQ',
    'to' => 'gh_d65bd70457b1',
    'time' => '1773894028',
    'type' => 'event',
  ),
)

2026-03-19 12:19:29 response :
------------

2026-03-19 12:21:28 trace :
------------
String:
<xml><ToUserName><![CDATA[gh_d65bd70457b1]]></ToUserName>
<FromUserName><![CDATA[ov3-bt5vIxepEjWc51zRQNQbFSaQ]]></FromUserName>
<CreateTime>1773894147</CreateTime>
<MsgType><![CDATA[event]]></MsgType>
<Event><![CDATA[TEMPLATESENDJOBFINISH]]></Event>
<MsgID>4434249656281366541</MsgID>
<Status><![CDATA[success]]></Status>
</xml>

2026-03-19 12:21:28 params :
------------
String:
array (
  'rule' => -2,
  'module' => '',
  'message' => 
  array (
    'tousername' => 'gh_d65bd70457b1',
    'fromusername' => 'ov3-bt5vIxepEjWc51zRQNQbFSaQ',
    'createtime' => '1773894147',
    'msgtype' => 'event',
    'event' => 'TEMPLATESENDJOBFINISH',
    'msgid' => '4434249656281366541',
    'status' => 'success',
    'from' => 'ov3-bt5vIxepEjWc51zRQNQbFSaQ',
    'to' => 'gh_d65bd70457b1',
    'time' => '1773894147',
    'type' => 'event',
  ),
)

2026-03-19 12:21:28 response :
------------

2026-03-19 12:26:31 trace :
------------
String:
<xml><ToUserName><![CDATA[gh_d65bd70457b1]]></ToUserName>
<FromUserName><![CDATA[ov3-bt5vIxepEjWc51zRQNQbFSaQ]]></FromUserName>
<CreateTime>1773894449</CreateTime>
<MsgType><![CDATA[event]]></MsgType>
<Event><![CDATA[TEMPLATESENDJOBFINISH]]></Event>
<MsgID>4434254731187879940</MsgID>
<Status><![CDATA[success]]></Status>
</xml>

2026-03-19 12:26:31 params :
------------
String:
array (
  'rule' => -2,
  'module' => '',
  'message' => 
  array (
    'tousername' => 'gh_d65bd70457b1',
    'fromusername' => 'ov3-bt5vIxepEjWc51zRQNQbFSaQ',
    'createtime' => '1773894449',
    'msgtype' => 'event',
    'event' => 'TEMPLATESENDJOBFINISH',
    'msgid' => '4434254731187879940',
    'status' => 'success',
    'from' => 'ov3-bt5vIxepEjWc51zRQNQbFSaQ',
    'to' => 'gh_d65bd70457b1',
    'time' => '1773894449',
    'type' => 'event',
  ),
)

2026-03-19 12:26:31 response :
------------

2026-03-19 12:26:32 trace :
------------
String:
<xml><ToUserName><![CDATA[gh_d65bd70457b1]]></ToUserName>
<FromUserName><![CDATA[ov3-bt5vIxepEjWc51zRQNQbFSaQ]]></FromUserName>
<CreateTime>1773894451</CreateTime>
<MsgType><![CDATA[event]]></MsgType>
<Event><![CDATA[TEMPLATESENDJOBFINISH]]></Event>
<MsgID>4434254750397792258</MsgID>
<Status><![CDATA[success]]></Status>
</xml>

2026-03-19 12:26:32 params :
------------
String:
array (
  'rule' => -2,
  'module' => '',
  'message' => 
  array (
    'tousername' => 'gh_d65bd70457b1',
    'fromusername' => 'ov3-bt5vIxepEjWc51zRQNQbFSaQ',
    'createtime' => '1773894451',
    'msgtype' => 'event',
    'event' => 'TEMPLATESENDJOBFINISH',
    'msgid' => '4434254750397792258',
    'status' => 'success',
    'from' => 'ov3-bt5vIxepEjWc51zRQNQbFSaQ',
    'to' => 'gh_d65bd70457b1',
    'time' => '1773894451',
    'type' => 'event',
  ),
)

2026-03-19 12:26:32 response :
------------

2026-03-19 12:26:33 trace :
------------
String:
<xml><ToUserName><![CDATA[gh_d65bd70457b1]]></ToUserName>
<FromUserName><![CDATA[ov3-bt8keSKg_8z9Wwi-zG1hRhwg]]></FromUserName>
<CreateTime>1773894452</CreateTime>
<MsgType><![CDATA[event]]></MsgType>
<Event><![CDATA[TEMPLATESENDJOBFINISH]]></Event>
<MsgID>4434254770513739784</MsgID>
<Status><![CDATA[success]]></Status>
</xml>

2026-03-19 12:26:33 params :
------------
String:
array (
  'rule' => -2,
  'module' => '',
  'message' => 
  array (
    'tousername' => 'gh_d65bd70457b1',
    'fromusername' => 'ov3-bt8keSKg_8z9Wwi-zG1hRhwg',
    'createtime' => '1773894452',
    'msgtype' => 'event',
    'event' => 'TEMPLATESENDJOBFINISH',
    'msgid' => '4434254770513739784',
    'status' => 'success',
    'from' => 'ov3-bt8keSKg_8z9Wwi-zG1hRhwg',
    'to' => 'gh_d65bd70457b1',
    'time' => '1773894452',
    'type' => 'event',
  ),
)

2026-03-19 12:26:33 response :
------------

