2026-01-04 01:00:06 trace :
------------
String:
<xml><ToUserName><![CDATA[gh_d65bd70457b1]]></ToUserName>
<FromUserName><![CDATA[ov3-bt8keSKg_8z9Wwi-zG1hRhwg]]></FromUserName>
<CreateTime>1767459659</CreateTime>
<MsgType><![CDATA[event]]></MsgType>
<Event><![CDATA[TEMPLATESENDJOBFINISH]]></Event>
<MsgID>4326296859007631364</MsgID>
<Status><![CDATA[success]]></Status>
</xml>

2026-01-04 01:00:06 params :
------------
String:
array (
  'rule' => -2,
  'module' => '',
  'message' => 
  array (
    'tousername' => 'gh_d65bd70457b1',
    'fromusername' => 'ov3-bt8keSKg_8z9Wwi-zG1hRhwg',
    'createtime' => '1767459659',
    'msgtype' => 'event',
    'event' => 'TEMPLATESENDJOBFINISH',
    'msgid' => '4326296859007631364',
    'status' => 'success',
    'from' => 'ov3-bt8keSKg_8z9Wwi-zG1hRhwg',
    'to' => 'gh_d65bd70457b1',
    'time' => '1767459659',
    'type' => 'event',
  ),
)

2026-01-04 01:00:06 response :
------------

