2026-01-27 01:00:05 trace :
------------
String:
<xml><ToUserName><![CDATA[gh_d65bd70457b1]]></ToUserName>
<FromUserName><![CDATA[ov3-bt8keSKg_8z9Wwi-zG1hRhwg]]></FromUserName>
<CreateTime>1769446834</CreateTime>
<MsgType><![CDATA[event]]></MsgType>
<Event><![CDATA[TEMPLATESENDJOBFINISH]]></Event>
<MsgID>4359636121165611013</MsgID>
<Status><![CDATA[success]]></Status>
</xml>

2026-01-27 01:00:05 params :
------------
String:
array (
  'rule' => -2,
  'module' => '',
  'message' => 
  array (
    'tousername' => 'gh_d65bd70457b1',
    'fromusername' => 'ov3-bt8keSKg_8z9Wwi-zG1hRhwg',
    'createtime' => '1769446834',
    'msgtype' => 'event',
    'event' => 'TEMPLATESENDJOBFINISH',
    'msgid' => '4359636121165611013',
    'status' => 'success',
    'from' => 'ov3-bt8keSKg_8z9Wwi-zG1hRhwg',
    'to' => 'gh_d65bd70457b1',
    'time' => '1769446834',
    'type' => 'event',
  ),
)

2026-01-27 01:00:05 response :
------------

2026-01-27 15:26:55 trace :
------------
String:
<xml><ToUserName><![CDATA[gh_d65bd70457b1]]></ToUserName>
<FromUserName><![CDATA[ov3-bt2xFQFTe0o79OoQVFP7ThLE]]></FromUserName>
<CreateTime>1769498847</CreateTime>
<MsgType><![CDATA[event]]></MsgType>
<Event><![CDATA[unsubscribe]]></Event>
<EventKey><![CDATA[]]></EventKey>
</xml>

2026-01-27 15:26:55 fm_jiaoyu_messagelog :
------------
Array:
tousername : gh_d65bd70457b1 ;
fromusername : ov3-bt2xFQFTe0o79OoQVFP7ThLE ;
createtime : 1769498847 ;
msgtype : event ;
event : unsubscribe ;
eventkey :  ;
from : ov3-bt2xFQFTe0o79OoQVFP7ThLE ;
to : gh_d65bd70457b1 ;
time : 1769498847 ;
type : unsubscribe ;

