2026-03-18 01:00:04 trace :
------------
String:
<xml><ToUserName><![CDATA[gh_d65bd70457b1]]></ToUserName>
<FromUserName><![CDATA[ov3-bt8keSKg_8z9Wwi-zG1hRhwg]]></FromUserName>
<CreateTime>1773766859</CreateTime>
<MsgType><![CDATA[event]]></MsgType>
<Event><![CDATA[TEMPLATESENDJOBFINISH]]></Event>
<MsgID>4432114120846573569</MsgID>
<Status><![CDATA[success]]></Status>
</xml>

2026-03-18 01:00:04 params :
------------
String:
array (
  'rule' => -2,
  'module' => '',
  'message' => 
  array (
    'tousername' => 'gh_d65bd70457b1',
    'fromusername' => 'ov3-bt8keSKg_8z9Wwi-zG1hRhwg',
    'createtime' => '1773766859',
    'msgtype' => 'event',
    'event' => 'TEMPLATESENDJOBFINISH',
    'msgid' => '4432114120846573569',
    'status' => 'success',
    'from' => 'ov3-bt8keSKg_8z9Wwi-zG1hRhwg',
    'to' => 'gh_d65bd70457b1',
    'time' => '1773766859',
    'type' => 'event',
  ),
)

2026-03-18 01:00:04 response :
------------

2026-03-18 10:07:34 trace :
------------
String:
<xml><ToUserName><![CDATA[gh_d65bd70457b1]]></ToUserName>
<FromUserName><![CDATA[ov3-btxwRBkDUJDxvfCCPHtuwqac]]></FromUserName>
<CreateTime>1773799710</CreateTime>
<MsgType><![CDATA[event]]></MsgType>
<Event><![CDATA[TEMPLATESENDJOBFINISH]]></Event>
<MsgID>4432665264722804738</MsgID>
<Status><![CDATA[success]]></Status>
</xml>

2026-03-18 10:07:34 params :
------------
String:
array (
  'rule' => -2,
  'module' => '',
  'message' => 
  array (
    'tousername' => 'gh_d65bd70457b1',
    'fromusername' => 'ov3-btxwRBkDUJDxvfCCPHtuwqac',
    'createtime' => '1773799710',
    'msgtype' => 'event',
    'event' => 'TEMPLATESENDJOBFINISH',
    'msgid' => '4432665264722804738',
    'status' => 'success',
    'from' => 'ov3-btxwRBkDUJDxvfCCPHtuwqac',
    'to' => 'gh_d65bd70457b1',
    'time' => '1773799710',
    'type' => 'event',
  ),
)

2026-03-18 10:07:34 response :
------------

2026-03-18 10:27:56 trace :
------------
String:
<xml><ToUserName><![CDATA[gh_d65bd70457b1]]></ToUserName>
<FromUserName><![CDATA[ov3-btxwRBkDUJDxvfCCPHtuwqac]]></FromUserName>
<CreateTime>1773800932</CreateTime>
<MsgType><![CDATA[event]]></MsgType>
<Event><![CDATA[TEMPLATESENDJOBFINISH]]></Event>
<MsgID>4432685760591953924</MsgID>
<Status><![CDATA[success]]></Status>
</xml>

2026-03-18 10:27:56 params :
------------
String:
array (
  'rule' => -2,
  'module' => '',
  'message' => 
  array (
    'tousername' => 'gh_d65bd70457b1',
    'fromusername' => 'ov3-btxwRBkDUJDxvfCCPHtuwqac',
    'createtime' => '1773800932',
    'msgtype' => 'event',
    'event' => 'TEMPLATESENDJOBFINISH',
    'msgid' => '4432685760591953924',
    'status' => 'success',
    'from' => 'ov3-btxwRBkDUJDxvfCCPHtuwqac',
    'to' => 'gh_d65bd70457b1',
    'time' => '1773800932',
    'type' => 'event',
  ),
)

2026-03-18 10:27:56 response :
------------

2026-03-18 14:26:14 trace :
------------
String:
<xml><ToUserName><![CDATA[gh_d65bd70457b1]]></ToUserName>
<FromUserName><![CDATA[ov3-bt5vIxepEjWc51zRQNQbFSaQ]]></FromUserName>
<CreateTime>1773815231</CreateTime>
<MsgType><![CDATA[event]]></MsgType>
<Event><![CDATA[VIEW]]></Event>
<EventKey><![CDATA[https://dtc.gogo198.net/?s=index/customer_login&is_merchs=1]]></EventKey>
<MenuId>461357068</MenuId>
</xml>

2026-03-18 14:26:14 params :
------------
String:
array (
  'rule' => -2,
  'module' => '',
  'message' => 
  array (
    'tousername' => 'gh_d65bd70457b1',
    'fromusername' => 'ov3-bt5vIxepEjWc51zRQNQbFSaQ',
    'createtime' => '1773815231',
    'msgtype' => 'event',
    'event' => 'VIEW',
    'eventkey' => 'https://dtc.gogo198.net/?s=index/customer_login&is_merchs=1',
    'menuid' => '461357068',
    'from' => 'ov3-bt5vIxepEjWc51zRQNQbFSaQ',
    'to' => 'gh_d65bd70457b1',
    'time' => '1773815231',
    'type' => 'text',
    'content' => 'https://dtc.gogo198.net/?s=index/customer_login&is_merchs=1',
    'redirection' => true,
    'source' => 'VIEW',
  ),
)

2026-03-18 14:26:14 response :
------------

2026-03-18 14:26:54 trace :
------------
String:
<xml><ToUserName><![CDATA[gh_d65bd70457b1]]></ToUserName>
<FromUserName><![CDATA[ov3-bt5vIxepEjWc51zRQNQbFSaQ]]></FromUserName>
<CreateTime>1773815271</CreateTime>
<MsgType><![CDATA[event]]></MsgType>
<Event><![CDATA[VIEW]]></Event>
<EventKey><![CDATA[https://dtc.gogo198.net/?s=index/customer_login&is_merchs=1]]></EventKey>
<MenuId>461357068</MenuId>
</xml>

2026-03-18 14:26:54 params :
------------
String:
array (
  'rule' => -2,
  'module' => '',
  'message' => 
  array (
    'tousername' => 'gh_d65bd70457b1',
    'fromusername' => 'ov3-bt5vIxepEjWc51zRQNQbFSaQ',
    'createtime' => '1773815271',
    'msgtype' => 'event',
    'event' => 'VIEW',
    'eventkey' => 'https://dtc.gogo198.net/?s=index/customer_login&is_merchs=1',
    'menuid' => '461357068',
    'from' => 'ov3-bt5vIxepEjWc51zRQNQbFSaQ',
    'to' => 'gh_d65bd70457b1',
    'time' => '1773815271',
    'type' => 'text',
    'content' => 'https://dtc.gogo198.net/?s=index/customer_login&is_merchs=1',
    'redirection' => true,
    'source' => 'VIEW',
  ),
)

2026-03-18 14:26:54 response :
------------

2026-03-18 14:37:07 trace :
------------
String:
<xml><ToUserName><![CDATA[gh_d65bd70457b1]]></ToUserName>
<FromUserName><![CDATA[ov3-bt5vIxepEjWc51zRQNQbFSaQ]]></FromUserName>
<CreateTime>1773815883</CreateTime>
<MsgType><![CDATA[event]]></MsgType>
<Event><![CDATA[VIEW]]></Event>
<EventKey><![CDATA[https://dtc.gogo198.net/?s=index/customer_login&is_merchs=1]]></EventKey>
<MenuId>461357068</MenuId>
</xml>

2026-03-18 14:37:07 params :
------------
String:
array (
  'rule' => -2,
  'module' => '',
  'message' => 
  array (
    'tousername' => 'gh_d65bd70457b1',
    'fromusername' => 'ov3-bt5vIxepEjWc51zRQNQbFSaQ',
    'createtime' => '1773815883',
    'msgtype' => 'event',
    'event' => 'VIEW',
    'eventkey' => 'https://dtc.gogo198.net/?s=index/customer_login&is_merchs=1',
    'menuid' => '461357068',
    'from' => 'ov3-bt5vIxepEjWc51zRQNQbFSaQ',
    'to' => 'gh_d65bd70457b1',
    'time' => '1773815883',
    'type' => 'text',
    'content' => 'https://dtc.gogo198.net/?s=index/customer_login&is_merchs=1',
    'redirection' => true,
    'source' => 'VIEW',
  ),
)

2026-03-18 14:37:07 response :
------------

2026-03-18 14:38:49 trace :
------------
String:
<xml><ToUserName><![CDATA[gh_d65bd70457b1]]></ToUserName>
<FromUserName><![CDATA[ov3-bt5vIxepEjWc51zRQNQbFSaQ]]></FromUserName>
<CreateTime>1773815985</CreateTime>
<MsgType><![CDATA[event]]></MsgType>
<Event><![CDATA[VIEW]]></Event>
<EventKey><![CDATA[https://dtc.gogo198.net/?s=index/customer_login&is_merchs=1]]></EventKey>
<MenuId>461357068</MenuId>
</xml>

2026-03-18 14:38:49 params :
------------
String:
array (
  'rule' => -2,
  'module' => '',
  'message' => 
  array (
    'tousername' => 'gh_d65bd70457b1',
    'fromusername' => 'ov3-bt5vIxepEjWc51zRQNQbFSaQ',
    'createtime' => '1773815985',
    'msgtype' => 'event',
    'event' => 'VIEW',
    'eventkey' => 'https://dtc.gogo198.net/?s=index/customer_login&is_merchs=1',
    'menuid' => '461357068',
    'from' => 'ov3-bt5vIxepEjWc51zRQNQbFSaQ',
    'to' => 'gh_d65bd70457b1',
    'time' => '1773815985',
    'type' => 'text',
    'content' => 'https://dtc.gogo198.net/?s=index/customer_login&is_merchs=1',
    'redirection' => true,
    'source' => 'VIEW',
  ),
)

2026-03-18 14:38:49 response :
------------

2026-03-18 16:45:45 trace :
------------
String:
<xml><ToUserName><![CDATA[gh_d65bd70457b1]]></ToUserName>
<FromUserName><![CDATA[ov3-bt5vIxepEjWc51zRQNQbFSaQ]]></FromUserName>
<CreateTime>1773823601</CreateTime>
<MsgType><![CDATA[event]]></MsgType>
<Event><![CDATA[TEMPLATESENDJOBFINISH]]></Event>
<MsgID>4433066095884926980</MsgID>
<Status><![CDATA[success]]></Status>
</xml>

2026-03-18 16:45:45 params :
------------
String:
array (
  'rule' => -2,
  'module' => '',
  'message' => 
  array (
    'tousername' => 'gh_d65bd70457b1',
    'fromusername' => 'ov3-bt5vIxepEjWc51zRQNQbFSaQ',
    'createtime' => '1773823601',
    'msgtype' => 'event',
    'event' => 'TEMPLATESENDJOBFINISH',
    'msgid' => '4433066095884926980',
    'status' => 'success',
    'from' => 'ov3-bt5vIxepEjWc51zRQNQbFSaQ',
    'to' => 'gh_d65bd70457b1',
    'time' => '1773823601',
    'type' => 'event',
  ),
)

2026-03-18 16:45:45 response :
------------

2026-03-18 17:38:11 trace :
------------
String:
<xml><ToUserName><![CDATA[gh_d65bd70457b1]]></ToUserName>
<FromUserName><![CDATA[ov3-bt5vIxepEjWc51zRQNQbFSaQ]]></FromUserName>
<CreateTime>1773826748</CreateTime>
<MsgType><![CDATA[event]]></MsgType>
<Event><![CDATA[TEMPLATESENDJOBFINISH]]></Event>
<MsgID>4433118884270997508</MsgID>
<Status><![CDATA[success]]></Status>
</xml>

2026-03-18 17:38:11 params :
------------
String:
array (
  'rule' => -2,
  'module' => '',
  'message' => 
  array (
    'tousername' => 'gh_d65bd70457b1',
    'fromusername' => 'ov3-bt5vIxepEjWc51zRQNQbFSaQ',
    'createtime' => '1773826748',
    'msgtype' => 'event',
    'event' => 'TEMPLATESENDJOBFINISH',
    'msgid' => '4433118884270997508',
    'status' => 'success',
    'from' => 'ov3-bt5vIxepEjWc51zRQNQbFSaQ',
    'to' => 'gh_d65bd70457b1',
    'time' => '1773826748',
    'type' => 'event',
  ),
)

2026-03-18 17:38:11 response :
------------

2026-03-18 17:40:16 trace :
------------
String:
<xml><ToUserName><![CDATA[gh_d65bd70457b1]]></ToUserName>
<FromUserName><![CDATA[ov3-bt5vIxepEjWc51zRQNQbFSaQ]]></FromUserName>
<CreateTime>1773826873</CreateTime>
<MsgType><![CDATA[event]]></MsgType>
<Event><![CDATA[TEMPLATESENDJOBFINISH]]></Event>
<MsgID>4433120986556825610</MsgID>
<Status><![CDATA[success]]></Status>
</xml>

2026-03-18 17:40:16 params :
------------
String:
array (
  'rule' => -2,
  'module' => '',
  'message' => 
  array (
    'tousername' => 'gh_d65bd70457b1',
    'fromusername' => 'ov3-bt5vIxepEjWc51zRQNQbFSaQ',
    'createtime' => '1773826873',
    'msgtype' => 'event',
    'event' => 'TEMPLATESENDJOBFINISH',
    'msgid' => '4433120986556825610',
    'status' => 'success',
    'from' => 'ov3-bt5vIxepEjWc51zRQNQbFSaQ',
    'to' => 'gh_d65bd70457b1',
    'time' => '1773826873',
    'type' => 'event',
  ),
)

2026-03-18 17:40:16 response :
------------

