2026-01-29 01:00:05 trace :
------------
String:
<xml><ToUserName><![CDATA[gh_d65bd70457b1]]></ToUserName>
<FromUserName><![CDATA[ov3-bt8keSKg_8z9Wwi-zG1hRhwg]]></FromUserName>
<CreateTime>1769619642</CreateTime>
<MsgType><![CDATA[event]]></MsgType>
<Event><![CDATA[TEMPLATESENDJOBFINISH]]></Event>
<MsgID>4362535367233617926</MsgID>
<Status><![CDATA[success]]></Status>
</xml>

2026-01-29 01:00:05 params :
------------
String:
array (
  'rule' => -2,
  'module' => '',
  'message' => 
  array (
    'tousername' => 'gh_d65bd70457b1',
    'fromusername' => 'ov3-bt8keSKg_8z9Wwi-zG1hRhwg',
    'createtime' => '1769619642',
    'msgtype' => 'event',
    'event' => 'TEMPLATESENDJOBFINISH',
    'msgid' => '4362535367233617926',
    'status' => 'success',
    'from' => 'ov3-bt8keSKg_8z9Wwi-zG1hRhwg',
    'to' => 'gh_d65bd70457b1',
    'time' => '1769619642',
    'type' => 'event',
  ),
)

2026-01-29 01:00:05 response :
------------

2026-01-29 12:24:35 trace :
------------
String:
<xml><ToUserName><![CDATA[gh_d65bd70457b1]]></ToUserName>
<FromUserName><![CDATA[ov3-bt5vIxepEjWc51zRQNQbFSaQ]]></FromUserName>
<CreateTime>1769660715</CreateTime>
<MsgType><![CDATA[event]]></MsgType>
<Event><![CDATA[VIEW]]></Event>
<EventKey><![CDATA[https://shop.gogo198.cn/app/index.php?i=3&c=home&t=45]]></EventKey>
<MenuId>460558099</MenuId>
</xml>

2026-01-29 12:24:35 params :
------------
String:
array (
  'rule' => -2,
  'module' => '',
  'message' => 
  array (
    'tousername' => 'gh_d65bd70457b1',
    'fromusername' => 'ov3-bt5vIxepEjWc51zRQNQbFSaQ',
    'createtime' => '1769660715',
    'msgtype' => 'event',
    'event' => 'VIEW',
    'eventkey' => 'https://shop.gogo198.cn/app/index.php?i=3&c=home&t=45',
    'menuid' => '460558099',
    'from' => 'ov3-bt5vIxepEjWc51zRQNQbFSaQ',
    'to' => 'gh_d65bd70457b1',
    'time' => '1769660715',
    'type' => 'text',
    'content' => 'https://shop.gogo198.cn/app/index.php?i=3&c=home&t=45',
    'redirection' => true,
    'source' => 'VIEW',
  ),
)

2026-01-29 12:24:35 response :
------------

2026-01-29 12:25:01 trace :
------------
String:
<xml><ToUserName><![CDATA[gh_d65bd70457b1]]></ToUserName>
<FromUserName><![CDATA[ov3-bt5vIxepEjWc51zRQNQbFSaQ]]></FromUserName>
<CreateTime>1769660740</CreateTime>
<MsgType><![CDATA[event]]></MsgType>
<Event><![CDATA[VIEW]]></Event>
<EventKey><![CDATA[https://shop.gogo198.cn/app/index.php?i=3&c=home&t=45]]></EventKey>
<MenuId>460558099</MenuId>
</xml>

2026-01-29 12:25:01 params :
------------
String:
array (
  'rule' => -2,
  'module' => '',
  'message' => 
  array (
    'tousername' => 'gh_d65bd70457b1',
    'fromusername' => 'ov3-bt5vIxepEjWc51zRQNQbFSaQ',
    'createtime' => '1769660740',
    'msgtype' => 'event',
    'event' => 'VIEW',
    'eventkey' => 'https://shop.gogo198.cn/app/index.php?i=3&c=home&t=45',
    'menuid' => '460558099',
    'from' => 'ov3-bt5vIxepEjWc51zRQNQbFSaQ',
    'to' => 'gh_d65bd70457b1',
    'time' => '1769660740',
    'type' => 'text',
    'content' => 'https://shop.gogo198.cn/app/index.php?i=3&c=home&t=45',
    'redirection' => true,
    'source' => 'VIEW',
  ),
)

2026-01-29 12:25:01 response :
------------

2026-01-29 15:08:14 trace :
------------
String:
<xml><ToUserName><![CDATA[gh_d65bd70457b1]]></ToUserName>
<FromUserName><![CDATA[ov3-bt5vIxepEjWc51zRQNQbFSaQ]]></FromUserName>
<CreateTime>1769670533</CreateTime>
<MsgType><![CDATA[text]]></MsgType>
<Content><![CDATA[立即支付]]></Content>
<MsgId>25335588776449679</MsgId>
</xml>

2026-01-29 15:08:14 params :
------------
String:
array (
  'message' => 
  array (
    'tousername' => 'gh_d65bd70457b1',
    'fromusername' => 'ov3-bt5vIxepEjWc51zRQNQbFSaQ',
    'createtime' => '1769670533',
    'msgtype' => 'text',
    'content' => '立即支付',
    'msgid' => '25335588776449679',
    'from' => 'ov3-bt5vIxepEjWc51zRQNQbFSaQ',
    'to' => 'gh_d65bd70457b1',
    'time' => '1769670533',
    'type' => 'text',
    'event' => NULL,
    'redirection' => false,
    'source' => NULL,
  ),
  'module' => 'basic',
  'rule' => '512',
  'priority' => '0',
  'keyword' => 
  array (
    'id' => '839',
    'rid' => '512',
    'uniacid' => '3',
    'module' => 'basic',
    'content' => '立即支付',
    'type' => '1',
    'displayorder' => '0',
    'status' => '1',
  ),
)

2026-01-29 15:08:14 response :
------------
Array:
FromUserName : gh_d65bd70457b1 ;
ToUserName : ov3-bt5vIxepEjWc51zRQNQbFSaQ ;
MsgType : text ;
Content : 您好，请点击<a href="https://qr.shouqianba.com/20051201002009494485" style="margin-left:2px;color:#ff2222;text-decoration:underline;">立即支付</a> ;

2026-01-29 15:17:40 trace :
------------
String:
<xml><ToUserName><![CDATA[gh_d65bd70457b1]]></ToUserName>
<FromUserName><![CDATA[ov3-bt5vIxepEjWc51zRQNQbFSaQ]]></FromUserName>
<CreateTime>1769671100</CreateTime>
<MsgType><![CDATA[event]]></MsgType>
<Event><![CDATA[unsubscribe]]></Event>
<EventKey><![CDATA[]]></EventKey>
</xml>

2026-01-29 15:17:40 fm_jiaoyu_messagelog :
------------
Array:
tousername : gh_d65bd70457b1 ;
fromusername : ov3-bt5vIxepEjWc51zRQNQbFSaQ ;
createtime : 1769671100 ;
msgtype : event ;
event : unsubscribe ;
eventkey :  ;
from : ov3-bt5vIxepEjWc51zRQNQbFSaQ ;
to : gh_d65bd70457b1 ;
time : 1769671100 ;
type : unsubscribe ;

2026-01-29 15:18:31 trace :
------------
String:
<xml><ToUserName><![CDATA[gh_d65bd70457b1]]></ToUserName>
<FromUserName><![CDATA[ov3-bt5vIxepEjWc51zRQNQbFSaQ]]></FromUserName>
<CreateTime>1769671151</CreateTime>
<MsgType><![CDATA[event]]></MsgType>
<Event><![CDATA[subscribe]]></Event>
<EventKey><![CDATA[]]></EventKey>
</xml>

2026-01-29 15:18:31 params :
------------
String:
array (
  'message' => 
  array (
    'tousername' => 'gh_d65bd70457b1',
    'fromusername' => 'ov3-bt5vIxepEjWc51zRQNQbFSaQ',
    'createtime' => '1769671151',
    'msgtype' => 'event',
    'event' => 'subscribe',
    'eventkey' => '',
    'from' => 'ov3-bt5vIxepEjWc51zRQNQbFSaQ',
    'to' => 'gh_d65bd70457b1',
    'time' => '1769671151',
    'type' => 'text',
    'redirection' => true,
    'source' => 'subscribe',
    'content' => '立即支付',
  ),
  'module' => 'basic',
  'rule' => '512',
  'priority' => '0',
  'keyword' => 
  array (
    'id' => '839',
    'rid' => '512',
    'uniacid' => '3',
    'module' => 'basic',
    'content' => '立即支付',
    'type' => '1',
    'displayorder' => '0',
    'status' => '1',
  ),
)

2026-01-29 15:18:31 response :
------------
Array:
FromUserName : gh_d65bd70457b1 ;
ToUserName : ov3-bt5vIxepEjWc51zRQNQbFSaQ ;
MsgType : text ;
Content : 您好，请点击<a href="https://qr.shouqianba.com/20051201002009494485" style="margin-left:2px;color:#ff2222;text-decoration:underline;">立即支付</a> ;

2026-01-29 15:18:33 fm_jiaoyu_messagelog :
------------
Array:
tousername : gh_d65bd70457b1 ;
fromusername : ov3-bt5vIxepEjWc51zRQNQbFSaQ ;
createtime : 1769671151 ;
msgtype : event ;
event : subscribe ;
eventkey :  ;
from : ov3-bt5vIxepEjWc51zRQNQbFSaQ ;
to : gh_d65bd70457b1 ;
time : 1769671151 ;
type : subscribe ;

2026-01-29 15:23:19 trace :
------------
String:
<xml><ToUserName><![CDATA[gh_d65bd70457b1]]></ToUserName>
<FromUserName><![CDATA[ov3-bt5vIxepEjWc51zRQNQbFSaQ]]></FromUserName>
<CreateTime>1769671440</CreateTime>
<MsgType><![CDATA[event]]></MsgType>
<Event><![CDATA[unsubscribe]]></Event>
<EventKey><![CDATA[]]></EventKey>
</xml>

2026-01-29 15:23:19 fm_jiaoyu_messagelog :
------------
Array:
tousername : gh_d65bd70457b1 ;
fromusername : ov3-bt5vIxepEjWc51zRQNQbFSaQ ;
createtime : 1769671440 ;
msgtype : event ;
event : unsubscribe ;
eventkey :  ;
from : ov3-bt5vIxepEjWc51zRQNQbFSaQ ;
to : gh_d65bd70457b1 ;
time : 1769671440 ;
type : unsubscribe ;

2026-01-29 15:23:30 trace :
------------
String:
<xml><ToUserName><![CDATA[gh_d65bd70457b1]]></ToUserName>
<FromUserName><![CDATA[ov3-bt5vIxepEjWc51zRQNQbFSaQ]]></FromUserName>
<CreateTime>1769671451</CreateTime>
<MsgType><![CDATA[event]]></MsgType>
<Event><![CDATA[subscribe]]></Event>
<EventKey><![CDATA[]]></EventKey>
</xml>

2026-01-29 15:23:30 params :
------------
String:
array (
  'message' => 
  array (
    'tousername' => 'gh_d65bd70457b1',
    'fromusername' => 'ov3-bt5vIxepEjWc51zRQNQbFSaQ',
    'createtime' => '1769671451',
    'msgtype' => 'event',
    'event' => 'subscribe',
    'eventkey' => '',
    'from' => 'ov3-bt5vIxepEjWc51zRQNQbFSaQ',
    'to' => 'gh_d65bd70457b1',
    'time' => '1769671451',
    'type' => 'text',
    'redirection' => true,
    'source' => 'subscribe',
    'content' => '立即支付',
  ),
  'module' => 'images',
  'rule' => '513',
  'priority' => '0',
  'keyword' => 
  array (
    'id' => '843',
    'rid' => '513',
    'uniacid' => '3',
    'module' => 'images',
    'content' => '立即支付',
    'type' => '1',
    'displayorder' => '0',
    'status' => '1',
  ),
)

2026-01-29 15:23:30 response :
------------
Array:
FromUserName : gh_d65bd70457b1 ;
ToUserName : ov3-bt5vIxepEjWc51zRQNQbFSaQ ;
MsgType : image ;
Image : Array ;

2026-01-29 15:23:32 fm_jiaoyu_messagelog :
------------
Array:
tousername : gh_d65bd70457b1 ;
fromusername : ov3-bt5vIxepEjWc51zRQNQbFSaQ ;
createtime : 1769671451 ;
msgtype : event ;
event : subscribe ;
eventkey :  ;
from : ov3-bt5vIxepEjWc51zRQNQbFSaQ ;
to : gh_d65bd70457b1 ;
time : 1769671451 ;
type : subscribe ;

2026-01-29 15:30:13 trace :
------------
String:
<xml><ToUserName><![CDATA[gh_d65bd70457b1]]></ToUserName>
<FromUserName><![CDATA[ov3-bt5vIxepEjWc51zRQNQbFSaQ]]></FromUserName>
<CreateTime>1769671854</CreateTime>
<MsgType><![CDATA[event]]></MsgType>
<Event><![CDATA[unsubscribe]]></Event>
<EventKey><![CDATA[]]></EventKey>
</xml>

2026-01-29 15:30:13 fm_jiaoyu_messagelog :
------------
Array:
tousername : gh_d65bd70457b1 ;
fromusername : ov3-bt5vIxepEjWc51zRQNQbFSaQ ;
createtime : 1769671854 ;
msgtype : event ;
event : unsubscribe ;
eventkey :  ;
from : ov3-bt5vIxepEjWc51zRQNQbFSaQ ;
to : gh_d65bd70457b1 ;
time : 1769671854 ;
type : unsubscribe ;

2026-01-29 15:37:02 trace :
------------
String:
<xml><ToUserName><![CDATA[gh_d65bd70457b1]]></ToUserName>
<FromUserName><![CDATA[ov3-bt5vIxepEjWc51zRQNQbFSaQ]]></FromUserName>
<CreateTime>1769672262</CreateTime>
<MsgType><![CDATA[event]]></MsgType>
<Event><![CDATA[subscribe]]></Event>
<EventKey><![CDATA[]]></EventKey>
</xml>

2026-01-29 15:37:02 params :
------------
String:
array (
  'message' => 
  array (
    'tousername' => 'gh_d65bd70457b1',
    'fromusername' => 'ov3-bt5vIxepEjWc51zRQNQbFSaQ',
    'createtime' => '1769672262',
    'msgtype' => 'event',
    'event' => 'subscribe',
    'eventkey' => '',
    'from' => 'ov3-bt5vIxepEjWc51zRQNQbFSaQ',
    'to' => 'gh_d65bd70457b1',
    'time' => '1769672262',
    'type' => 'text',
    'redirection' => true,
    'source' => 'subscribe',
    'content' => '立即支付',
  ),
  'module' => 'images',
  'rule' => '513',
  'priority' => '0',
  'keyword' => 
  array (
    'id' => '843',
    'rid' => '513',
    'uniacid' => '3',
    'module' => 'images',
    'content' => '立即支付',
    'type' => '1',
    'displayorder' => '0',
    'status' => '1',
  ),
)

2026-01-29 15:37:02 response :
------------
Array:
FromUserName : gh_d65bd70457b1 ;
ToUserName : ov3-bt5vIxepEjWc51zRQNQbFSaQ ;
MsgType : image ;
Image : Array ;

2026-01-29 15:37:04 fm_jiaoyu_messagelog :
------------
Array:
tousername : gh_d65bd70457b1 ;
fromusername : ov3-bt5vIxepEjWc51zRQNQbFSaQ ;
createtime : 1769672262 ;
msgtype : event ;
event : subscribe ;
eventkey :  ;
from : ov3-bt5vIxepEjWc51zRQNQbFSaQ ;
to : gh_d65bd70457b1 ;
time : 1769672262 ;
type : subscribe ;

