2026-03-17 01:00:04 trace :
------------
String:
<xml><ToUserName><![CDATA[gh_d65bd70457b1]]></ToUserName>
<FromUserName><![CDATA[ov3-bt8keSKg_8z9Wwi-zG1hRhwg]]></FromUserName>
<CreateTime>1773680456</CreateTime>
<MsgType><![CDATA[event]]></MsgType>
<Event><![CDATA[TEMPLATESENDJOBFINISH]]></Event>
<MsgID>4430664520008826882</MsgID>
<Status><![CDATA[success]]></Status>
</xml>

2026-03-17 01:00:04 params :
------------
String:
array (
  'rule' => -2,
  'module' => '',
  'message' => 
  array (
    'tousername' => 'gh_d65bd70457b1',
    'fromusername' => 'ov3-bt8keSKg_8z9Wwi-zG1hRhwg',
    'createtime' => '1773680456',
    'msgtype' => 'event',
    'event' => 'TEMPLATESENDJOBFINISH',
    'msgid' => '4430664520008826882',
    'status' => 'success',
    'from' => 'ov3-bt8keSKg_8z9Wwi-zG1hRhwg',
    'to' => 'gh_d65bd70457b1',
    'time' => '1773680456',
    'type' => 'event',
  ),
)

2026-03-17 01:00:04 response :
------------

2026-03-17 16:26:51 trace :
------------
String:
<xml><ToUserName><![CDATA[gh_d65bd70457b1]]></ToUserName>
<FromUserName><![CDATA[ov3-btxwRBkDUJDxvfCCPHtuwqac]]></FromUserName>
<CreateTime>1773736065</CreateTime>
<MsgType><![CDATA[event]]></MsgType>
<Event><![CDATA[TEMPLATESENDJOBFINISH]]></Event>
<MsgID>4431597473022345216</MsgID>
<Status><![CDATA[success]]></Status>
</xml>

2026-03-17 16:26:51 params :
------------
String:
array (
  'rule' => -2,
  'module' => '',
  'message' => 
  array (
    'tousername' => 'gh_d65bd70457b1',
    'fromusername' => 'ov3-btxwRBkDUJDxvfCCPHtuwqac',
    'createtime' => '1773736065',
    'msgtype' => 'event',
    'event' => 'TEMPLATESENDJOBFINISH',
    'msgid' => '4431597473022345216',
    'status' => 'success',
    'from' => 'ov3-btxwRBkDUJDxvfCCPHtuwqac',
    'to' => 'gh_d65bd70457b1',
    'time' => '1773736065',
    'type' => 'event',
  ),
)

2026-03-17 16:26:51 response :
------------

2026-03-17 16:29:27 trace :
------------
String:
<xml><ToUserName><![CDATA[gh_d65bd70457b1]]></ToUserName>
<FromUserName><![CDATA[ov3-btxwRBkDUJDxvfCCPHtuwqac]]></FromUserName>
<CreateTime>1773736221</CreateTime>
<MsgType><![CDATA[event]]></MsgType>
<Event><![CDATA[TEMPLATESENDJOBFINISH]]></Event>
<MsgID>4431600096777601030</MsgID>
<Status><![CDATA[success]]></Status>
</xml>

2026-03-17 16:29:27 params :
------------
String:
array (
  'rule' => -2,
  'module' => '',
  'message' => 
  array (
    'tousername' => 'gh_d65bd70457b1',
    'fromusername' => 'ov3-btxwRBkDUJDxvfCCPHtuwqac',
    'createtime' => '1773736221',
    'msgtype' => 'event',
    'event' => 'TEMPLATESENDJOBFINISH',
    'msgid' => '4431600096777601030',
    'status' => 'success',
    'from' => 'ov3-btxwRBkDUJDxvfCCPHtuwqac',
    'to' => 'gh_d65bd70457b1',
    'time' => '1773736221',
    'type' => 'event',
  ),
)

2026-03-17 16:29:27 response :
------------

2026-03-17 16:32:42 trace :
------------
String:
<xml><ToUserName><![CDATA[gh_d65bd70457b1]]></ToUserName>
<FromUserName><![CDATA[ov3-btxwRBkDUJDxvfCCPHtuwqac]]></FromUserName>
<CreateTime>1773736416</CreateTime>
<MsgType><![CDATA[event]]></MsgType>
<Event><![CDATA[TEMPLATESENDJOBFINISH]]></Event>
<MsgID>4431603360432652288</MsgID>
<Status><![CDATA[success]]></Status>
</xml>

2026-03-17 16:32:42 params :
------------
String:
array (
  'rule' => -2,
  'module' => '',
  'message' => 
  array (
    'tousername' => 'gh_d65bd70457b1',
    'fromusername' => 'ov3-btxwRBkDUJDxvfCCPHtuwqac',
    'createtime' => '1773736416',
    'msgtype' => 'event',
    'event' => 'TEMPLATESENDJOBFINISH',
    'msgid' => '4431603360432652288',
    'status' => 'success',
    'from' => 'ov3-btxwRBkDUJDxvfCCPHtuwqac',
    'to' => 'gh_d65bd70457b1',
    'time' => '1773736416',
    'type' => 'event',
  ),
)

2026-03-17 16:32:42 response :
------------

