2026-02-03 01:00:05 trace :
------------
String:
<xml><ToUserName><![CDATA[gh_d65bd70457b1]]></ToUserName>
<FromUserName><![CDATA[ov3-bt8keSKg_8z9Wwi-zG1hRhwg]]></FromUserName>
<CreateTime>1770051664</CreateTime>
<MsgType><![CDATA[event]]></MsgType>
<Event><![CDATA[TEMPLATESENDJOBFINISH]]></Event>
<MsgID>4369783484903440391</MsgID>
<Status><![CDATA[success]]></Status>
</xml>

2026-02-03 01:00:05 params :
------------
String:
array (
  'rule' => -2,
  'module' => '',
  'message' => 
  array (
    'tousername' => 'gh_d65bd70457b1',
    'fromusername' => 'ov3-bt8keSKg_8z9Wwi-zG1hRhwg',
    'createtime' => '1770051664',
    'msgtype' => 'event',
    'event' => 'TEMPLATESENDJOBFINISH',
    'msgid' => '4369783484903440391',
    'status' => 'success',
    'from' => 'ov3-bt8keSKg_8z9Wwi-zG1hRhwg',
    'to' => 'gh_d65bd70457b1',
    'time' => '1770051664',
    'type' => 'event',
  ),
)

2026-02-03 01:00:05 response :
------------

2026-02-03 15:44:51 trace :
------------
String:
<xml><ToUserName><![CDATA[gh_d65bd70457b1]]></ToUserName>
<FromUserName><![CDATA[ov3-bt5oTjWn44laAVCqm0z4D3oM]]></FromUserName>
<CreateTime>1770104753</CreateTime>
<MsgType><![CDATA[event]]></MsgType>
<Event><![CDATA[TEMPLATESENDJOBFINISH]]></Event>
<MsgID>4370674169399590915</MsgID>
<Status><![CDATA[success]]></Status>
</xml>

2026-02-03 15:44:51 params :
------------
String:
array (
  'rule' => -2,
  'module' => '',
  'message' => 
  array (
    'tousername' => 'gh_d65bd70457b1',
    'fromusername' => 'ov3-bt5oTjWn44laAVCqm0z4D3oM',
    'createtime' => '1770104753',
    'msgtype' => 'event',
    'event' => 'TEMPLATESENDJOBFINISH',
    'msgid' => '4370674169399590915',
    'status' => 'success',
    'from' => 'ov3-bt5oTjWn44laAVCqm0z4D3oM',
    'to' => 'gh_d65bd70457b1',
    'time' => '1770104753',
    'type' => 'event',
  ),
)

2026-02-03 15:44:51 response :
------------

2026-02-03 16:56:38 trace :
------------
String:
<xml><ToUserName><![CDATA[gh_d65bd70457b1]]></ToUserName>
<FromUserName><![CDATA[ov3-bt99NWif5nLn5C3njEvOu4bI]]></FromUserName>
<CreateTime>1770109061</CreateTime>
<MsgType><![CDATA[event]]></MsgType>
<Event><![CDATA[subscribe]]></Event>
<EventKey><![CDATA[]]></EventKey>
</xml>

2026-02-03 16:56:39 params :
------------
String:
array (
  'message' => 
  array (
    'tousername' => 'gh_d65bd70457b1',
    'fromusername' => 'ov3-bt99NWif5nLn5C3njEvOu4bI',
    'createtime' => '1770109061',
    'msgtype' => 'event',
    'event' => 'subscribe',
    'eventkey' => '',
    'from' => 'ov3-bt99NWif5nLn5C3njEvOu4bI',
    'to' => 'gh_d65bd70457b1',
    'time' => '1770109061',
    'type' => 'text',
    'redirection' => true,
    'source' => 'subscribe',
    'content' => '立即支付',
  ),
  'module' => 'images',
  'rule' => '513',
  'priority' => '0',
  'keyword' => 
  array (
    'id' => '843',
    'rid' => '513',
    'uniacid' => '3',
    'module' => 'images',
    'content' => '立即支付',
    'type' => '1',
    'displayorder' => '0',
    'status' => '1',
  ),
)

2026-02-03 16:56:39 response :
------------
Array:
FromUserName : gh_d65bd70457b1 ;
ToUserName : ov3-bt99NWif5nLn5C3njEvOu4bI ;
MsgType : image ;
Image : Array ;

2026-02-03 16:56:41 fm_jiaoyu_messagelog :
------------
Array:
tousername : gh_d65bd70457b1 ;
fromusername : ov3-bt99NWif5nLn5C3njEvOu4bI ;
createtime : 1770109061 ;
msgtype : event ;
event : subscribe ;
eventkey :  ;
from : ov3-bt99NWif5nLn5C3njEvOu4bI ;
to : gh_d65bd70457b1 ;
time : 1770109061 ;
type : subscribe ;

2026-02-03 18:09:36 trace :
------------
String:
<xml><ToUserName><![CDATA[gh_d65bd70457b1]]></ToUserName>
<FromUserName><![CDATA[ov3-bt5oTjWn44laAVCqm0z4D3oM]]></FromUserName>
<CreateTime>1770113438</CreateTime>
<MsgType><![CDATA[event]]></MsgType>
<Event><![CDATA[TEMPLATESENDJOBFINISH]]></Event>
<MsgID>4370819885224804354</MsgID>
<Status><![CDATA[success]]></Status>
</xml>

2026-02-03 18:09:36 params :
------------
String:
array (
  'rule' => -2,
  'module' => '',
  'message' => 
  array (
    'tousername' => 'gh_d65bd70457b1',
    'fromusername' => 'ov3-bt5oTjWn44laAVCqm0z4D3oM',
    'createtime' => '1770113438',
    'msgtype' => 'event',
    'event' => 'TEMPLATESENDJOBFINISH',
    'msgid' => '4370819885224804354',
    'status' => 'success',
    'from' => 'ov3-bt5oTjWn44laAVCqm0z4D3oM',
    'to' => 'gh_d65bd70457b1',
    'time' => '1770113438',
    'type' => 'event',
  ),
)

2026-02-03 18:09:36 response :
------------

