2026-01-23 01:00:05 trace :
------------
String:
<xml><ToUserName><![CDATA[gh_d65bd70457b1]]></ToUserName>
<FromUserName><![CDATA[ov3-bt8keSKg_8z9Wwi-zG1hRhwg]]></FromUserName>
<CreateTime>1769101216</CreateTime>
<MsgType><![CDATA[event]]></MsgType>
<Event><![CDATA[TEMPLATESENDJOBFINISH]]></Event>
<MsgID>4353837622503260167</MsgID>
<Status><![CDATA[success]]></Status>
</xml>

2026-01-23 01:00:05 params :
------------
String:
array (
  'rule' => -2,
  'module' => '',
  'message' => 
  array (
    'tousername' => 'gh_d65bd70457b1',
    'fromusername' => 'ov3-bt8keSKg_8z9Wwi-zG1hRhwg',
    'createtime' => '1769101216',
    'msgtype' => 'event',
    'event' => 'TEMPLATESENDJOBFINISH',
    'msgid' => '4353837622503260167',
    'status' => 'success',
    'from' => 'ov3-bt8keSKg_8z9Wwi-zG1hRhwg',
    'to' => 'gh_d65bd70457b1',
    'time' => '1769101216',
    'type' => 'event',
  ),
)

2026-01-23 01:00:05 response :
------------

2026-01-23 10:24:23 trace :
------------
String:
<xml><ToUserName><![CDATA[gh_d65bd70457b1]]></ToUserName>
<FromUserName><![CDATA[ov3-bt5vIxepEjWc51zRQNQbFSaQ]]></FromUserName>
<CreateTime>1769135077</CreateTime>
<MsgType><![CDATA[event]]></MsgType>
<Event><![CDATA[VIEW]]></Event>
<EventKey><![CDATA[https://shop.gogo198.cn/app/index.php?i=3&c=home&t=45]]></EventKey>
<MenuId>460558099</MenuId>
</xml>

2026-01-23 10:24:23 params :
------------
String:
array (
  'rule' => -2,
  'module' => '',
  'message' => 
  array (
    'tousername' => 'gh_d65bd70457b1',
    'fromusername' => 'ov3-bt5vIxepEjWc51zRQNQbFSaQ',
    'createtime' => '1769135077',
    'msgtype' => 'event',
    'event' => 'VIEW',
    'eventkey' => 'https://shop.gogo198.cn/app/index.php?i=3&c=home&t=45',
    'menuid' => '460558099',
    'from' => 'ov3-bt5vIxepEjWc51zRQNQbFSaQ',
    'to' => 'gh_d65bd70457b1',
    'time' => '1769135077',
    'type' => 'text',
    'content' => 'https://shop.gogo198.cn/app/index.php?i=3&c=home&t=45',
    'redirection' => true,
    'source' => 'VIEW',
  ),
)

2026-01-23 10:24:23 response :
------------

2026-01-23 11:18:24 trace :
------------
String:
<xml><ToUserName><![CDATA[gh_d65bd70457b1]]></ToUserName>
<FromUserName><![CDATA[ov3-bt5vIxepEjWc51zRQNQbFSaQ]]></FromUserName>
<CreateTime>1769138318</CreateTime>
<MsgType><![CDATA[event]]></MsgType>
<Event><![CDATA[VIEW]]></Event>
<EventKey><![CDATA[https://shop.gogo198.cn/app/index.php?i=3&c=home&t=45]]></EventKey>
<MenuId>460558099</MenuId>
</xml>

2026-01-23 11:18:24 params :
------------
String:
array (
  'rule' => -2,
  'module' => '',
  'message' => 
  array (
    'tousername' => 'gh_d65bd70457b1',
    'fromusername' => 'ov3-bt5vIxepEjWc51zRQNQbFSaQ',
    'createtime' => '1769138318',
    'msgtype' => 'event',
    'event' => 'VIEW',
    'eventkey' => 'https://shop.gogo198.cn/app/index.php?i=3&c=home&t=45',
    'menuid' => '460558099',
    'from' => 'ov3-bt5vIxepEjWc51zRQNQbFSaQ',
    'to' => 'gh_d65bd70457b1',
    'time' => '1769138318',
    'type' => 'text',
    'content' => 'https://shop.gogo198.cn/app/index.php?i=3&c=home&t=45',
    'redirection' => true,
    'source' => 'VIEW',
  ),
)

2026-01-23 11:18:24 response :
------------

2026-01-23 11:20:37 trace :
------------
String:
<xml><ToUserName><![CDATA[gh_d65bd70457b1]]></ToUserName>
<FromUserName><![CDATA[ov3-bt5vIxepEjWc51zRQNQbFSaQ]]></FromUserName>
<CreateTime>1769138451</CreateTime>
<MsgType><![CDATA[event]]></MsgType>
<Event><![CDATA[VIEW]]></Event>
<EventKey><![CDATA[https://shop.gogo198.cn/app/index.php?i=3&c=home&t=45]]></EventKey>
<MenuId>460558099</MenuId>
</xml>

2026-01-23 11:20:37 params :
------------
String:
array (
  'rule' => -2,
  'module' => '',
  'message' => 
  array (
    'tousername' => 'gh_d65bd70457b1',
    'fromusername' => 'ov3-bt5vIxepEjWc51zRQNQbFSaQ',
    'createtime' => '1769138451',
    'msgtype' => 'event',
    'event' => 'VIEW',
    'eventkey' => 'https://shop.gogo198.cn/app/index.php?i=3&c=home&t=45',
    'menuid' => '460558099',
    'from' => 'ov3-bt5vIxepEjWc51zRQNQbFSaQ',
    'to' => 'gh_d65bd70457b1',
    'time' => '1769138451',
    'type' => 'text',
    'content' => 'https://shop.gogo198.cn/app/index.php?i=3&c=home&t=45',
    'redirection' => true,
    'source' => 'VIEW',
  ),
)

2026-01-23 11:20:37 response :
------------

2026-01-23 14:39:36 trace :
------------
String:
<xml><ToUserName><![CDATA[gh_d65bd70457b1]]></ToUserName>
<FromUserName><![CDATA[ov3-bt5vIxepEjWc51zRQNQbFSaQ]]></FromUserName>
<CreateTime>1769150390</CreateTime>
<MsgType><![CDATA[event]]></MsgType>
<Event><![CDATA[VIEW]]></Event>
<EventKey><![CDATA[https://shop.gogo198.cn/app/index.php?i=3&c=home&t=45]]></EventKey>
<MenuId>460558099</MenuId>
</xml>

2026-01-23 14:39:36 params :
------------
String:
array (
  'rule' => -2,
  'module' => '',
  'message' => 
  array (
    'tousername' => 'gh_d65bd70457b1',
    'fromusername' => 'ov3-bt5vIxepEjWc51zRQNQbFSaQ',
    'createtime' => '1769150390',
    'msgtype' => 'event',
    'event' => 'VIEW',
    'eventkey' => 'https://shop.gogo198.cn/app/index.php?i=3&c=home&t=45',
    'menuid' => '460558099',
    'from' => 'ov3-bt5vIxepEjWc51zRQNQbFSaQ',
    'to' => 'gh_d65bd70457b1',
    'time' => '1769150390',
    'type' => 'text',
    'content' => 'https://shop.gogo198.cn/app/index.php?i=3&c=home&t=45',
    'redirection' => true,
    'source' => 'VIEW',
  ),
)

2026-01-23 14:39:36 response :
------------

2026-01-23 16:14:50 trace :
------------
String:
<xml><ToUserName><![CDATA[gh_d65bd70457b1]]></ToUserName>
<FromUserName><![CDATA[ov3-bt5oTjWn44laAVCqm0z4D3oM]]></FromUserName>
<CreateTime>1769156105</CreateTime>
<MsgType><![CDATA[event]]></MsgType>
<Event><![CDATA[VIEW]]></Event>
<EventKey><![CDATA[http://www.gogo198.net/a/brand/brand_cn.html]]></EventKey>
<MenuId>460558099</MenuId>
</xml>

2026-01-23 16:14:50 params :
------------
String:
array (
  'rule' => -2,
  'module' => '',
  'message' => 
  array (
    'tousername' => 'gh_d65bd70457b1',
    'fromusername' => 'ov3-bt5oTjWn44laAVCqm0z4D3oM',
    'createtime' => '1769156105',
    'msgtype' => 'event',
    'event' => 'VIEW',
    'eventkey' => 'http://www.gogo198.net/a/brand/brand_cn.html',
    'menuid' => '460558099',
    'from' => 'ov3-bt5oTjWn44laAVCqm0z4D3oM',
    'to' => 'gh_d65bd70457b1',
    'time' => '1769156105',
    'type' => 'text',
    'content' => 'http://www.gogo198.net/a/brand/brand_cn.html',
    'redirection' => true,
    'source' => 'VIEW',
  ),
)

2026-01-23 16:14:50 response :
------------

2026-01-23 16:14:54 trace :
------------
String:
<xml><ToUserName><![CDATA[gh_d65bd70457b1]]></ToUserName>
<FromUserName><![CDATA[ov3-bt5oTjWn44laAVCqm0z4D3oM]]></FromUserName>
<CreateTime>1769156109</CreateTime>
<MsgType><![CDATA[event]]></MsgType>
<Event><![CDATA[VIEW]]></Event>
<EventKey><![CDATA[http://www.gogo198.net/a/brand/brand_com.html]]></EventKey>
<MenuId>460558099</MenuId>
</xml>

2026-01-23 16:14:54 params :
------------
String:
array (
  'rule' => -2,
  'module' => '',
  'message' => 
  array (
    'tousername' => 'gh_d65bd70457b1',
    'fromusername' => 'ov3-bt5oTjWn44laAVCqm0z4D3oM',
    'createtime' => '1769156109',
    'msgtype' => 'event',
    'event' => 'VIEW',
    'eventkey' => 'http://www.gogo198.net/a/brand/brand_com.html',
    'menuid' => '460558099',
    'from' => 'ov3-bt5oTjWn44laAVCqm0z4D3oM',
    'to' => 'gh_d65bd70457b1',
    'time' => '1769156109',
    'type' => 'text',
    'content' => 'http://www.gogo198.net/a/brand/brand_com.html',
    'redirection' => true,
    'source' => 'VIEW',
  ),
)

2026-01-23 16:14:54 response :
------------

2026-01-23 16:14:57 trace :
------------
String:
<xml><ToUserName><![CDATA[gh_d65bd70457b1]]></ToUserName>
<FromUserName><![CDATA[ov3-bt5oTjWn44laAVCqm0z4D3oM]]></FromUserName>
<CreateTime>1769156112</CreateTime>
<MsgType><![CDATA[event]]></MsgType>
<Event><![CDATA[VIEW]]></Event>
<EventKey><![CDATA[http://www.gogo198.net/a/brand/brand_shop.html]]></EventKey>
<MenuId>460558099</MenuId>
</xml>

2026-01-23 16:14:57 params :
------------
String:
array (
  'rule' => -2,
  'module' => '',
  'message' => 
  array (
    'tousername' => 'gh_d65bd70457b1',
    'fromusername' => 'ov3-bt5oTjWn44laAVCqm0z4D3oM',
    'createtime' => '1769156112',
    'msgtype' => 'event',
    'event' => 'VIEW',
    'eventkey' => 'http://www.gogo198.net/a/brand/brand_shop.html',
    'menuid' => '460558099',
    'from' => 'ov3-bt5oTjWn44laAVCqm0z4D3oM',
    'to' => 'gh_d65bd70457b1',
    'time' => '1769156112',
    'type' => 'text',
    'content' => 'http://www.gogo198.net/a/brand/brand_shop.html',
    'redirection' => true,
    'source' => 'VIEW',
  ),
)

2026-01-23 16:14:57 response :
------------

2026-01-23 16:15:07 trace :
------------
String:
<xml><ToUserName><![CDATA[gh_d65bd70457b1]]></ToUserName>
<FromUserName><![CDATA[ov3-bt5oTjWn44laAVCqm0z4D3oM]]></FromUserName>
<CreateTime>1769156121</CreateTime>
<MsgType><![CDATA[event]]></MsgType>
<Event><![CDATA[VIEW]]></Event>
<EventKey><![CDATA[http://www.gogo198.net/]]></EventKey>
<MenuId>460558099</MenuId>
</xml>

2026-01-23 16:15:07 params :
------------
String:
array (
  'rule' => -2,
  'module' => '',
  'message' => 
  array (
    'tousername' => 'gh_d65bd70457b1',
    'fromusername' => 'ov3-bt5oTjWn44laAVCqm0z4D3oM',
    'createtime' => '1769156121',
    'msgtype' => 'event',
    'event' => 'VIEW',
    'eventkey' => 'http://www.gogo198.net/',
    'menuid' => '460558099',
    'from' => 'ov3-bt5oTjWn44laAVCqm0z4D3oM',
    'to' => 'gh_d65bd70457b1',
    'time' => '1769156121',
    'type' => 'text',
    'content' => 'http://www.gogo198.net/',
    'redirection' => true,
    'source' => 'VIEW',
  ),
)

2026-01-23 16:15:07 response :
------------

2026-01-23 16:15:59 trace :
------------
String:
<xml><ToUserName><![CDATA[gh_d65bd70457b1]]></ToUserName>
<FromUserName><![CDATA[ov3-bt5oTjWn44laAVCqm0z4D3oM]]></FromUserName>
<CreateTime>1769156174</CreateTime>
<MsgType><![CDATA[event]]></MsgType>
<Event><![CDATA[VIEW]]></Event>
<EventKey><![CDATA[https://shop.gogo198.cn/app/index.php?i=3&c=home&t=45]]></EventKey>
<MenuId>460558099</MenuId>
</xml>

2026-01-23 16:15:59 params :
------------
String:
array (
  'rule' => -2,
  'module' => '',
  'message' => 
  array (
    'tousername' => 'gh_d65bd70457b1',
    'fromusername' => 'ov3-bt5oTjWn44laAVCqm0z4D3oM',
    'createtime' => '1769156174',
    'msgtype' => 'event',
    'event' => 'VIEW',
    'eventkey' => 'https://shop.gogo198.cn/app/index.php?i=3&c=home&t=45',
    'menuid' => '460558099',
    'from' => 'ov3-bt5oTjWn44laAVCqm0z4D3oM',
    'to' => 'gh_d65bd70457b1',
    'time' => '1769156174',
    'type' => 'text',
    'content' => 'https://shop.gogo198.cn/app/index.php?i=3&c=home&t=45',
    'redirection' => true,
    'source' => 'VIEW',
  ),
)

2026-01-23 16:15:59 response :
------------

2026-01-23 16:16:16 trace :
------------
String:
<xml><ToUserName><![CDATA[gh_d65bd70457b1]]></ToUserName>
<FromUserName><![CDATA[ov3-bt5vIxepEjWc51zRQNQbFSaQ]]></FromUserName>
<CreateTime>1769156190</CreateTime>
<MsgType><![CDATA[event]]></MsgType>
<Event><![CDATA[VIEW]]></Event>
<EventKey><![CDATA[https://shop.gogo198.cn/app/index.php?i=3&c=home&t=45]]></EventKey>
<MenuId>460558099</MenuId>
</xml>

2026-01-23 16:16:16 params :
------------
String:
array (
  'rule' => -2,
  'module' => '',
  'message' => 
  array (
    'tousername' => 'gh_d65bd70457b1',
    'fromusername' => 'ov3-bt5vIxepEjWc51zRQNQbFSaQ',
    'createtime' => '1769156190',
    'msgtype' => 'event',
    'event' => 'VIEW',
    'eventkey' => 'https://shop.gogo198.cn/app/index.php?i=3&c=home&t=45',
    'menuid' => '460558099',
    'from' => 'ov3-bt5vIxepEjWc51zRQNQbFSaQ',
    'to' => 'gh_d65bd70457b1',
    'time' => '1769156190',
    'type' => 'text',
    'content' => 'https://shop.gogo198.cn/app/index.php?i=3&c=home&t=45',
    'redirection' => true,
    'source' => 'VIEW',
  ),
)

2026-01-23 16:16:16 response :
------------

2026-01-23 16:16:29 trace :
------------
String:
<xml><ToUserName><![CDATA[gh_d65bd70457b1]]></ToUserName>
<FromUserName><![CDATA[ov3-bt5oTjWn44laAVCqm0z4D3oM]]></FromUserName>
<CreateTime>1769156204</CreateTime>
<MsgType><![CDATA[event]]></MsgType>
<Event><![CDATA[VIEW]]></Event>
<EventKey><![CDATA[https://shop.gogo198.cn/app/index.php?i=3&c=home&t=45]]></EventKey>
<MenuId>460558099</MenuId>
</xml>

2026-01-23 16:16:29 params :
------------
String:
array (
  'rule' => -2,
  'module' => '',
  'message' => 
  array (
    'tousername' => 'gh_d65bd70457b1',
    'fromusername' => 'ov3-bt5oTjWn44laAVCqm0z4D3oM',
    'createtime' => '1769156204',
    'msgtype' => 'event',
    'event' => 'VIEW',
    'eventkey' => 'https://shop.gogo198.cn/app/index.php?i=3&c=home&t=45',
    'menuid' => '460558099',
    'from' => 'ov3-bt5oTjWn44laAVCqm0z4D3oM',
    'to' => 'gh_d65bd70457b1',
    'time' => '1769156204',
    'type' => 'text',
    'content' => 'https://shop.gogo198.cn/app/index.php?i=3&c=home&t=45',
    'redirection' => true,
    'source' => 'VIEW',
  ),
)

2026-01-23 16:16:29 response :
------------

2026-01-23 16:16:38 trace :
------------
String:
<xml><ToUserName><![CDATA[gh_d65bd70457b1]]></ToUserName>
<FromUserName><![CDATA[ov3-bt5oTjWn44laAVCqm0z4D3oM]]></FromUserName>
<CreateTime>1769156213</CreateTime>
<MsgType><![CDATA[event]]></MsgType>
<Event><![CDATA[VIEW]]></Event>
<EventKey><![CDATA[https://shop.gogo198.cn/app/index.php?i=3&c=home&t=45]]></EventKey>
<MenuId>460558099</MenuId>
</xml>

2026-01-23 16:16:38 params :
------------
String:
array (
  'rule' => -2,
  'module' => '',
  'message' => 
  array (
    'tousername' => 'gh_d65bd70457b1',
    'fromusername' => 'ov3-bt5oTjWn44laAVCqm0z4D3oM',
    'createtime' => '1769156213',
    'msgtype' => 'event',
    'event' => 'VIEW',
    'eventkey' => 'https://shop.gogo198.cn/app/index.php?i=3&c=home&t=45',
    'menuid' => '460558099',
    'from' => 'ov3-bt5oTjWn44laAVCqm0z4D3oM',
    'to' => 'gh_d65bd70457b1',
    'time' => '1769156213',
    'type' => 'text',
    'content' => 'https://shop.gogo198.cn/app/index.php?i=3&c=home&t=45',
    'redirection' => true,
    'source' => 'VIEW',
  ),
)

2026-01-23 16:16:38 response :
------------

2026-01-23 16:17:00 trace :
------------
String:
<xml><ToUserName><![CDATA[gh_d65bd70457b1]]></ToUserName>
<FromUserName><![CDATA[ov3-bt5oTjWn44laAVCqm0z4D3oM]]></FromUserName>
<CreateTime>1769156235</CreateTime>
<MsgType><![CDATA[event]]></MsgType>
<Event><![CDATA[VIEW]]></Event>
<EventKey><![CDATA[https://shop.gogo198.cn/app/index.php?i=3&c=home&t=45]]></EventKey>
<MenuId>460558099</MenuId>
</xml>

2026-01-23 16:17:00 params :
------------
String:
array (
  'rule' => -2,
  'module' => '',
  'message' => 
  array (
    'tousername' => 'gh_d65bd70457b1',
    'fromusername' => 'ov3-bt5oTjWn44laAVCqm0z4D3oM',
    'createtime' => '1769156235',
    'msgtype' => 'event',
    'event' => 'VIEW',
    'eventkey' => 'https://shop.gogo198.cn/app/index.php?i=3&c=home&t=45',
    'menuid' => '460558099',
    'from' => 'ov3-bt5oTjWn44laAVCqm0z4D3oM',
    'to' => 'gh_d65bd70457b1',
    'time' => '1769156235',
    'type' => 'text',
    'content' => 'https://shop.gogo198.cn/app/index.php?i=3&c=home&t=45',
    'redirection' => true,
    'source' => 'VIEW',
  ),
)

2026-01-23 16:17:00 response :
------------

2026-01-23 16:18:26 trace :
------------
String:
<xml><ToUserName><![CDATA[gh_d65bd70457b1]]></ToUserName>
<FromUserName><![CDATA[ov3-bt5vIxepEjWc51zRQNQbFSaQ]]></FromUserName>
<CreateTime>1769156320</CreateTime>
<MsgType><![CDATA[event]]></MsgType>
<Event><![CDATA[VIEW]]></Event>
<EventKey><![CDATA[https://shop.gogo198.cn/app/index.php?i=3&c=home&t=45]]></EventKey>
<MenuId>460558099</MenuId>
</xml>

2026-01-23 16:18:26 params :
------------
String:
array (
  'rule' => -2,
  'module' => '',
  'message' => 
  array (
    'tousername' => 'gh_d65bd70457b1',
    'fromusername' => 'ov3-bt5vIxepEjWc51zRQNQbFSaQ',
    'createtime' => '1769156320',
    'msgtype' => 'event',
    'event' => 'VIEW',
    'eventkey' => 'https://shop.gogo198.cn/app/index.php?i=3&c=home&t=45',
    'menuid' => '460558099',
    'from' => 'ov3-bt5vIxepEjWc51zRQNQbFSaQ',
    'to' => 'gh_d65bd70457b1',
    'time' => '1769156320',
    'type' => 'text',
    'content' => 'https://shop.gogo198.cn/app/index.php?i=3&c=home&t=45',
    'redirection' => true,
    'source' => 'VIEW',
  ),
)

2026-01-23 16:18:26 response :
------------

2026-01-23 17:35:26 trace :
------------
String:
<xml><ToUserName><![CDATA[gh_d65bd70457b1]]></ToUserName>
<FromUserName><![CDATA[ov3-btxwRBkDUJDxvfCCPHtuwqac]]></FromUserName>
<CreateTime>1769160941</CreateTime>
<MsgType><![CDATA[event]]></MsgType>
<Event><![CDATA[subscribe]]></Event>
<EventKey><![CDATA[]]></EventKey>
</xml>

2026-01-23 17:35:26 params :
------------
String:
array (
  'rule' => -2,
  'module' => '',
  'message' => 
  array (
    'tousername' => 'gh_d65bd70457b1',
    'fromusername' => 'ov3-btxwRBkDUJDxvfCCPHtuwqac',
    'createtime' => '1769160941',
    'msgtype' => 'event',
    'event' => 'subscribe',
    'eventkey' => '',
    'from' => 'ov3-btxwRBkDUJDxvfCCPHtuwqac',
    'to' => 'gh_d65bd70457b1',
    'time' => '1769160941',
    'type' => 'text',
    'redirection' => true,
    'source' => 'subscribe',
  ),
)

2026-01-23 17:35:26 response :
------------

2026-01-23 17:35:28 fm_jiaoyu_messagelog :
------------
Array:
tousername : gh_d65bd70457b1 ;
fromusername : ov3-btxwRBkDUJDxvfCCPHtuwqac ;
createtime : 1769160941 ;
msgtype : event ;
event : subscribe ;
eventkey :  ;
from : ov3-btxwRBkDUJDxvfCCPHtuwqac ;
to : gh_d65bd70457b1 ;
time : 1769160941 ;
type : subscribe ;

2026-01-23 17:35:28 trace :
------------
String:
<xml><ToUserName><![CDATA[gh_d65bd70457b1]]></ToUserName>
<FromUserName><![CDATA[ov3-btxwRBkDUJDxvfCCPHtuwqac]]></FromUserName>
<CreateTime>1769160943</CreateTime>
<MsgType><![CDATA[event]]></MsgType>
<Event><![CDATA[VIEW]]></Event>
<EventKey><![CDATA[https://shop.gogo198.cn/app/index.php?i=3&c=home&t=45]]></EventKey>
<MenuId>460558099</MenuId>
</xml>

2026-01-23 17:35:28 params :
------------
String:
array (
  'rule' => -2,
  'module' => '',
  'message' => 
  array (
    'tousername' => 'gh_d65bd70457b1',
    'fromusername' => 'ov3-btxwRBkDUJDxvfCCPHtuwqac',
    'createtime' => '1769160943',
    'msgtype' => 'event',
    'event' => 'VIEW',
    'eventkey' => 'https://shop.gogo198.cn/app/index.php?i=3&c=home&t=45',
    'menuid' => '460558099',
    'from' => 'ov3-btxwRBkDUJDxvfCCPHtuwqac',
    'to' => 'gh_d65bd70457b1',
    'time' => '1769160943',
    'type' => 'text',
    'content' => 'https://shop.gogo198.cn/app/index.php?i=3&c=home&t=45',
    'redirection' => true,
    'source' => 'VIEW',
  ),
)

2026-01-23 17:35:28 response :
------------

2026-01-23 17:45:24 trace :
------------
String:
<xml><ToUserName><![CDATA[gh_d65bd70457b1]]></ToUserName>
<FromUserName><![CDATA[ov3-bt5vIxepEjWc51zRQNQbFSaQ]]></FromUserName>
<CreateTime>1769161538</CreateTime>
<MsgType><![CDATA[event]]></MsgType>
<Event><![CDATA[TEMPLATESENDJOBFINISH]]></Event>
<MsgID>4354849659488518149</MsgID>
<Status><![CDATA[success]]></Status>
</xml>

2026-01-23 17:45:24 params :
------------
String:
array (
  'rule' => -2,
  'module' => '',
  'message' => 
  array (
    'tousername' => 'gh_d65bd70457b1',
    'fromusername' => 'ov3-bt5vIxepEjWc51zRQNQbFSaQ',
    'createtime' => '1769161538',
    'msgtype' => 'event',
    'event' => 'TEMPLATESENDJOBFINISH',
    'msgid' => '4354849659488518149',
    'status' => 'success',
    'from' => 'ov3-bt5vIxepEjWc51zRQNQbFSaQ',
    'to' => 'gh_d65bd70457b1',
    'time' => '1769161538',
    'type' => 'event',
  ),
)

2026-01-23 17:45:24 response :
------------

2026-01-23 17:57:59 trace :
------------
String:
<xml><ToUserName><![CDATA[gh_d65bd70457b1]]></ToUserName>
<FromUserName><![CDATA[ov3-bt5vIxepEjWc51zRQNQbFSaQ]]></FromUserName>
<CreateTime>1769162294</CreateTime>
<MsgType><![CDATA[event]]></MsgType>
<Event><![CDATA[TEMPLATESENDJOBFINISH]]></Event>
<MsgID>4354862339473489940</MsgID>
<Status><![CDATA[success]]></Status>
</xml>

2026-01-23 17:57:59 params :
------------
String:
array (
  'rule' => -2,
  'module' => '',
  'message' => 
  array (
    'tousername' => 'gh_d65bd70457b1',
    'fromusername' => 'ov3-bt5vIxepEjWc51zRQNQbFSaQ',
    'createtime' => '1769162294',
    'msgtype' => 'event',
    'event' => 'TEMPLATESENDJOBFINISH',
    'msgid' => '4354862339473489940',
    'status' => 'success',
    'from' => 'ov3-bt5vIxepEjWc51zRQNQbFSaQ',
    'to' => 'gh_d65bd70457b1',
    'time' => '1769162294',
    'type' => 'event',
  ),
)

2026-01-23 17:57:59 response :
------------

