2026-01-13 01:00:04 trace :
------------
String:
<xml><ToUserName><![CDATA[gh_d65bd70457b1]]></ToUserName>
<FromUserName><![CDATA[ov3-bt8keSKg_8z9Wwi-zG1hRhwg]]></FromUserName>
<CreateTime>1768237287</CreateTime>
<MsgType><![CDATA[event]]></MsgType>
<Event><![CDATA[TEMPLATESENDJOBFINISH]]></Event>
<MsgID>4339343292199714821</MsgID>
<Status><![CDATA[success]]></Status>
</xml>

2026-01-13 01:00:04 params :
------------
String:
array (
  'rule' => -2,
  'module' => '',
  'message' => 
  array (
    'tousername' => 'gh_d65bd70457b1',
    'fromusername' => 'ov3-bt8keSKg_8z9Wwi-zG1hRhwg',
    'createtime' => '1768237287',
    'msgtype' => 'event',
    'event' => 'TEMPLATESENDJOBFINISH',
    'msgid' => '4339343292199714821',
    'status' => 'success',
    'from' => 'ov3-bt8keSKg_8z9Wwi-zG1hRhwg',
    'to' => 'gh_d65bd70457b1',
    'time' => '1768237287',
    'type' => 'event',
  ),
)

2026-01-13 01:00:04 response :
------------

2026-01-13 09:25:52 trace :
------------
String:
<xml><ToUserName><![CDATA[gh_d65bd70457b1]]></ToUserName>
<FromUserName><![CDATA[ov3-bt5vIxepEjWc51zRQNQbFSaQ]]></FromUserName>
<CreateTime>1768267636</CreateTime>
<MsgType><![CDATA[event]]></MsgType>
<Event><![CDATA[VIEW]]></Event>
<EventKey><![CDATA[https://shop.gogo198.cn/app/index.php?i=3&c=home&t=45]]></EventKey>
<MenuId>460558099</MenuId>
</xml>

2026-01-13 09:25:52 params :
------------
String:
array (
  'rule' => -2,
  'module' => '',
  'message' => 
  array (
    'tousername' => 'gh_d65bd70457b1',
    'fromusername' => 'ov3-bt5vIxepEjWc51zRQNQbFSaQ',
    'createtime' => '1768267636',
    'msgtype' => 'event',
    'event' => 'VIEW',
    'eventkey' => 'https://shop.gogo198.cn/app/index.php?i=3&c=home&t=45',
    'menuid' => '460558099',
    'from' => 'ov3-bt5vIxepEjWc51zRQNQbFSaQ',
    'to' => 'gh_d65bd70457b1',
    'time' => '1768267636',
    'type' => 'text',
    'content' => 'https://shop.gogo198.cn/app/index.php?i=3&c=home&t=45',
    'redirection' => true,
    'source' => 'VIEW',
  ),
)

2026-01-13 09:25:52 response :
------------

2026-01-13 10:27:58 trace :
------------
String:
<xml><ToUserName><![CDATA[gh_d65bd70457b1]]></ToUserName>
<FromUserName><![CDATA[ov3-bt5vIxepEjWc51zRQNQbFSaQ]]></FromUserName>
<CreateTime>1768271362</CreateTime>
<MsgType><![CDATA[event]]></MsgType>
<Event><![CDATA[TEMPLATESENDJOBFINISH]]></Event>
<MsgID>4339914981035950086</MsgID>
<Status><![CDATA[success]]></Status>
</xml>

2026-01-13 10:27:58 params :
------------
String:
array (
  'rule' => -2,
  'module' => '',
  'message' => 
  array (
    'tousername' => 'gh_d65bd70457b1',
    'fromusername' => 'ov3-bt5vIxepEjWc51zRQNQbFSaQ',
    'createtime' => '1768271362',
    'msgtype' => 'event',
    'event' => 'TEMPLATESENDJOBFINISH',
    'msgid' => '4339914981035950086',
    'status' => 'success',
    'from' => 'ov3-bt5vIxepEjWc51zRQNQbFSaQ',
    'to' => 'gh_d65bd70457b1',
    'time' => '1768271362',
    'type' => 'event',
  ),
)

2026-01-13 10:27:58 response :
------------

