2026-02-04 01:00:05 trace :
------------
String:
<xml><ToUserName><![CDATA[gh_d65bd70457b1]]></ToUserName>
<FromUserName><![CDATA[ov3-bt8keSKg_8z9Wwi-zG1hRhwg]]></FromUserName>
<CreateTime>1770138069</CreateTime>
<MsgType><![CDATA[event]]></MsgType>
<Event><![CDATA[TEMPLATESENDJOBFINISH]]></Event>
<MsgID>4371233114866434049</MsgID>
<Status><![CDATA[success]]></Status>
</xml>

2026-02-04 01:00:05 params :
------------
String:
array (
  'rule' => -2,
  'module' => '',
  'message' => 
  array (
    'tousername' => 'gh_d65bd70457b1',
    'fromusername' => 'ov3-bt8keSKg_8z9Wwi-zG1hRhwg',
    'createtime' => '1770138069',
    'msgtype' => 'event',
    'event' => 'TEMPLATESENDJOBFINISH',
    'msgid' => '4371233114866434049',
    'status' => 'success',
    'from' => 'ov3-bt8keSKg_8z9Wwi-zG1hRhwg',
    'to' => 'gh_d65bd70457b1',
    'time' => '1770138069',
    'type' => 'event',
  ),
)

2026-02-04 01:00:05 response :
------------

2026-02-04 14:28:39 trace :
------------
String:
<xml><ToUserName><![CDATA[gh_d65bd70457b1]]></ToUserName>
<FromUserName><![CDATA[ov3-bt5vIxepEjWc51zRQNQbFSaQ]]></FromUserName>
<CreateTime>1770186585</CreateTime>
<MsgType><![CDATA[event]]></MsgType>
<Event><![CDATA[VIEW]]></Event>
<EventKey><![CDATA[https://shop.gogo198.cn/app/index.php?i=3&c=home&t=45]]></EventKey>
<MenuId>460558099</MenuId>
</xml>

2026-02-04 14:28:39 params :
------------
String:
array (
  'rule' => -2,
  'module' => '',
  'message' => 
  array (
    'tousername' => 'gh_d65bd70457b1',
    'fromusername' => 'ov3-bt5vIxepEjWc51zRQNQbFSaQ',
    'createtime' => '1770186585',
    'msgtype' => 'event',
    'event' => 'VIEW',
    'eventkey' => 'https://shop.gogo198.cn/app/index.php?i=3&c=home&t=45',
    'menuid' => '460558099',
    'from' => 'ov3-bt5vIxepEjWc51zRQNQbFSaQ',
    'to' => 'gh_d65bd70457b1',
    'time' => '1770186585',
    'type' => 'text',
    'content' => 'https://shop.gogo198.cn/app/index.php?i=3&c=home&t=45',
    'redirection' => true,
    'source' => 'VIEW',
  ),
)

2026-02-04 14:28:39 response :
------------

2026-02-04 16:13:11 trace :
------------
String:
<xml><ToUserName><![CDATA[gh_d65bd70457b1]]></ToUserName>
<FromUserName><![CDATA[ov3-bt9OG06r76BoNqjcSW8h_BEc]]></FromUserName>
<CreateTime>1770192857</CreateTime>
<MsgType><![CDATA[event]]></MsgType>
<Event><![CDATA[subscribe]]></Event>
<EventKey><![CDATA[]]></EventKey>
</xml>

2026-02-04 16:13:11 params :
------------
String:
array (
  'message' => 
  array (
    'tousername' => 'gh_d65bd70457b1',
    'fromusername' => 'ov3-bt9OG06r76BoNqjcSW8h_BEc',
    'createtime' => '1770192857',
    'msgtype' => 'event',
    'event' => 'subscribe',
    'eventkey' => '',
    'from' => 'ov3-bt9OG06r76BoNqjcSW8h_BEc',
    'to' => 'gh_d65bd70457b1',
    'time' => '1770192857',
    'type' => 'text',
    'redirection' => true,
    'source' => 'subscribe',
    'content' => '立即支付',
  ),
  'module' => 'images',
  'rule' => '513',
  'priority' => '0',
  'keyword' => 
  array (
    'id' => '843',
    'rid' => '513',
    'uniacid' => '3',
    'module' => 'images',
    'content' => '立即支付',
    'type' => '1',
    'displayorder' => '0',
    'status' => '1',
  ),
)

2026-02-04 16:13:11 response :
------------
Array:
FromUserName : gh_d65bd70457b1 ;
ToUserName : ov3-bt9OG06r76BoNqjcSW8h_BEc ;
MsgType : image ;
Image : Array ;

2026-02-04 16:13:13 fm_jiaoyu_messagelog :
------------
Array:
tousername : gh_d65bd70457b1 ;
fromusername : ov3-bt9OG06r76BoNqjcSW8h_BEc ;
createtime : 1770192857 ;
msgtype : event ;
event : subscribe ;
eventkey :  ;
from : ov3-bt9OG06r76BoNqjcSW8h_BEc ;
to : gh_d65bd70457b1 ;
time : 1770192857 ;
type : subscribe ;

2026-02-04 16:13:26 trace :
------------
String:
<xml><ToUserName><![CDATA[gh_d65bd70457b1]]></ToUserName>
<FromUserName><![CDATA[ov3-bt9OG06r76BoNqjcSW8h_BEc]]></FromUserName>
<CreateTime>1770192872</CreateTime>
<MsgType><![CDATA[event]]></MsgType>
<Event><![CDATA[VIEW]]></Event>
<EventKey><![CDATA[https://shop.gogo198.cn/app/index.php?i=3&c=home&t=45]]></EventKey>
<MenuId>460558099</MenuId>
</xml>

2026-02-04 16:13:26 params :
------------
String:
array (
  'rule' => -2,
  'module' => '',
  'message' => 
  array (
    'tousername' => 'gh_d65bd70457b1',
    'fromusername' => 'ov3-bt9OG06r76BoNqjcSW8h_BEc',
    'createtime' => '1770192872',
    'msgtype' => 'event',
    'event' => 'VIEW',
    'eventkey' => 'https://shop.gogo198.cn/app/index.php?i=3&c=home&t=45',
    'menuid' => '460558099',
    'from' => 'ov3-bt9OG06r76BoNqjcSW8h_BEc',
    'to' => 'gh_d65bd70457b1',
    'time' => '1770192872',
    'type' => 'text',
    'content' => 'https://shop.gogo198.cn/app/index.php?i=3&c=home&t=45',
    'redirection' => true,
    'source' => 'VIEW',
  ),
)

2026-02-04 16:13:26 response :
------------

2026-02-04 16:17:31 trace :
------------
String:
<xml><ToUserName><![CDATA[gh_d65bd70457b1]]></ToUserName>
<FromUserName><![CDATA[ov3-bt9OG06r76BoNqjcSW8h_BEc]]></FromUserName>
<CreateTime>1770193117</CreateTime>
<MsgType><![CDATA[event]]></MsgType>
<Event><![CDATA[VIEW]]></Event>
<EventKey><![CDATA[http://www.gogo198.net/]]></EventKey>
<MenuId>460558099</MenuId>
</xml>

2026-02-04 16:17:31 params :
------------
String:
array (
  'rule' => -2,
  'module' => '',
  'message' => 
  array (
    'tousername' => 'gh_d65bd70457b1',
    'fromusername' => 'ov3-bt9OG06r76BoNqjcSW8h_BEc',
    'createtime' => '1770193117',
    'msgtype' => 'event',
    'event' => 'VIEW',
    'eventkey' => 'http://www.gogo198.net/',
    'menuid' => '460558099',
    'from' => 'ov3-bt9OG06r76BoNqjcSW8h_BEc',
    'to' => 'gh_d65bd70457b1',
    'time' => '1770193117',
    'type' => 'text',
    'content' => 'http://www.gogo198.net/',
    'redirection' => true,
    'source' => 'VIEW',
  ),
)

2026-02-04 16:17:31 response :
------------

2026-02-04 16:17:38 trace :
------------
String:
<xml><ToUserName><![CDATA[gh_d65bd70457b1]]></ToUserName>
<FromUserName><![CDATA[ov3-bt9OG06r76BoNqjcSW8h_BEc]]></FromUserName>
<CreateTime>1770193124</CreateTime>
<MsgType><![CDATA[event]]></MsgType>
<Event><![CDATA[VIEW]]></Event>
<EventKey><![CDATA[https://shop.gogo198.cn/app/index.php?i=3&c=home&t=45]]></EventKey>
<MenuId>460558099</MenuId>
</xml>

2026-02-04 16:17:38 params :
------------
String:
array (
  'rule' => -2,
  'module' => '',
  'message' => 
  array (
    'tousername' => 'gh_d65bd70457b1',
    'fromusername' => 'ov3-bt9OG06r76BoNqjcSW8h_BEc',
    'createtime' => '1770193124',
    'msgtype' => 'event',
    'event' => 'VIEW',
    'eventkey' => 'https://shop.gogo198.cn/app/index.php?i=3&c=home&t=45',
    'menuid' => '460558099',
    'from' => 'ov3-bt9OG06r76BoNqjcSW8h_BEc',
    'to' => 'gh_d65bd70457b1',
    'time' => '1770193124',
    'type' => 'text',
    'content' => 'https://shop.gogo198.cn/app/index.php?i=3&c=home&t=45',
    'redirection' => true,
    'source' => 'VIEW',
  ),
)

2026-02-04 16:17:38 response :
------------

2026-02-04 16:24:23 trace :
------------
String:
<xml><ToUserName><![CDATA[gh_d65bd70457b1]]></ToUserName>
<FromUserName><![CDATA[ov3-btzwIXLJpBJ5IGjjrTf1vgRU]]></FromUserName>
<CreateTime>1770193529</CreateTime>
<MsgType><![CDATA[event]]></MsgType>
<Event><![CDATA[subscribe]]></Event>
<EventKey><![CDATA[]]></EventKey>
</xml>

2026-02-04 16:24:23 params :
------------
String:
array (
  'message' => 
  array (
    'tousername' => 'gh_d65bd70457b1',
    'fromusername' => 'ov3-btzwIXLJpBJ5IGjjrTf1vgRU',
    'createtime' => '1770193529',
    'msgtype' => 'event',
    'event' => 'subscribe',
    'eventkey' => '',
    'from' => 'ov3-btzwIXLJpBJ5IGjjrTf1vgRU',
    'to' => 'gh_d65bd70457b1',
    'time' => '1770193529',
    'type' => 'text',
    'redirection' => true,
    'source' => 'subscribe',
    'content' => '立即支付',
  ),
  'module' => 'images',
  'rule' => '513',
  'priority' => '0',
  'keyword' => 
  array (
    'id' => '843',
    'rid' => '513',
    'uniacid' => '3',
    'module' => 'images',
    'content' => '立即支付',
    'type' => '1',
    'displayorder' => '0',
    'status' => '1',
  ),
)

2026-02-04 16:24:23 response :
------------
Array:
FromUserName : gh_d65bd70457b1 ;
ToUserName : ov3-btzwIXLJpBJ5IGjjrTf1vgRU ;
MsgType : image ;
Image : Array ;

2026-02-04 16:24:25 fm_jiaoyu_messagelog :
------------
Array:
tousername : gh_d65bd70457b1 ;
fromusername : ov3-btzwIXLJpBJ5IGjjrTf1vgRU ;
createtime : 1770193529 ;
msgtype : event ;
event : subscribe ;
eventkey :  ;
from : ov3-btzwIXLJpBJ5IGjjrTf1vgRU ;
to : gh_d65bd70457b1 ;
time : 1770193529 ;
type : subscribe ;

2026-02-04 16:24:30 trace :
------------
String:
<xml><ToUserName><![CDATA[gh_d65bd70457b1]]></ToUserName>
<FromUserName><![CDATA[ov3-bt99NWif5nLn5C3njEvOu4bI]]></FromUserName>
<CreateTime>1770193537</CreateTime>
<MsgType><![CDATA[event]]></MsgType>
<Event><![CDATA[VIEW]]></Event>
<EventKey><![CDATA[https://shop.gogo198.cn/app/index.php?i=3&c=home&t=45]]></EventKey>
<MenuId>460558099</MenuId>
</xml>

2026-02-04 16:24:30 params :
------------
String:
array (
  'rule' => -2,
  'module' => '',
  'message' => 
  array (
    'tousername' => 'gh_d65bd70457b1',
    'fromusername' => 'ov3-bt99NWif5nLn5C3njEvOu4bI',
    'createtime' => '1770193537',
    'msgtype' => 'event',
    'event' => 'VIEW',
    'eventkey' => 'https://shop.gogo198.cn/app/index.php?i=3&c=home&t=45',
    'menuid' => '460558099',
    'from' => 'ov3-bt99NWif5nLn5C3njEvOu4bI',
    'to' => 'gh_d65bd70457b1',
    'time' => '1770193537',
    'type' => 'text',
    'content' => 'https://shop.gogo198.cn/app/index.php?i=3&c=home&t=45',
    'redirection' => true,
    'source' => 'VIEW',
  ),
)

2026-02-04 16:24:30 response :
------------

2026-02-04 16:24:31 trace :
------------
String:
<xml><ToUserName><![CDATA[gh_d65bd70457b1]]></ToUserName>
<FromUserName><![CDATA[ov3-btzwIXLJpBJ5IGjjrTf1vgRU]]></FromUserName>
<CreateTime>1770193537</CreateTime>
<MsgType><![CDATA[event]]></MsgType>
<Event><![CDATA[VIEW]]></Event>
<EventKey><![CDATA[https://shop.gogo198.cn/app/index.php?i=3&c=home&t=45]]></EventKey>
<MenuId>460558099</MenuId>
</xml>

2026-02-04 16:24:31 params :
------------
String:
array (
  'rule' => -2,
  'module' => '',
  'message' => 
  array (
    'tousername' => 'gh_d65bd70457b1',
    'fromusername' => 'ov3-btzwIXLJpBJ5IGjjrTf1vgRU',
    'createtime' => '1770193537',
    'msgtype' => 'event',
    'event' => 'VIEW',
    'eventkey' => 'https://shop.gogo198.cn/app/index.php?i=3&c=home&t=45',
    'menuid' => '460558099',
    'from' => 'ov3-btzwIXLJpBJ5IGjjrTf1vgRU',
    'to' => 'gh_d65bd70457b1',
    'time' => '1770193537',
    'type' => 'text',
    'content' => 'https://shop.gogo198.cn/app/index.php?i=3&c=home&t=45',
    'redirection' => true,
    'source' => 'VIEW',
  ),
)

2026-02-04 16:24:31 response :
------------

2026-02-04 16:25:13 trace :
------------
String:
<xml><ToUserName><![CDATA[gh_d65bd70457b1]]></ToUserName>
<FromUserName><![CDATA[ov3-btzwIXLJpBJ5IGjjrTf1vgRU]]></FromUserName>
<CreateTime>1770193580</CreateTime>
<MsgType><![CDATA[event]]></MsgType>
<Event><![CDATA[VIEW]]></Event>
<EventKey><![CDATA[https://shop.gogo198.cn/app/index.php?i=3&c=home&t=45]]></EventKey>
<MenuId>460558099</MenuId>
</xml>

2026-02-04 16:25:14 params :
------------
String:
array (
  'rule' => -2,
  'module' => '',
  'message' => 
  array (
    'tousername' => 'gh_d65bd70457b1',
    'fromusername' => 'ov3-btzwIXLJpBJ5IGjjrTf1vgRU',
    'createtime' => '1770193580',
    'msgtype' => 'event',
    'event' => 'VIEW',
    'eventkey' => 'https://shop.gogo198.cn/app/index.php?i=3&c=home&t=45',
    'menuid' => '460558099',
    'from' => 'ov3-btzwIXLJpBJ5IGjjrTf1vgRU',
    'to' => 'gh_d65bd70457b1',
    'time' => '1770193580',
    'type' => 'text',
    'content' => 'https://shop.gogo198.cn/app/index.php?i=3&c=home&t=45',
    'redirection' => true,
    'source' => 'VIEW',
  ),
)

2026-02-04 16:25:14 response :
------------

2026-02-04 16:25:41 trace :
------------
String:
<xml><ToUserName><![CDATA[gh_d65bd70457b1]]></ToUserName>
<FromUserName><![CDATA[ov3-btzwIXLJpBJ5IGjjrTf1vgRU]]></FromUserName>
<CreateTime>1770193607</CreateTime>
<MsgType><![CDATA[event]]></MsgType>
<Event><![CDATA[VIEW]]></Event>
<EventKey><![CDATA[https://shop.gogo198.cn/app/index.php?i=3&c=home&t=45]]></EventKey>
<MenuId>460558099</MenuId>
</xml>

2026-02-04 16:25:41 params :
------------
String:
array (
  'rule' => -2,
  'module' => '',
  'message' => 
  array (
    'tousername' => 'gh_d65bd70457b1',
    'fromusername' => 'ov3-btzwIXLJpBJ5IGjjrTf1vgRU',
    'createtime' => '1770193607',
    'msgtype' => 'event',
    'event' => 'VIEW',
    'eventkey' => 'https://shop.gogo198.cn/app/index.php?i=3&c=home&t=45',
    'menuid' => '460558099',
    'from' => 'ov3-btzwIXLJpBJ5IGjjrTf1vgRU',
    'to' => 'gh_d65bd70457b1',
    'time' => '1770193607',
    'type' => 'text',
    'content' => 'https://shop.gogo198.cn/app/index.php?i=3&c=home&t=45',
    'redirection' => true,
    'source' => 'VIEW',
  ),
)

2026-02-04 16:25:41 response :
------------

2026-02-04 16:26:05 trace :
------------
String:
<xml><ToUserName><![CDATA[gh_d65bd70457b1]]></ToUserName>
<FromUserName><![CDATA[ov3-btzwIXLJpBJ5IGjjrTf1vgRU]]></FromUserName>
<CreateTime>1770193631</CreateTime>
<MsgType><![CDATA[event]]></MsgType>
<Event><![CDATA[VIEW]]></Event>
<EventKey><![CDATA[https://shop.gogo198.cn/app/index.php?i=3&c=home&t=45]]></EventKey>
<MenuId>460558099</MenuId>
</xml>

2026-02-04 16:26:05 params :
------------
String:
array (
  'rule' => -2,
  'module' => '',
  'message' => 
  array (
    'tousername' => 'gh_d65bd70457b1',
    'fromusername' => 'ov3-btzwIXLJpBJ5IGjjrTf1vgRU',
    'createtime' => '1770193631',
    'msgtype' => 'event',
    'event' => 'VIEW',
    'eventkey' => 'https://shop.gogo198.cn/app/index.php?i=3&c=home&t=45',
    'menuid' => '460558099',
    'from' => 'ov3-btzwIXLJpBJ5IGjjrTf1vgRU',
    'to' => 'gh_d65bd70457b1',
    'time' => '1770193631',
    'type' => 'text',
    'content' => 'https://shop.gogo198.cn/app/index.php?i=3&c=home&t=45',
    'redirection' => true,
    'source' => 'VIEW',
  ),
)

2026-02-04 16:26:05 response :
------------

2026-02-04 16:26:47 trace :
------------
String:
<xml><ToUserName><![CDATA[gh_d65bd70457b1]]></ToUserName>
<FromUserName><![CDATA[ov3-btzwIXLJpBJ5IGjjrTf1vgRU]]></FromUserName>
<CreateTime>1770193673</CreateTime>
<MsgType><![CDATA[event]]></MsgType>
<Event><![CDATA[VIEW]]></Event>
<EventKey><![CDATA[https://shop.gogo198.cn/app/index.php?i=3&c=home&t=45]]></EventKey>
<MenuId>460558099</MenuId>
</xml>

2026-02-04 16:26:47 params :
------------
String:
array (
  'rule' => -2,
  'module' => '',
  'message' => 
  array (
    'tousername' => 'gh_d65bd70457b1',
    'fromusername' => 'ov3-btzwIXLJpBJ5IGjjrTf1vgRU',
    'createtime' => '1770193673',
    'msgtype' => 'event',
    'event' => 'VIEW',
    'eventkey' => 'https://shop.gogo198.cn/app/index.php?i=3&c=home&t=45',
    'menuid' => '460558099',
    'from' => 'ov3-btzwIXLJpBJ5IGjjrTf1vgRU',
    'to' => 'gh_d65bd70457b1',
    'time' => '1770193673',
    'type' => 'text',
    'content' => 'https://shop.gogo198.cn/app/index.php?i=3&c=home&t=45',
    'redirection' => true,
    'source' => 'VIEW',
  ),
)

2026-02-04 16:26:47 response :
------------

2026-02-04 16:27:56 trace :
------------
String:
<xml><ToUserName><![CDATA[gh_d65bd70457b1]]></ToUserName>
<FromUserName><![CDATA[ov3-btzwIXLJpBJ5IGjjrTf1vgRU]]></FromUserName>
<CreateTime>1770193742</CreateTime>
<MsgType><![CDATA[event]]></MsgType>
<Event><![CDATA[VIEW]]></Event>
<EventKey><![CDATA[https://shop.gogo198.cn/app/index.php?i=3&c=home&t=45]]></EventKey>
<MenuId>460558099</MenuId>
</xml>

2026-02-04 16:27:56 params :
------------
String:
array (
  'rule' => -2,
  'module' => '',
  'message' => 
  array (
    'tousername' => 'gh_d65bd70457b1',
    'fromusername' => 'ov3-btzwIXLJpBJ5IGjjrTf1vgRU',
    'createtime' => '1770193742',
    'msgtype' => 'event',
    'event' => 'VIEW',
    'eventkey' => 'https://shop.gogo198.cn/app/index.php?i=3&c=home&t=45',
    'menuid' => '460558099',
    'from' => 'ov3-btzwIXLJpBJ5IGjjrTf1vgRU',
    'to' => 'gh_d65bd70457b1',
    'time' => '1770193742',
    'type' => 'text',
    'content' => 'https://shop.gogo198.cn/app/index.php?i=3&c=home&t=45',
    'redirection' => true,
    'source' => 'VIEW',
  ),
)

2026-02-04 16:27:56 response :
------------

2026-02-04 16:28:11 trace :
------------
String:
<xml><ToUserName><![CDATA[gh_d65bd70457b1]]></ToUserName>
<FromUserName><![CDATA[ov3-btzwIXLJpBJ5IGjjrTf1vgRU]]></FromUserName>
<CreateTime>1770193758</CreateTime>
<MsgType><![CDATA[event]]></MsgType>
<Event><![CDATA[unsubscribe]]></Event>
<EventKey><![CDATA[]]></EventKey>
</xml>

2026-02-04 16:28:11 fm_jiaoyu_messagelog :
------------
Array:
tousername : gh_d65bd70457b1 ;
fromusername : ov3-btzwIXLJpBJ5IGjjrTf1vgRU ;
createtime : 1770193758 ;
msgtype : event ;
event : unsubscribe ;
eventkey :  ;
from : ov3-btzwIXLJpBJ5IGjjrTf1vgRU ;
to : gh_d65bd70457b1 ;
time : 1770193758 ;
type : unsubscribe ;

2026-02-04 16:28:24 trace :
------------
String:
<xml><ToUserName><![CDATA[gh_d65bd70457b1]]></ToUserName>
<FromUserName><![CDATA[ov3-btzwIXLJpBJ5IGjjrTf1vgRU]]></FromUserName>
<CreateTime>1770193770</CreateTime>
<MsgType><![CDATA[event]]></MsgType>
<Event><![CDATA[subscribe]]></Event>
<EventKey><![CDATA[]]></EventKey>
</xml>

2026-02-04 16:28:24 params :
------------
String:
array (
  'message' => 
  array (
    'tousername' => 'gh_d65bd70457b1',
    'fromusername' => 'ov3-btzwIXLJpBJ5IGjjrTf1vgRU',
    'createtime' => '1770193770',
    'msgtype' => 'event',
    'event' => 'subscribe',
    'eventkey' => '',
    'from' => 'ov3-btzwIXLJpBJ5IGjjrTf1vgRU',
    'to' => 'gh_d65bd70457b1',
    'time' => '1770193770',
    'type' => 'text',
    'redirection' => true,
    'source' => 'subscribe',
    'content' => '立即支付',
  ),
  'module' => 'images',
  'rule' => '513',
  'priority' => '0',
  'keyword' => 
  array (
    'id' => '843',
    'rid' => '513',
    'uniacid' => '3',
    'module' => 'images',
    'content' => '立即支付',
    'type' => '1',
    'displayorder' => '0',
    'status' => '1',
  ),
)

2026-02-04 16:28:24 response :
------------
Array:
FromUserName : gh_d65bd70457b1 ;
ToUserName : ov3-btzwIXLJpBJ5IGjjrTf1vgRU ;
MsgType : image ;
Image : Array ;

2026-02-04 16:28:26 fm_jiaoyu_messagelog :
------------
Array:
tousername : gh_d65bd70457b1 ;
fromusername : ov3-btzwIXLJpBJ5IGjjrTf1vgRU ;
createtime : 1770193770 ;
msgtype : event ;
event : subscribe ;
eventkey :  ;
from : ov3-btzwIXLJpBJ5IGjjrTf1vgRU ;
to : gh_d65bd70457b1 ;
time : 1770193770 ;
type : subscribe ;

2026-02-04 16:28:30 trace :
------------
String:
<xml><ToUserName><![CDATA[gh_d65bd70457b1]]></ToUserName>
<FromUserName><![CDATA[ov3-btzwIXLJpBJ5IGjjrTf1vgRU]]></FromUserName>
<CreateTime>1770193777</CreateTime>
<MsgType><![CDATA[event]]></MsgType>
<Event><![CDATA[VIEW]]></Event>
<EventKey><![CDATA[https://shop.gogo198.cn/app/index.php?i=3&c=home&t=45]]></EventKey>
<MenuId>460558099</MenuId>
</xml>

2026-02-04 16:28:30 params :
------------
String:
array (
  'rule' => -2,
  'module' => '',
  'message' => 
  array (
    'tousername' => 'gh_d65bd70457b1',
    'fromusername' => 'ov3-btzwIXLJpBJ5IGjjrTf1vgRU',
    'createtime' => '1770193777',
    'msgtype' => 'event',
    'event' => 'VIEW',
    'eventkey' => 'https://shop.gogo198.cn/app/index.php?i=3&c=home&t=45',
    'menuid' => '460558099',
    'from' => 'ov3-btzwIXLJpBJ5IGjjrTf1vgRU',
    'to' => 'gh_d65bd70457b1',
    'time' => '1770193777',
    'type' => 'text',
    'content' => 'https://shop.gogo198.cn/app/index.php?i=3&c=home&t=45',
    'redirection' => true,
    'source' => 'VIEW',
  ),
)

2026-02-04 16:28:30 response :
------------

2026-02-04 16:28:43 trace :
------------
String:
<xml><ToUserName><![CDATA[gh_d65bd70457b1]]></ToUserName>
<FromUserName><![CDATA[ov3-btzwIXLJpBJ5IGjjrTf1vgRU]]></FromUserName>
<CreateTime>1770193789</CreateTime>
<MsgType><![CDATA[event]]></MsgType>
<Event><![CDATA[VIEW]]></Event>
<EventKey><![CDATA[http://www.gogo198.net/]]></EventKey>
<MenuId>460558099</MenuId>
</xml>

2026-02-04 16:28:43 params :
------------
String:
array (
  'rule' => -2,
  'module' => '',
  'message' => 
  array (
    'tousername' => 'gh_d65bd70457b1',
    'fromusername' => 'ov3-btzwIXLJpBJ5IGjjrTf1vgRU',
    'createtime' => '1770193789',
    'msgtype' => 'event',
    'event' => 'VIEW',
    'eventkey' => 'http://www.gogo198.net/',
    'menuid' => '460558099',
    'from' => 'ov3-btzwIXLJpBJ5IGjjrTf1vgRU',
    'to' => 'gh_d65bd70457b1',
    'time' => '1770193789',
    'type' => 'text',
    'content' => 'http://www.gogo198.net/',
    'redirection' => true,
    'source' => 'VIEW',
  ),
)

2026-02-04 16:28:43 response :
------------

2026-02-04 16:35:48 trace :
------------
String:
<xml><ToUserName><![CDATA[gh_d65bd70457b1]]></ToUserName>
<FromUserName><![CDATA[ov3-btzwIXLJpBJ5IGjjrTf1vgRU]]></FromUserName>
<CreateTime>1770194214</CreateTime>
<MsgType><![CDATA[event]]></MsgType>
<Event><![CDATA[VIEW]]></Event>
<EventKey><![CDATA[https://shop.gogo198.cn/app/index.php?i=3&c=home&t=45]]></EventKey>
<MenuId>460558099</MenuId>
</xml>

2026-02-04 16:35:48 params :
------------
String:
array (
  'rule' => -2,
  'module' => '',
  'message' => 
  array (
    'tousername' => 'gh_d65bd70457b1',
    'fromusername' => 'ov3-btzwIXLJpBJ5IGjjrTf1vgRU',
    'createtime' => '1770194214',
    'msgtype' => 'event',
    'event' => 'VIEW',
    'eventkey' => 'https://shop.gogo198.cn/app/index.php?i=3&c=home&t=45',
    'menuid' => '460558099',
    'from' => 'ov3-btzwIXLJpBJ5IGjjrTf1vgRU',
    'to' => 'gh_d65bd70457b1',
    'time' => '1770194214',
    'type' => 'text',
    'content' => 'https://shop.gogo198.cn/app/index.php?i=3&c=home&t=45',
    'redirection' => true,
    'source' => 'VIEW',
  ),
)

2026-02-04 16:35:48 response :
------------

2026-02-04 16:39:55 trace :
------------
String:
<xml><ToUserName><![CDATA[gh_d65bd70457b1]]></ToUserName>
<FromUserName><![CDATA[ov3-btzwIXLJpBJ5IGjjrTf1vgRU]]></FromUserName>
<CreateTime>1770194461</CreateTime>
<MsgType><![CDATA[event]]></MsgType>
<Event><![CDATA[VIEW]]></Event>
<EventKey><![CDATA[https://shop.gogo198.cn/app/index.php?i=3&c=home&t=45]]></EventKey>
<MenuId>460558099</MenuId>
</xml>

2026-02-04 16:39:55 params :
------------
String:
array (
  'rule' => -2,
  'module' => '',
  'message' => 
  array (
    'tousername' => 'gh_d65bd70457b1',
    'fromusername' => 'ov3-btzwIXLJpBJ5IGjjrTf1vgRU',
    'createtime' => '1770194461',
    'msgtype' => 'event',
    'event' => 'VIEW',
    'eventkey' => 'https://shop.gogo198.cn/app/index.php?i=3&c=home&t=45',
    'menuid' => '460558099',
    'from' => 'ov3-btzwIXLJpBJ5IGjjrTf1vgRU',
    'to' => 'gh_d65bd70457b1',
    'time' => '1770194461',
    'type' => 'text',
    'content' => 'https://shop.gogo198.cn/app/index.php?i=3&c=home&t=45',
    'redirection' => true,
    'source' => 'VIEW',
  ),
)

2026-02-04 16:39:55 response :
------------

2026-02-04 18:06:02 trace :
------------
String:
<xml><ToUserName><![CDATA[gh_d65bd70457b1]]></ToUserName>
<FromUserName><![CDATA[ov3-bt5vIxepEjWc51zRQNQbFSaQ]]></FromUserName>
<CreateTime>1770199629</CreateTime>
<MsgType><![CDATA[event]]></MsgType>
<Event><![CDATA[VIEW]]></Event>
<EventKey><![CDATA[https://shop.gogo198.cn/app/index.php?i=3&c=home&t=45]]></EventKey>
<MenuId>460558099</MenuId>
</xml>

2026-02-04 18:06:02 params :
------------
String:
array (
  'rule' => -2,
  'module' => '',
  'message' => 
  array (
    'tousername' => 'gh_d65bd70457b1',
    'fromusername' => 'ov3-bt5vIxepEjWc51zRQNQbFSaQ',
    'createtime' => '1770199629',
    'msgtype' => 'event',
    'event' => 'VIEW',
    'eventkey' => 'https://shop.gogo198.cn/app/index.php?i=3&c=home&t=45',
    'menuid' => '460558099',
    'from' => 'ov3-bt5vIxepEjWc51zRQNQbFSaQ',
    'to' => 'gh_d65bd70457b1',
    'time' => '1770199629',
    'type' => 'text',
    'content' => 'https://shop.gogo198.cn/app/index.php?i=3&c=home&t=45',
    'redirection' => true,
    'source' => 'VIEW',
  ),
)

2026-02-04 18:06:02 response :
------------

2026-02-04 18:59:26 trace :
------------
String:
<xml><ToUserName><![CDATA[gh_d65bd70457b1]]></ToUserName>
<FromUserName><![CDATA[ov3-bt5vIxepEjWc51zRQNQbFSaQ]]></FromUserName>
<CreateTime>1770202833</CreateTime>
<MsgType><![CDATA[event]]></MsgType>
<Event><![CDATA[TEMPLATESENDJOBFINISH]]></Event>
<MsgID>4372319685724291077</MsgID>
<Status><![CDATA[success]]></Status>
</xml>

2026-02-04 18:59:26 params :
------------
String:
array (
  'rule' => -2,
  'module' => '',
  'message' => 
  array (
    'tousername' => 'gh_d65bd70457b1',
    'fromusername' => 'ov3-bt5vIxepEjWc51zRQNQbFSaQ',
    'createtime' => '1770202833',
    'msgtype' => 'event',
    'event' => 'TEMPLATESENDJOBFINISH',
    'msgid' => '4372319685724291077',
    'status' => 'success',
    'from' => 'ov3-bt5vIxepEjWc51zRQNQbFSaQ',
    'to' => 'gh_d65bd70457b1',
    'time' => '1770202833',
    'type' => 'event',
  ),
)

2026-02-04 18:59:26 response :
------------

