2026-01-30 01:00:05 trace :
------------
String:
<xml><ToUserName><![CDATA[gh_d65bd70457b1]]></ToUserName>
<FromUserName><![CDATA[ov3-bt8keSKg_8z9Wwi-zG1hRhwg]]></FromUserName>
<CreateTime>1769706047</CreateTime>
<MsgType><![CDATA[event]]></MsgType>
<Event><![CDATA[TEMPLATESENDJOBFINISH]]></Event>
<MsgID>4363984991744016386</MsgID>
<Status><![CDATA[success]]></Status>
</xml>

2026-01-30 01:00:05 params :
------------
String:
array (
  'rule' => -2,
  'module' => '',
  'message' => 
  array (
    'tousername' => 'gh_d65bd70457b1',
    'fromusername' => 'ov3-bt8keSKg_8z9Wwi-zG1hRhwg',
    'createtime' => '1769706047',
    'msgtype' => 'event',
    'event' => 'TEMPLATESENDJOBFINISH',
    'msgid' => '4363984991744016386',
    'status' => 'success',
    'from' => 'ov3-bt8keSKg_8z9Wwi-zG1hRhwg',
    'to' => 'gh_d65bd70457b1',
    'time' => '1769706047',
    'type' => 'event',
  ),
)

2026-01-30 01:00:05 response :
------------

2026-01-30 10:38:13 trace :
------------
String:
<xml><ToUserName><![CDATA[gh_d65bd70457b1]]></ToUserName>
<FromUserName><![CDATA[ov3-bt5vIxepEjWc51zRQNQbFSaQ]]></FromUserName>
<CreateTime>1769740737</CreateTime>
<MsgType><![CDATA[event]]></MsgType>
<Event><![CDATA[unsubscribe]]></Event>
<EventKey><![CDATA[]]></EventKey>
</xml>

2026-01-30 10:38:13 fm_jiaoyu_messagelog :
------------
Array:
tousername : gh_d65bd70457b1 ;
fromusername : ov3-bt5vIxepEjWc51zRQNQbFSaQ ;
createtime : 1769740737 ;
msgtype : event ;
event : unsubscribe ;
eventkey :  ;
from : ov3-bt5vIxepEjWc51zRQNQbFSaQ ;
to : gh_d65bd70457b1 ;
time : 1769740737 ;
type : unsubscribe ;

2026-01-30 10:38:22 trace :
------------
String:
<xml><ToUserName><![CDATA[gh_d65bd70457b1]]></ToUserName>
<FromUserName><![CDATA[ov3-bt5vIxepEjWc51zRQNQbFSaQ]]></FromUserName>
<CreateTime>1769740746</CreateTime>
<MsgType><![CDATA[event]]></MsgType>
<Event><![CDATA[subscribe]]></Event>
<EventKey><![CDATA[]]></EventKey>
</xml>

2026-01-30 10:38:22 params :
------------
String:
array (
  'message' => 
  array (
    'tousername' => 'gh_d65bd70457b1',
    'fromusername' => 'ov3-bt5vIxepEjWc51zRQNQbFSaQ',
    'createtime' => '1769740746',
    'msgtype' => 'event',
    'event' => 'subscribe',
    'eventkey' => '',
    'from' => 'ov3-bt5vIxepEjWc51zRQNQbFSaQ',
    'to' => 'gh_d65bd70457b1',
    'time' => '1769740746',
    'type' => 'text',
    'redirection' => true,
    'source' => 'subscribe',
    'content' => '立即支付',
  ),
  'module' => 'images',
  'rule' => '513',
  'priority' => '0',
  'keyword' => 
  array (
    'id' => '843',
    'rid' => '513',
    'uniacid' => '3',
    'module' => 'images',
    'content' => '立即支付',
    'type' => '1',
    'displayorder' => '0',
    'status' => '1',
  ),
)

2026-01-30 10:38:22 response :
------------
Array:
FromUserName : gh_d65bd70457b1 ;
ToUserName : ov3-bt5vIxepEjWc51zRQNQbFSaQ ;
MsgType : image ;
Image : Array ;

2026-01-30 10:38:25 fm_jiaoyu_messagelog :
------------
Array:
tousername : gh_d65bd70457b1 ;
fromusername : ov3-bt5vIxepEjWc51zRQNQbFSaQ ;
createtime : 1769740746 ;
msgtype : event ;
event : subscribe ;
eventkey :  ;
from : ov3-bt5vIxepEjWc51zRQNQbFSaQ ;
to : gh_d65bd70457b1 ;
time : 1769740746 ;
type : subscribe ;

2026-01-30 10:38:36 trace :
------------
String:
<xml><ToUserName><![CDATA[gh_d65bd70457b1]]></ToUserName>
<FromUserName><![CDATA[ov3-bt5vIxepEjWc51zRQNQbFSaQ]]></FromUserName>
<CreateTime>1769740758</CreateTime>
<MsgType><![CDATA[text]]></MsgType>
<Content><![CDATA[立即支付]]></Content>
<MsgId>25336594843749164</MsgId>
</xml>

2026-01-30 10:38:36 params :
------------
String:
array (
  'message' => 
  array (
    'tousername' => 'gh_d65bd70457b1',
    'fromusername' => 'ov3-bt5vIxepEjWc51zRQNQbFSaQ',
    'createtime' => '1769740758',
    'msgtype' => 'text',
    'content' => '立即支付',
    'msgid' => '25336594843749164',
    'from' => 'ov3-bt5vIxepEjWc51zRQNQbFSaQ',
    'to' => 'gh_d65bd70457b1',
    'time' => '1769740758',
    'type' => 'text',
    'event' => NULL,
    'redirection' => false,
    'source' => NULL,
  ),
  'module' => 'images',
  'rule' => '513',
  'priority' => '0',
  'keyword' => 
  array (
    'id' => '843',
    'rid' => '513',
    'uniacid' => '3',
    'module' => 'images',
    'content' => '立即支付',
    'type' => '1',
    'displayorder' => '0',
    'status' => '1',
  ),
)

2026-01-30 10:38:36 response :
------------
Array:
FromUserName : gh_d65bd70457b1 ;
ToUserName : ov3-bt5vIxepEjWc51zRQNQbFSaQ ;
MsgType : image ;
Image : Array ;

2026-01-30 11:23:08 trace :
------------
String:
<xml><ToUserName><![CDATA[gh_d65bd70457b1]]></ToUserName>
<FromUserName><![CDATA[ov3-bt5vIxepEjWc51zRQNQbFSaQ]]></FromUserName>
<CreateTime>1769743432</CreateTime>
<MsgType><![CDATA[event]]></MsgType>
<Event><![CDATA[TEMPLATESENDJOBFINISH]]></Event>
<MsgID>4364612212091469835</MsgID>
<Status><![CDATA[success]]></Status>
</xml>

2026-01-30 11:23:08 params :
------------
String:
array (
  'rule' => -2,
  'module' => '',
  'message' => 
  array (
    'tousername' => 'gh_d65bd70457b1',
    'fromusername' => 'ov3-bt5vIxepEjWc51zRQNQbFSaQ',
    'createtime' => '1769743432',
    'msgtype' => 'event',
    'event' => 'TEMPLATESENDJOBFINISH',
    'msgid' => '4364612212091469835',
    'status' => 'success',
    'from' => 'ov3-bt5vIxepEjWc51zRQNQbFSaQ',
    'to' => 'gh_d65bd70457b1',
    'time' => '1769743432',
    'type' => 'event',
  ),
)

2026-01-30 11:23:08 response :
------------

