绑定开始++++++++++++++++++++++++++++++++Array
(
    [id] => 29
    [uniacid] => 3
    [uid] => 5
    [groupid] => 0
    [level] => 0
    [agentid] => 0
    [openid] => ov3-bt8keSKg_8z9Wwi-zG1hRhwg
    [realname] => 
    [mobile] => 
    [pwd] => 
    [weixin] => 
    [content] => 
    [createtime] => 1491907241
    [agenttime] => 0
    [status] => 0
    [isagent] => 1
    [clickcount] => 0
    [agentlevel] => 0
    [bonuslevel] => 0
    [bonus_status] => 0
    [noticeset] => 
    [nickname] => 區廣祺@Gogo
    [credit1] => 7.00
    [credit2] => 0.00
    [birthyear] => 
    [birthmonth] => 
    [birthday] => 
    [gender] => 1
    [avatar] => http://wx.qlogo.cn/mmopen/b44oOKyArZD0g3FwFHXHqnCo9drQ4hX5TGV7plcibnt4u55xSoEPNXahZKibVecmgEz2kcGkSYz2x1BL7ia4WvGa9hBUkM2WGnd/132
    [province] => 广东
    [city] => 佛山
    [area] => 
    [childtime] => 0
    [inviter] => 0
    [agentnotupgrade] => 0
    [agentselectgoods] => 0
    [agentblack] => 0
    [fixagentid] => 0
    [regtype] => 1
    [isbindmobile] => 0
    [isjumpbind] => 0
    [diymemberid] => 0
    [isblack] => 0
    [diymemberdataid] => 0
    [diycommissionid] => 0
    [diycommissiondataid] => 0
    [diymemberfields] => 
    [diymemberdata] => 
    [diycommissionfields] => 
    [diycommissiondata] => 
    [referralsn] => 
    [bindapp] => 0
    [credit20] => 
    [alipay] => 
    [alipayname] => 
    [check_imgs] => 
    [ischannel] => 0
    [channel_level] => 0
    [channeltime] => 0
    [isagency] => 0
    [bank] => 
    [bank_num] => 
    [virtual_currency] => 0.00
    [virtual_temporary] => 0.00
    [virtual_temporary_total] => 0.00
    [last_money] => 0.00
    [updatetime] => 
    [membermobile] => 
    [bonus_area] => 0
    [bonus_province] => 
    [bonus_city] => 
    [bonus_district] => 
    [bonus_area_commission] => 0.00
    [street] => 0
    [bonus_street] => 
)
Array
(
    [0] => Array
        (
            [id] => 195
            [openid] => u458988542d5b40de05b79980fa46bffb
            [pwd] => 8f595dcbf4fd7c7c86c60b9b061f2eed
            [level] => 0
            [agentlevel] => 0
            [bonuslevel] => 0
            [createtime] => 1500317739
            [bindapp] => 0
            [status] => 0
            [isagent] => 1
            [agentid] => 0
        )

)
绑定新号++++++++++++++++++++++++++++++++Array
(
    [id] => 29
    [uniacid] => 3
    [uid] => 5
    [groupid] => 0
    [level] => 0
    [agentid] => 0
    [openid] => ov3-bt8keSKg_8z9Wwi-zG1hRhwg
    [realname] => 
    [mobile] => 13809703680
    [pwd] => 8f595dcbf4fd7c7c86c60b9b061f2eed
    [weixin] => 
    [content] => 
    [createtime] => 1491907241
    [agenttime] => 0
    [status] => 0
    [isagent] => 1
    [clickcount] => 0
    [agentlevel] => 0
    [bonuslevel] => 0
    [bonus_status] => 0
    [noticeset] => 
    [nickname] => 區廣祺@Gogo
    [credit1] => 7.00
    [credit2] => 0.00
    [birthyear] => 
    [birthmonth] => 
    [birthday] => 
    [gender] => 1
    [avatar] => http://wx.qlogo.cn/mmopen/b44oOKyArZD0g3FwFHXHqnCo9drQ4hX5TGV7plcibnt4u55xSoEPNXahZKibVecmgEz2kcGkSYz2x1BL7ia4WvGa9hBUkM2WGnd/132
    [province] => 广东
    [city] => 佛山
    [area] => 
    [childtime] => 0
    [inviter] => 0
    [agentnotupgrade] => 0
    [agentselectgoods] => 0
    [agentblack] => 0
    [fixagentid] => 0
    [regtype] => 1
    [isbindmobile] => 1
    [isjumpbind] => 0
    [diymemberid] => 0
    [isblack] => 0
    [diymemberdataid] => 0
    [diycommissionid] => 0
    [diycommissiondataid] => 0
    [diymemberfields] => 
    [diymemberdata] => 
    [diycommissionfields] => 
    [diycommissiondata] => 
    [referralsn] => 
    [bindapp] => 0
    [credit20] => 
    [alipay] => 
    [alipayname] => 
    [check_imgs] => 
    [ischannel] => 0
    [channel_level] => 0
    [channeltime] => 0
    [isagency] => 0
    [bank] => 
    [bank_num] => 
    [virtual_currency] => 0.00
    [virtual_temporary] => 0.00
    [virtual_temporary_total] => 0.00
    [last_money] => 0.00
    [updatetime] => 
    [membermobile] => 
    [bonus_area] => 0
    [bonus_province] => 
    [bonus_city] => 
    [bonus_district] => 
    [bonus_area_commission] => 0.00
    [street] => 0
    [bonus_street] => 
)
绑定结束++++++++++++++++++++++++++++++++