绑定开始++++++++++++++++++++++++++++++++Array
(
    [id] => 1416
    [uniacid] => 3
    [uid] => 0
    [groupid] => 0
    [level] => 0
    [agentid] => 0
    [openid] => ov3-bt3kHonITjcrt1x0C8rWjAiI
    [realname] => 
    [mobile] => 
    [pwd] => 
    [weixin] => 
    [content] => 
    [createtime] => 1534233715
    [agenttime] => 0
    [status] => 0
    [isagent] => 1
    [clickcount] => 0
    [agentlevel] => 0
    [bonuslevel] => 0
    [bonus_status] => 0
    [noticeset] => 
    [nickname] => 昵称为空
    [credit1] => 0.00
    [credit2] => 0.00
    [birthyear] => 
    [birthmonth] => 
    [birthday] => 
    [gender] => 0
    [avatar] => http://thirdwx.qlogo.cn/mmopen/vi_32/79Bs7C5L3OFAiahWblK8UjGByqdpzBc0ibfbZYqyQ3lgAY3De7S3uNpPKaEibIuuBeDNU89L8Jic68qN13RGjFz72A/132132
    [province] => 
    [city] => 
    [area] => 
    [childtime] => 0
    [inviter] => 0
    [agentnotupgrade] => 0
    [agentselectgoods] => 0
    [agentblack] => 0
    [fixagentid] => 0
    [regtype] => 1
    [isbindmobile] => 0
    [isjumpbind] => 0
    [diymemberid] => 0
    [isblack] => 0
    [diymemberdataid] => 0
    [diycommissionid] => 0
    [diycommissiondataid] => 0
    [diymemberfields] => 
    [diymemberdata] => 
    [diycommissionfields] => 
    [diycommissiondata] => 
    [referralsn] => 
    [bindapp] => 0
    [credit20] => 
    [alipay] => 
    [alipayname] => 
    [check_imgs] => 
    [ischannel] => 0
    [channel_level] => 0
    [channeltime] => 0
    [isagency] => 0
    [bank] => 
    [bank_num] => 
    [virtual_currency] => 0.00
    [virtual_temporary] => 0.00
    [virtual_temporary_total] => 0.00
    [last_money] => 0.00
    [updatetime] => 
    [membermobile] => 
    [bonus_area] => 0
    [bonus_province] => 
    [bonus_city] => 
    [bonus_district] => 
    [bonus_area_commission] => 0.00
    [street] => 0
    [bonus_street] => 
    [uuid] => 0
    [uiqueids] => 
    [is_flag] => A
)
Array
(
    [0] => Array
        (
            [id] => 1383
            [openid] => ua4a9c84a17c9655fc3945a48379270bc
            [pwd] => 7bdaec91908bc3846d076073bcf1546d
            [level] => 0
            [agentlevel] => 0
            [bonuslevel] => 0
            [createtime] => 1534123774
            [bindapp] => 0
            [status] => 0
            [isagent] => 0
            [agentid] => 0
        )

)
绑定新号++++++++++++++++++++++++++++++++Array
(
    [id] => 1416
    [uniacid] => 3
    [uid] => 0
    [groupid] => 0
    [level] => 0
    [agentid] => 0
    [openid] => ov3-bt3kHonITjcrt1x0C8rWjAiI
    [realname] => 
    [mobile] => 13534985865
    [pwd] => 7bdaec91908bc3846d076073bcf1546d
    [weixin] => 
    [content] => 
    [createtime] => 1534233715
    [agenttime] => 0
    [status] => 0
    [isagent] => 1
    [clickcount] => 0
    [agentlevel] => 0
    [bonuslevel] => 0
    [bonus_status] => 0
    [noticeset] => 
    [nickname] => 昵称为空
    [credit1] => 0.00
    [credit2] => 0.00
    [birthyear] => 
    [birthmonth] => 
    [birthday] => 
    [gender] => 0
    [avatar] => http://thirdwx.qlogo.cn/mmopen/vi_32/79Bs7C5L3OFAiahWblK8UjGByqdpzBc0ibfbZYqyQ3lgAY3De7S3uNpPKaEibIuuBeDNU89L8Jic68qN13RGjFz72A/132132
    [province] => 
    [city] => 
    [area] => 
    [childtime] => 0
    [inviter] => 0
    [agentnotupgrade] => 0
    [agentselectgoods] => 0
    [agentblack] => 0
    [fixagentid] => 0
    [regtype] => 1
    [isbindmobile] => 1
    [isjumpbind] => 0
    [diymemberid] => 0
    [isblack] => 0
    [diymemberdataid] => 0
    [diycommissionid] => 0
    [diycommissiondataid] => 0
    [diymemberfields] => 
    [diymemberdata] => 
    [diycommissionfields] => 
    [diycommissiondata] => 
    [referralsn] => 
    [bindapp] => 0
    [credit20] => 
    [alipay] => 
    [alipayname] => 
    [check_imgs] => 
    [ischannel] => 0
    [channel_level] => 0
    [channeltime] => 0
    [isagency] => 0
    [bank] => 
    [bank_num] => 
    [virtual_currency] => 0.00
    [virtual_temporary] => 0.00
    [virtual_temporary_total] => 0.00
    [last_money] => 0.00
    [updatetime] => 
    [membermobile] => 
    [bonus_area] => 0
    [bonus_province] => 
    [bonus_city] => 
    [bonus_district] => 
    [bonus_area_commission] => 0.00
    [street] => 0
    [bonus_street] => 
    [uuid] => 0
    [uiqueids] => 
    [is_flag] => A
)
绑定结束++++++++++++++++++++++++++++++++