绑定开始++++++++++++++++++++++++++++++++Array
(
    [id] => 72360
    [uniacid] => 3
    [uid] => 0
    [groupid] => 0
    [level] => 0
    [agentid] => 0
    [openid] => ov3-bt5mEwoCFH8WlrrcTqanexOA
    [realname] => 
    [mobile] => 
    [pwd] => 
    [weixin] => 
    [content] => 
    [createtime] => 1561524899
    [agenttime] => 0
    [status] => 0
    [isagent] => 0
    [clickcount] => 0
    [agentlevel] => 0
    [bonuslevel] => 0
    [bonus_status] => 0
    [noticeset] => 
    [nickname] => 王红
    [credit1] => 0.00
    [credit2] => 0.00
    [birthyear] => 
    [birthmonth] => 
    [birthday] => 
    [gender] => 0
    [avatar] => http://thirdwx.qlogo.cn/mmopen/vi_32/WJD4sghFshruiaGoysRQmeSSSOzheJLQpIMJtNg8ibqkDlUju5pLPks0wvgWicHMzWOmYwBjyiabdRxszCYWyhkl7g/132132
    [province] => 
    [city] => 
    [area] => 
    [childtime] => 0
    [inviter] => 0
    [agentnotupgrade] => 0
    [agentselectgoods] => 0
    [agentblack] => 0
    [fixagentid] => 0
    [regtype] => 1
    [isbindmobile] => 0
    [isjumpbind] => 0
    [diymemberid] => 0
    [isblack] => 0
    [diymemberdataid] => 0
    [diycommissionid] => 0
    [diycommissiondataid] => 0
    [diymemberfields] => 
    [diymemberdata] => 
    [diycommissionfields] => 
    [diycommissiondata] => 
    [referralsn] => 
    [bindapp] => 0
    [credit20] => 
    [alipay] => 
    [alipayname] => 
    [check_imgs] => 
    [ischannel] => 0
    [channel_level] => 0
    [channeltime] => 0
    [isagency] => 0
    [bank] => 
    [bank_num] => 
    [virtual_currency] => 0.00
    [virtual_temporary] => 0.00
    [virtual_temporary_total] => 0.00
    [last_money] => 0.00
    [updatetime] => 
    [membermobile] => 
    [bonus_area] => 0
    [bonus_province] => 
    [bonus_city] => 
    [bonus_district] => 
    [bonus_area_commission] => 0.00
    [street] => 0
    [bonus_street] => 
    [uuid] => 0
    [uiqueids] => 
    [is_flag] => A
    [id_card] => 
)
Array
(
    [0] => Array
        (
            [id] => 71200
            [openid] => u790bb77d55a1412d89f92036f806e674
            [pwd] => 790bb77d55a1412d89f92036f806e674
            [level] => 4
            [agentlevel] => 0
            [bonuslevel] => 0
            [createtime] => 1560397037
            [bindapp] => 0
            [status] => 0
            [isagent] => 0
            [agentid] => 0
        )

)
绑定新号++++++++++++++++++++++++++++++++Array
(
    [id] => 72360
    [uniacid] => 3
    [uid] => 0
    [groupid] => 0
    [level] => 4
    [agentid] => 0
    [openid] => ov3-bt5mEwoCFH8WlrrcTqanexOA
    [realname] => 
    [mobile] => 13923216634
    [pwd] => f53e8991d32c09b2558044e297a6e1c5
    [weixin] => 
    [content] => 
    [createtime] => 1561524899
    [agenttime] => 0
    [status] => 0
    [isagent] => 0
    [clickcount] => 0
    [agentlevel] => 0
    [bonuslevel] => 0
    [bonus_status] => 0
    [noticeset] => 
    [nickname] => 王红
    [credit1] => 0.00
    [credit2] => 0.00
    [birthyear] => 
    [birthmonth] => 
    [birthday] => 
    [gender] => 0
    [avatar] => http://thirdwx.qlogo.cn/mmopen/vi_32/WJD4sghFshruiaGoysRQmeSSSOzheJLQpIMJtNg8ibqkDlUju5pLPks0wvgWicHMzWOmYwBjyiabdRxszCYWyhkl7g/132132
    [province] => 
    [city] => 
    [area] => 
    [childtime] => 0
    [inviter] => 0
    [agentnotupgrade] => 0
    [agentselectgoods] => 0
    [agentblack] => 0
    [fixagentid] => 0
    [regtype] => 1
    [isbindmobile] => 1
    [isjumpbind] => 0
    [diymemberid] => 0
    [isblack] => 0
    [diymemberdataid] => 0
    [diycommissionid] => 0
    [diycommissiondataid] => 0
    [diymemberfields] => 
    [diymemberdata] => 
    [diycommissionfields] => 
    [diycommissiondata] => 
    [referralsn] => 
    [bindapp] => 0
    [credit20] => 
    [alipay] => 
    [alipayname] => 
    [check_imgs] => 
    [ischannel] => 0
    [channel_level] => 0
    [channeltime] => 0
    [isagency] => 0
    [bank] => 
    [bank_num] => 
    [virtual_currency] => 0.00
    [virtual_temporary] => 0.00
    [virtual_temporary_total] => 0.00
    [last_money] => 0.00
    [updatetime] => 
    [membermobile] => 
    [bonus_area] => 0
    [bonus_province] => 
    [bonus_city] => 
    [bonus_district] => 
    [bonus_area_commission] => 0.00
    [street] => 0
    [bonus_street] => 
    [uuid] => 0
    [uiqueids] => 
    [is_flag] => A
    [id_card] => 
)
绑定结束++++++++++++++++++++++++++++++++