绑定开始++++++++++++++++++++++++++++++++Array
(
    [id] => 94763
    [unionid] => ooWwF0jxz1FJf8wotqCD1hELXhQY
    [uniacid] => 3
    [uid] => 114169
    [groupid] => 0
    [level] => 0
    [agentid] => 0
    [openid] => ov3-btxV-ENpabbyd0c7grgz5RP4
    [realname] => 李诗棋
    [mobile] => 18029291779
    [pwd] => 
    [weixin] => 
    [content] => 
    [createtime] => 1594288158
    [agenttime] => 0
    [status] => 0
    [isagent] => 0
    [clickcount] => 0
    [agentlevel] => 0
    [bonuslevel] => 0
    [bonus_status] => 0
    [noticeset] => 
    [nickname] => Cklein
    [credit1] => 0.00
    [credit2] => 0.00
    [birthyear] => 
    [birthmonth] => 
    [birthday] => 
    [gender] => 0
    [avatar] => http://thirdwx.qlogo.cn/mmopen/PiajxSqBRaEJkewuUcq3XmIcHEhcAO4XnO8pn4krsy2aUOH4RLCER5ibdgUuYjCea0P5DiaSY0cJHGDK7jp96ex1g/132132
    [province] => 
    [city] => 
    [area] => 
    [childtime] => 0
    [inviter] => 0
    [agentnotupgrade] => 0
    [agentselectgoods] => 0
    [agentblack] => 0
    [fixagentid] => 0
    [regtype] => 1
    [isbindmobile] => 0
    [isjumpbind] => 0
    [diymemberid] => 0
    [isblack] => 0
    [diymemberdataid] => 0
    [diycommissionid] => 0
    [diycommissiondataid] => 0
    [diymemberfields] => 
    [diymemberdata] => 
    [diycommissionfields] => 
    [diycommissiondata] => 
    [referralsn] => 
    [bindapp] => 0
    [credit20] => 
    [alipay] => 
    [alipayname] => 
    [check_imgs] => 
    [ischannel] => 0
    [channel_level] => 0
    [channeltime] => 0
    [isagency] => 0
    [bank] => 
    [bank_num] => 
    [virtual_currency] => 0.00
    [virtual_temporary] => 0.00
    [virtual_temporary_total] => 0.00
    [last_money] => 0.00
    [updatetime] => 
    [membermobile] => 
    [bonus_area] => 0
    [bonus_province] => 
    [bonus_city] => 
    [bonus_district] => 
    [bonus_area_commission] => 0.00
    [street] => 0
    [bonus_street] => 
    [uuid] => 0
    [uiqueids] => 
    [is_flag] => A
    [id_card] => 
)
Array
(
    [0] => Array
        (
            [id] => 94762
            [openid] => oM5ppswEa0WGqde0kvhD00lqK8L8
            [pwd] => 200820e3227815ed1756a6b531e7e0d2
            [level] => 1
            [agentlevel] => 0
            [bonuslevel] => 0
            [createtime] => 1594287857
            [bindapp] => 0
            [status] => 0
            [isagent] => 0
            [agentid] => 0
        )

)
绑定新号++++++++++++++++++++++++++++++++Array
(
    [id] => 94763
    [unionid] => ooWwF0jxz1FJf8wotqCD1hELXhQY
    [uniacid] => 3
    [uid] => 114169
    [groupid] => 0
    [level] => 1
    [agentid] => 0
    [openid] => ov3-btxV-ENpabbyd0c7grgz5RP4
    [realname] => 李诗棋
    [mobile] => 18029291779
    [pwd] => 200820e3227815ed1756a6b531e7e0d2
    [weixin] => 
    [content] => 
    [createtime] => 1594288158
    [agenttime] => 0
    [status] => 0
    [isagent] => 0
    [clickcount] => 0
    [agentlevel] => 0
    [bonuslevel] => 0
    [bonus_status] => 0
    [noticeset] => 
    [nickname] => Cklein
    [credit1] => 0.00
    [credit2] => 0.00
    [birthyear] => 
    [birthmonth] => 
    [birthday] => 
    [gender] => 0
    [avatar] => http://thirdwx.qlogo.cn/mmopen/PiajxSqBRaEJkewuUcq3XmIcHEhcAO4XnO8pn4krsy2aUOH4RLCER5ibdgUuYjCea0P5DiaSY0cJHGDK7jp96ex1g/132132
    [province] => 
    [city] => 
    [area] => 
    [childtime] => 0
    [inviter] => 0
    [agentnotupgrade] => 0
    [agentselectgoods] => 0
    [agentblack] => 0
    [fixagentid] => 0
    [regtype] => 1
    [isbindmobile] => 1
    [isjumpbind] => 0
    [diymemberid] => 0
    [isblack] => 0
    [diymemberdataid] => 0
    [diycommissionid] => 0
    [diycommissiondataid] => 0
    [diymemberfields] => 
    [diymemberdata] => 
    [diycommissionfields] => 
    [diycommissiondata] => 
    [referralsn] => 
    [bindapp] => 0
    [credit20] => 
    [alipay] => 
    [alipayname] => 
    [check_imgs] => 
    [ischannel] => 0
    [channel_level] => 0
    [channeltime] => 0
    [isagency] => 0
    [bank] => 
    [bank_num] => 
    [virtual_currency] => 0.00
    [virtual_temporary] => 0.00
    [virtual_temporary_total] => 0.00
    [last_money] => 0.00
    [updatetime] => 
    [membermobile] => 
    [bonus_area] => 0
    [bonus_province] => 
    [bonus_city] => 
    [bonus_district] => 
    [bonus_area_commission] => 0.00
    [street] => 0
    [bonus_street] => 
    [uuid] => 0
    [uiqueids] => 
    [is_flag] => A
    [id_card] => 
)
绑定结束++++++++++++++++++++++++++++++++