stdClass Object
(
    [out] => stdClass Object
        (
            [CZDM] => 
            [DDH] => 
            [EWM] => 
            [FPQQLSH] => 
            [FPZL_DM] => 
            [FP_DM] => 
            [FP_HM] => 
            [FWM] => 
            [HJBHSJE] => 0
            [JYM] => 
            [KPHJJE] => 0
            [KPLSH] => 
            [KPLX] => 
            [KPRQ] => 
            [PDF_FILE] => 
            [PDF_URL] => 
            [SE] => 0
            [returnCode] => 0000
            [returnMsg] => 邮件发送成功
        )

)
stdClass Object
(
    [out] => stdClass Object
        (
            [CZDM] => 
            [DDH] => 
            [EWM] => 
            [FPQQLSH] => 
            [FPZL_DM] => 
            [FP_DM] => 
            [FP_HM] => 
            [FWM] => 
            [HJBHSJE] => 0
            [JYM] => 
            [KPHJJE] => 0
            [KPLSH] => 
            [KPLX] => 
            [KPRQ] => 
            [PDF_FILE] => 
            [PDF_URL] => 
            [SE] => 0
            [returnCode] => 0000
            [returnMsg] => 邮件发送成功
        )

)
stdClass Object
(
    [out] => stdClass Object
        (
            [CZDM] => 
            [DDH] => 
            [EWM] => 
            [FPQQLSH] => 
            [FPZL_DM] => 
            [FP_DM] => 
            [FP_HM] => 
            [FWM] => 
            [HJBHSJE] => 0
            [JYM] => 
            [KPHJJE] => 0
            [KPLSH] => 
            [KPLX] => 
            [KPRQ] => 
            [PDF_FILE] => 
            [PDF_URL] => 
            [SE] => 0
            [returnCode] => 0000
            [returnMsg] => 邮件发送成功
        )

)
stdClass Object
(
    [out] => stdClass Object
        (
            [CZDM] => 
            [DDH] => 
            [EWM] => 
            [FPQQLSH] => 
            [FPZL_DM] => 
            [FP_DM] => 
            [FP_HM] => 
            [FWM] => 
            [HJBHSJE] => 0
            [JYM] => 
            [KPHJJE] => 0
            [KPLSH] => 
            [KPLX] => 
            [KPRQ] => 
            [PDF_FILE] => 
            [PDF_URL] => 
            [SE] => 0
            [returnCode] => 0000
            [returnMsg] => 邮件发送成功
        )

)
stdClass Object
(
    [out] => stdClass Object
        (
            [CZDM] => 
            [DDH] => 
            [EWM] => 
            [FPQQLSH] => 
            [FPZL_DM] => 
            [FP_DM] => 
            [FP_HM] => 
            [FWM] => 
            [HJBHSJE] => 0
            [JYM] => 
            [KPHJJE] => 0
            [KPLSH] => 
            [KPLX] => 
            [KPRQ] => 
            [PDF_FILE] => 
            [PDF_URL] => 
            [SE] => 0
            [returnCode] => 0000
            [returnMsg] => 邮件发送成功
        )

)
stdClass Object
(
    [out] => stdClass Object
        (
            [CZDM] => 
            [DDH] => 
            [EWM] => 
            [FPQQLSH] => 
            [FPZL_DM] => 
            [FP_DM] => 
            [FP_HM] => 
            [FWM] => 
            [HJBHSJE] => 0
            [JYM] => 
            [KPHJJE] => 0
            [KPLSH] => 
            [KPLX] => 
            [KPRQ] => 
            [PDF_FILE] => 
            [PDF_URL] => 
            [SE] => 0
            [returnCode] => 0000
            [returnMsg] => 邮件发送成功
        )

)
stdClass Object
(
    [out] => stdClass Object
        (
            [CZDM] => 
            [DDH] => 
            [EWM] => 
            [FPQQLSH] => 
            [FPZL_DM] => 
            [FP_DM] => 
            [FP_HM] => 
            [FWM] => 
            [HJBHSJE] => 0
            [JYM] => 
            [KPHJJE] => 0
            [KPLSH] => 
            [KPLX] => 
            [KPRQ] => 
            [PDF_FILE] => 
            [PDF_URL] => 
            [SE] => 0
            [returnCode] => 0000
            [returnMsg] => 邮件发送成功
        )

)
stdClass Object
(
    [out] => stdClass Object
        (
            [CZDM] => 
            [DDH] => 
            [EWM] => 
            [FPQQLSH] => 
            [FPZL_DM] => 
            [FP_DM] => 
            [FP_HM] => 
            [FWM] => 
            [HJBHSJE] => 0
            [JYM] => 
            [KPHJJE] => 0
            [KPLSH] => 
            [KPLX] => 
            [KPRQ] => 
            [PDF_FILE] => 
            [PDF_URL] => 
            [SE] => 0
            [returnCode] => 0000
            [returnMsg] => 邮件发送成功
        )

)
stdClass Object
(
    [out] => stdClass Object
        (
            [CZDM] => 
            [DDH] => 
            [EWM] => 
            [FPQQLSH] => 
            [FPZL_DM] => 
            [FP_DM] => 
            [FP_HM] => 
            [FWM] => 
            [HJBHSJE] => 0
            [JYM] => 
            [KPHJJE] => 0
            [KPLSH] => 
            [KPLX] => 
            [KPRQ] => 
            [PDF_FILE] => 
            [PDF_URL] => 
            [SE] => 0
            [returnCode] => 0000
            [returnMsg] => 邮件发送成功
        )

)
stdClass Object
(
    [out] => stdClass Object
        (
            [CZDM] => 
            [DDH] => 
            [EWM] => 
            [FPQQLSH] => 
            [FPZL_DM] => 
            [FP_DM] => 
            [FP_HM] => 
            [FWM] => 
            [HJBHSJE] => 0
            [JYM] => 
            [KPHJJE] => 0
            [KPLSH] => 
            [KPLX] => 
            [KPRQ] => 
            [PDF_FILE] => 
            [PDF_URL] => 
            [SE] => 0
            [returnCode] => 0000
            [returnMsg] => 邮件发送成功
        )

)
stdClass Object
(
    [out] => stdClass Object
        (
            [CZDM] => 
            [DDH] => 
            [EWM] => 
            [FPQQLSH] => 
            [FPZL_DM] => 
            [FP_DM] => 
            [FP_HM] => 
            [FWM] => 
            [HJBHSJE] => 0
            [JYM] => 
            [KPHJJE] => 0
            [KPLSH] => 
            [KPLX] => 
            [KPRQ] => 
            [PDF_FILE] => 
            [PDF_URL] => 
            [SE] => 0
            [returnCode] => 0000
            [returnMsg] => 邮件发送成功
        )

)
stdClass Object
(
    [out] => stdClass Object
        (
            [CZDM] => 
            [DDH] => 
            [EWM] => 
            [FPQQLSH] => 
            [FPZL_DM] => 
            [FP_DM] => 
            [FP_HM] => 
            [FWM] => 
            [HJBHSJE] => 0
            [JYM] => 
            [KPHJJE] => 0
            [KPLSH] => 
            [KPLX] => 
            [KPRQ] => 
            [PDF_FILE] => 
            [PDF_URL] => 
            [SE] => 0
            [returnCode] => 0000
            [returnMsg] => 邮件发送成功
        )

)
stdClass Object
(
    [out] => stdClass Object
        (
            [CZDM] => 
            [DDH] => 
            [EWM] => 
            [FPQQLSH] => 
            [FPZL_DM] => 
            [FP_DM] => 
            [FP_HM] => 
            [FWM] => 
            [HJBHSJE] => 0
            [JYM] => 
            [KPHJJE] => 0
            [KPLSH] => 
            [KPLX] => 
            [KPRQ] => 
            [PDF_FILE] => 
            [PDF_URL] => 
            [SE] => 0
            [returnCode] => 0000
            [returnMsg] => 邮件发送成功
        )

)
stdClass Object
(
    [out] => stdClass Object
        (
            [CZDM] => 
            [DDH] => 
            [EWM] => 
            [FPQQLSH] => 
            [FPZL_DM] => 
            [FP_DM] => 
            [FP_HM] => 
            [FWM] => 
            [HJBHSJE] => 0
            [JYM] => 
            [KPHJJE] => 0
            [KPLSH] => 
            [KPLX] => 
            [KPRQ] => 
            [PDF_FILE] => 
            [PDF_URL] => 
            [SE] => 0
            [returnCode] => 0000
            [returnMsg] => 邮件发送成功
        )

)
