Array
(
    [token] => SendinVeli
    [uniacid] => 14
    [openid] => oR-IB0rMG5ragz51pVFWiQK_9Cyw
    [FPQQLSH] => OGGP2018101617045836
    [DDH] => GGP2018101617045827
    [invoice_type] => park
    [XMMC] => 路内智能停车服务
    [DW] => 台
    [XMSL] => 1.00
    [XMDJ] => 1.00
    [GGXH] => 
    [GHF_NSRSBH] => 
    [GHF_DZ] => 
    [GHF_SJ] => 13923223422
    [GHF_YHZH] => 
    [GHF_MC] => 肖日辉
    [GHFQYLX] => 03
    [GHF_EMAIL] => 392953685@qq.com
)
Array
(
    [token] => SendinVeli
    [uniacid] => 14
    [openid] => oR-IB0l8wz5uBEQteyJrc6gFjO0Y
    [FPQQLSH] => OGGP2018101617080935
    [DDH] => GGP2018101617080959
    [invoice_type] => park
    [XMMC] => 路内智能停车服务
    [DW] => 台
    [XMSL] => 1.00
    [XMDJ] => 15.00
    [GGXH] => 
    [GHF_NSRSBH] => 
    [GHF_DZ] => 
    [GHF_SJ] => 18603099018
    [GHF_YHZH] => 
    [GHF_MC] => 王宝莹
    [GHFQYLX] => 03
    [GHF_EMAIL] => 657495457@qq.com
)
