Array
(
    [uniacid] => 14
    [openid] => oR-IB0uOcKmxsddM3Ti7aX4XYZLM
    [FPQQLSH] => OGGP2020070115571349
    [DDH] => GGP20200701155713704
    [invoice_type] => park
    [KP_NSRSBH] => 91440606MA4WX4KK55
    [KP_NSRMC] => 佛山市成柏电子科技有限公司
    [DKBZ] => 0
    [XHF_NSRSBH] => 91440606MA4WX4KK55
    [XHF_MC] => 佛山市成柏电子科技有限公司
    [XHF_DZ] => 佛山市顺德区伦教街道办事处常教社区居民委员会尚成路1号唯美嘉园6座103号铺
    [XHF_DH] => 0757-22223287
    [XHF_YHZH] => 广东顺德农村商业银行股份有限公司大良信合支行  801101000927634235
    [GHF_NSRSBH] => 91440606586322831C
    [GHF_SJ] => 17722720002
    [GHF_DZ] => 佛山市顺德区伦教新塘村委会世龙大道12号生产大楼A18号
    [GHF_GDDH] => 
    [GHF_EMAIL] => 529714957@qq.com
    [GHFQYLX] => 01
    [GHF_YHZH] => 
    [GHF_MC] => 佛山市顺德区金磊环保科技有限公司
    [KPR] => 梁月华
    [SKR] => 梁月华
    [FHR] => 植银弟
    [KPLX] => 1
    [CZDM] => 10
    [YHZCBS] => 0
    [XMMC] => 路内智能停车服务
    [DW] => 台
    [GGXH] => 
    [SPBM] => 3040502020200000000
    [XMSL] => 1.00
    [XMDJ] => 214.00
    [HSBZ] => 1
    [KPHJJE] => 214.00
    [XMJE] => 214.00
    [SL] => 0.09
    [SE] => 17.67
    [oids] => 712997,698266,656516,630631,627220,625279,605889,584394,565401,561657,554906,553348,551351,536982,517929,500732,500236,493524,485312,485062,485054,484071,480386,468108,468098,344741,309279,269203,152816,150438,80529,66477,9244,7040
    [create_date] => 1593590233
)
Array
(
    [uniacid] => 14
    [openid] => oR-IB0tuDahXoedg7MRJhS6IRcbc
    [FPQQLSH] => OGGP2020070116351352
    [DDH] => GGP20200701163513110
    [invoice_type] => park
    [KP_NSRSBH] => 91440606MA4WX4KK55
    [KP_NSRMC] => 佛山市成柏电子科技有限公司
    [DKBZ] => 0
    [XHF_NSRSBH] => 91440606MA4WX4KK55
    [XHF_MC] => 佛山市成柏电子科技有限公司
    [XHF_DZ] => 佛山市顺德区伦教街道办事处常教社区居民委员会尚成路1号唯美嘉园6座103号铺
    [XHF_DH] => 0757-22223287
    [XHF_YHZH] => 广东顺德农村商业银行股份有限公司大良信合支行  801101000927634235
    [GHF_NSRSBH] => 91440606789431683Q
    [GHF_SJ] => 
    [GHF_DZ] => 
    [GHF_GDDH] => 
    [GHF_EMAIL] => 8232013@qq.com
    [GHFQYLX] => 01
    [GHF_YHZH] => 
    [GHF_MC] => 佛山市顺德区法福特电气有限公司
    [KPR] => 梁月华
    [SKR] => 梁月华
    [FHR] => 植银弟
    [KPLX] => 1
    [CZDM] => 10
    [YHZCBS] => 0
    [XMMC] => 路内智能停车服务
    [DW] => 台
    [GGXH] => 
    [SPBM] => 3040502020200000000
    [XMSL] => 1.00
    [XMDJ] => 2500.00
    [HSBZ] => 1
    [KPHJJE] => 2500.00
    [XMJE] => 2500.00
    [SL] => 0.09
    [SE] => 206.42
    [oids] => 727409
    [create_date] => 1593592513
)
Array
(
    [uniacid] => 14
    [openid] => oR-IB0toA7yx_jhFEgZlTgWZLtRg
    [FPQQLSH] => OGGP2020070117061535
    [DDH] => GGP20200701170615599
    [invoice_type] => park
    [KP_NSRSBH] => 91440606MA4WX4KK55
    [KP_NSRMC] => 佛山市成柏电子科技有限公司
    [DKBZ] => 0
    [XHF_NSRSBH] => 91440606MA4WX4KK55
    [XHF_MC] => 佛山市成柏电子科技有限公司
    [XHF_DZ] => 佛山市顺德区伦教街道办事处常教社区居民委员会尚成路1号唯美嘉园6座103号铺
    [XHF_DH] => 0757-22223287
    [XHF_YHZH] => 广东顺德农村商业银行股份有限公司大良信合支行  801101000927634235
    [GHF_NSRSBH] => 91442000722909216Y
    [GHF_SJ] => 
    [GHF_DZ] => 
    [GHF_GDDH] => 
    [GHF_EMAIL] => 254791702@qq.com
    [GHFQYLX] => 01
    [GHF_YHZH] => 
    [GHF_MC] => 广东诺丝科技股份有限公司
    [KPR] => 梁月华
    [SKR] => 梁月华
    [FHR] => 植银弟
    [KPLX] => 1
    [CZDM] => 10
    [YHZCBS] => 0
    [XMMC] => 路内智能停车服务
    [DW] => 台
    [GGXH] => 
    [SPBM] => 3040502020200000000
    [XMSL] => 1.00
    [XMDJ] => 7.50
    [HSBZ] => 1
    [KPHJJE] => 7.50
    [XMJE] => 7.50
    [SL] => 0.09
    [SE] => 0.62
    [oids] => 727391
    [create_date] => 1593594375
)
Array
(
    [uniacid] => 14
    [openid] => oR-IB0vXm2bqksJ8LDrUt4FdN2zw
    [FPQQLSH] => OGGP2020070123411811
    [DDH] => GGP20200701234118409
    [invoice_type] => park
    [KP_NSRSBH] => 91440606MA4WX4KK55
    [KP_NSRMC] => 佛山市成柏电子科技有限公司
    [DKBZ] => 0
    [XHF_NSRSBH] => 91440606MA4WX4KK55
    [XHF_MC] => 佛山市成柏电子科技有限公司
    [XHF_DZ] => 佛山市顺德区伦教街道办事处常教社区居民委员会尚成路1号唯美嘉园6座103号铺
    [XHF_DH] => 0757-22223287
    [XHF_YHZH] => 广东顺德农村商业银行股份有限公司大良信合支行  801101000927634235
    [GHF_NSRSBH] => 31440000MD01845485
    [GHF_SJ] => 
    [GHF_DZ] => 
    [GHF_GDDH] => 
    [GHF_EMAIL] => 407254394@qq.com
    [GHFQYLX] => 01
    [GHF_YHZH] => 
    [GHF_MC] => 广东利合律师事务所
    [KPR] => 梁月华
    [SKR] => 梁月华
    [FHR] => 植银弟
    [KPLX] => 1
    [CZDM] => 10
    [YHZCBS] => 0
    [XMMC] => 路内智能停车服务
    [DW] => 台
    [GGXH] => 
    [SPBM] => 3040502020200000000
    [XMSL] => 1.00
    [XMDJ] => 32.50
    [HSBZ] => 1
    [KPHJJE] => 32.50
    [XMJE] => 32.50
    [SL] => 0.09
    [SE] => 2.68
    [oids] => 660477,568561,510712,452055
    [create_date] => 1593618078
)
Array
(
    [uniacid] => 14
    [openid] => oR-IB0oxTNor6M5Kf_4PFHsnvAUQ
    [FPQQLSH] => OGGP2020070211034469
    [DDH] => GGP2020070211034454
    [invoice_type] => park
    [KP_NSRSBH] => 91440606MA4WX4KK55
    [KP_NSRMC] => 佛山市成柏电子科技有限公司
    [DKBZ] => 0
    [XHF_NSRSBH] => 91440606MA4WX4KK55
    [XHF_MC] => 佛山市成柏电子科技有限公司
    [XHF_DZ] => 佛山市顺德区伦教街道办事处常教社区居民委员会尚成路1号唯美嘉园6座103号铺
    [XHF_DH] => 0757-22223287
    [XHF_YHZH] => 广东顺德农村商业银行股份有限公司大良信合支行  801101000927634235
    [GHF_NSRSBH] => 914406060621725882
    [GHF_SJ] => 
    [GHF_DZ] => 
    [GHF_GDDH] => 
    [GHF_EMAIL] => 2763135811@qq.com
    [GHFQYLX] => 01
    [GHF_YHZH] => 
    [GHF_MC] => 佛山镒洲精细化工有限公司
    [KPR] => 梁月华
    [SKR] => 梁月华
    [FHR] => 植银弟
    [KPLX] => 1
    [CZDM] => 10
    [YHZCBS] => 0
    [XMMC] => 路内智能停车服务
    [DW] => 台
    [GGXH] => 
    [SPBM] => 3040502020200000000
    [XMSL] => 1.00
    [XMDJ] => 21.25
    [HSBZ] => 1
    [KPHJJE] => 21.25
    [XMJE] => 21.25
    [SL] => 0.09
    [SE] => 1.75
    [oids] => 724633,707038,700455,31474
    [create_date] => 1593659024
)
Array
(
    [uniacid] => 14
    [openid] => oR-IB0l8wz5uBEQteyJrc6gFjO0Y
    [FPQQLSH] => OGGP2020070215540887
    [DDH] => GGP20200702155408732
    [invoice_type] => park
    [KP_NSRSBH] => 91440606MA4WX4KK55
    [KP_NSRMC] => 佛山市成柏电子科技有限公司
    [DKBZ] => 0
    [XHF_NSRSBH] => 91440606MA4WX4KK55
    [XHF_MC] => 佛山市成柏电子科技有限公司
    [XHF_DZ] => 佛山市顺德区伦教街道办事处常教社区居民委员会尚成路1号唯美嘉园6座103号铺
    [XHF_DH] => 0757-22223287
    [XHF_YHZH] => 广东顺德农村商业银行股份有限公司大良信合支行  801101000927634235
    [GHF_NSRSBH] => 
    [GHF_SJ] => 13927209378
    [GHF_DZ] => 
    [GHF_GDDH] => 
    [GHF_EMAIL] => 657495457@qq.com
    [GHFQYLX] => 03
    [GHF_YHZH] => 
    [GHF_MC] => 个人(黄礼东)
    [KPR] => 梁月华
    [SKR] => 梁月华
    [FHR] => 植银弟
    [KPLX] => 1
    [CZDM] => 10
    [YHZCBS] => 0
    [XMMC] => 路内智能停车服务
    [DW] => 台
    [GGXH] => 
    [SPBM] => 3040502020200000000
    [XMSL] => 1.00
    [XMDJ] => 1.00
    [HSBZ] => 1
    [KPHJJE] => 1.00
    [XMJE] => 1.00
    [SL] => 0.09
    [SE] => 0.08
    [oids] => 4639
    [create_date] => 1593676448
)
Array
(
    [uniacid] => 14
    [openid] => oR-IB0l8wz5uBEQteyJrc6gFjO0Y
    [FPQQLSH] => OGGP2020070215543818
    [DDH] => GGP20200702155438893
    [invoice_type] => park
    [KP_NSRSBH] => 91440606MA4WX4KK55
    [KP_NSRMC] => 佛山市成柏电子科技有限公司
    [DKBZ] => 0
    [XHF_NSRSBH] => 91440606MA4WX4KK55
    [XHF_MC] => 佛山市成柏电子科技有限公司
    [XHF_DZ] => 佛山市顺德区伦教街道办事处常教社区居民委员会尚成路1号唯美嘉园6座103号铺
    [XHF_DH] => 0757-22223287
    [XHF_YHZH] => 广东顺德农村商业银行股份有限公司大良信合支行  801101000927634235
    [GHF_NSRSBH] => 
    [GHF_SJ] => 13927209378
    [GHF_DZ] => 
    [GHF_GDDH] => 
    [GHF_EMAIL] => 657495457@qq.com
    [GHFQYLX] => 03
    [GHF_YHZH] => 
    [GHF_MC] => 个人(黄礼东)
    [KPR] => 梁月华
    [SKR] => 梁月华
    [FHR] => 植银弟
    [KPLX] => 1
    [CZDM] => 10
    [YHZCBS] => 0
    [XMMC] => 路内智能停车服务
    [DW] => 台
    [GGXH] => 
    [SPBM] => 3040502020200000000
    [XMSL] => 1.00
    [XMDJ] => 26.01
    [HSBZ] => 1
    [KPHJJE] => 26.01
    [XMJE] => 26.01
    [SL] => 0.09
    [SE] => 2.15
    [oids] => 322714,319865,266604,106094
    [create_date] => 1593676478
)
Array
(
    [uniacid] => 14
    [openid] => oR-IB0l8wz5uBEQteyJrc6gFjO0Y
    [FPQQLSH] => OGGP202007021554503
    [DDH] => GGP20200702155450487
    [invoice_type] => park
    [KP_NSRSBH] => 91440606MA4WX4KK55
    [KP_NSRMC] => 佛山市成柏电子科技有限公司
    [DKBZ] => 0
    [XHF_NSRSBH] => 91440606MA4WX4KK55
    [XHF_MC] => 佛山市成柏电子科技有限公司
    [XHF_DZ] => 佛山市顺德区伦教街道办事处常教社区居民委员会尚成路1号唯美嘉园6座103号铺
    [XHF_DH] => 0757-22223287
    [XHF_YHZH] => 广东顺德农村商业银行股份有限公司大良信合支行  801101000927634235
    [GHF_NSRSBH] => 
    [GHF_SJ] => 13927209378
    [GHF_DZ] => 
    [GHF_GDDH] => 
    [GHF_EMAIL] => 657495457@qq.com
    [GHFQYLX] => 03
    [GHF_YHZH] => 
    [GHF_MC] => 个人(黄礼东)
    [KPR] => 梁月华
    [SKR] => 梁月华
    [FHR] => 植银弟
    [KPLX] => 1
    [CZDM] => 10
    [YHZCBS] => 0
    [XMMC] => 路内智能停车服务
    [DW] => 台
    [GGXH] => 
    [SPBM] => 3040502020200000000
    [XMSL] => 1.00
    [XMDJ] => 0.13
    [HSBZ] => 1
    [KPHJJE] => 0.13
    [XMJE] => 0.13
    [SL] => 0.09
    [SE] => 0.01
    [oids] => 350474,336261,332723,324808
    [create_date] => 1593676490
)
Array
(
    [uniacid] => 14
    [openid] => oR-IB0l8wz5uBEQteyJrc6gFjO0Y
    [FPQQLSH] => OGGP2020070215551446
    [DDH] => GGP20200702155514979
    [invoice_type] => park
    [KP_NSRSBH] => 91440606MA4WX4KK55
    [KP_NSRMC] => 佛山市成柏电子科技有限公司
    [DKBZ] => 0
    [XHF_NSRSBH] => 91440606MA4WX4KK55
    [XHF_MC] => 佛山市成柏电子科技有限公司
    [XHF_DZ] => 佛山市顺德区伦教街道办事处常教社区居民委员会尚成路1号唯美嘉园6座103号铺
    [XHF_DH] => 0757-22223287
    [XHF_YHZH] => 广东顺德农村商业银行股份有限公司大良信合支行  801101000927634235
    [GHF_NSRSBH] => 
    [GHF_SJ] => 13927209378
    [GHF_DZ] => 
    [GHF_GDDH] => 
    [GHF_EMAIL] => 657495457@qq.com
    [GHFQYLX] => 03
    [GHF_YHZH] => 
    [GHF_MC] => 个人(黄礼东)
    [KPR] => 梁月华
    [SKR] => 梁月华
    [FHR] => 植银弟
    [KPLX] => 1
    [CZDM] => 10
    [YHZCBS] => 0
    [XMMC] => 路内智能停车服务
    [DW] => 台
    [GGXH] => 
    [SPBM] => 3040502020200000000
    [XMSL] => 1.00
    [XMDJ] => 0.04
    [HSBZ] => 1
    [KPHJJE] => 0.04
    [XMJE] => 0.04
    [SL] => 0.09
    [SE] => 0.00
    [oids] => 408889,395771,394947,362625
    [create_date] => 1593676514
)
Array
(
    [uniacid] => 14
    [openid] => oR-IB0l8wz5uBEQteyJrc6gFjO0Y
    [FPQQLSH] => OGGP2020070215552922
    [DDH] => GGP20200702155529309
    [invoice_type] => park
    [KP_NSRSBH] => 91440606MA4WX4KK55
    [KP_NSRMC] => 佛山市成柏电子科技有限公司
    [DKBZ] => 0
    [XHF_NSRSBH] => 91440606MA4WX4KK55
    [XHF_MC] => 佛山市成柏电子科技有限公司
    [XHF_DZ] => 佛山市顺德区伦教街道办事处常教社区居民委员会尚成路1号唯美嘉园6座103号铺
    [XHF_DH] => 0757-22223287
    [XHF_YHZH] => 广东顺德农村商业银行股份有限公司大良信合支行  801101000927634235
    [GHF_NSRSBH] => 
    [GHF_SJ] => 13927209378
    [GHF_DZ] => 
    [GHF_GDDH] => 
    [GHF_EMAIL] => 657495457@qq.com
    [GHFQYLX] => 03
    [GHF_YHZH] => 
    [GHF_MC] => 个人(黄礼东)
    [KPR] => 梁月华
    [SKR] => 梁月华
    [FHR] => 植银弟
    [KPLX] => 1
    [CZDM] => 10
    [YHZCBS] => 0
    [XMMC] => 路内智能停车服务
    [DW] => 台
    [GGXH] => 
    [SPBM] => 3040502020200000000
    [XMSL] => 1.00
    [XMDJ] => 0.11
    [HSBZ] => 1
    [KPHJJE] => 0.11
    [XMJE] => 0.11
    [SL] => 0.09
    [SE] => 0.01
    [oids] => 483263,411431
    [create_date] => 1593676529
)
Array
(
    [uniacid] => 14
    [openid] => oR-IB0l8wz5uBEQteyJrc6gFjO0Y
    [FPQQLSH] => OGGP2020070216171919
    [DDH] => GGP20200702161719238
    [invoice_type] => park
    [KP_NSRSBH] => 91440606MA4WX4KK55
    [KP_NSRMC] => 佛山市成柏电子科技有限公司
    [DKBZ] => 0
    [XHF_NSRSBH] => 91440606MA4WX4KK55
    [XHF_MC] => 佛山市成柏电子科技有限公司
    [XHF_DZ] => 佛山市顺德区伦教街道办事处常教社区居民委员会尚成路1号唯美嘉园6座103号铺
    [XHF_DH] => 0757-22223287
    [XHF_YHZH] => 广东顺德农村商业银行股份有限公司大良信合支行  801101000927634235
    [GHF_NSRSBH] => 
    [GHF_SJ] => 13927209378
    [GHF_DZ] => 
    [GHF_GDDH] => 
    [GHF_EMAIL] => 657495457@qq.com
    [GHFQYLX] => 03
    [GHF_YHZH] => 
    [GHF_MC] => 个人(黄礼东)
    [KPR] => 梁月华
    [SKR] => 梁月华
    [FHR] => 植银弟
    [KPLX] => 1
    [CZDM] => 10
    [YHZCBS] => 0
    [XMMC] => 路内智能停车服务
    [DW] => 台
    [GGXH] => 
    [SPBM] => 3040502020200000000
    [XMSL] => 1.00
    [XMDJ] => 10.00
    [HSBZ] => 1
    [KPHJJE] => 10.00
    [XMJE] => 10.00
    [SL] => 0.09
    [SE] => 0.83
    [oids] => 695963,695960
    [create_date] => 1593677839
)
Array
(
    [uniacid] => 14
    [openid] => oR-IB0l8wz5uBEQteyJrc6gFjO0Y
    [FPQQLSH] => OGGP2020070216173413
    [DDH] => GGP20200702161734565
    [invoice_type] => park
    [KP_NSRSBH] => 91440606MA4WX4KK55
    [KP_NSRMC] => 佛山市成柏电子科技有限公司
    [DKBZ] => 0
    [XHF_NSRSBH] => 91440606MA4WX4KK55
    [XHF_MC] => 佛山市成柏电子科技有限公司
    [XHF_DZ] => 佛山市顺德区伦教街道办事处常教社区居民委员会尚成路1号唯美嘉园6座103号铺
    [XHF_DH] => 0757-22223287
    [XHF_YHZH] => 广东顺德农村商业银行股份有限公司大良信合支行  801101000927634235
    [GHF_NSRSBH] => 
    [GHF_SJ] => 13927209378
    [GHF_DZ] => 
    [GHF_GDDH] => 
    [GHF_EMAIL] => 657495457@qq.com
    [GHFQYLX] => 03
    [GHF_YHZH] => 
    [GHF_MC] => 个人(黄礼东)
    [KPR] => 梁月华
    [SKR] => 梁月华
    [FHR] => 植银弟
    [KPLX] => 1
    [CZDM] => 10
    [YHZCBS] => 0
    [XMMC] => 路内智能停车服务
    [DW] => 台
    [GGXH] => 
    [SPBM] => 3040502020200000000
    [XMSL] => 1.00
    [XMDJ] => 7.50
    [HSBZ] => 1
    [KPHJJE] => 7.50
    [XMJE] => 7.50
    [SL] => 0.09
    [SE] => 0.62
    [oids] => 679378
    [create_date] => 1593677854
)
Array
(
    [uniacid] => 14
    [openid] => oR-IB0l8wz5uBEQteyJrc6gFjO0Y
    [FPQQLSH] => OGGP2020070216174661
    [DDH] => GGP20200702161746185
    [invoice_type] => park
    [KP_NSRSBH] => 91440606MA4WX4KK55
    [KP_NSRMC] => 佛山市成柏电子科技有限公司
    [DKBZ] => 0
    [XHF_NSRSBH] => 91440606MA4WX4KK55
    [XHF_MC] => 佛山市成柏电子科技有限公司
    [XHF_DZ] => 佛山市顺德区伦教街道办事处常教社区居民委员会尚成路1号唯美嘉园6座103号铺
    [XHF_DH] => 0757-22223287
    [XHF_YHZH] => 广东顺德农村商业银行股份有限公司大良信合支行  801101000927634235
    [GHF_NSRSBH] => 
    [GHF_SJ] => 13927209378
    [GHF_DZ] => 
    [GHF_GDDH] => 
    [GHF_EMAIL] => 657495457@qq.com
    [GHFQYLX] => 03
    [GHF_YHZH] => 
    [GHF_MC] => 个人(黄礼东)
    [KPR] => 梁月华
    [SKR] => 梁月华
    [FHR] => 植银弟
    [KPLX] => 1
    [CZDM] => 10
    [YHZCBS] => 0
    [XMMC] => 路内智能停车服务
    [DW] => 台
    [GGXH] => 
    [SPBM] => 3040502020200000000
    [XMSL] => 1.00
    [XMDJ] => 5.00
    [HSBZ] => 1
    [KPHJJE] => 5.00
    [XMJE] => 5.00
    [SL] => 0.09
    [SE] => 0.41
    [oids] => 679295
    [create_date] => 1593677866
)
Array
(
    [uniacid] => 14
    [openid] => oR-IB0l8wz5uBEQteyJrc6gFjO0Y
    [FPQQLSH] => OGGP202007021618089
    [DDH] => GGP20200702161808138
    [invoice_type] => park
    [KP_NSRSBH] => 91440606MA4WX4KK55
    [KP_NSRMC] => 佛山市成柏电子科技有限公司
    [DKBZ] => 0
    [XHF_NSRSBH] => 91440606MA4WX4KK55
    [XHF_MC] => 佛山市成柏电子科技有限公司
    [XHF_DZ] => 佛山市顺德区伦教街道办事处常教社区居民委员会尚成路1号唯美嘉园6座103号铺
    [XHF_DH] => 0757-22223287
    [XHF_YHZH] => 广东顺德农村商业银行股份有限公司大良信合支行  801101000927634235
    [GHF_NSRSBH] => 
    [GHF_SJ] => 13927209378
    [GHF_DZ] => 
    [GHF_GDDH] => 
    [GHF_EMAIL] => 657495457@qq.com
    [GHFQYLX] => 03
    [GHF_YHZH] => 
    [GHF_MC] => 个人(黄礼东)
    [KPR] => 梁月华
    [SKR] => 梁月华
    [FHR] => 植银弟
    [KPLX] => 1
    [CZDM] => 10
    [YHZCBS] => 0
    [XMMC] => 路内智能停车服务
    [DW] => 台
    [GGXH] => 
    [SPBM] => 3040502020200000000
    [XMSL] => 1.00
    [XMDJ] => 27.50
    [HSBZ] => 1
    [KPHJJE] => 27.50
    [XMJE] => 27.50
    [SL] => 0.09
    [SE] => 2.27
    [oids] => 564477
    [create_date] => 1593677888
)
Array
(
    [uniacid] => 14
    [openid] => oR-IB0l8wz5uBEQteyJrc6gFjO0Y
    [FPQQLSH] => OGGP2020070216184531
    [DDH] => GGP20200702161845971
    [invoice_type] => park
    [KP_NSRSBH] => 91440606MA4WX4KK55
    [KP_NSRMC] => 佛山市成柏电子科技有限公司
    [DKBZ] => 0
    [XHF_NSRSBH] => 91440606MA4WX4KK55
    [XHF_MC] => 佛山市成柏电子科技有限公司
    [XHF_DZ] => 佛山市顺德区伦教街道办事处常教社区居民委员会尚成路1号唯美嘉园6座103号铺
    [XHF_DH] => 0757-22223287
    [XHF_YHZH] => 广东顺德农村商业银行股份有限公司大良信合支行  801101000927634235
    [GHF_NSRSBH] => 91440606738563643C
    [GHF_SJ] => 
    [GHF_DZ] => 
    [GHF_GDDH] => 
    [GHF_EMAIL] => 657495457@qq.com
    [GHFQYLX] => 01
    [GHF_YHZH] => 
    [GHF_MC] => 佛山市裕球进出口贸易有限公司
    [KPR] => 梁月华
    [SKR] => 梁月华
    [FHR] => 植银弟
    [KPLX] => 1
    [CZDM] => 10
    [YHZCBS] => 0
    [XMMC] => 路内智能停车服务
    [DW] => 台
    [GGXH] => 
    [SPBM] => 3040502020200000000
    [XMSL] => 1.00
    [XMDJ] => 322.50
    [HSBZ] => 1
    [KPHJJE] => 322.50
    [XMJE] => 322.50
    [SL] => 0.09
    [SE] => 26.63
    [oids] => 728478,727275,709599,705641,698935,690914,680316,670259,668024,663097,647938,617792,612653,606455,603565,594508,593686,577085,570059,561602,551015
    [create_date] => 1593677925
)
Array
(
    [uniacid] => 14
    [openid] => oR-IB0vSbCtNr9NYtBgf9SQ96h2s
    [FPQQLSH] => OGGP2020070415214276
    [DDH] => GGP20200704152142694
    [invoice_type] => park
    [KP_NSRSBH] => 91440606MA4WX4KK55
    [KP_NSRMC] => 佛山市成柏电子科技有限公司
    [DKBZ] => 0
    [XHF_NSRSBH] => 91440606MA4WX4KK55
    [XHF_MC] => 佛山市成柏电子科技有限公司
    [XHF_DZ] => 佛山市顺德区伦教街道办事处常教社区居民委员会尚成路1号唯美嘉园6座103号铺
    [XHF_DH] => 0757-22223287
    [XHF_YHZH] => 广东顺德农村商业银行股份有限公司大良信合支行  801101000927634235
    [GHF_NSRSBH] => 91440606782049158L
    [GHF_SJ] => 
    [GHF_DZ] => 
    [GHF_GDDH] => 
    [GHF_EMAIL] => 463102631@qq.com
    [GHFQYLX] => 01
    [GHF_YHZH] => 
    [GHF_MC] => 佛山市顺德区奥柏空调有限公司
    [KPR] => 梁月华
    [SKR] => 梁月华
    [FHR] => 植银弟
    [KPLX] => 1
    [CZDM] => 10
    [YHZCBS] => 0
    [XMMC] => 路内智能停车服务
    [DW] => 台
    [GGXH] => 
    [SPBM] => 3040502020200000000
    [XMSL] => 1.00
    [XMDJ] => 10.00
    [HSBZ] => 1
    [KPHJJE] => 10.00
    [XMJE] => 10.00
    [SL] => 0.09
    [SE] => 0.83
    [oids] => 730997
    [create_date] => 1593847302
)
Array
(
    [uniacid] => 14
    [openid] => oR-IB0vSbCtNr9NYtBgf9SQ96h2s
    [FPQQLSH] => OGGP202007041523514
    [DDH] => GGP20200704152351106
    [invoice_type] => park
    [KP_NSRSBH] => 91440606MA4WX4KK55
    [KP_NSRMC] => 佛山市成柏电子科技有限公司
    [DKBZ] => 0
    [XHF_NSRSBH] => 91440606MA4WX4KK55
    [XHF_MC] => 佛山市成柏电子科技有限公司
    [XHF_DZ] => 佛山市顺德区伦教街道办事处常教社区居民委员会尚成路1号唯美嘉园6座103号铺
    [XHF_DH] => 0757-22223287
    [XHF_YHZH] => 广东顺德农村商业银行股份有限公司大良信合支行  801101000927634235
    [GHF_NSRSBH] => 91440606782049158L
    [GHF_SJ] => 
    [GHF_DZ] => 
    [GHF_GDDH] => 
    [GHF_EMAIL] => 463102631@qq.com
    [GHFQYLX] => 01
    [GHF_YHZH] => 
    [GHF_MC] => 佛山市顺德区奥柏空调有限公司
    [KPR] => 梁月华
    [SKR] => 梁月华
    [FHR] => 植银弟
    [KPLX] => 1
    [CZDM] => 10
    [YHZCBS] => 0
    [XMMC] => 路内智能停车服务
    [DW] => 台
    [GGXH] => 
    [SPBM] => 3040502020200000000
    [XMSL] => 1.00
    [XMDJ] => 10.00
    [HSBZ] => 1
    [KPHJJE] => 10.00
    [XMJE] => 10.00
    [SL] => 0.09
    [SE] => 0.83
    [oids] => 509770
    [create_date] => 1593847431
)
Array
(
    [uniacid] => 14
    [openid] => oR-IB0vSbCtNr9NYtBgf9SQ96h2s
    [FPQQLSH] => OGGP2020070418061297
    [DDH] => GGP2020070418061255
    [invoice_type] => park
    [KP_NSRSBH] => 91440606MA4WX4KK55
    [KP_NSRMC] => 佛山市成柏电子科技有限公司
    [DKBZ] => 0
    [XHF_NSRSBH] => 91440606MA4WX4KK55
    [XHF_MC] => 佛山市成柏电子科技有限公司
    [XHF_DZ] => 佛山市顺德区伦教街道办事处常教社区居民委员会尚成路1号唯美嘉园6座103号铺
    [XHF_DH] => 0757-22223287
    [XHF_YHZH] => 广东顺德农村商业银行股份有限公司大良信合支行  801101000927634235
    [GHF_NSRSBH] => 91440606782049158L
    [GHF_SJ] => 
    [GHF_DZ] => 
    [GHF_GDDH] => 
    [GHF_EMAIL] => 463102631@qq.com
    [GHFQYLX] => 01
    [GHF_YHZH] => 
    [GHF_MC] => 佛山市顺德区奥柏空调有限公司
    [KPR] => 梁月华
    [SKR] => 梁月华
    [FHR] => 植银弟
    [KPLX] => 1
    [CZDM] => 10
    [YHZCBS] => 0
    [XMMC] => 路内智能停车服务
    [DW] => 台
    [GGXH] => 
    [SPBM] => 3040502020200000000
    [XMSL] => 1.00
    [XMDJ] => 12.50
    [HSBZ] => 1
    [KPHJJE] => 12.50
    [XMJE] => 12.50
    [SL] => 0.09
    [SE] => 1.03
    [oids] => 731348
    [create_date] => 1593857172
)
Array
(
    [uniacid] => 14
    [openid] => oR-IB0hj2hGFUJocXs9qEbX_JZ3k
    [FPQQLSH] => OGGP2020070506385273
    [DDH] => GGP20200705063852404
    [invoice_type] => park
    [KP_NSRSBH] => 91440606MA4WX4KK55
    [KP_NSRMC] => 佛山市成柏电子科技有限公司
    [DKBZ] => 0
    [XHF_NSRSBH] => 91440606MA4WX4KK55
    [XHF_MC] => 佛山市成柏电子科技有限公司
    [XHF_DZ] => 佛山市顺德区伦教街道办事处常教社区居民委员会尚成路1号唯美嘉园6座103号铺
    [XHF_DH] => 0757-22223287
    [XHF_YHZH] => 广东顺德农村商业银行股份有限公司大良信合支行  801101000927634235
    [GHF_NSRSBH] => 91440605303879454Y
    [GHF_SJ] => 
    [GHF_DZ] => 
    [GHF_GDDH] => 
    [GHF_EMAIL] => 190238475@qq.com
    [GHFQYLX] => 01
    [GHF_YHZH] => 
    [GHF_MC] => 佛山市溢盛达机电工程有限公司
    [KPR] => 梁月华
    [SKR] => 梁月华
    [FHR] => 植银弟
    [KPLX] => 1
    [CZDM] => 10
    [YHZCBS] => 0
    [XMMC] => 路内智能停车服务
    [DW] => 台
    [GGXH] => 
    [SPBM] => 3040502020200000000
    [XMSL] => 1.00
    [XMDJ] => 45.00
    [HSBZ] => 1
    [KPHJJE] => 45.00
    [XMJE] => 45.00
    [SL] => 0.09
    [SE] => 3.72
    [oids] => 511950,491549,291872,227286,224701,224656
    [create_date] => 1593902332
)
Array
(
    [uniacid] => 14
    [openid] => oR-IB0p-7IyInI-TQ8PK2XMP_KCw
    [FPQQLSH] => OGGP2020070516305621
    [DDH] => GGP20200705163056861
    [invoice_type] => park
    [KP_NSRSBH] => 91440606MA4WX4KK55
    [KP_NSRMC] => 佛山市成柏电子科技有限公司
    [DKBZ] => 0
    [XHF_NSRSBH] => 91440606MA4WX4KK55
    [XHF_MC] => 佛山市成柏电子科技有限公司
    [XHF_DZ] => 佛山市顺德区伦教街道办事处常教社区居民委员会尚成路1号唯美嘉园6座103号铺
    [XHF_DH] => 0757-22223287
    [XHF_YHZH] => 广东顺德农村商业银行股份有限公司大良信合支行  801101000927634235
    [GHF_NSRSBH] => 9144060606211218XX
    [GHF_SJ] => 
    [GHF_DZ] => 
    [GHF_GDDH] => 
    [GHF_EMAIL] => 30263992@qq.com
    [GHFQYLX] => 01
    [GHF_YHZH] => 
    [GHF_MC] => 佛山市顺德合宝汽车销售服务有限公司
    [KPR] => 梁月华
    [SKR] => 梁月华
    [FHR] => 植银弟
    [KPLX] => 1
    [CZDM] => 10
    [YHZCBS] => 0
    [XMMC] => 路内智能停车服务
    [DW] => 台
    [GGXH] => 
    [SPBM] => 3040502020200000000
    [XMSL] => 1.00
    [XMDJ] => 10.00
    [HSBZ] => 1
    [KPHJJE] => 10.00
    [XMJE] => 10.00
    [SL] => 0.09
    [SE] => 0.83
    [oids] => 732915
    [create_date] => 1593937856
)
Array
(
    [uniacid] => 14
    [openid] => oR-IB0p-7IyInI-TQ8PK2XMP_KCw
    [FPQQLSH] => OGGP2020070516314224
    [DDH] => GGP20200705163142436
    [invoice_type] => park
    [KP_NSRSBH] => 91440606MA4WX4KK55
    [KP_NSRMC] => 佛山市成柏电子科技有限公司
    [DKBZ] => 0
    [XHF_NSRSBH] => 91440606MA4WX4KK55
    [XHF_MC] => 佛山市成柏电子科技有限公司
    [XHF_DZ] => 佛山市顺德区伦教街道办事处常教社区居民委员会尚成路1号唯美嘉园6座103号铺
    [XHF_DH] => 0757-22223287
    [XHF_YHZH] => 广东顺德农村商业银行股份有限公司大良信合支行  801101000927634235
    [GHF_NSRSBH] => 9144060606211218XX
    [GHF_SJ] => 
    [GHF_DZ] => 
    [GHF_GDDH] => 
    [GHF_EMAIL] => 30263992@qq.com
    [GHFQYLX] => 01
    [GHF_YHZH] => 
    [GHF_MC] => 佛山市顺德合宝汽车销售服务有限公司
    [KPR] => 梁月华
    [SKR] => 梁月华
    [FHR] => 植银弟
    [KPLX] => 1
    [CZDM] => 10
    [YHZCBS] => 0
    [XMMC] => 路内智能停车服务
    [DW] => 台
    [GGXH] => 
    [SPBM] => 3040502020200000000
    [XMSL] => 1.00
    [XMDJ] => 34.50
    [HSBZ] => 1
    [KPHJJE] => 34.50
    [XMJE] => 34.50
    [SL] => 0.09
    [SE] => 2.85
    [oids] => 732498,487150,460599,372154,359078
    [create_date] => 1593937902
)
Array
(
    [uniacid] => 14
    [openid] => oR-IB0n2ha5SebRd5uqPFJmGBk7U
    [FPQQLSH] => OGGP2020070608522774
    [DDH] => GGP20200706085227926
    [invoice_type] => park
    [KP_NSRSBH] => 91440606MA4WX4KK55
    [KP_NSRMC] => 佛山市成柏电子科技有限公司
    [DKBZ] => 0
    [XHF_NSRSBH] => 91440606MA4WX4KK55
    [XHF_MC] => 佛山市成柏电子科技有限公司
    [XHF_DZ] => 佛山市顺德区伦教街道办事处常教社区居民委员会尚成路1号唯美嘉园6座103号铺
    [XHF_DH] => 0757-22223287
    [XHF_YHZH] => 广东顺德农村商业银行股份有限公司大良信合支行  801101000927634235
    [GHF_NSRSBH] => 91440606MA4W1X5A2Y
    [GHF_SJ] => 
    [GHF_DZ] => 
    [GHF_GDDH] => 
    [GHF_EMAIL] => 460068761@qq.com
    [GHFQYLX] => 01
    [GHF_YHZH] => 
    [GHF_MC] => 佛山市昊誉自动化设备有限公司
    [KPR] => 梁月华
    [SKR] => 梁月华
    [FHR] => 植银弟
    [KPLX] => 1
    [CZDM] => 10
    [YHZCBS] => 0
    [XMMC] => 路内智能停车服务
    [DW] => 台
    [GGXH] => 
    [SPBM] => 3040502020200000000
    [XMSL] => 1.00
    [XMDJ] => 10.00
    [HSBZ] => 1
    [KPHJJE] => 10.00
    [XMJE] => 10.00
    [SL] => 0.09
    [SE] => 0.83
    [oids] => 732455
    [create_date] => 1593996747
)
Array
(
    [uniacid] => 14
    [openid] => oR-IB0qE1rOWWVGiGvGSOTt_v7FE
    [FPQQLSH] => OGGP202007061525568
    [DDH] => GGP20200706152556796
    [invoice_type] => park
    [KP_NSRSBH] => 91440606MA4WX4KK55
    [KP_NSRMC] => 佛山市成柏电子科技有限公司
    [DKBZ] => 0
    [XHF_NSRSBH] => 91440606MA4WX4KK55
    [XHF_MC] => 佛山市成柏电子科技有限公司
    [XHF_DZ] => 佛山市顺德区伦教街道办事处常教社区居民委员会尚成路1号唯美嘉园6座103号铺
    [XHF_DH] => 0757-22223287
    [XHF_YHZH] => 广东顺德农村商业银行股份有限公司大良信合支行  801101000927634235
    [GHF_NSRSBH] => 914400006805631487
    [GHF_SJ] => 
    [GHF_DZ] => 
    [GHF_GDDH] => 
    [GHF_EMAIL] => 99025214@qq.com
    [GHFQYLX] => 01
    [GHF_YHZH] => 
    [GHF_MC] => 液化空气（广东）贸易有限公司
    [KPR] => 梁月华
    [SKR] => 梁月华
    [FHR] => 植银弟
    [KPLX] => 1
    [CZDM] => 10
    [YHZCBS] => 0
    [XMMC] => 路内智能停车服务
    [DW] => 台
    [GGXH] => 
    [SPBM] => 3040502020200000000
    [XMSL] => 1.00
    [XMDJ] => 130.00
    [HSBZ] => 1
    [KPHJJE] => 130.00
    [XMJE] => 130.00
    [SL] => 0.09
    [SE] => 10.73
    [oids] => 638707
    [create_date] => 1594020356
)
Array
(
    [uniacid] => 14
    [openid] => oR-IB0jCi5tz0r3TDc-YOE2eyY6c
    [FPQQLSH] => OGGP202007070916283
    [DDH] => GGP20200707091628521
    [invoice_type] => park
    [KP_NSRSBH] => 91440606MA4WX4KK55
    [KP_NSRMC] => 佛山市成柏电子科技有限公司
    [DKBZ] => 0
    [XHF_NSRSBH] => 91440606MA4WX4KK55
    [XHF_MC] => 佛山市成柏电子科技有限公司
    [XHF_DZ] => 佛山市顺德区伦教街道办事处常教社区居民委员会尚成路1号唯美嘉园6座103号铺
    [XHF_DH] => 0757-22223287
    [XHF_YHZH] => 广东顺德农村商业银行股份有限公司大良信合支行  801101000927634235
    [GHF_NSRSBH] => 91440606096806622N
    [GHF_SJ] => 18169807522
    [GHF_DZ] => 
    [GHF_GDDH] => 
    [GHF_EMAIL] => 124296061@qq.com
    [GHFQYLX] => 01
    [GHF_YHZH] => 
    [GHF_MC] => 广东磨克科技有限公司
    [KPR] => 梁月华
    [SKR] => 梁月华
    [FHR] => 植银弟
    [KPLX] => 1
    [CZDM] => 10
    [YHZCBS] => 0
    [XMMC] => 路内智能停车服务
    [DW] => 台
    [GGXH] => 
    [SPBM] => 3040502020200000000
    [XMSL] => 1.00
    [XMDJ] => 45.00
    [HSBZ] => 1
    [KPHJJE] => 45.00
    [XMJE] => 45.00
    [SL] => 0.09
    [SE] => 3.72
    [oids] => 733897,703350,670087,629073,555849,541791
    [create_date] => 1594084588
)
Array
(
    [uniacid] => 14
    [openid] => oR-IB0kYICzkmKHwucH1-bjIeC04
    [FPQQLSH] => OGGP2020070717051128
    [DDH] => GGP20200707170511425
    [invoice_type] => park
    [KP_NSRSBH] => 91440606MA4WX4KK55
    [KP_NSRMC] => 佛山市成柏电子科技有限公司
    [DKBZ] => 0
    [XHF_NSRSBH] => 91440606MA4WX4KK55
    [XHF_MC] => 佛山市成柏电子科技有限公司
    [XHF_DZ] => 佛山市顺德区伦教街道办事处常教社区居民委员会尚成路1号唯美嘉园6座103号铺
    [XHF_DH] => 0757-22223287
    [XHF_YHZH] => 广东顺德农村商业银行股份有限公司大良信合支行  801101000927634235
    [GHF_NSRSBH] => 91440606752892339K
    [GHF_SJ] => 
    [GHF_DZ] => 
    [GHF_GDDH] => 
    [GHF_EMAIL] => sdwzhf@163.com
    [GHFQYLX] => 01
    [GHF_YHZH] => 
    [GHF_MC] => 佛山市顺客隆商业有限公司
    [KPR] => 梁月华
    [SKR] => 梁月华
    [FHR] => 植银弟
    [KPLX] => 1
    [CZDM] => 10
    [YHZCBS] => 0
    [XMMC] => 路内智能停车服务
    [DW] => 台
    [GGXH] => 
    [SPBM] => 3040502020200000000
    [XMSL] => 1.00
    [XMDJ] => 10.00
    [HSBZ] => 1
    [KPHJJE] => 10.00
    [XMJE] => 10.00
    [SL] => 0.09
    [SE] => 0.83
    [oids] => 735712
    [create_date] => 1594112711
)
Array
(
    [uniacid] => 14
    [openid] => oR-IB0qBr-CdYyTQu-ygj0cnZn50
    [FPQQLSH] => OGGP2020070811380048
    [DDH] => GGP20200708113800855
    [invoice_type] => park
    [KP_NSRSBH] => 91440606MA4WX4KK55
    [KP_NSRMC] => 佛山市成柏电子科技有限公司
    [DKBZ] => 0
    [XHF_NSRSBH] => 91440606MA4WX4KK55
    [XHF_MC] => 佛山市成柏电子科技有限公司
    [XHF_DZ] => 佛山市顺德区伦教街道办事处常教社区居民委员会尚成路1号唯美嘉园6座103号铺
    [XHF_DH] => 0757-22223287
    [XHF_YHZH] => 广东顺德农村商业银行股份有限公司大良信合支行  801101000927634235
    [GHF_NSRSBH] => 91445321708086268E
    [GHF_SJ] => 
    [GHF_DZ] => 
    [GHF_GDDH] => 
    [GHF_EMAIL] => 13923238668@139.com
    [GHFQYLX] => 01
    [GHF_YHZH] => 
    [GHF_MC] => 新兴同仁药业有限公司
    [KPR] => 梁月华
    [SKR] => 梁月华
    [FHR] => 植银弟
    [KPLX] => 1
    [CZDM] => 10
    [YHZCBS] => 0
    [XMMC] => 路内智能停车服务
    [DW] => 台
    [GGXH] => 
    [SPBM] => 3040502020200000000
    [XMSL] => 1.00
    [XMDJ] => 7.50
    [HSBZ] => 1
    [KPHJJE] => 7.50
    [XMJE] => 7.50
    [SL] => 0.09
    [SE] => 0.62
    [oids] => 735595
    [create_date] => 1594179480
)
Array
(
    [uniacid] => 14
    [openid] => oR-IB0jMRdn1hK3yH63ERv835TH8
    [FPQQLSH] => OGGP2020070811380836
    [DDH] => GGP20200708113808787
    [invoice_type] => park
    [KP_NSRSBH] => 91440606MA4WX4KK55
    [KP_NSRMC] => 佛山市成柏电子科技有限公司
    [DKBZ] => 0
    [XHF_NSRSBH] => 91440606MA4WX4KK55
    [XHF_MC] => 佛山市成柏电子科技有限公司
    [XHF_DZ] => 佛山市顺德区伦教街道办事处常教社区居民委员会尚成路1号唯美嘉园6座103号铺
    [XHF_DH] => 0757-22223287
    [XHF_YHZH] => 广东顺德农村商业银行股份有限公司大良信合支行  801101000927634235
    [GHF_NSRSBH] => 91440606724378439E
    [GHF_SJ] => 
    [GHF_DZ] => 佛山市顺德区大良红岗路红庙用地
    [GHF_GDDH] => 
    [GHF_EMAIL] => 737277846@qq.com
    [GHFQYLX] => 01
    [GHF_YHZH] => 
    [GHF_MC] => 广东汇盈电力工程有限公司
    [KPR] => 梁月华
    [SKR] => 梁月华
    [FHR] => 植银弟
    [KPLX] => 1
    [CZDM] => 10
    [YHZCBS] => 0
    [XMMC] => 路内智能停车服务
    [DW] => 台
    [GGXH] => 
    [SPBM] => 3040502020200000000
    [XMSL] => 1.00
    [XMDJ] => 10.00
    [HSBZ] => 1
    [KPHJJE] => 10.00
    [XMJE] => 10.00
    [SL] => 0.09
    [SE] => 0.83
    [oids] => 736657
    [create_date] => 1594179488
)
Array
(
    [uniacid] => 14
    [openid] => oR-IB0rT_sJQAMFBbH55s20D7kME
    [FPQQLSH] => OGGP2020070815282145
    [DDH] => GGP20200708152821224
    [invoice_type] => park
    [KP_NSRSBH] => 91440606MA4WX4KK55
    [KP_NSRMC] => 佛山市成柏电子科技有限公司
    [DKBZ] => 0
    [XHF_NSRSBH] => 91440606MA4WX4KK55
    [XHF_MC] => 佛山市成柏电子科技有限公司
    [XHF_DZ] => 佛山市顺德区伦教街道办事处常教社区居民委员会尚成路1号唯美嘉园6座103号铺
    [XHF_DH] => 0757-22223287
    [XHF_YHZH] => 广东顺德农村商业银行股份有限公司大良信合支行  801101000927634235
    [GHF_NSRSBH] => 91440606MA5403YM43
    [GHF_SJ] => 
    [GHF_DZ] => 
    [GHF_GDDH] => 
    [GHF_EMAIL] => 1282978736@qq.com
    [GHFQYLX] => 01
    [GHF_YHZH] => 
    [GHF_MC] => 佛山市顺德区尊程汽车运输有限公司
    [KPR] => 梁月华
    [SKR] => 梁月华
    [FHR] => 植银弟
    [KPLX] => 1
    [CZDM] => 10
    [YHZCBS] => 0
    [XMMC] => 路内智能停车服务
    [DW] => 台
    [GGXH] => 
    [SPBM] => 3040502020200000000
    [XMSL] => 1.00
    [XMDJ] => 10.00
    [HSBZ] => 1
    [KPHJJE] => 10.00
    [XMJE] => 10.00
    [SL] => 0.09
    [SE] => 0.83
    [oids] => 736863
    [create_date] => 1594193301
)
Array
(
    [uniacid] => 14
    [openid] => oR-IB0tDWHXoBqFjGS53SFW_Y8X0
    [FPQQLSH] => OGGP202007091835365
    [DDH] => GGP2020070918353640
    [invoice_type] => park
    [KP_NSRSBH] => 91440606MA4WX4KK55
    [KP_NSRMC] => 佛山市成柏电子科技有限公司
    [DKBZ] => 0
    [XHF_NSRSBH] => 91440606MA4WX4KK55
    [XHF_MC] => 佛山市成柏电子科技有限公司
    [XHF_DZ] => 佛山市顺德区伦教街道办事处常教社区居民委员会尚成路1号唯美嘉园6座103号铺
    [XHF_DH] => 0757-22223287
    [XHF_YHZH] => 广东顺德农村商业银行股份有限公司大良信合支行  801101000927634235
    [GHF_NSRSBH] => 914400001903718642
    [GHF_SJ] => 13751757297
    [GHF_DZ] => 广州市东风东路726号16楼
    [GHF_GDDH] => 
    [GHF_EMAIL] => liuzhifeng@ebidding.
    [GHFQYLX] => 01
    [GHF_YHZH] => 
    [GHF_MC] => 国义招标股份有限公司
    [KPR] => 梁月华
    [SKR] => 梁月华
    [FHR] => 植银弟
    [KPLX] => 1
    [CZDM] => 10
    [YHZCBS] => 0
    [XMMC] => 路内智能停车服务
    [DW] => 台
    [GGXH] => 
    [SPBM] => 3040502020200000000
    [XMSL] => 1.00
    [XMDJ] => 25.00
    [HSBZ] => 1
    [KPHJJE] => 25.00
    [XMJE] => 25.00
    [SL] => 0.09
    [SE] => 2.06
    [oids] => 737900
    [create_date] => 1594290936
)
Array
(
    [uniacid] => 14
    [openid] => oR-IB0tws6P21q5Uq1ijwW4wF24w
    [FPQQLSH] => OGGP2020071114421435
    [DDH] => GGP20200711144214542
    [invoice_type] => park
    [KP_NSRSBH] => 91440606MA4WX4KK55
    [KP_NSRMC] => 佛山市成柏电子科技有限公司
    [DKBZ] => 0
    [XHF_NSRSBH] => 91440606MA4WX4KK55
    [XHF_MC] => 佛山市成柏电子科技有限公司
    [XHF_DZ] => 佛山市顺德区伦教街道办事处常教社区居民委员会尚成路1号唯美嘉园6座103号铺
    [XHF_DH] => 0757-22223287
    [XHF_YHZH] => 广东顺德农村商业银行股份有限公司大良信合支行  801101000927634235
    [GHF_NSRSBH] => 91440606774018191Y
    [GHF_SJ] => 
    [GHF_DZ] => 
    [GHF_GDDH] => 
    [GHF_EMAIL] => 94167214@qq.com
    [GHFQYLX] => 01
    [GHF_YHZH] => 
    [GHF_MC] => 佛山市顺德区博大生物科技有限公司
    [KPR] => 梁月华
    [SKR] => 梁月华
    [FHR] => 植银弟
    [KPLX] => 1
    [CZDM] => 10
    [YHZCBS] => 0
    [XMMC] => 路内智能停车服务
    [DW] => 台
    [GGXH] => 
    [SPBM] => 3040502020200000000
    [XMSL] => 1.00
    [XMDJ] => 290.00
    [HSBZ] => 1
    [KPHJJE] => 290.00
    [XMJE] => 290.00
    [SL] => 0.09
    [SE] => 23.94
    [oids] => 740785,634731,618831,612436,587508
    [create_date] => 1594449734
)
Array
(
    [uniacid] => 14
    [openid] => oR-IB0vXEoTHVZwtYclO4MSQXbdA
    [FPQQLSH] => OGGP2020071217254529
    [DDH] => GGP20200712172545443
    [invoice_type] => park
    [KP_NSRSBH] => 91440606MA4WX4KK55
    [KP_NSRMC] => 佛山市成柏电子科技有限公司
    [DKBZ] => 0
    [XHF_NSRSBH] => 91440606MA4WX4KK55
    [XHF_MC] => 佛山市成柏电子科技有限公司
    [XHF_DZ] => 佛山市顺德区伦教街道办事处常教社区居民委员会尚成路1号唯美嘉园6座103号铺
    [XHF_DH] => 0757-22223287
    [XHF_YHZH] => 广东顺德农村商业银行股份有限公司大良信合支行  801101000927634235
    [GHF_NSRSBH] => 91440606MA54G1448P
    [GHF_SJ] => 
    [GHF_DZ] => 
    [GHF_GDDH] => 
    [GHF_EMAIL] => 954311114@qq.com
    [GHFQYLX] => 01
    [GHF_YHZH] => 
    [GHF_MC] => 佛山市房家天下房地产信息服务有限公司
    [KPR] => 梁月华
    [SKR] => 梁月华
    [FHR] => 植银弟
    [KPLX] => 1
    [CZDM] => 10
    [YHZCBS] => 0
    [XMMC] => 路内智能停车服务
    [DW] => 台
    [GGXH] => 
    [SPBM] => 3040502020200000000
    [XMSL] => 1.00
    [XMDJ] => 29.00
    [HSBZ] => 1
    [KPHJJE] => 29.00
    [XMJE] => 29.00
    [SL] => 0.09
    [SE] => 2.39
    [oids] => 742518,741297,737534,734617
    [create_date] => 1594545945
)
Array
(
    [uniacid] => 14
    [openid] => oR-IB0vXEoTHVZwtYclO4MSQXbdA
    [FPQQLSH] => OGGP2020071217255575
    [DDH] => GGP20200712172555129
    [invoice_type] => park
    [KP_NSRSBH] => 91440606MA4WX4KK55
    [KP_NSRMC] => 佛山市成柏电子科技有限公司
    [DKBZ] => 0
    [XHF_NSRSBH] => 91440606MA4WX4KK55
    [XHF_MC] => 佛山市成柏电子科技有限公司
    [XHF_DZ] => 佛山市顺德区伦教街道办事处常教社区居民委员会尚成路1号唯美嘉园6座103号铺
    [XHF_DH] => 0757-22223287
    [XHF_YHZH] => 广东顺德农村商业银行股份有限公司大良信合支行  801101000927634235
    [GHF_NSRSBH] => 91440606MA54G1448P
    [GHF_SJ] => 
    [GHF_DZ] => 
    [GHF_GDDH] => 
    [GHF_EMAIL] => 954311114@qq.com
    [GHFQYLX] => 01
    [GHF_YHZH] => 
    [GHF_MC] => 佛山市房家天下房地产信息服务有限公司
    [KPR] => 梁月华
    [SKR] => 梁月华
    [FHR] => 植银弟
    [KPLX] => 1
    [CZDM] => 10
    [YHZCBS] => 0
    [XMMC] => 路内智能停车服务
    [DW] => 台
    [GGXH] => 
    [SPBM] => 3040502020200000000
    [XMSL] => 1.00
    [XMDJ] => 25.50
    [HSBZ] => 1
    [KPHJJE] => 25.50
    [XMJE] => 25.50
    [SL] => 0.09
    [SE] => 2.11
    [oids] => 729602,728862,723960,718481
    [create_date] => 1594545955
)
Array
(
    [uniacid] => 14
    [openid] => oR-IB0vXEoTHVZwtYclO4MSQXbdA
    [FPQQLSH] => OGGP2020071217260182
    [DDH] => GGP20200712172601629
    [invoice_type] => park
    [KP_NSRSBH] => 91440606MA4WX4KK55
    [KP_NSRMC] => 佛山市成柏电子科技有限公司
    [DKBZ] => 0
    [XHF_NSRSBH] => 91440606MA4WX4KK55
    [XHF_MC] => 佛山市成柏电子科技有限公司
    [XHF_DZ] => 佛山市顺德区伦教街道办事处常教社区居民委员会尚成路1号唯美嘉园6座103号铺
    [XHF_DH] => 0757-22223287
    [XHF_YHZH] => 广东顺德农村商业银行股份有限公司大良信合支行  801101000927634235
    [GHF_NSRSBH] => 91440606MA54G1448P
    [GHF_SJ] => 
    [GHF_DZ] => 
    [GHF_GDDH] => 
    [GHF_EMAIL] => 954311114@qq.com
    [GHFQYLX] => 01
    [GHF_YHZH] => 
    [GHF_MC] => 佛山市房家天下房地产信息服务有限公司
    [KPR] => 梁月华
    [SKR] => 梁月华
    [FHR] => 植银弟
    [KPLX] => 1
    [CZDM] => 10
    [YHZCBS] => 0
    [XMMC] => 路内智能停车服务
    [DW] => 台
    [GGXH] => 
    [SPBM] => 3040502020200000000
    [XMSL] => 1.00
    [XMDJ] => 20.00
    [HSBZ] => 1
    [KPHJJE] => 20.00
    [XMJE] => 20.00
    [SL] => 0.09
    [SE] => 1.65
    [oids] => 692795,511089,363762,357173
    [create_date] => 1594545961
)
Array
(
    [uniacid] => 14
    [openid] => oR-IB0vXEoTHVZwtYclO4MSQXbdA
    [FPQQLSH] => OGGP2020071217260761
    [DDH] => GGP20200712172607708
    [invoice_type] => park
    [KP_NSRSBH] => 91440606MA4WX4KK55
    [KP_NSRMC] => 佛山市成柏电子科技有限公司
    [DKBZ] => 0
    [XHF_NSRSBH] => 91440606MA4WX4KK55
    [XHF_MC] => 佛山市成柏电子科技有限公司
    [XHF_DZ] => 佛山市顺德区伦教街道办事处常教社区居民委员会尚成路1号唯美嘉园6座103号铺
    [XHF_DH] => 0757-22223287
    [XHF_YHZH] => 广东顺德农村商业银行股份有限公司大良信合支行  801101000927634235
    [GHF_NSRSBH] => 91440606MA54G1448P
    [GHF_SJ] => 
    [GHF_DZ] => 
    [GHF_GDDH] => 
    [GHF_EMAIL] => 954311114@qq.com
    [GHFQYLX] => 01
    [GHF_YHZH] => 
    [GHF_MC] => 佛山市房家天下房地产信息服务有限公司
    [KPR] => 梁月华
    [SKR] => 梁月华
    [FHR] => 植银弟
    [KPLX] => 1
    [CZDM] => 10
    [YHZCBS] => 0
    [XMMC] => 路内智能停车服务
    [DW] => 台
    [GGXH] => 
    [SPBM] => 3040502020200000000
    [XMSL] => 1.00
    [XMDJ] => 15.00
    [HSBZ] => 1
    [KPHJJE] => 15.00
    [XMJE] => 15.00
    [SL] => 0.09
    [SE] => 1.24
    [oids] => 346215,343347,276456
    [create_date] => 1594545967
)
Array
(
    [uniacid] => 14
    [openid] => oR-IB0iRRIFoVjRFO8odudRac_5E
    [FPQQLSH] => OGGP2020071312500437
    [DDH] => GGP20200713125004746
    [invoice_type] => park
    [KP_NSRSBH] => 91440606MA4WX4KK55
    [KP_NSRMC] => 佛山市成柏电子科技有限公司
    [DKBZ] => 0
    [XHF_NSRSBH] => 91440606MA4WX4KK55
    [XHF_MC] => 佛山市成柏电子科技有限公司
    [XHF_DZ] => 佛山市顺德区伦教街道办事处常教社区居民委员会尚成路1号唯美嘉园6座103号铺
    [XHF_DH] => 0757-22223287
    [XHF_YHZH] => 广东顺德农村商业银行股份有限公司大良信合支行  801101000927634235
    [GHF_NSRSBH] => 91310000607297293N
    [GHF_SJ] => 
    [GHF_DZ] => 
    [GHF_GDDH] => 
    [GHF_EMAIL] => zhangyanwei1202@163.
    [GHFQYLX] => 01
    [GHF_YHZH] => 
    [GHF_MC] => 汉高股份有限公司
    [KPR] => 梁月华
    [SKR] => 梁月华
    [FHR] => 植银弟
    [KPLX] => 1
    [CZDM] => 10
    [YHZCBS] => 0
    [XMMC] => 路内智能停车服务
    [DW] => 台
    [GGXH] => 
    [SPBM] => 3040502020200000000
    [XMSL] => 1.00
    [XMDJ] => 48.00
    [HSBZ] => 1
    [KPHJJE] => 48.00
    [XMJE] => 48.00
    [SL] => 0.09
    [SE] => 3.96
    [oids] => 742895,740281
    [create_date] => 1594615804
)
Array
(
    [uniacid] => 14
    [openid] => oR-IB0ioVMAruwRBN-VSU7tgLYx8
    [FPQQLSH] => OGGP2020071313134723
    [DDH] => GGP20200713131347591
    [invoice_type] => park
    [KP_NSRSBH] => 91440606MA4WX4KK55
    [KP_NSRMC] => 佛山市成柏电子科技有限公司
    [DKBZ] => 0
    [XHF_NSRSBH] => 91440606MA4WX4KK55
    [XHF_MC] => 佛山市成柏电子科技有限公司
    [XHF_DZ] => 佛山市顺德区伦教街道办事处常教社区居民委员会尚成路1号唯美嘉园6座103号铺
    [XHF_DH] => 0757-22223287
    [XHF_YHZH] => 广东顺德农村商业银行股份有限公司大良信合支行  801101000927634235
    [GHF_NSRSBH] => 91440606MA4W30D538
    [GHF_SJ] => 18064625565
    [GHF_DZ] => 
    [GHF_GDDH] => 
    [GHF_EMAIL] => 623775029@qq.com
    [GHFQYLX] => 01
    [GHF_YHZH] => 
    [GHF_MC] => 广东顺德碧宏环保科技有限公司
    [KPR] => 梁月华
    [SKR] => 梁月华
    [FHR] => 植银弟
    [KPLX] => 1
    [CZDM] => 10
    [YHZCBS] => 0
    [XMMC] => 路内智能停车服务
    [DW] => 台
    [GGXH] => 
    [SPBM] => 3040502020200000000
    [XMSL] => 1.00
    [XMDJ] => 185.00
    [HSBZ] => 1
    [KPHJJE] => 185.00
    [XMJE] => 185.00
    [SL] => 0.09
    [SE] => 15.28
    [oids] => 743666,737624,736439,735086,700253,86542
    [create_date] => 1594617227
)
Array
(
    [uniacid] => 14
    [openid] => oR-IB0hXQVS36JiLbUVVsUbT6cQQ
    [FPQQLSH] => OGGP2020071314523360
    [DDH] => GGP20200713145233314
    [invoice_type] => park
    [KP_NSRSBH] => 91440606MA4WX4KK55
    [KP_NSRMC] => 佛山市成柏电子科技有限公司
    [DKBZ] => 0
    [XHF_NSRSBH] => 91440606MA4WX4KK55
    [XHF_MC] => 佛山市成柏电子科技有限公司
    [XHF_DZ] => 佛山市顺德区伦教街道办事处常教社区居民委员会尚成路1号唯美嘉园6座103号铺
    [XHF_DH] => 0757-22223287
    [XHF_YHZH] => 广东顺德农村商业银行股份有限公司大良信合支行  801101000927634235
    [GHF_NSRSBH] => 914406067638496437
    [GHF_SJ] => 
    [GHF_DZ] => 
    [GHF_GDDH] => 
    [GHF_EMAIL] => tanxixuan@qq.com
    [GHFQYLX] => 01
    [GHF_YHZH] => 
    [GHF_MC] => 广东金宝力化工科技装备股份有限公司
    [KPR] => 梁月华
    [SKR] => 梁月华
    [FHR] => 植银弟
    [KPLX] => 1
    [CZDM] => 10
    [YHZCBS] => 0
    [XMMC] => 路内智能停车服务
    [DW] => 台
    [GGXH] => 
    [SPBM] => 3040502020200000000
    [XMSL] => 1.00
    [XMDJ] => 18.75
    [HSBZ] => 1
    [KPHJJE] => 18.75
    [XMJE] => 18.75
    [SL] => 0.09
    [SE] => 1.55
    [oids] => 743557,741232,180246
    [create_date] => 1594623153
)
Array
(
    [uniacid] => 14
    [openid] => oR-IB0jhBXYbWZ_EMgN5BO4ExCyY
    [FPQQLSH] => OGGP2020071420295737
    [DDH] => GGP20200714202957291
    [invoice_type] => park
    [KP_NSRSBH] => 91440606MA4WX4KK55
    [KP_NSRMC] => 佛山市成柏电子科技有限公司
    [DKBZ] => 0
    [XHF_NSRSBH] => 91440606MA4WX4KK55
    [XHF_MC] => 佛山市成柏电子科技有限公司
    [XHF_DZ] => 佛山市顺德区伦教街道办事处常教社区居民委员会尚成路1号唯美嘉园6座103号铺
    [XHF_DH] => 0757-22223287
    [XHF_YHZH] => 广东顺德农村商业银行股份有限公司大良信合支行  801101000927634235
    [GHF_NSRSBH] => 91440606776203390W
    [GHF_SJ] => 
    [GHF_DZ] => 
    [GHF_GDDH] => 
    [GHF_EMAIL] => 625517652@qq.com
    [GHFQYLX] => 01
    [GHF_YHZH] => 
    [GHF_MC] => 佛山市顺德区展诚财会咨询有限公司
    [KPR] => 梁月华
    [SKR] => 梁月华
    [FHR] => 植银弟
    [KPLX] => 1
    [CZDM] => 10
    [YHZCBS] => 0
    [XMMC] => 路内智能停车服务
    [DW] => 台
    [GGXH] => 
    [SPBM] => 3040502020200000000
    [XMSL] => 1.00
    [XMDJ] => 54.00
    [HSBZ] => 1
    [KPHJJE] => 54.00
    [XMJE] => 54.00
    [SL] => 0.09
    [SE] => 4.46
    [oids] => 743462,735505,731782,498090
    [create_date] => 1594729797
)
Array
(
    [uniacid] => 14
    [openid] => oR-IB0nahpgrkW4Taj5au7VT3JbE
    [FPQQLSH] => OGGP2020071508554394
    [DDH] => GGP20200715085543313
    [invoice_type] => park
    [KP_NSRSBH] => 91440606MA4WX4KK55
    [KP_NSRMC] => 佛山市成柏电子科技有限公司
    [DKBZ] => 0
    [XHF_NSRSBH] => 91440606MA4WX4KK55
    [XHF_MC] => 佛山市成柏电子科技有限公司
    [XHF_DZ] => 佛山市顺德区伦教街道办事处常教社区居民委员会尚成路1号唯美嘉园6座103号铺
    [XHF_DH] => 0757-22223287
    [XHF_YHZH] => 广东顺德农村商业银行股份有限公司大良信合支行  801101000927634235
    [GHF_NSRSBH] => 91440606725109978X
    [GHF_SJ] => 
    [GHF_DZ] => 
    [GHF_GDDH] => 
    [GHF_EMAIL] => 419521052@qq.com
    [GHFQYLX] => 01
    [GHF_YHZH] => 
    [GHF_MC] => 佛山市吉盈工程建设管理有限公司
    [KPR] => 梁月华
    [SKR] => 梁月华
    [FHR] => 植银弟
    [KPLX] => 1
    [CZDM] => 10
    [YHZCBS] => 0
    [XMMC] => 路内智能停车服务
    [DW] => 台
    [GGXH] => 
    [SPBM] => 3040502020200000000
    [XMSL] => 1.00
    [XMDJ] => 6.00
    [HSBZ] => 1
    [KPHJJE] => 6.00
    [XMJE] => 6.00
    [SL] => 0.09
    [SE] => 0.50
    [oids] => 745682,742841
    [create_date] => 1594774543
)
Array
(
    [uniacid] => 14
    [openid] => oR-IB0nwaeHFeD_1-aVPUzeM7M0Q
    [FPQQLSH] => OGGP2020071616332011
    [DDH] => GGP20200716163320702
    [invoice_type] => park
    [KP_NSRSBH] => 91440606MA4WX4KK55
    [KP_NSRMC] => 佛山市成柏电子科技有限公司
    [DKBZ] => 0
    [XHF_NSRSBH] => 91440606MA4WX4KK55
    [XHF_MC] => 佛山市成柏电子科技有限公司
    [XHF_DZ] => 佛山市顺德区伦教街道办事处常教社区居民委员会尚成路1号唯美嘉园6座103号铺
    [XHF_DH] => 0757-22223287
    [XHF_YHZH] => 广东顺德农村商业银行股份有限公司大良信合支行  801101000927634235
    [GHF_NSRSBH] => 91440606094811057E
    [GHF_SJ] => 
    [GHF_DZ] => 
    [GHF_GDDH] => 
    [GHF_EMAIL] => ping398453740@vip.qq
    [GHFQYLX] => 01
    [GHF_YHZH] => 
    [GHF_MC] => 佛山豪德数控机械有限公司
    [KPR] => 梁月华
    [SKR] => 梁月华
    [FHR] => 植银弟
    [KPLX] => 1
    [CZDM] => 10
    [YHZCBS] => 0
    [XMMC] => 路内智能停车服务
    [DW] => 台
    [GGXH] => 
    [SPBM] => 3040502020200000000
    [XMSL] => 1.00
    [XMDJ] => 50.00
    [HSBZ] => 1
    [KPHJJE] => 50.00
    [XMJE] => 50.00
    [SL] => 0.09
    [SE] => 4.13
    [oids] => 737384,632670,589175,554573,554107,263451
    [create_date] => 1594888400
)
Array
(
    [uniacid] => 14
    [openid] => oR-IB0r5Y8Uq61OGRViwoSCkqZWQ
    [FPQQLSH] => OGGP202007161641077
    [DDH] => GGP20200716164107552
    [invoice_type] => park
    [KP_NSRSBH] => 91440606MA4WX4KK55
    [KP_NSRMC] => 佛山市成柏电子科技有限公司
    [DKBZ] => 0
    [XHF_NSRSBH] => 91440606MA4WX4KK55
    [XHF_MC] => 佛山市成柏电子科技有限公司
    [XHF_DZ] => 佛山市顺德区伦教街道办事处常教社区居民委员会尚成路1号唯美嘉园6座103号铺
    [XHF_DH] => 0757-22223287
    [XHF_YHZH] => 广东顺德农村商业银行股份有限公司大良信合支行  801101000927634235
    [GHF_NSRSBH] => 91440606094811057E
    [GHF_SJ] => 
    [GHF_DZ] => 
    [GHF_GDDH] => 
    [GHF_EMAIL] => 1156844893@qq.com
    [GHFQYLX] => 01
    [GHF_YHZH] => 
    [GHF_MC] => 佛山豪德数控机械有限公司
    [KPR] => 梁月华
    [SKR] => 梁月华
    [FHR] => 植银弟
    [KPLX] => 1
    [CZDM] => 10
    [YHZCBS] => 0
    [XMMC] => 路内智能停车服务
    [DW] => 台
    [GGXH] => 
    [SPBM] => 3040502020200000000
    [XMSL] => 1.00
    [XMDJ] => 17.00
    [HSBZ] => 1
    [KPHJJE] => 17.00
    [XMJE] => 17.00
    [SL] => 0.09
    [SE] => 1.40
    [oids] => 559561,532347
    [create_date] => 1594888867
)
Array
(
    [uniacid] => 14
    [openid] => oR-IB0lTcdv0bhczZFYjv-apn7ik
    [FPQQLSH] => OGGP2020072011323339
    [DDH] => GGP20200720113233553
    [invoice_type] => park
    [KP_NSRSBH] => 91440606MA4WX4KK55
    [KP_NSRMC] => 佛山市成柏电子科技有限公司
    [DKBZ] => 0
    [XHF_NSRSBH] => 91440606MA4WX4KK55
    [XHF_MC] => 佛山市成柏电子科技有限公司
    [XHF_DZ] => 佛山市顺德区伦教街道办事处常教社区居民委员会尚成路1号唯美嘉园6座103号铺
    [XHF_DH] => 0757-22223287
    [XHF_YHZH] => 广东顺德农村商业银行股份有限公司大良信合支行  801101000927634235
    [GHF_NSRSBH] => 91440606MA50YU7U3Y
    [GHF_SJ] => 
    [GHF_DZ] => 
    [GHF_GDDH] => 
    [GHF_EMAIL] => 412038093@qq.com
    [GHFQYLX] => 01
    [GHF_YHZH] => 
    [GHF_MC] => 佛山市顺德区佳得白蚁防治有限公司
    [KPR] => 梁月华
    [SKR] => 梁月华
    [FHR] => 植银弟
    [KPLX] => 1
    [CZDM] => 10
    [YHZCBS] => 0
    [XMMC] => 路内智能停车服务
    [DW] => 台
    [GGXH] => 
    [SPBM] => 3040502020200000000
    [XMSL] => 1.00
    [XMDJ] => 7.50
    [HSBZ] => 1
    [KPHJJE] => 7.50
    [XMJE] => 7.50
    [SL] => 0.09
    [SE] => 0.62
    [oids] => 675304
    [create_date] => 1595215953
)
Array
(
    [uniacid] => 14
    [openid] => oR-IB0v7jwM6UVb7q8JhHrEWV-oc
    [FPQQLSH] => OGGP2020072110454091
    [DDH] => GGP20200721104540458
    [invoice_type] => park
    [KP_NSRSBH] => 91440606MA4WX4KK55
    [KP_NSRMC] => 佛山市成柏电子科技有限公司
    [DKBZ] => 0
    [XHF_NSRSBH] => 91440606MA4WX4KK55
    [XHF_MC] => 佛山市成柏电子科技有限公司
    [XHF_DZ] => 佛山市顺德区伦教街道办事处常教社区居民委员会尚成路1号唯美嘉园6座103号铺
    [XHF_DH] => 0757-22223287
    [XHF_YHZH] => 广东顺德农村商业银行股份有限公司大良信合支行  801101000927634235
    [GHF_NSRSBH] => 91440606MA52DW778J
    [GHF_SJ] => 13923250490
    [GHF_DZ] => 顺德市顺德区伦教荔村村委会三洪奇工业区一横路北之九
    [GHF_GDDH] => 
    [GHF_EMAIL] => ying@dongliangarment
    [GHFQYLX] => 01
    [GHF_YHZH] => 
    [GHF_MC] => 广东动联制衣有限公司
    [KPR] => 梁月华
    [SKR] => 梁月华
    [FHR] => 植银弟
    [KPLX] => 1
    [CZDM] => 10
    [YHZCBS] => 0
    [XMMC] => 路内智能停车服务
    [DW] => 台
    [GGXH] => 
    [SPBM] => 3040502020200000000
    [XMSL] => 1.00
    [XMDJ] => 7.50
    [HSBZ] => 1
    [KPHJJE] => 7.50
    [XMJE] => 7.50
    [SL] => 0.09
    [SE] => 0.62
    [oids] => 753277
    [create_date] => 1595299540
)
Array
(
    [uniacid] => 14
    [openid] => oR-IB0nZ40jGXoEyeuZWjX0GvNP4
    [FPQQLSH] => OGGP2020072214080461
    [DDH] => GGP20200722140804467
    [invoice_type] => park
    [KP_NSRSBH] => 91440606MA4WX4KK55
    [KP_NSRMC] => 佛山市成柏电子科技有限公司
    [DKBZ] => 0
    [XHF_NSRSBH] => 91440606MA4WX4KK55
    [XHF_MC] => 佛山市成柏电子科技有限公司
    [XHF_DZ] => 佛山市顺德区伦教街道办事处常教社区居民委员会尚成路1号唯美嘉园6座103号铺
    [XHF_DH] => 0757-22223287
    [XHF_YHZH] => 广东顺德农村商业银行股份有限公司大良信合支行  801101000927634235
    [GHF_NSRSBH] => 91440606231930176M
    [GHF_SJ] => 13760981037
    [GHF_DZ] => 佛山市顺德区伦教永丰工业区永丰大道
    [GHF_GDDH] => 
    [GHF_EMAIL] => 675553707@qq.com
    [GHFQYLX] => 01
    [GHF_YHZH] => 
    [GHF_MC] => 曽萍海
    [KPR] => 梁月华
    [SKR] => 梁月华
    [FHR] => 植银弟
    [KPLX] => 1
    [CZDM] => 10
    [YHZCBS] => 0
    [XMMC] => 路内智能停车服务
    [DW] => 台
    [GGXH] => 
    [SPBM] => 3040502020200000000
    [XMSL] => 1.00
    [XMDJ] => 71.25
    [HSBZ] => 1
    [KPHJJE] => 71.25
    [XMJE] => 71.25
    [SL] => 0.09
    [SE] => 5.88
    [oids] => 753430,753045,750671,750240,688283,28360,15603
    [create_date] => 1595398084
)
Array
(
    [uniacid] => 14
    [openid] => oR-IB0jMRdn1hK3yH63ERv835TH8
    [FPQQLSH] => OGGP2020072215515546
    [DDH] => GGP20200722155155368
    [invoice_type] => park
    [KP_NSRSBH] => 91440606MA4WX4KK55
    [KP_NSRMC] => 佛山市成柏电子科技有限公司
    [DKBZ] => 0
    [XHF_NSRSBH] => 91440606MA4WX4KK55
    [XHF_MC] => 佛山市成柏电子科技有限公司
    [XHF_DZ] => 佛山市顺德区伦教街道办事处常教社区居民委员会尚成路1号唯美嘉园6座103号铺
    [XHF_DH] => 0757-22223287
    [XHF_YHZH] => 广东顺德农村商业银行股份有限公司大良信合支行  801101000927634235
    [GHF_NSRSBH] => 91440606724378439E
    [GHF_SJ] => 
    [GHF_DZ] => 佛山市顺德区大良红岗路红庙用地
    [GHF_GDDH] => 
    [GHF_EMAIL] => 737277846@qq.com
    [GHFQYLX] => 01
    [GHF_YHZH] => 
    [GHF_MC] => 广东汇盈电力工程有限公司
    [KPR] => 梁月华
    [SKR] => 梁月华
    [FHR] => 植银弟
    [KPLX] => 1
    [CZDM] => 10
    [YHZCBS] => 0
    [XMMC] => 路内智能停车服务
    [DW] => 台
    [GGXH] => 
    [SPBM] => 3040502020200000000
    [XMSL] => 1.00
    [XMDJ] => 10.00
    [HSBZ] => 1
    [KPHJJE] => 10.00
    [XMJE] => 10.00
    [SL] => 0.09
    [SE] => 0.83
    [oids] => 755811
    [create_date] => 1595404315
)
Array
(
    [uniacid] => 14
    [openid] => oR-IB0oOZ0WOoJ-jY5z9nZ1TbxTM
    [FPQQLSH] => OGGP2020072308364119
    [DDH] => GGP20200723083641982
    [invoice_type] => park
    [KP_NSRSBH] => 91440606MA4WX4KK55
    [KP_NSRMC] => 佛山市成柏电子科技有限公司
    [DKBZ] => 0
    [XHF_NSRSBH] => 91440606MA4WX4KK55
    [XHF_MC] => 佛山市成柏电子科技有限公司
    [XHF_DZ] => 佛山市顺德区伦教街道办事处常教社区居民委员会尚成路1号唯美嘉园6座103号铺
    [XHF_DH] => 0757-22223287
    [XHF_YHZH] => 广东顺德农村商业银行股份有限公司大良信合支行  801101000927634235
    [GHF_NSRSBH] => 51440606768424628R
    [GHF_SJ] => 
    [GHF_DZ] => 
    [GHF_GDDH] => 
    [GHF_EMAIL] => 644865946@qq.com
    [GHFQYLX] => 01
    [GHF_YHZH] => 
    [GHF_MC] => 佛山市顺德区会计学会
    [KPR] => 梁月华
    [SKR] => 梁月华
    [FHR] => 植银弟
    [KPLX] => 1
    [CZDM] => 10
    [YHZCBS] => 0
    [XMMC] => 路内智能停车服务
    [DW] => 台
    [GGXH] => 
    [SPBM] => 3040502020200000000
    [XMSL] => 1.00
    [XMDJ] => 5.00
    [HSBZ] => 1
    [KPHJJE] => 5.00
    [XMJE] => 5.00
    [SL] => 0.09
    [SE] => 0.41
    [oids] => 754836
    [create_date] => 1595464601
)
Array
(
    [uniacid] => 14
    [openid] => oR-IB0jJ36SQL04RWhWEkWLR2inI
    [FPQQLSH] => OGGP2020072310462168
    [DDH] => GGP20200723104621680
    [invoice_type] => park
    [KP_NSRSBH] => 91440606MA4WX4KK55
    [KP_NSRMC] => 佛山市成柏电子科技有限公司
    [DKBZ] => 0
    [XHF_NSRSBH] => 91440606MA4WX4KK55
    [XHF_MC] => 佛山市成柏电子科技有限公司
    [XHF_DZ] => 佛山市顺德区伦教街道办事处常教社区居民委员会尚成路1号唯美嘉园6座103号铺
    [XHF_DH] => 0757-22223287
    [XHF_YHZH] => 广东顺德农村商业银行股份有限公司大良信合支行  801101000927634235
    [GHF_NSRSBH] => 91440605338133206D
    [GHF_SJ] => 
    [GHF_DZ] => 
    [GHF_GDDH] => 
    [GHF_EMAIL] => 369869332@qq.com
    [GHFQYLX] => 01
    [GHF_YHZH] => 
    [GHF_MC] => 佛山市南海锐进会计服务有限公司
    [KPR] => 梁月华
    [SKR] => 梁月华
    [FHR] => 植银弟
    [KPLX] => 1
    [CZDM] => 10
    [YHZCBS] => 0
    [XMMC] => 路内智能停车服务
    [DW] => 台
    [GGXH] => 
    [SPBM] => 3040502020200000000
    [XMSL] => 1.00
    [XMDJ] => 7.50
    [HSBZ] => 1
    [KPHJJE] => 7.50
    [XMJE] => 7.50
    [SL] => 0.09
    [SE] => 0.62
    [oids] => 756061
    [create_date] => 1595472381
)
Array
(
    [uniacid] => 14
    [openid] => oR-IB0tF_3wVVj2o5c9aIplSUXyM
    [FPQQLSH] => OGGP2020072313174212
    [DDH] => GGP20200723131742247
    [invoice_type] => park
    [KP_NSRSBH] => 91440606MA4WX4KK55
    [KP_NSRMC] => 佛山市成柏电子科技有限公司
    [DKBZ] => 0
    [XHF_NSRSBH] => 91440606MA4WX4KK55
    [XHF_MC] => 佛山市成柏电子科技有限公司
    [XHF_DZ] => 佛山市顺德区伦教街道办事处常教社区居民委员会尚成路1号唯美嘉园6座103号铺
    [XHF_DH] => 0757-22223287
    [XHF_YHZH] => 广东顺德农村商业银行股份有限公司大良信合支行  801101000927634235
    [GHF_NSRSBH] => 91440604782039427T
    [GHF_SJ] => 13620163108
    [GHF_DZ] => 
    [GHF_GDDH] => 
    [GHF_EMAIL] => 571601059@qq.com
    [GHFQYLX] => 01
    [GHF_YHZH] => 
    [GHF_MC] => 佛山市穗龙腾汽车贸易有限公司
    [KPR] => 梁月华
    [SKR] => 梁月华
    [FHR] => 植银弟
    [KPLX] => 1
    [CZDM] => 10
    [YHZCBS] => 0
    [XMMC] => 路内智能停车服务
    [DW] => 台
    [GGXH] => 
    [SPBM] => 3040502020200000000
    [XMSL] => 1.00
    [XMDJ] => 5.00
    [HSBZ] => 1
    [KPHJJE] => 5.00
    [XMJE] => 5.00
    [SL] => 0.09
    [SE] => 0.41
    [oids] => 757327
    [create_date] => 1595481462
)
Array
(
    [uniacid] => 14
    [openid] => oR-IB0s9Ikg-fhTKpSrS1SGQMB_A
    [FPQQLSH] => OGGP2020072314383236
    [DDH] => GGP20200723143832727
    [invoice_type] => park
    [KP_NSRSBH] => 91440606MA4WX4KK55
    [KP_NSRMC] => 佛山市成柏电子科技有限公司
    [DKBZ] => 0
    [XHF_NSRSBH] => 91440606MA4WX4KK55
    [XHF_MC] => 佛山市成柏电子科技有限公司
    [XHF_DZ] => 佛山市顺德区伦教街道办事处常教社区居民委员会尚成路1号唯美嘉园6座103号铺
    [XHF_DH] => 0757-22223287
    [XHF_YHZH] => 广东顺德农村商业银行股份有限公司大良信合支行  801101000927634235
    [GHF_NSRSBH] => 914406066614878646
    [GHF_SJ] => 
    [GHF_DZ] => 
    [GHF_GDDH] => 
    [GHF_EMAIL] => 151299195@qq.com
    [GHFQYLX] => 01
    [GHF_YHZH] => 
    [GHF_MC] => 广州海邦国际货运代理有限公司顺德分公司
    [KPR] => 梁月华
    [SKR] => 梁月华
    [FHR] => 植银弟
    [KPLX] => 1
    [CZDM] => 10
    [YHZCBS] => 0
    [XMMC] => 路内智能停车服务
    [DW] => 台
    [GGXH] => 
    [SPBM] => 3040502020200000000
    [XMSL] => 1.00
    [XMDJ] => 15.50
    [HSBZ] => 1
    [KPHJJE] => 15.50
    [XMJE] => 15.50
    [SL] => 0.09
    [SE] => 1.28
    [oids] => 756937
    [create_date] => 1595486312
)
Array
(
    [uniacid] => 14
    [openid] => oR-IB0s9Ikg-fhTKpSrS1SGQMB_A
    [FPQQLSH] => OGGP2020072314385161
    [DDH] => GGP20200723143851752
    [invoice_type] => park
    [KP_NSRSBH] => 91440606MA4WX4KK55
    [KP_NSRMC] => 佛山市成柏电子科技有限公司
    [DKBZ] => 0
    [XHF_NSRSBH] => 91440606MA4WX4KK55
    [XHF_MC] => 佛山市成柏电子科技有限公司
    [XHF_DZ] => 佛山市顺德区伦教街道办事处常教社区居民委员会尚成路1号唯美嘉园6座103号铺
    [XHF_DH] => 0757-22223287
    [XHF_YHZH] => 广东顺德农村商业银行股份有限公司大良信合支行  801101000927634235
    [GHF_NSRSBH] => 914406066614878646
    [GHF_SJ] => 
    [GHF_DZ] => 
    [GHF_GDDH] => 
    [GHF_EMAIL] => 151299195@qq.com
    [GHFQYLX] => 01
    [GHF_YHZH] => 
    [GHF_MC] => 广州海邦国际货运代理有限公司顺德分公司
    [KPR] => 梁月华
    [SKR] => 梁月华
    [FHR] => 植银弟
    [KPLX] => 1
    [CZDM] => 10
    [YHZCBS] => 0
    [XMMC] => 路内智能停车服务
    [DW] => 台
    [GGXH] => 
    [SPBM] => 3040502020200000000
    [XMSL] => 1.00
    [XMDJ] => 28.50
    [HSBZ] => 1
    [KPHJJE] => 28.50
    [XMJE] => 28.50
    [SL] => 0.09
    [SE] => 2.35
    [oids] => 757283,726769,725305
    [create_date] => 1595486331
)
Array
(
    [uniacid] => 14
    [openid] => oR-IB0hLGSwlf2owph0KKSASCXsE
    [FPQQLSH] => OGGP2020072319060054
    [DDH] => GGP20200723190600509
    [invoice_type] => park
    [KP_NSRSBH] => 91440606MA4WX4KK55
    [KP_NSRMC] => 佛山市成柏电子科技有限公司
    [DKBZ] => 0
    [XHF_NSRSBH] => 91440606MA4WX4KK55
    [XHF_MC] => 佛山市成柏电子科技有限公司
    [XHF_DZ] => 佛山市顺德区伦教街道办事处常教社区居民委员会尚成路1号唯美嘉园6座103号铺
    [XHF_DH] => 0757-22223287
    [XHF_YHZH] => 广东顺德农村商业银行股份有限公司大良信合支行  801101000927634235
    [GHF_NSRSBH] => 91440606661541285H
    [GHF_SJ] => 
    [GHF_DZ] => 
    [GHF_GDDH] => 
    [GHF_EMAIL] => pqjun1989@126.com
    [GHFQYLX] => 01
    [GHF_YHZH] => 
    [GHF_MC] => 佛山市顺德区镒诚吸塑有限公司
    [KPR] => 梁月华
    [SKR] => 梁月华
    [FHR] => 植银弟
    [KPLX] => 1
    [CZDM] => 10
    [YHZCBS] => 0
    [XMMC] => 路内智能停车服务
    [DW] => 台
    [GGXH] => 
    [SPBM] => 3040502020200000000
    [XMSL] => 1.00
    [XMDJ] => 96.25
    [HSBZ] => 1
    [KPHJJE] => 96.25
    [XMJE] => 96.25
    [SL] => 0.09
    [SE] => 7.95
    [oids] => 756710,745050,739879,736197,732635,723750,695525,679248,655282,556129,552534,537501,536406,368462,367860,345096,181185
    [create_date] => 1595502360
)
Array
(
    [uniacid] => 14
    [openid] => oR-IB0lVpjtmkOzmw7iP_Y1V2P00
    [FPQQLSH] => OGGP202007231931371
    [DDH] => GGP20200723193137271
    [invoice_type] => park
    [KP_NSRSBH] => 91440606MA4WX4KK55
    [KP_NSRMC] => 佛山市成柏电子科技有限公司
    [DKBZ] => 0
    [XHF_NSRSBH] => 91440606MA4WX4KK55
    [XHF_MC] => 佛山市成柏电子科技有限公司
    [XHF_DZ] => 佛山市顺德区伦教街道办事处常教社区居民委员会尚成路1号唯美嘉园6座103号铺
    [XHF_DH] => 0757-22223287
    [XHF_YHZH] => 广东顺德农村商业银行股份有限公司大良信合支行  801101000927634235
    [GHF_NSRSBH] => 914406067929111517
    [GHF_SJ] => 
    [GHF_DZ] => 
    [GHF_GDDH] => 
    [GHF_EMAIL] => 724326300@qq.com
    [GHFQYLX] => 01
    [GHF_YHZH] => 
    [GHF_MC] => 佛山市华昕建设工程有限公司
    [KPR] => 梁月华
    [SKR] => 梁月华
    [FHR] => 植银弟
    [KPLX] => 1
    [CZDM] => 10
    [YHZCBS] => 0
    [XMMC] => 路内智能停车服务
    [DW] => 台
    [GGXH] => 
    [SPBM] => 3040502020200000000
    [XMSL] => 1.00
    [XMDJ] => 30.00
    [HSBZ] => 1
    [KPHJJE] => 30.00
    [XMJE] => 30.00
    [SL] => 0.09
    [SE] => 2.48
    [oids] => 562744,486793,486711
    [create_date] => 1595503897
)
Array
(
    [uniacid] => 14
    [openid] => oR-IB0uWQEiE4jvH-t1NC3Bz4otc
    [FPQQLSH] => OGGP2020072408321856
    [DDH] => GGP20200724083218642
    [invoice_type] => park
    [KP_NSRSBH] => 91440606MA4WX4KK55
    [KP_NSRMC] => 佛山市成柏电子科技有限公司
    [DKBZ] => 0
    [XHF_NSRSBH] => 91440606MA4WX4KK55
    [XHF_MC] => 佛山市成柏电子科技有限公司
    [XHF_DZ] => 佛山市顺德区伦教街道办事处常教社区居民委员会尚成路1号唯美嘉园6座103号铺
    [XHF_DH] => 0757-22223287
    [XHF_YHZH] => 广东顺德农村商业银行股份有限公司大良信合支行  801101000927634235
    [GHF_NSRSBH] => 914406063452907441
    [GHF_SJ] => 
    [GHF_DZ] => 
    [GHF_GDDH] => 
    [GHF_EMAIL] => 419318167@qq.com
    [GHFQYLX] => 01
    [GHF_YHZH] => 
    [GHF_MC] => 广东泰林电力工程有限公司
    [KPR] => 梁月华
    [SKR] => 梁月华
    [FHR] => 植银弟
    [KPLX] => 1
    [CZDM] => 10
    [YHZCBS] => 0
    [XMMC] => 路内智能停车服务
    [DW] => 台
    [GGXH] => 
    [SPBM] => 3040502020200000000
    [XMSL] => 1.00
    [XMDJ] => 45.00
    [HSBZ] => 1
    [KPHJJE] => 45.00
    [XMJE] => 45.00
    [SL] => 0.09
    [SE] => 3.72
    [oids] => 757177,745107,744799,705938
    [create_date] => 1595550738
)
Array
(
    [uniacid] => 14
    [openid] => oR-IB0j9TpuUsFOVWp1THGWv7MeU
    [FPQQLSH] => OGGP2020072417203595
    [DDH] => GGP20200724172035972
    [invoice_type] => park
    [KP_NSRSBH] => 91440606MA4WX4KK55
    [KP_NSRMC] => 佛山市成柏电子科技有限公司
    [DKBZ] => 0
    [XHF_NSRSBH] => 91440606MA4WX4KK55
    [XHF_MC] => 佛山市成柏电子科技有限公司
    [XHF_DZ] => 佛山市顺德区伦教街道办事处常教社区居民委员会尚成路1号唯美嘉园6座103号铺
    [XHF_DH] => 0757-22223287
    [XHF_YHZH] => 广东顺德农村商业银行股份有限公司大良信合支行  801101000927634235
    [GHF_NSRSBH] => 91511500746932349A
    [GHF_SJ] => 
    [GHF_DZ] => 四川省宜宾市翠屏区安阜街道新街社区发展街岷胜苑2栋1号
    [GHF_GDDH] => 
    [GHF_EMAIL] => 13544540152@139.com
    [GHFQYLX] => 01
    [GHF_YHZH] => 
    [GHF_MC] => 四川全盛通网络技术有限公司
    [KPR] => 梁月华
    [SKR] => 梁月华
    [FHR] => 植银弟
    [KPLX] => 1
    [CZDM] => 10
    [YHZCBS] => 0
    [XMMC] => 路内智能停车服务
    [DW] => 台
    [GGXH] => 
    [SPBM] => 3040502020200000000
    [XMSL] => 1.00
    [XMDJ] => 15.00
    [HSBZ] => 1
    [KPHJJE] => 15.00
    [XMJE] => 15.00
    [SL] => 0.09
    [SE] => 1.24
    [oids] => 738296,696349,693319
    [create_date] => 1595582435
)
Array
(
    [uniacid] => 14
    [openid] => oR-IB0jMRdn1hK3yH63ERv835TH8
    [FPQQLSH] => OGGP2020072417305828
    [DDH] => GGP20200724173058898
    [invoice_type] => park
    [KP_NSRSBH] => 91440606MA4WX4KK55
    [KP_NSRMC] => 佛山市成柏电子科技有限公司
    [DKBZ] => 0
    [XHF_NSRSBH] => 91440606MA4WX4KK55
    [XHF_MC] => 佛山市成柏电子科技有限公司
    [XHF_DZ] => 佛山市顺德区伦教街道办事处常教社区居民委员会尚成路1号唯美嘉园6座103号铺
    [XHF_DH] => 0757-22223287
    [XHF_YHZH] => 广东顺德农村商业银行股份有限公司大良信合支行  801101000927634235
    [GHF_NSRSBH] => 91440606724378439E
    [GHF_SJ] => 
    [GHF_DZ] => 佛山市顺德区大良红岗路红庙用地
    [GHF_GDDH] => 
    [GHF_EMAIL] => 737277846@qq.com
    [GHFQYLX] => 01
    [GHF_YHZH] => 
    [GHF_MC] => 广东汇盈电力工程有限公司
    [KPR] => 梁月华
    [SKR] => 梁月华
    [FHR] => 植银弟
    [KPLX] => 1
    [CZDM] => 10
    [YHZCBS] => 0
    [XMMC] => 路内智能停车服务
    [DW] => 台
    [GGXH] => 
    [SPBM] => 3040502020200000000
    [XMSL] => 1.00
    [XMDJ] => 22.50
    [HSBZ] => 1
    [KPHJJE] => 22.50
    [XMJE] => 22.50
    [SL] => 0.09
    [SE] => 1.86
    [oids] => 758931,758638
    [create_date] => 1595583059
)
Array
(
    [uniacid] => 14
    [openid] => oR-IB0iPZTDLtfRzw9c5SiZIt9qw
    [FPQQLSH] => OGGP202007251824121
    [DDH] => GGP20200725182412222
    [invoice_type] => park
    [KP_NSRSBH] => 91440606MA4WX4KK55
    [KP_NSRMC] => 佛山市成柏电子科技有限公司
    [DKBZ] => 0
    [XHF_NSRSBH] => 91440606MA4WX4KK55
    [XHF_MC] => 佛山市成柏电子科技有限公司
    [XHF_DZ] => 佛山市顺德区伦教街道办事处常教社区居民委员会尚成路1号唯美嘉园6座103号铺
    [XHF_DH] => 0757-22223287
    [XHF_YHZH] => 广东顺德农村商业银行股份有限公司大良信合支行  801101000927634235
    [GHF_NSRSBH] => 914403000703643607
    [GHF_SJ] => 
    [GHF_DZ] => 
    [GHF_GDDH] => 
    [GHF_EMAIL] => 1870284754@qq.com
    [GHFQYLX] => 01
    [GHF_YHZH] => 
    [GHF_MC] => 深圳藤川电子有限公司
    [KPR] => 梁月华
    [SKR] => 梁月华
    [FHR] => 植银弟
    [KPLX] => 1
    [CZDM] => 10
    [YHZCBS] => 0
    [XMMC] => 路内智能停车服务
    [DW] => 台
    [GGXH] => 
    [SPBM] => 3040502020200000000
    [XMSL] => 1.00
    [XMDJ] => 8.00
    [HSBZ] => 1
    [KPHJJE] => 8.00
    [XMJE] => 8.00
    [SL] => 0.09
    [SE] => 0.66
    [oids] => 757015
    [create_date] => 1595672652
)
Array
(
    [uniacid] => 14
    [openid] => oR-IB0ulQzkf4s-TIYvdy1OJhs3w
    [FPQQLSH] => OGGP2020072715084841
    [DDH] => GGP20200727150848138
    [invoice_type] => park
    [KP_NSRSBH] => 91440606MA4WX4KK55
    [KP_NSRMC] => 佛山市成柏电子科技有限公司
    [DKBZ] => 0
    [XHF_NSRSBH] => 91440606MA4WX4KK55
    [XHF_MC] => 佛山市成柏电子科技有限公司
    [XHF_DZ] => 佛山市顺德区伦教街道办事处常教社区居民委员会尚成路1号唯美嘉园6座103号铺
    [XHF_DH] => 0757-22223287
    [XHF_YHZH] => 广东顺德农村商业银行股份有限公司大良信合支行  801101000927634235
    [GHF_NSRSBH] => 9144060676294717XC
    [GHF_SJ] => 15017687994
    [GHF_DZ] => 
    [GHF_GDDH] => 
    [GHF_EMAIL] => 252377176@qq.com
    [GHFQYLX] => 01
    [GHF_YHZH] => 
    [GHF_MC] => 广东顺德天地行房地产顾问有限公司
    [KPR] => 梁月华
    [SKR] => 梁月华
    [FHR] => 植银弟
    [KPLX] => 1
    [CZDM] => 10
    [YHZCBS] => 0
    [XMMC] => 路内智能停车服务
    [DW] => 台
    [GGXH] => 
    [SPBM] => 3040502020200000000
    [XMSL] => 1.00
    [XMDJ] => 390.00
    [HSBZ] => 1
    [KPHJJE] => 390.00
    [XMJE] => 390.00
    [SL] => 0.09
    [SE] => 32.20
    [oids] => 734151
    [create_date] => 1595833728
)
Array
(
    [uniacid] => 14
    [openid] => oR-IB0ixKbzrphtNkJGnwfvwDLzY
    [FPQQLSH] => OGGP2020072716004220
    [DDH] => GGP20200727160042859
    [invoice_type] => park
    [KP_NSRSBH] => 91440606MA4WX4KK55
    [KP_NSRMC] => 佛山市成柏电子科技有限公司
    [DKBZ] => 0
    [XHF_NSRSBH] => 91440606MA4WX4KK55
    [XHF_MC] => 佛山市成柏电子科技有限公司
    [XHF_DZ] => 佛山市顺德区伦教街道办事处常教社区居民委员会尚成路1号唯美嘉园6座103号铺
    [XHF_DH] => 0757-22223287
    [XHF_YHZH] => 广东顺德农村商业银行股份有限公司大良信合支行  801101000927634235
    [GHF_NSRSBH] => 91530100216579074C
    [GHF_SJ] => 
    [GHF_DZ] => 
    [GHF_GDDH] => 
    [GHF_EMAIL] => 27991031@qq.com
    [GHFQYLX] => 01
    [GHF_YHZH] => 
    [GHF_MC] => 中国水利水电第十四工程局有限公司
    [KPR] => 梁月华
    [SKR] => 梁月华
    [FHR] => 植银弟
    [KPLX] => 1
    [CZDM] => 10
    [YHZCBS] => 0
    [XMMC] => 路内智能停车服务
    [DW] => 台
    [GGXH] => 
    [SPBM] => 3040502020200000000
    [XMSL] => 1.00
    [XMDJ] => 7.50
    [HSBZ] => 1
    [KPHJJE] => 7.50
    [XMJE] => 7.50
    [SL] => 0.09
    [SE] => 0.62
    [oids] => 762961
    [create_date] => 1595836842
)
Array
(
    [uniacid] => 14
    [openid] => oR-IB0uWQEiE4jvH-t1NC3Bz4otc
    [FPQQLSH] => OGGP2020072807584161
    [DDH] => GGP20200728075841929
    [invoice_type] => park
    [KP_NSRSBH] => 91440606MA4WX4KK55
    [KP_NSRMC] => 佛山市成柏电子科技有限公司
    [DKBZ] => 0
    [XHF_NSRSBH] => 91440606MA4WX4KK55
    [XHF_MC] => 佛山市成柏电子科技有限公司
    [XHF_DZ] => 佛山市顺德区伦教街道办事处常教社区居民委员会尚成路1号唯美嘉园6座103号铺
    [XHF_DH] => 0757-22223287
    [XHF_YHZH] => 广东顺德农村商业银行股份有限公司大良信合支行  801101000927634235
    [GHF_NSRSBH] => 914406063452907441
    [GHF_SJ] => 
    [GHF_DZ] => 
    [GHF_GDDH] => 
    [GHF_EMAIL] => 419318167@qq.com
    [GHFQYLX] => 01
    [GHF_YHZH] => 
    [GHF_MC] => 广东泰林电力工程有限公司
    [KPR] => 梁月华
    [SKR] => 梁月华
    [FHR] => 植银弟
    [KPLX] => 1
    [CZDM] => 10
    [YHZCBS] => 0
    [XMMC] => 路内智能停车服务
    [DW] => 台
    [GGXH] => 
    [SPBM] => 3040502020200000000
    [XMSL] => 1.00
    [XMDJ] => 17.50
    [HSBZ] => 1
    [KPHJJE] => 17.50
    [XMJE] => 17.50
    [SL] => 0.09
    [SE] => 1.44
    [oids] => 763094
    [create_date] => 1595894321
)
Array
(
    [uniacid] => 14
    [openid] => oR-IB0uWQEiE4jvH-t1NC3Bz4otc
    [FPQQLSH] => OGGP2020072807590363
    [DDH] => GGP2020072807590357
    [invoice_type] => park
    [KP_NSRSBH] => 91440606MA4WX4KK55
    [KP_NSRMC] => 佛山市成柏电子科技有限公司
    [DKBZ] => 0
    [XHF_NSRSBH] => 91440606MA4WX4KK55
    [XHF_MC] => 佛山市成柏电子科技有限公司
    [XHF_DZ] => 佛山市顺德区伦教街道办事处常教社区居民委员会尚成路1号唯美嘉园6座103号铺
    [XHF_DH] => 0757-22223287
    [XHF_YHZH] => 广东顺德农村商业银行股份有限公司大良信合支行  801101000927634235
    [GHF_NSRSBH] => 914406063452907441
    [GHF_SJ] => 
    [GHF_DZ] => 
    [GHF_GDDH] => 
    [GHF_EMAIL] => 419318167@qq.com
    [GHFQYLX] => 01
    [GHF_YHZH] => 
    [GHF_MC] => 广东泰林电力工程有限公司
    [KPR] => 梁月华
    [SKR] => 梁月华
    [FHR] => 植银弟
    [KPLX] => 1
    [CZDM] => 10
    [YHZCBS] => 0
    [XMMC] => 路内智能停车服务
    [DW] => 台
    [GGXH] => 
    [SPBM] => 3040502020200000000
    [XMSL] => 1.00
    [XMDJ] => 17.50
    [HSBZ] => 1
    [KPHJJE] => 17.50
    [XMJE] => 17.50
    [SL] => 0.09
    [SE] => 1.44
    [oids] => 758967
    [create_date] => 1595894343
)
Array
(
    [uniacid] => 14
    [openid] => oR-IB0nQaefx__nO3EGUC1qYLppM
    [FPQQLSH] => OGGP2020072808104828
    [DDH] => GGP20200728081048153
    [invoice_type] => park
    [KP_NSRSBH] => 91440606MA4WX4KK55
    [KP_NSRMC] => 佛山市成柏电子科技有限公司
    [DKBZ] => 0
    [XHF_NSRSBH] => 91440606MA4WX4KK55
    [XHF_MC] => 佛山市成柏电子科技有限公司
    [XHF_DZ] => 佛山市顺德区伦教街道办事处常教社区居民委员会尚成路1号唯美嘉园6座103号铺
    [XHF_DH] => 0757-22223287
    [XHF_YHZH] => 广东顺德农村商业银行股份有限公司大良信合支行  801101000927634235
    [GHF_NSRSBH] => 91440606584716001Y
    [GHF_SJ] => 
    [GHF_DZ] => 
    [GHF_GDDH] => 
    [GHF_EMAIL] => 115386270@qq.com
    [GHFQYLX] => 01
    [GHF_YHZH] => 
    [GHF_MC] => 广东广顺建筑工程有限公司
    [KPR] => 梁月华
    [SKR] => 梁月华
    [FHR] => 植银弟
    [KPLX] => 1
    [CZDM] => 10
    [YHZCBS] => 0
    [XMMC] => 路内智能停车服务
    [DW] => 台
    [GGXH] => 
    [SPBM] => 3040502020200000000
    [XMSL] => 1.00
    [XMDJ] => 17.50
    [HSBZ] => 1
    [KPHJJE] => 17.50
    [XMJE] => 17.50
    [SL] => 0.09
    [SE] => 1.44
    [oids] => 735693
    [create_date] => 1595895048
)
Array
(
    [uniacid] => 14
    [openid] => oR-IB0jm4vIDB7xL84DnRdVZsgY4
    [FPQQLSH] => OGGP2020072812332549
    [DDH] => GGP20200728123325583
    [invoice_type] => park
    [KP_NSRSBH] => 91440606MA4WX4KK55
    [KP_NSRMC] => 佛山市成柏电子科技有限公司
    [DKBZ] => 0
    [XHF_NSRSBH] => 91440606MA4WX4KK55
    [XHF_MC] => 佛山市成柏电子科技有限公司
    [XHF_DZ] => 佛山市顺德区伦教街道办事处常教社区居民委员会尚成路1号唯美嘉园6座103号铺
    [XHF_DH] => 0757-22223287
    [XHF_YHZH] => 广东顺德农村商业银行股份有限公司大良信合支行  801101000927634235
    [GHF_NSRSBH] => 91440606584716001Y
    [GHF_SJ] => 
    [GHF_DZ] => 
    [GHF_GDDH] => 
    [GHF_EMAIL] => 1985893049@qq.com
    [GHFQYLX] => 01
    [GHF_YHZH] => 
    [GHF_MC] => 广东广顺建筑工程有限公司
    [KPR] => 梁月华
    [SKR] => 梁月华
    [FHR] => 植银弟
    [KPLX] => 1
    [CZDM] => 10
    [YHZCBS] => 0
    [XMMC] => 路内智能停车服务
    [DW] => 台
    [GGXH] => 
    [SPBM] => 3040502020200000000
    [XMSL] => 1.00
    [XMDJ] => 37.50
    [HSBZ] => 1
    [KPHJJE] => 37.50
    [XMJE] => 37.50
    [SL] => 0.09
    [SE] => 3.10
    [oids] => 764015,748795,746491,746071,745089,743436,736601
    [create_date] => 1595910805
)
Array
(
    [uniacid] => 14
    [openid] => oR-IB0mXY5UVmAegeTWjJspw71xI
    [FPQQLSH] => OGGP2020072816583020
    [DDH] => GGP20200728165830308
    [invoice_type] => park
    [KP_NSRSBH] => 91440606MA4WX4KK55
    [KP_NSRMC] => 佛山市成柏电子科技有限公司
    [DKBZ] => 0
    [XHF_NSRSBH] => 91440606MA4WX4KK55
    [XHF_MC] => 佛山市成柏电子科技有限公司
    [XHF_DZ] => 佛山市顺德区伦教街道办事处常教社区居民委员会尚成路1号唯美嘉园6座103号铺
    [XHF_DH] => 0757-22223287
    [XHF_YHZH] => 广东顺德农村商业银行股份有限公司大良信合支行  801101000927634235
    [GHF_NSRSBH] => 91440605751050199P
    [GHF_SJ] => 
    [GHF_DZ] => 
    [GHF_GDDH] => 
    [GHF_EMAIL] => 15017700175@139.com
    [GHFQYLX] => 01
    [GHF_YHZH] => 
    [GHF_MC] => 佛山市大昌通信有限公司
    [KPR] => 梁月华
    [SKR] => 梁月华
    [FHR] => 植银弟
    [KPLX] => 1
    [CZDM] => 10
    [YHZCBS] => 0
    [XMMC] => 路内智能停车服务
    [DW] => 台
    [GGXH] => 
    [SPBM] => 3040502020200000000
    [XMSL] => 1.00
    [XMDJ] => 15.00
    [HSBZ] => 1
    [KPHJJE] => 15.00
    [XMJE] => 15.00
    [SL] => 0.09
    [SE] => 1.24
    [oids] => 764330
    [create_date] => 1595926710
)
Array
(
    [uniacid] => 14
    [openid] => oR-IB0iQH3pprlev1j9DIstY7pQA
    [FPQQLSH] => OGGP2020072823431856
    [DDH] => GGP20200728234318314
    [invoice_type] => park
    [KP_NSRSBH] => 91440606MA4WX4KK55
    [KP_NSRMC] => 佛山市成柏电子科技有限公司
    [DKBZ] => 0
    [XHF_NSRSBH] => 91440606MA4WX4KK55
    [XHF_MC] => 佛山市成柏电子科技有限公司
    [XHF_DZ] => 佛山市顺德区伦教街道办事处常教社区居民委员会尚成路1号唯美嘉园6座103号铺
    [XHF_DH] => 0757-22223287
    [XHF_YHZH] => 广东顺德农村商业银行股份有限公司大良信合支行  801101000927634235
    [GHF_NSRSBH] => 91440606MA51C11796
    [GHF_SJ] => 18124807193
    [GHF_DZ] => 佛山市顺德区北滘镇广教社区居民委员会广教路1号慧聪家电城1座987之一
    [GHF_GDDH] => 
    [GHF_EMAIL] => luozongshun136@163.c
    [GHFQYLX] => 01
    [GHF_YHZH] => 
    [GHF_MC] => 佛山市裕亮顺进出口有限公司
    [KPR] => 梁月华
    [SKR] => 梁月华
    [FHR] => 植银弟
    [KPLX] => 1
    [CZDM] => 10
    [YHZCBS] => 0
    [XMMC] => 路内智能停车服务
    [DW] => 台
    [GGXH] => 
    [SPBM] => 3040502020200000000
    [XMSL] => 1.00
    [XMDJ] => 17.50
    [HSBZ] => 1
    [KPHJJE] => 17.50
    [XMJE] => 17.50
    [SL] => 0.09
    [SE] => 1.44
    [oids] => 644480
    [create_date] => 1595950998
)
Array
(
    [uniacid] => 14
    [openid] => oR-IB0pLImBucf4ZssbFPe65GTO8
    [FPQQLSH] => OGGP2020072909075940
    [DDH] => GGP2020072909075929
    [invoice_type] => park
    [KP_NSRSBH] => 91440606MA4WX4KK55
    [KP_NSRMC] => 佛山市成柏电子科技有限公司
    [DKBZ] => 0
    [XHF_NSRSBH] => 91440606MA4WX4KK55
    [XHF_MC] => 佛山市成柏电子科技有限公司
    [XHF_DZ] => 佛山市顺德区伦教街道办事处常教社区居民委员会尚成路1号唯美嘉园6座103号铺
    [XHF_DH] => 0757-22223287
    [XHF_YHZH] => 广东顺德农村商业银行股份有限公司大良信合支行  801101000927634235
    [GHF_NSRSBH] => 91442000722909216Y
    [GHF_SJ] => 13726336859
    [GHF_DZ] => 
    [GHF_GDDH] => 
    [GHF_EMAIL] => 254791702@qq.com
    [GHFQYLX] => 01
    [GHF_YHZH] => 
    [GHF_MC] => 广东诺丝科技股份有限公司
    [KPR] => 梁月华
    [SKR] => 梁月华
    [FHR] => 植银弟
    [KPLX] => 1
    [CZDM] => 10
    [YHZCBS] => 0
    [XMMC] => 路内智能停车服务
    [DW] => 台
    [GGXH] => 
    [SPBM] => 3040502020200000000
    [XMSL] => 1.00
    [XMDJ] => 10.00
    [HSBZ] => 1
    [KPHJJE] => 10.00
    [XMJE] => 10.00
    [SL] => 0.09
    [SE] => 0.83
    [oids] => 734533,636210
    [create_date] => 1595984879
)
Array
(
    [uniacid] => 14
    [openid] => oR-IB0kITbrmg3d2ZhiUPN_4fRD4
    [FPQQLSH] => OGGP2020072917200499
    [DDH] => GGP20200729172004773
    [invoice_type] => park
    [KP_NSRSBH] => 91440606MA4WX4KK55
    [KP_NSRMC] => 佛山市成柏电子科技有限公司
    [DKBZ] => 0
    [XHF_NSRSBH] => 91440606MA4WX4KK55
    [XHF_MC] => 佛山市成柏电子科技有限公司
    [XHF_DZ] => 佛山市顺德区伦教街道办事处常教社区居民委员会尚成路1号唯美嘉园6座103号铺
    [XHF_DH] => 0757-22223287
    [XHF_YHZH] => 广东顺德农村商业银行股份有限公司大良信合支行  801101000927634235
    [GHF_NSRSBH] => 
    [GHF_SJ] => 
    [GHF_DZ] => 
    [GHF_GDDH] => 
    [GHF_EMAIL] => 53259666@qq.com
    [GHFQYLX] => 03
    [GHF_YHZH] => 
    [GHF_MC] => 个人(张毅铭)
    [KPR] => 梁月华
    [SKR] => 梁月华
    [FHR] => 植银弟
    [KPLX] => 1
    [CZDM] => 10
    [YHZCBS] => 0
    [XMMC] => 路内智能停车服务
    [DW] => 台
    [GGXH] => 
    [SPBM] => 3040502020200000000
    [XMSL] => 1.00
    [XMDJ] => 2.00
    [HSBZ] => 1
    [KPHJJE] => 2.00
    [XMJE] => 2.00
    [SL] => 0.09
    [SE] => 0.17
    [oids] => 727826
    [create_date] => 1596014404
)
Array
(
    [uniacid] => 14
    [openid] => oR-IB0mts2d_oKbXxi3RPv20WXZU
    [FPQQLSH] => OGGP2020073013303058
    [DDH] => GGP20200730133030865
    [invoice_type] => park
    [KP_NSRSBH] => 91440606MA4WX4KK55
    [KP_NSRMC] => 佛山市成柏电子科技有限公司
    [DKBZ] => 0
    [XHF_NSRSBH] => 91440606MA4WX4KK55
    [XHF_MC] => 佛山市成柏电子科技有限公司
    [XHF_DZ] => 佛山市顺德区伦教街道办事处常教社区居民委员会尚成路1号唯美嘉园6座103号铺
    [XHF_DH] => 0757-22223287
    [XHF_YHZH] => 广东顺德农村商业银行股份有限公司大良信合支行  801101000927634235
    [GHF_NSRSBH] => 91440606724767960D
    [GHF_SJ] => 
    [GHF_DZ] => 佛山市顺德区北滘镇顺江社区居民委员会兴业路4号嘉利源商贸中心8座南翼1502号
    [GHF_GDDH] => 
    [GHF_EMAIL] => 13825500992@139.com
    [GHFQYLX] => 01
    [GHF_YHZH] => 
    [GHF_MC] => 广东大正机电工程有限公司
    [KPR] => 梁月华
    [SKR] => 梁月华
    [FHR] => 植银弟
    [KPLX] => 1
    [CZDM] => 10
    [YHZCBS] => 0
    [XMMC] => 路内智能停车服务
    [DW] => 台
    [GGXH] => 
    [SPBM] => 3040502020200000000
    [XMSL] => 1.00
    [XMDJ] => 25.00
    [HSBZ] => 1
    [KPHJJE] => 25.00
    [XMJE] => 25.00
    [SL] => 0.09
    [SE] => 2.06
    [oids] => 760294,307653
    [create_date] => 1596087030
)
Array
(
    [uniacid] => 14
    [openid] => oR-IB0v8HynfuE_UCzRGDrZ8AtTg
    [FPQQLSH] => OGGP2020073022450221
    [DDH] => GGP20200730224502408
    [invoice_type] => park
    [KP_NSRSBH] => 91440606MA4WX4KK55
    [KP_NSRMC] => 佛山市成柏电子科技有限公司
    [DKBZ] => 0
    [XHF_NSRSBH] => 91440606MA4WX4KK55
    [XHF_MC] => 佛山市成柏电子科技有限公司
    [XHF_DZ] => 佛山市顺德区伦教街道办事处常教社区居民委员会尚成路1号唯美嘉园6座103号铺
    [XHF_DH] => 0757-22223287
    [XHF_YHZH] => 广东顺德农村商业银行股份有限公司大良信合支行  801101000927634235
    [GHF_NSRSBH] => 914406062319486916
    [GHF_SJ] => 
    [GHF_DZ] => 
    [GHF_GDDH] => 
    [GHF_EMAIL] => 595607567@qq.com
    [GHFQYLX] => 01
    [GHF_YHZH] => 
    [GHF_MC] => 佛山市顺德区顺昌纸类制品有限公司
    [KPR] => 梁月华
    [SKR] => 梁月华
    [FHR] => 植银弟
    [KPLX] => 1
    [CZDM] => 10
    [YHZCBS] => 0
    [XMMC] => 路内智能停车服务
    [DW] => 台
    [GGXH] => 
    [SPBM] => 3040502020200000000
    [XMSL] => 1.00
    [XMDJ] => 4.00
    [HSBZ] => 1
    [KPHJJE] => 4.00
    [XMJE] => 4.00
    [SL] => 0.09
    [SE] => 0.33
    [oids] => 767868
    [create_date] => 1596120302
)
Array
(
    [uniacid] => 14
    [openid] => oR-IB0gc26nVBIYQ60gCfcMExUdI
    [FPQQLSH] => OGGP2020073111123232
    [DDH] => GGP20200731111232142
    [invoice_type] => park
    [KP_NSRSBH] => 91440606MA4WX4KK55
    [KP_NSRMC] => 佛山市成柏电子科技有限公司
    [DKBZ] => 0
    [XHF_NSRSBH] => 91440606MA4WX4KK55
    [XHF_MC] => 佛山市成柏电子科技有限公司
    [XHF_DZ] => 佛山市顺德区伦教街道办事处常教社区居民委员会尚成路1号唯美嘉园6座103号铺
    [XHF_DH] => 0757-22223287
    [XHF_YHZH] => 广东顺德农村商业银行股份有限公司大良信合支行  801101000927634235
    [GHF_NSRSBH] => 914406046771145284
    [GHF_SJ] => 
    [GHF_DZ] => 佛山市禅城区岭南大道北131号二座2606房
    [GHF_GDDH] => 
    [GHF_EMAIL] => 957170929@qq.com
    [GHFQYLX] => 01
    [GHF_YHZH] => 
    [GHF_MC] => 佛山市禅弘投资咨询有限公司
    [KPR] => 梁月华
    [SKR] => 梁月华
    [FHR] => 植银弟
    [KPLX] => 1
    [CZDM] => 10
    [YHZCBS] => 0
    [XMMC] => 路内智能停车服务
    [DW] => 台
    [GGXH] => 
    [SPBM] => 3040502020200000000
    [XMSL] => 1.00
    [XMDJ] => 19.00
    [HSBZ] => 1
    [KPHJJE] => 19.00
    [XMJE] => 19.00
    [SL] => 0.09
    [SE] => 1.57
    [oids] => 767424
    [create_date] => 1596165152
)
Array
(
    [uniacid] => 14
    [openid] => oR-IB0nPjGMhutW-p5oC2FPv1EQA
    [FPQQLSH] => OGGP2020073119222366
    [DDH] => GGP20200731192223729
    [invoice_type] => park
    [KP_NSRSBH] => 91440606MA4WX4KK55
    [KP_NSRMC] => 佛山市成柏电子科技有限公司
    [DKBZ] => 0
    [XHF_NSRSBH] => 91440606MA4WX4KK55
    [XHF_MC] => 佛山市成柏电子科技有限公司
    [XHF_DZ] => 佛山市顺德区伦教街道办事处常教社区居民委员会尚成路1号唯美嘉园6座103号铺
    [XHF_DH] => 0757-22223287
    [XHF_YHZH] => 广东顺德农村商业银行股份有限公司大良信合支行  801101000927634235
    [GHF_NSRSBH] => 
    [GHF_SJ] => 
    [GHF_DZ] => 
    [GHF_GDDH] => 
    [GHF_EMAIL] => 418150544@qq.com
    [GHFQYLX] => 03
    [GHF_YHZH] => 
    [GHF_MC] => 个人(张先生)
    [KPR] => 梁月华
    [SKR] => 梁月华
    [FHR] => 植银弟
    [KPLX] => 1
    [CZDM] => 10
    [YHZCBS] => 0
    [XMMC] => 路内智能停车服务
    [DW] => 台
    [GGXH] => 
    [SPBM] => 3040502020200000000
    [XMSL] => 1.00
    [XMDJ] => 2500.00
    [HSBZ] => 1
    [KPHJJE] => 2500.00
    [XMJE] => 2500.00
    [SL] => 0.09
    [SE] => 206.42
    [oids] => 768953
    [create_date] => 1596194543
)
