Array
(
    [uniacid] => 14
    [openid] => oR-IB0jMRdn1hK3yH63ERv835TH8
    [FPQQLSH] => OGGP2019110108355169
    [DDH] => GGP20191101083551806
    [invoice_type] => park
    [KP_NSRSBH] => 91440606MA4WX4KK55
    [KP_NSRMC] => 佛山市成柏电子科技有限公司
    [DKBZ] => 0
    [XHF_NSRSBH] => 91440606MA4WX4KK55
    [XHF_MC] => 佛山市成柏电子科技有限公司
    [XHF_DZ] => 佛山市顺德区伦教街道办事处常教社区居民委员会尚成路1号唯美嘉园6座103号铺
    [XHF_DH] => 0757-22223287
    [XHF_YHZH] => 广东顺德农村商业银行股份有限公司大良信合支行  801101000927634235
    [GHF_NSRSBH] => 91440606724378439E
    [GHF_SJ] => 
    [GHF_DZ] => 佛山市顺德区大良红岗路红庙用地
    [GHF_GDDH] => 
    [GHF_EMAIL] => 737277846@qq.com
    [GHFQYLX] => 01
    [GHF_YHZH] => 
    [GHF_MC] => 广东汇盈电力工程有限公司
    [KPR] => 梁月华
    [SKR] => 梁月华
    [FHR] => 植银弟
    [KPLX] => 1
    [CZDM] => 10
    [YHZCBS] => 0
    [XMMC] => 路内智能停车服务
    [DW] => 台
    [GGXH] => 
    [SPBM] => 3040502020200000000
    [XMSL] => 1.00
    [XMDJ] => 157.50
    [HSBZ] => 1
    [KPHJJE] => 157.50
    [XMJE] => 157.50
    [SL] => 0.09
    [SE] => 13.00
    [oids] => 467399,466622,466288,465130,459389,451791,449695,449369,443324,442430,418348,417629,417255,416193,408905,407755,401790
    [create_date] => 1572568551
)
Array
(
    [uniacid] => 14
    [openid] => oR-IB0l8pZQPpWmadUkjLDyCUp8c
    [FPQQLSH] => OGGP2019110112235883
    [DDH] => GGP20191101122358713
    [invoice_type] => park
    [KP_NSRSBH] => 91440606MA4WX4KK55
    [KP_NSRMC] => 佛山市成柏电子科技有限公司
    [DKBZ] => 0
    [XHF_NSRSBH] => 91440606MA4WX4KK55
    [XHF_MC] => 佛山市成柏电子科技有限公司
    [XHF_DZ] => 佛山市顺德区伦教街道办事处常教社区居民委员会尚成路1号唯美嘉园6座103号铺
    [XHF_DH] => 0757-22223287
    [XHF_YHZH] => 广东顺德农村商业银行股份有限公司大良信合支行  801101000927634235
    [GHF_NSRSBH] => 91440604796227920B
    [GHF_SJ] => 
    [GHF_DZ] => 
    [GHF_GDDH] => 
    [GHF_EMAIL] => 568873387@qq.com
    [GHFQYLX] => 01
    [GHF_YHZH] => 
    [GHF_MC] => 佛山市恒创电力工程有限公司
    [KPR] => 梁月华
    [SKR] => 梁月华
    [FHR] => 植银弟
    [KPLX] => 1
    [CZDM] => 10
    [YHZCBS] => 0
    [XMMC] => 路内智能停车服务
    [DW] => 台
    [GGXH] => 
    [SPBM] => 3040502020200000000
    [XMSL] => 1.00
    [XMDJ] => 10.00
    [HSBZ] => 1
    [KPHJJE] => 10.00
    [XMJE] => 10.00
    [SL] => 0.09
    [SE] => 0.83
    [oids] => 459154
    [create_date] => 1572582238
)
Array
(
    [uniacid] => 14
    [openid] => oR-IB0uro2NI2GJMpdka2friWV48
    [FPQQLSH] => OGGP2019110116402753
    [DDH] => GGP20191101164027878
    [invoice_type] => park
    [KP_NSRSBH] => 91440606MA4WX4KK55
    [KP_NSRMC] => 佛山市成柏电子科技有限公司
    [DKBZ] => 0
    [XHF_NSRSBH] => 91440606MA4WX4KK55
    [XHF_MC] => 佛山市成柏电子科技有限公司
    [XHF_DZ] => 佛山市顺德区伦教街道办事处常教社区居民委员会尚成路1号唯美嘉园6座103号铺
    [XHF_DH] => 0757-22223287
    [XHF_YHZH] => 广东顺德农村商业银行股份有限公司大良信合支行  801101000927634235
    [GHF_NSRSBH] => 91440606584716001Y
    [GHF_SJ] => 
    [GHF_DZ] => 
    [GHF_GDDH] => 
    [GHF_EMAIL] => 289825331@qq.com
    [GHFQYLX] => 01
    [GHF_YHZH] => 
    [GHF_MC] => 广东广顺建筑工程有限公司
    [KPR] => 梁月华
    [SKR] => 梁月华
    [FHR] => 植银弟
    [KPLX] => 1
    [CZDM] => 10
    [YHZCBS] => 0
    [XMMC] => 路内智能停车服务
    [DW] => 台
    [GGXH] => 
    [SPBM] => 3040502020200000000
    [XMSL] => 1.00
    [XMDJ] => 167.50
    [HSBZ] => 1
    [KPHJJE] => 167.50
    [XMJE] => 167.50
    [SL] => 0.09
    [SE] => 13.83
    [oids] => 461735,460260,459052,457851,456830,442011
    [create_date] => 1572597627
)
Array
(
    [uniacid] => 14
    [openid] => oR-IB0vBdp3LU5MJkgd0Jobw_ApE
    [FPQQLSH] => OGGP2019110221223954
    [DDH] => GGP20191102212239526
    [invoice_type] => park
    [KP_NSRSBH] => 91440606MA4WX4KK55
    [KP_NSRMC] => 佛山市成柏电子科技有限公司
    [DKBZ] => 0
    [XHF_NSRSBH] => 91440606MA4WX4KK55
    [XHF_MC] => 佛山市成柏电子科技有限公司
    [XHF_DZ] => 佛山市顺德区伦教街道办事处常教社区居民委员会尚成路1号唯美嘉园6座103号铺
    [XHF_DH] => 0757-22223287
    [XHF_YHZH] => 广东顺德农村商业银行股份有限公司大良信合支行  801101000927634235
    [GHF_NSRSBH] => 91440300326383363M
    [GHF_SJ] => 
    [GHF_DZ] => 
    [GHF_GDDH] => 
    [GHF_EMAIL] => 541185851@qq.com
    [GHFQYLX] => 01
    [GHF_YHZH] => 
    [GHF_MC] => 深圳市北斗企业管理咨询有限公司
    [KPR] => 梁月华
    [SKR] => 梁月华
    [FHR] => 植银弟
    [KPLX] => 1
    [CZDM] => 10
    [YHZCBS] => 0
    [XMMC] => 路内智能停车服务
    [DW] => 台
    [GGXH] => 
    [SPBM] => 3040502020200000000
    [XMSL] => 1.00
    [XMDJ] => 128.50
    [HSBZ] => 1
    [KPHJJE] => 128.50
    [XMJE] => 128.50
    [SL] => 0.09
    [SE] => 10.61
    [oids] => 457524,453596,452476,451324,450091,449048,445030,443900,442875,441491,440330,357957
    [create_date] => 1572700959
)
Array
(
    [uniacid] => 14
    [openid] => oR-IB0j5FBQGNkOEMn-GpakV7gb0
    [FPQQLSH] => OGGP2019110307295133
    [DDH] => GGP20191103072951353
    [invoice_type] => park
    [KP_NSRSBH] => 91440606MA4WX4KK55
    [KP_NSRMC] => 佛山市成柏电子科技有限公司
    [DKBZ] => 0
    [XHF_NSRSBH] => 91440606MA4WX4KK55
    [XHF_MC] => 佛山市成柏电子科技有限公司
    [XHF_DZ] => 佛山市顺德区伦教街道办事处常教社区居民委员会尚成路1号唯美嘉园6座103号铺
    [XHF_DH] => 0757-22223287
    [XHF_YHZH] => 广东顺德农村商业银行股份有限公司大良信合支行  801101000927634235
    [GHF_NSRSBH] => 91440606398166587H
    [GHF_SJ] => 
    [GHF_DZ] => 
    [GHF_GDDH] => 
    [GHF_EMAIL] => 1241492292@qq.com
    [GHFQYLX] => 01
    [GHF_YHZH] => 
    [GHF_MC] => 佛山市顺德区诚尚机械配件厂
    [KPR] => 梁月华
    [SKR] => 梁月华
    [FHR] => 植银弟
    [KPLX] => 1
    [CZDM] => 10
    [YHZCBS] => 0
    [XMMC] => 路内智能停车服务
    [DW] => 台
    [GGXH] => 
    [SPBM] => 3040502020200000000
    [XMSL] => 1.00
    [XMDJ] => 8.00
    [HSBZ] => 1
    [KPHJJE] => 8.00
    [XMJE] => 8.00
    [SL] => 0.09
    [SE] => 0.66
    [oids] => 471932
    [create_date] => 1572737391
)
Array
(
    [uniacid] => 14
    [openid] => oR-IB0j5FBQGNkOEMn-GpakV7gb0
    [FPQQLSH] => OGGP2019110307312480
    [DDH] => GGP2019110307312466
    [invoice_type] => park
    [KP_NSRSBH] => 91440606MA4WX4KK55
    [KP_NSRMC] => 佛山市成柏电子科技有限公司
    [DKBZ] => 0
    [XHF_NSRSBH] => 91440606MA4WX4KK55
    [XHF_MC] => 佛山市成柏电子科技有限公司
    [XHF_DZ] => 佛山市顺德区伦教街道办事处常教社区居民委员会尚成路1号唯美嘉园6座103号铺
    [XHF_DH] => 0757-22223287
    [XHF_YHZH] => 广东顺德农村商业银行股份有限公司大良信合支行  801101000927634235
    [GHF_NSRSBH] => 91440606398166587H
    [GHF_SJ] => 
    [GHF_DZ] => 
    [GHF_GDDH] => 
    [GHF_EMAIL] => 1241492292@qq.com
    [GHFQYLX] => 01
    [GHF_YHZH] => 
    [GHF_MC] => 佛山市顺德区诚尚机械配件厂
    [KPR] => 梁月华
    [SKR] => 梁月华
    [FHR] => 植银弟
    [KPLX] => 1
    [CZDM] => 10
    [YHZCBS] => 0
    [XMMC] => 路内智能停车服务
    [DW] => 台
    [GGXH] => 
    [SPBM] => 3040502020200000000
    [XMSL] => 1.00
    [XMDJ] => 30.00
    [HSBZ] => 1
    [KPHJJE] => 30.00
    [XMJE] => 30.00
    [SL] => 0.09
    [SE] => 2.48
    [oids] => 433491
    [create_date] => 1572737484
)
Array
(
    [uniacid] => 14
    [openid] => oR-IB0iHCnsF9TdQfGcuTlC2DTv8
    [FPQQLSH] => OGGP2019110409523137
    [DDH] => GGP20191104095231197
    [invoice_type] => park
    [KP_NSRSBH] => 91440606MA4WX4KK55
    [KP_NSRMC] => 佛山市成柏电子科技有限公司
    [DKBZ] => 0
    [XHF_NSRSBH] => 91440606MA4WX4KK55
    [XHF_MC] => 佛山市成柏电子科技有限公司
    [XHF_DZ] => 佛山市顺德区伦教街道办事处常教社区居民委员会尚成路1号唯美嘉园6座103号铺
    [XHF_DH] => 0757-22223287
    [XHF_YHZH] => 广东顺德农村商业银行股份有限公司大良信合支行  801101000927634235
    [GHF_NSRSBH] => 91440606MA52DW778J
    [GHF_SJ] => 13902568148
    [GHF_DZ] => 
    [GHF_GDDH] => 
    [GHF_EMAIL] => jie@dongliangarment.
    [GHFQYLX] => 01
    [GHF_YHZH] => 
    [GHF_MC] => 广东动联制衣有限公司
    [KPR] => 梁月华
    [SKR] => 梁月华
    [FHR] => 植银弟
    [KPLX] => 1
    [CZDM] => 10
    [YHZCBS] => 0
    [XMMC] => 路内智能停车服务
    [DW] => 台
    [GGXH] => 
    [SPBM] => 3040502020200000000
    [XMSL] => 1.00
    [XMDJ] => 4.00
    [HSBZ] => 1
    [KPHJJE] => 4.00
    [XMJE] => 4.00
    [SL] => 0.09
    [SE] => 0.33
    [oids] => 457598
    [create_date] => 1572832351
)
Array
(
    [uniacid] => 14
    [openid] => oR-IB0iHCnsF9TdQfGcuTlC2DTv8
    [FPQQLSH] => OGGP2019110409595269
    [DDH] => GGP20191104095952810
    [invoice_type] => park
    [KP_NSRSBH] => 91440606MA4WX4KK55
    [KP_NSRMC] => 佛山市成柏电子科技有限公司
    [DKBZ] => 0
    [XHF_NSRSBH] => 91440606MA4WX4KK55
    [XHF_MC] => 佛山市成柏电子科技有限公司
    [XHF_DZ] => 佛山市顺德区伦教街道办事处常教社区居民委员会尚成路1号唯美嘉园6座103号铺
    [XHF_DH] => 0757-22223287
    [XHF_YHZH] => 广东顺德农村商业银行股份有限公司大良信合支行  801101000927634235
    [GHF_NSRSBH] => 91440606MA52DW778J
    [GHF_SJ] => 13902568148
    [GHF_DZ] => 
    [GHF_GDDH] => 
    [GHF_EMAIL] => jie@dongliangarment.
    [GHFQYLX] => 01
    [GHF_YHZH] => 
    [GHF_MC] => 广东动联制衣有限公司
    [KPR] => 梁月华
    [SKR] => 梁月华
    [FHR] => 植银弟
    [KPLX] => 1
    [CZDM] => 10
    [YHZCBS] => 0
    [XMMC] => 路内智能停车服务
    [DW] => 台
    [GGXH] => 
    [SPBM] => 3040502020200000000
    [XMSL] => 1.00
    [XMDJ] => 45.00
    [HSBZ] => 1
    [KPHJJE] => 45.00
    [XMJE] => 45.00
    [SL] => 0.09
    [SE] => 3.72
    [oids] => 310187,309055,305107,301631
    [create_date] => 1572832792
)
Array
(
    [uniacid] => 14
    [openid] => oR-IB0iHCnsF9TdQfGcuTlC2DTv8
    [FPQQLSH] => OGGP2019110410052135
    [DDH] => GGP20191104100521363
    [invoice_type] => park
    [KP_NSRSBH] => 91440606MA4WX4KK55
    [KP_NSRMC] => 佛山市成柏电子科技有限公司
    [DKBZ] => 0
    [XHF_NSRSBH] => 91440606MA4WX4KK55
    [XHF_MC] => 佛山市成柏电子科技有限公司
    [XHF_DZ] => 佛山市顺德区伦教街道办事处常教社区居民委员会尚成路1号唯美嘉园6座103号铺
    [XHF_DH] => 0757-22223287
    [XHF_YHZH] => 广东顺德农村商业银行股份有限公司大良信合支行  801101000927634235
    [GHF_NSRSBH] => 91440606MA52DW778J
    [GHF_SJ] => 13902568148
    [GHF_DZ] => 
    [GHF_GDDH] => 
    [GHF_EMAIL] => jie@dongliangarment.
    [GHFQYLX] => 01
    [GHF_YHZH] => 
    [GHF_MC] => 广东动联制衣有限公司
    [KPR] => 梁月华
    [SKR] => 梁月华
    [FHR] => 植银弟
    [KPLX] => 1
    [CZDM] => 10
    [YHZCBS] => 0
    [XMMC] => 路内智能停车服务
    [DW] => 台
    [GGXH] => 
    [SPBM] => 3040502020200000000
    [XMSL] => 1.00
    [XMDJ] => 24.00
    [HSBZ] => 1
    [KPHJJE] => 24.00
    [XMJE] => 24.00
    [SL] => 0.09
    [SE] => 1.98
    [oids] => 428629,420326,347808,338488
    [create_date] => 1572833121
)
Array
(
    [uniacid] => 14
    [openid] => oR-IB0kp7TGPVJNKrI9uiibsKQHc
    [FPQQLSH] => OGGP2019110417535449
    [DDH] => GGP20191104175354714
    [invoice_type] => park
    [KP_NSRSBH] => 91440606MA4WX4KK55
    [KP_NSRMC] => 佛山市成柏电子科技有限公司
    [DKBZ] => 0
    [XHF_NSRSBH] => 91440606MA4WX4KK55
    [XHF_MC] => 佛山市成柏电子科技有限公司
    [XHF_DZ] => 佛山市顺德区伦教街道办事处常教社区居民委员会尚成路1号唯美嘉园6座103号铺
    [XHF_DH] => 0757-22223287
    [XHF_YHZH] => 广东顺德农村商业银行股份有限公司大良信合支行  801101000927634235
    [GHF_NSRSBH] => 914406062319486916
    [GHF_SJ] => 
    [GHF_DZ] => 
    [GHF_GDDH] => 
    [GHF_EMAIL] => 595607567@qq.com
    [GHFQYLX] => 01
    [GHF_YHZH] => 
    [GHF_MC] => 佛山市顺德区顺昌纸类制品有限公司
    [KPR] => 梁月华
    [SKR] => 梁月华
    [FHR] => 植银弟
    [KPLX] => 1
    [CZDM] => 10
    [YHZCBS] => 0
    [XMMC] => 路内智能停车服务
    [DW] => 台
    [GGXH] => 
    [SPBM] => 3040502020200000000
    [XMSL] => 1.00
    [XMDJ] => 34.00
    [HSBZ] => 1
    [KPHJJE] => 34.00
    [XMJE] => 34.00
    [SL] => 0.09
    [SE] => 2.81
    [oids] => 397072,370963,370075,336754
    [create_date] => 1572861234
)
Array
(
    [uniacid] => 14
    [openid] => oR-IB0hKWFEbnG5hmapfcASRHRxY
    [FPQQLSH] => OGGP2019110611114453
    [DDH] => GGP2019110611114450
    [invoice_type] => park
    [KP_NSRSBH] => 91440606MA4WX4KK55
    [KP_NSRMC] => 佛山市成柏电子科技有限公司
    [DKBZ] => 0
    [XHF_NSRSBH] => 91440606MA4WX4KK55
    [XHF_MC] => 佛山市成柏电子科技有限公司
    [XHF_DZ] => 佛山市顺德区伦教街道办事处常教社区居民委员会尚成路1号唯美嘉园6座103号铺
    [XHF_DH] => 0757-22223287
    [XHF_YHZH] => 广东顺德农村商业银行股份有限公司大良信合支行  801101000927634235
    [GHF_NSRSBH] => 91440606MA4UPE0T3H
    [GHF_SJ] => 
    [GHF_DZ] => 
    [GHF_GDDH] => 
    [GHF_EMAIL] => 475758680@qq.com
    [GHFQYLX] => 01
    [GHF_YHZH] => 
    [GHF_MC] => 佛山市顺德区明盛网络科技有限公司
    [KPR] => 梁月华
    [SKR] => 梁月华
    [FHR] => 植银弟
    [KPLX] => 1
    [CZDM] => 10
    [YHZCBS] => 0
    [XMMC] => 路内智能停车服务
    [DW] => 台
    [GGXH] => 
    [SPBM] => 3040502020200000000
    [XMSL] => 1.00
    [XMDJ] => 5.00
    [HSBZ] => 1
    [KPHJJE] => 5.00
    [XMJE] => 5.00
    [SL] => 0.09
    [SE] => 0.41
    [oids] => 465163
    [create_date] => 1573009904
)
Array
(
    [uniacid] => 14
    [openid] => oR-IB0kp7TGPVJNKrI9uiibsKQHc
    [FPQQLSH] => OGGP201911071237279
    [DDH] => GGP20191107123727424
    [invoice_type] => park
    [KP_NSRSBH] => 91440606MA4WX4KK55
    [KP_NSRMC] => 佛山市成柏电子科技有限公司
    [DKBZ] => 0
    [XHF_NSRSBH] => 91440606MA4WX4KK55
    [XHF_MC] => 佛山市成柏电子科技有限公司
    [XHF_DZ] => 佛山市顺德区伦教街道办事处常教社区居民委员会尚成路1号唯美嘉园6座103号铺
    [XHF_DH] => 0757-22223287
    [XHF_YHZH] => 广东顺德农村商业银行股份有限公司大良信合支行  801101000927634235
    [GHF_NSRSBH] => 914406062319486916
    [GHF_SJ] => 
    [GHF_DZ] => 
    [GHF_GDDH] => 
    [GHF_EMAIL] => 595607567@qq.com
    [GHFQYLX] => 01
    [GHF_YHZH] => 
    [GHF_MC] => 佛山市顺德区顺昌纸类制品有限公司
    [KPR] => 梁月华
    [SKR] => 梁月华
    [FHR] => 植银弟
    [KPLX] => 1
    [CZDM] => 10
    [YHZCBS] => 0
    [XMMC] => 路内智能停车服务
    [DW] => 台
    [GGXH] => 
    [SPBM] => 3040502020200000000
    [XMSL] => 1.00
    [XMDJ] => 26.50
    [HSBZ] => 1
    [KPHJJE] => 26.50
    [XMJE] => 26.50
    [SL] => 0.09
    [SE] => 2.19
    [oids] => 334453,272877,255381
    [create_date] => 1573101447
)
Array
(
    [uniacid] => 14
    [openid] => oR-IB0ljo0n78dLxkb0ThzaIWz7k
    [FPQQLSH] => OGGP2019110913243756
    [DDH] => GGP20191109132437240
    [invoice_type] => park
    [KP_NSRSBH] => 91440606MA4WX4KK55
    [KP_NSRMC] => 佛山市成柏电子科技有限公司
    [DKBZ] => 0
    [XHF_NSRSBH] => 91440606MA4WX4KK55
    [XHF_MC] => 佛山市成柏电子科技有限公司
    [XHF_DZ] => 佛山市顺德区伦教街道办事处常教社区居民委员会尚成路1号唯美嘉园6座103号铺
    [XHF_DH] => 0757-22223287
    [XHF_YHZH] => 广东顺德农村商业银行股份有限公司大良信合支行  801101000927634235
    [GHF_NSRSBH] => 91440606MA53G5C9XM
    [GHF_SJ] => 
    [GHF_DZ] => 
    [GHF_GDDH] => 
    [GHF_EMAIL] => 463469697@qq.com
    [GHFQYLX] => 01
    [GHF_YHZH] => 
    [GHF_MC] => 佛山市顺德区杜宇贸易有限公司
    [KPR] => 梁月华
    [SKR] => 梁月华
    [FHR] => 植银弟
    [KPLX] => 1
    [CZDM] => 10
    [YHZCBS] => 0
    [XMMC] => 路内智能停车服务
    [DW] => 台
    [GGXH] => 
    [SPBM] => 3040502020200000000
    [XMSL] => 1.00
    [XMDJ] => 2500.00
    [HSBZ] => 1
    [KPHJJE] => 2500.00
    [XMJE] => 2500.00
    [SL] => 0.09
    [SE] => 206.42
    [oids] => 427249
    [create_date] => 1573277077
)
Array
(
    [uniacid] => 14
    [openid] => oR-IB0ur8NEgmtf_6tgw9yBaCd24
    [FPQQLSH] => OGGP2019111014225840
    [DDH] => GGP20191110142258691
    [invoice_type] => park
    [KP_NSRSBH] => 91440606MA4WX4KK55
    [KP_NSRMC] => 佛山市成柏电子科技有限公司
    [DKBZ] => 0
    [XHF_NSRSBH] => 91440606MA4WX4KK55
    [XHF_MC] => 佛山市成柏电子科技有限公司
    [XHF_DZ] => 佛山市顺德区伦教街道办事处常教社区居民委员会尚成路1号唯美嘉园6座103号铺
    [XHF_DH] => 0757-22223287
    [XHF_YHZH] => 广东顺德农村商业银行股份有限公司大良信合支行  801101000927634235
    [GHF_NSRSBH] => 91440704MA52YFLP28
    [GHF_SJ] => 
    [GHF_DZ] => 
    [GHF_GDDH] => 
    [GHF_EMAIL] => 18194065@qq.com
    [GHFQYLX] => 01
    [GHF_YHZH] => 
    [GHF_MC] => 江门市盖瑞科技信息有限公司
    [KPR] => 梁月华
    [SKR] => 梁月华
    [FHR] => 植银弟
    [KPLX] => 1
    [CZDM] => 10
    [YHZCBS] => 0
    [XMMC] => 路内智能停车服务
    [DW] => 台
    [GGXH] => 
    [SPBM] => 3040502020200000000
    [XMSL] => 1.00
    [XMDJ] => 192.25
    [HSBZ] => 1
    [KPHJJE] => 192.25
    [XMJE] => 192.25
    [SL] => 0.09
    [SE] => 15.87
    [oids] => 455657,425546,422397,403564,391798,377798,363058,359789,325477,270831,256823,238635,205694,194993,181949,169740,167302,163643,160628,153755,144024,138917,137830,133883,125484,113603,111949,49046,47713,41178,34470,33327,29460,26317,21663
    [create_date] => 1573366978
)
Array
(
    [uniacid] => 14
    [openid] => oR-IB0ur8NEgmtf_6tgw9yBaCd24
    [FPQQLSH] => OGGP2019111020024374
    [DDH] => GGP20191110200243522
    [invoice_type] => park
    [KP_NSRSBH] => 91440606MA4WX4KK55
    [KP_NSRMC] => 佛山市成柏电子科技有限公司
    [DKBZ] => 0
    [XHF_NSRSBH] => 91440606MA4WX4KK55
    [XHF_MC] => 佛山市成柏电子科技有限公司
    [XHF_DZ] => 佛山市顺德区伦教街道办事处常教社区居民委员会尚成路1号唯美嘉园6座103号铺
    [XHF_DH] => 0757-22223287
    [XHF_YHZH] => 广东顺德农村商业银行股份有限公司大良信合支行  801101000927634235
    [GHF_NSRSBH] => 91440704MA52YFLP28
    [GHF_SJ] => 
    [GHF_DZ] => 
    [GHF_GDDH] => 
    [GHF_EMAIL] => 18194065@qq.com
    [GHFQYLX] => 01
    [GHF_YHZH] => 
    [GHF_MC] => 江门市盖瑞科技信息有限公司
    [KPR] => 梁月华
    [SKR] => 梁月华
    [FHR] => 植银弟
    [KPLX] => 1
    [CZDM] => 10
    [YHZCBS] => 0
    [XMMC] => 路内智能停车服务
    [DW] => 台
    [GGXH] => 
    [SPBM] => 3040502020200000000
    [XMSL] => 1.00
    [XMDJ] => 15.00
    [HSBZ] => 1
    [KPHJJE] => 15.00
    [XMJE] => 15.00
    [SL] => 0.09
    [SE] => 1.24
    [oids] => 481419
    [create_date] => 1573387363
)
Array
(
    [uniacid] => 14
    [openid] => oR-IB0izrbFECsIgIL0fUFtAOZj4
    [FPQQLSH] => OGGP2019111111303634
    [DDH] => GGP20191111113036834
    [invoice_type] => park
    [KP_NSRSBH] => 91440606MA4WX4KK55
    [KP_NSRMC] => 佛山市成柏电子科技有限公司
    [DKBZ] => 0
    [XHF_NSRSBH] => 91440606MA4WX4KK55
    [XHF_MC] => 佛山市成柏电子科技有限公司
    [XHF_DZ] => 佛山市顺德区伦教街道办事处常教社区居民委员会尚成路1号唯美嘉园6座103号铺
    [XHF_DH] => 0757-22223287
    [XHF_YHZH] => 广东顺德农村商业银行股份有限公司大良信合支行  801101000927634235
    [GHF_NSRSBH] => 91360703MA37Q75E6H
    [GHF_SJ] => 
    [GHF_DZ] => 
    [GHF_GDDH] => 
    [GHF_EMAIL] => 641840209@qq.com
    [GHFQYLX] => 01
    [GHF_YHZH] => 
    [GHF_MC] => 赣州能之光新材料有限公司
    [KPR] => 梁月华
    [SKR] => 梁月华
    [FHR] => 植银弟
    [KPLX] => 1
    [CZDM] => 10
    [YHZCBS] => 0
    [XMMC] => 路内智能停车服务
    [DW] => 台
    [GGXH] => 
    [SPBM] => 3040502020200000000
    [XMSL] => 1.00
    [XMDJ] => 10.00
    [HSBZ] => 1
    [KPHJJE] => 10.00
    [XMJE] => 10.00
    [SL] => 0.09
    [SE] => 0.83
    [oids] => 451006
    [create_date] => 1573443036
)
Array
(
    [uniacid] => 14
    [openid] => oR-IB0izrbFECsIgIL0fUFtAOZj4
    [FPQQLSH] => OGGP2019111111313421
    [DDH] => GGP2019111111313415
    [invoice_type] => park
    [KP_NSRSBH] => 91440606MA4WX4KK55
    [KP_NSRMC] => 佛山市成柏电子科技有限公司
    [DKBZ] => 0
    [XHF_NSRSBH] => 91440606MA4WX4KK55
    [XHF_MC] => 佛山市成柏电子科技有限公司
    [XHF_DZ] => 佛山市顺德区伦教街道办事处常教社区居民委员会尚成路1号唯美嘉园6座103号铺
    [XHF_DH] => 0757-22223287
    [XHF_YHZH] => 广东顺德农村商业银行股份有限公司大良信合支行  801101000927634235
    [GHF_NSRSBH] => 91360703MA37Q75E6H
    [GHF_SJ] => 
    [GHF_DZ] => 
    [GHF_GDDH] => 
    [GHF_EMAIL] => 641840209@qq.com
    [GHFQYLX] => 01
    [GHF_YHZH] => 
    [GHF_MC] => 赣州能之光新材料有限公司
    [KPR] => 梁月华
    [SKR] => 梁月华
    [FHR] => 植银弟
    [KPLX] => 1
    [CZDM] => 10
    [YHZCBS] => 0
    [XMMC] => 路内智能停车服务
    [DW] => 台
    [GGXH] => 
    [SPBM] => 3040502020200000000
    [XMSL] => 1.00
    [XMDJ] => 5.00
    [HSBZ] => 1
    [KPHJJE] => 5.00
    [XMJE] => 5.00
    [SL] => 0.09
    [SE] => 0.41
    [oids] => 450928
    [create_date] => 1573443094
)
Array
(
    [uniacid] => 14
    [openid] => oR-IB0pJo1ehP4S_Kbm_b9dn0Wi8
    [FPQQLSH] => OGGP2019111210310369
    [DDH] => GGP2019111210310313
    [invoice_type] => park
    [KP_NSRSBH] => 91440606MA4WX4KK55
    [KP_NSRMC] => 佛山市成柏电子科技有限公司
    [DKBZ] => 0
    [XHF_NSRSBH] => 91440606MA4WX4KK55
    [XHF_MC] => 佛山市成柏电子科技有限公司
    [XHF_DZ] => 佛山市顺德区伦教街道办事处常教社区居民委员会尚成路1号唯美嘉园6座103号铺
    [XHF_DH] => 0757-22223287
    [XHF_YHZH] => 广东顺德农村商业银行股份有限公司大良信合支行  801101000927634235
    [GHF_NSRSBH] => 914406067224619927
    [GHF_SJ] => 
    [GHF_DZ] => 
    [GHF_GDDH] => 
    [GHF_EMAIL] => sdyxjz@126.com
    [GHFQYLX] => 01
    [GHF_YHZH] => 
    [GHF_MC] => 佛山市业兴建筑工程有限公司
    [KPR] => 梁月华
    [SKR] => 梁月华
    [FHR] => 植银弟
    [KPLX] => 1
    [CZDM] => 10
    [YHZCBS] => 0
    [XMMC] => 路内智能停车服务
    [DW] => 台
    [GGXH] => 
    [SPBM] => 3040502020200000000
    [XMSL] => 1.00
    [XMDJ] => 40.00
    [HSBZ] => 1
    [KPHJJE] => 40.00
    [XMJE] => 40.00
    [SL] => 0.09
    [SE] => 3.30
    [oids] => 475187,471456
    [create_date] => 1573525863
)
Array
(
    [uniacid] => 14
    [openid] => oR-IB0pDD71rF5cYRNf_8GbqReQY
    [FPQQLSH] => OGGP2019111311072891
    [DDH] => GGP20191113110728646
    [invoice_type] => park
    [KP_NSRSBH] => 91440606MA4WX4KK55
    [KP_NSRMC] => 佛山市成柏电子科技有限公司
    [DKBZ] => 0
    [XHF_NSRSBH] => 91440606MA4WX4KK55
    [XHF_MC] => 佛山市成柏电子科技有限公司
    [XHF_DZ] => 佛山市顺德区伦教街道办事处常教社区居民委员会尚成路1号唯美嘉园6座103号铺
    [XHF_DH] => 0757-22223287
    [XHF_YHZH] => 广东顺德农村商业银行股份有限公司大良信合支行  801101000927634235
    [GHF_NSRSBH] => 91440101731569620Y
    [GHF_SJ] => 
    [GHF_DZ] => 
    [GHF_GDDH] => 
    [GHF_EMAIL] => sddop@qq.com
    [GHFQYLX] => 01
    [GHF_YHZH] => 
    [GHF_MC] => 宜通世纪科技股份有限公司
    [KPR] => 梁月华
    [SKR] => 梁月华
    [FHR] => 植银弟
    [KPLX] => 1
    [CZDM] => 10
    [YHZCBS] => 0
    [XMMC] => 路内智能停车服务
    [DW] => 台
    [GGXH] => 
    [SPBM] => 3040502020200000000
    [XMSL] => 1.00
    [XMDJ] => 20.00
    [HSBZ] => 1
    [KPHJJE] => 20.00
    [XMJE] => 20.00
    [SL] => 0.09
    [SE] => 1.65
    [oids] => 315631,233691,188067,170586
    [create_date] => 1573614448
)
Array
(
    [uniacid] => 14
    [openid] => oR-IB0tDWHXoBqFjGS53SFW_Y8X0
    [FPQQLSH] => OGGP2019111312194291
    [DDH] => GGP20191113121942505
    [invoice_type] => park
    [KP_NSRSBH] => 91440606MA4WX4KK55
    [KP_NSRMC] => 佛山市成柏电子科技有限公司
    [DKBZ] => 0
    [XHF_NSRSBH] => 91440606MA4WX4KK55
    [XHF_MC] => 佛山市成柏电子科技有限公司
    [XHF_DZ] => 佛山市顺德区伦教街道办事处常教社区居民委员会尚成路1号唯美嘉园6座103号铺
    [XHF_DH] => 0757-22223287
    [XHF_YHZH] => 广东顺德农村商业银行股份有限公司大良信合支行  801101000927634235
    [GHF_NSRSBH] => 914400001903718642
    [GHF_SJ] => 13751757297
    [GHF_DZ] => 广州市东风东路726号16楼
    [GHF_GDDH] => 
    [GHF_EMAIL] => liuzhifeng@ebidding.
    [GHFQYLX] => 01
    [GHF_YHZH] => 
    [GHF_MC] => 国义招标股份有限公司
    [KPR] => 梁月华
    [SKR] => 梁月华
    [FHR] => 植银弟
    [KPLX] => 1
    [CZDM] => 10
    [YHZCBS] => 0
    [XMMC] => 路内智能停车服务
    [DW] => 台
    [GGXH] => 
    [SPBM] => 3040502020200000000
    [XMSL] => 1.00
    [XMDJ] => 10.00
    [HSBZ] => 1
    [KPHJJE] => 10.00
    [XMJE] => 10.00
    [SL] => 0.09
    [SE] => 0.83
    [oids] => 484345
    [create_date] => 1573618782
)
Array
(
    [uniacid] => 14
    [openid] => oR-IB0pC3SHqtSPh9q-n_ceaTDpI
    [FPQQLSH] => OGGP201911151131184
    [DDH] => GGP20191115113118509
    [invoice_type] => park
    [KP_NSRSBH] => 91440606MA4WX4KK55
    [KP_NSRMC] => 佛山市成柏电子科技有限公司
    [DKBZ] => 0
    [XHF_NSRSBH] => 91440606MA4WX4KK55
    [XHF_MC] => 佛山市成柏电子科技有限公司
    [XHF_DZ] => 佛山市顺德区伦教街道办事处常教社区居民委员会尚成路1号唯美嘉园6座103号铺
    [XHF_DH] => 0757-22223287
    [XHF_YHZH] => 广东顺德农村商业银行股份有限公司大良信合支行  801101000927634235
    [GHF_NSRSBH] => 91440606724378439E
    [GHF_SJ] => 13725975474
    [GHF_DZ] => 佛山市顺德区大良红岗路红庙用地
    [GHF_GDDH] => 
    [GHF_EMAIL] => 191731466@qq.com
    [GHFQYLX] => 01
    [GHF_YHZH] => 
    [GHF_MC] => 广东汇盈电力工程有限公司
    [KPR] => 梁月华
    [SKR] => 梁月华
    [FHR] => 植银弟
    [KPLX] => 1
    [CZDM] => 10
    [YHZCBS] => 0
    [XMMC] => 路内智能停车服务
    [DW] => 台
    [GGXH] => 
    [SPBM] => 3040502020200000000
    [XMSL] => 1.00
    [XMDJ] => 5.00
    [HSBZ] => 1
    [KPHJJE] => 5.00
    [XMJE] => 5.00
    [SL] => 0.09
    [SE] => 0.41
    [oids] => 486698
    [create_date] => 1573788678
)
Array
(
    [uniacid] => 14
    [openid] => oR-IB0va2KH6xoulhG1IasBFK5Dg
    [FPQQLSH] => OGGP2019111614333394
    [DDH] => GGP20191116143333476
    [invoice_type] => park
    [KP_NSRSBH] => 91440606MA4WX4KK55
    [KP_NSRMC] => 佛山市成柏电子科技有限公司
    [DKBZ] => 0
    [XHF_NSRSBH] => 91440606MA4WX4KK55
    [XHF_MC] => 佛山市成柏电子科技有限公司
    [XHF_DZ] => 佛山市顺德区伦教街道办事处常教社区居民委员会尚成路1号唯美嘉园6座103号铺
    [XHF_DH] => 0757-22223287
    [XHF_YHZH] => 广东顺德农村商业银行股份有限公司大良信合支行  801101000927634235
    [GHF_NSRSBH] => 91430000183761776J
    [GHF_SJ] => 13017190055
    [GHF_DZ] => 
    [GHF_GDDH] => 
    [GHF_EMAIL] => 532608626@qq.com
    [GHFQYLX] => 01
    [GHF_YHZH] => 
    [GHF_MC] => 中国水利水电第八工程局有限公司
    [KPR] => 梁月华
    [SKR] => 梁月华
    [FHR] => 植银弟
    [KPLX] => 1
    [CZDM] => 10
    [YHZCBS] => 0
    [XMMC] => 路内智能停车服务
    [DW] => 台
    [GGXH] => 
    [SPBM] => 3040502020200000000
    [XMSL] => 1.00
    [XMDJ] => 14.50
    [HSBZ] => 1
    [KPHJJE] => 14.50
    [XMJE] => 14.50
    [SL] => 0.09
    [SE] => 1.20
    [oids] => 486971,479149,467140
    [create_date] => 1573886013
)
Array
(
    [uniacid] => 14
    [openid] => oR-IB0pvbvRA5MkosULkqqemqfkc
    [FPQQLSH] => OGGP2019111711370423
    [DDH] => GGP20191117113704125
    [invoice_type] => park
    [KP_NSRSBH] => 91440606MA4WX4KK55
    [KP_NSRMC] => 佛山市成柏电子科技有限公司
    [DKBZ] => 0
    [XHF_NSRSBH] => 91440606MA4WX4KK55
    [XHF_MC] => 佛山市成柏电子科技有限公司
    [XHF_DZ] => 佛山市顺德区伦教街道办事处常教社区居民委员会尚成路1号唯美嘉园6座103号铺
    [XHF_DH] => 0757-22223287
    [XHF_YHZH] => 广东顺德农村商业银行股份有限公司大良信合支行  801101000927634235
    [GHF_NSRSBH] => 91440606MA53RMKY1M
    [GHF_SJ] => 
    [GHF_DZ] => 
    [GHF_GDDH] => 
    [GHF_EMAIL] => 1060195050@qq.com
    [GHFQYLX] => 01
    [GHF_YHZH] => 
    [GHF_MC] => 佛山市新篮霸环保科技有限公司
    [KPR] => 梁月华
    [SKR] => 梁月华
    [FHR] => 植银弟
    [KPLX] => 1
    [CZDM] => 10
    [YHZCBS] => 0
    [XMMC] => 路内智能停车服务
    [DW] => 台
    [GGXH] => 
    [SPBM] => 3040502020200000000
    [XMSL] => 1.00
    [XMDJ] => 5.00
    [HSBZ] => 1
    [KPHJJE] => 5.00
    [XMJE] => 5.00
    [SL] => 0.09
    [SE] => 0.41
    [oids] => 473841
    [create_date] => 1573961824
)
Array
(
    [uniacid] => 14
    [openid] => oR-IB0pvbvRA5MkosULkqqemqfkc
    [FPQQLSH] => OGGP2019111711380469
    [DDH] => GGP20191117113804530
    [invoice_type] => park
    [KP_NSRSBH] => 91440606MA4WX4KK55
    [KP_NSRMC] => 佛山市成柏电子科技有限公司
    [DKBZ] => 0
    [XHF_NSRSBH] => 91440606MA4WX4KK55
    [XHF_MC] => 佛山市成柏电子科技有限公司
    [XHF_DZ] => 佛山市顺德区伦教街道办事处常教社区居民委员会尚成路1号唯美嘉园6座103号铺
    [XHF_DH] => 0757-22223287
    [XHF_YHZH] => 广东顺德农村商业银行股份有限公司大良信合支行  801101000927634235
    [GHF_NSRSBH] => 91440606MA53RMKY1M
    [GHF_SJ] => 
    [GHF_DZ] => 
    [GHF_GDDH] => 
    [GHF_EMAIL] => 1060195050@qq.com
    [GHFQYLX] => 01
    [GHF_YHZH] => 
    [GHF_MC] => 佛山市新篮霸环保科技有限公司
    [KPR] => 梁月华
    [SKR] => 梁月华
    [FHR] => 植银弟
    [KPLX] => 1
    [CZDM] => 10
    [YHZCBS] => 0
    [XMMC] => 路内智能停车服务
    [DW] => 台
    [GGXH] => 
    [SPBM] => 3040502020200000000
    [XMSL] => 1.00
    [XMDJ] => 5.00
    [HSBZ] => 1
    [KPHJJE] => 5.00
    [XMJE] => 5.00
    [SL] => 0.09
    [SE] => 0.41
    [oids] => 471095
    [create_date] => 1573961884
)
Array
(
    [uniacid] => 14
    [openid] => oR-IB0tIUZSzuXjoXkpJR2Zfl6S8
    [FPQQLSH] => OGGP201911171600199
    [DDH] => GGP20191117160019554
    [invoice_type] => park
    [KP_NSRSBH] => 91440606MA4WX4KK55
    [KP_NSRMC] => 佛山市成柏电子科技有限公司
    [DKBZ] => 0
    [XHF_NSRSBH] => 91440606MA4WX4KK55
    [XHF_MC] => 佛山市成柏电子科技有限公司
    [XHF_DZ] => 佛山市顺德区伦教街道办事处常教社区居民委员会尚成路1号唯美嘉园6座103号铺
    [XHF_DH] => 0757-22223287
    [XHF_YHZH] => 广东顺德农村商业银行股份有限公司大良信合支行  801101000927634235
    [GHF_NSRSBH] => 91440783738565032A
    [GHF_SJ] => 
    [GHF_DZ] => 
    [GHF_GDDH] => 
    [GHF_EMAIL] => 596034331@qq.com
    [GHFQYLX] => 01
    [GHF_YHZH] => 
    [GHF_MC] => 广东劲达建设工程有限公司
    [KPR] => 梁月华
    [SKR] => 梁月华
    [FHR] => 植银弟
    [KPLX] => 1
    [CZDM] => 10
    [YHZCBS] => 0
    [XMMC] => 路内智能停车服务
    [DW] => 台
    [GGXH] => 
    [SPBM] => 3040502020200000000
    [XMSL] => 1.00
    [XMDJ] => 20.00
    [HSBZ] => 1
    [KPHJJE] => 20.00
    [XMJE] => 20.00
    [SL] => 0.09
    [SE] => 1.65
    [oids] => 485897
    [create_date] => 1573977619
)
Array
(
    [uniacid] => 14
    [openid] => oR-IB0vLGsNBzZqja_-_Ao0phHBU
    [FPQQLSH] => OGGP2019111817433367
    [DDH] => GGP20191118174333581
    [invoice_type] => park
    [KP_NSRSBH] => 91440606MA4WX4KK55
    [KP_NSRMC] => 佛山市成柏电子科技有限公司
    [DKBZ] => 0
    [XHF_NSRSBH] => 91440606MA4WX4KK55
    [XHF_MC] => 佛山市成柏电子科技有限公司
    [XHF_DZ] => 佛山市顺德区伦教街道办事处常教社区居民委员会尚成路1号唯美嘉园6座103号铺
    [XHF_DH] => 0757-22223287
    [XHF_YHZH] => 广东顺德农村商业银行股份有限公司大良信合支行  801101000927634235
    [GHF_NSRSBH] => 914401056777674307
    [GHF_SJ] => 
    [GHF_DZ] => 
    [GHF_GDDH] => 
    [GHF_EMAIL] => 422730930@qq.com
    [GHFQYLX] => 01
    [GHF_YHZH] => 
    [GHF_MC] => 广州市通众广告有限公司
    [KPR] => 梁月华
    [SKR] => 梁月华
    [FHR] => 植银弟
    [KPLX] => 1
    [CZDM] => 10
    [YHZCBS] => 0
    [XMMC] => 路内智能停车服务
    [DW] => 台
    [GGXH] => 
    [SPBM] => 3040502020200000000
    [XMSL] => 1.00
    [XMDJ] => 27.50
    [HSBZ] => 1
    [KPHJJE] => 27.50
    [XMJE] => 27.50
    [SL] => 0.09
    [SE] => 2.27
    [oids] => 467529
    [create_date] => 1574070213
)
Array
(
    [uniacid] => 14
    [openid] => oR-IB0tuDahXoedg7MRJhS6IRcbc
    [FPQQLSH] => OGGP2019111909163649
    [DDH] => GGP20191119091636815
    [invoice_type] => park
    [KP_NSRSBH] => 91440606MA4WX4KK55
    [KP_NSRMC] => 佛山市成柏电子科技有限公司
    [DKBZ] => 0
    [XHF_NSRSBH] => 91440606MA4WX4KK55
    [XHF_MC] => 佛山市成柏电子科技有限公司
    [XHF_DZ] => 佛山市顺德区伦教街道办事处常教社区居民委员会尚成路1号唯美嘉园6座103号铺
    [XHF_DH] => 0757-22223287
    [XHF_YHZH] => 广东顺德农村商业银行股份有限公司大良信合支行  801101000927634235
    [GHF_NSRSBH] => 91440606789431683Q
    [GHF_SJ] => 
    [GHF_DZ] => 
    [GHF_GDDH] => 
    [GHF_EMAIL] => 8232013@qq.com
    [GHFQYLX] => 01
    [GHF_YHZH] => 
    [GHF_MC] => 佛山市顺德区法福特电气有限公司
    [KPR] => 梁月华
    [SKR] => 梁月华
    [FHR] => 植银弟
    [KPLX] => 1
    [CZDM] => 10
    [YHZCBS] => 0
    [XMMC] => 路内智能停车服务
    [DW] => 台
    [GGXH] => 
    [SPBM] => 3040502020200000000
    [XMSL] => 1.00
    [XMDJ] => 2500.00
    [HSBZ] => 1
    [KPHJJE] => 2500.00
    [XMJE] => 2500.00
    [SL] => 0.09
    [SE] => 206.42
    [oids] => 433817
    [create_date] => 1574126196
)
Array
(
    [uniacid] => 14
    [openid] => oR-IB0jtpF_gq1qVZxOzZJUQuxgo
    [FPQQLSH] => OGGP2019111918403968
    [DDH] => GGP20191119184039278
    [invoice_type] => park
    [KP_NSRSBH] => 91440606MA4WX4KK55
    [KP_NSRMC] => 佛山市成柏电子科技有限公司
    [DKBZ] => 0
    [XHF_NSRSBH] => 91440606MA4WX4KK55
    [XHF_MC] => 佛山市成柏电子科技有限公司
    [XHF_DZ] => 佛山市顺德区伦教街道办事处常教社区居民委员会尚成路1号唯美嘉园6座103号铺
    [XHF_DH] => 0757-22223287
    [XHF_YHZH] => 广东顺德农村商业银行股份有限公司大良信合支行  801101000927634235
    [GHF_NSRSBH] => 91440606MA4UMDQ45J
    [GHF_SJ] => 
    [GHF_DZ] => 
    [GHF_GDDH] => 
    [GHF_EMAIL] => chenxiaoming@tourwin
    [GHFQYLX] => 01
    [GHF_YHZH] => 
    [GHF_MC] => 广东途稳节能移动装备股份有限公司
    [KPR] => 梁月华
    [SKR] => 梁月华
    [FHR] => 植银弟
    [KPLX] => 1
    [CZDM] => 10
    [YHZCBS] => 0
    [XMMC] => 路内智能停车服务
    [DW] => 台
    [GGXH] => 
    [SPBM] => 3040502020200000000
    [XMSL] => 1.00
    [XMDJ] => 7.50
    [HSBZ] => 1
    [KPHJJE] => 7.50
    [XMJE] => 7.50
    [SL] => 0.09
    [SE] => 0.62
    [oids] => 488630
    [create_date] => 1574160039
)
Array
(
    [uniacid] => 14
    [openid] => oR-IB0kp7TGPVJNKrI9uiibsKQHc
    [FPQQLSH] => OGGP2019111918522076
    [DDH] => GGP20191119185220245
    [invoice_type] => park
    [KP_NSRSBH] => 91440606MA4WX4KK55
    [KP_NSRMC] => 佛山市成柏电子科技有限公司
    [DKBZ] => 0
    [XHF_NSRSBH] => 91440606MA4WX4KK55
    [XHF_MC] => 佛山市成柏电子科技有限公司
    [XHF_DZ] => 佛山市顺德区伦教街道办事处常教社区居民委员会尚成路1号唯美嘉园6座103号铺
    [XHF_DH] => 0757-22223287
    [XHF_YHZH] => 广东顺德农村商业银行股份有限公司大良信合支行  801101000927634235
    [GHF_NSRSBH] => 914406062319486916
    [GHF_SJ] => 
    [GHF_DZ] => 
    [GHF_GDDH] => 
    [GHF_EMAIL] => 595607567@qq.com
    [GHFQYLX] => 01
    [GHF_YHZH] => 
    [GHF_MC] => 佛山市顺德区顺昌纸类制品有限公司
    [KPR] => 梁月华
    [SKR] => 梁月华
    [FHR] => 植银弟
    [KPLX] => 1
    [CZDM] => 10
    [YHZCBS] => 0
    [XMMC] => 路内智能停车服务
    [DW] => 台
    [GGXH] => 
    [SPBM] => 3040502020200000000
    [XMSL] => 1.00
    [XMDJ] => 111.75
    [HSBZ] => 1
    [KPHJJE] => 111.75
    [XMJE] => 111.75
    [SL] => 0.09
    [SE] => 9.23
    [oids] => 489153,330770,244675,204963,190954,172050,169915,161056,157456,156854,148569,136428,115578,115168,107830,98168,80249,58198,53368,46138,46044,40049,30847,29668,19972
    [create_date] => 1574160740
)
Array
(
    [uniacid] => 14
    [openid] => oR-IB0thcj49hd4L7L-47poA1Si4
    [FPQQLSH] => OGGP2019112011025573
    [DDH] => GGP20191120110255823
    [invoice_type] => park
    [KP_NSRSBH] => 91440606MA4WX4KK55
    [KP_NSRMC] => 佛山市成柏电子科技有限公司
    [DKBZ] => 0
    [XHF_NSRSBH] => 91440606MA4WX4KK55
    [XHF_MC] => 佛山市成柏电子科技有限公司
    [XHF_DZ] => 佛山市顺德区伦教街道办事处常教社区居民委员会尚成路1号唯美嘉园6座103号铺
    [XHF_DH] => 0757-22223287
    [XHF_YHZH] => 广东顺德农村商业银行股份有限公司大良信合支行  801101000927634235
    [GHF_NSRSBH] => 91441900MA5155H49R
    [GHF_SJ] => 
    [GHF_DZ] => 
    [GHF_GDDH] => 
    [GHF_EMAIL] => 3325912420@qq.com
    [GHFQYLX] => 01
    [GHF_YHZH] => 
    [GHF_MC] => 东莞市微通电子有限公司
    [KPR] => 梁月华
    [SKR] => 梁月华
    [FHR] => 植银弟
    [KPLX] => 1
    [CZDM] => 10
    [YHZCBS] => 0
    [XMMC] => 路内智能停车服务
    [DW] => 台
    [GGXH] => 
    [SPBM] => 3040502020200000000
    [XMSL] => 1.00
    [XMDJ] => 118.00
    [HSBZ] => 1
    [KPHJJE] => 118.00
    [XMJE] => 118.00
    [SL] => 0.09
    [SE] => 9.74
    [oids] => 491741,374728,366241,358811,303976,247530,227751,158099,149784
    [create_date] => 1574218975
)
Array
(
    [uniacid] => 14
    [openid] => oR-IB0kfbqCOA8CcvGK5B7GUVj7M
    [FPQQLSH] => OGGP2019112114245231
    [DDH] => GGP2019112114245252
    [invoice_type] => park
    [KP_NSRSBH] => 91440606MA4WX4KK55
    [KP_NSRMC] => 佛山市成柏电子科技有限公司
    [DKBZ] => 0
    [XHF_NSRSBH] => 91440606MA4WX4KK55
    [XHF_MC] => 佛山市成柏电子科技有限公司
    [XHF_DZ] => 佛山市顺德区伦教街道办事处常教社区居民委员会尚成路1号唯美嘉园6座103号铺
    [XHF_DH] => 0757-22223287
    [XHF_YHZH] => 广东顺德农村商业银行股份有限公司大良信合支行  801101000927634235
    [GHF_NSRSBH] => 91440300664163435P
    [GHF_SJ] => 
    [GHF_DZ] => 
    [GHF_GDDH] => 
    [GHF_EMAIL] => 1343103997@qq.com
    [GHFQYLX] => 01
    [GHF_YHZH] => 
    [GHF_MC] => 深圳市杰美康机电有限公司
    [KPR] => 梁月华
    [SKR] => 梁月华
    [FHR] => 植银弟
    [KPLX] => 1
    [CZDM] => 10
    [YHZCBS] => 0
    [XMMC] => 路内智能停车服务
    [DW] => 台
    [GGXH] => 
    [SPBM] => 3040502020200000000
    [XMSL] => 1.00
    [XMDJ] => 48.50
    [HSBZ] => 1
    [KPHJJE] => 48.50
    [XMJE] => 48.50
    [SL] => 0.09
    [SE] => 4.00
    [oids] => 493934,484484,466093,456496
    [create_date] => 1574317492
)
Array
(
    [uniacid] => 14
    [openid] => oR-IB0kfbqCOA8CcvGK5B7GUVj7M
    [FPQQLSH] => OGGP2019112114253314
    [DDH] => GGP20191121142533999
    [invoice_type] => park
    [KP_NSRSBH] => 91440606MA4WX4KK55
    [KP_NSRMC] => 佛山市成柏电子科技有限公司
    [DKBZ] => 0
    [XHF_NSRSBH] => 91440606MA4WX4KK55
    [XHF_MC] => 佛山市成柏电子科技有限公司
    [XHF_DZ] => 佛山市顺德区伦教街道办事处常教社区居民委员会尚成路1号唯美嘉园6座103号铺
    [XHF_DH] => 0757-22223287
    [XHF_YHZH] => 广东顺德农村商业银行股份有限公司大良信合支行  801101000927634235
    [GHF_NSRSBH] => 91440300664163435P
    [GHF_SJ] => 
    [GHF_DZ] => 
    [GHF_GDDH] => 
    [GHF_EMAIL] => 1343103997@qq.com
    [GHFQYLX] => 01
    [GHF_YHZH] => 
    [GHF_MC] => 深圳市杰美康机电有限公司
    [KPR] => 梁月华
    [SKR] => 梁月华
    [FHR] => 植银弟
    [KPLX] => 1
    [CZDM] => 10
    [YHZCBS] => 0
    [XMMC] => 路内智能停车服务
    [DW] => 台
    [GGXH] => 
    [SPBM] => 3040502020200000000
    [XMSL] => 1.00
    [XMDJ] => 369.00
    [HSBZ] => 1
    [KPHJJE] => 369.00
    [XMJE] => 369.00
    [SL] => 0.09
    [SE] => 30.47
    [oids] => 446124,437334,389090,384518,371310,356804,324484,319661,312112,309883,293303,291481,239865,239833,224799,167087,120070,118873,117422,79726,30505,29933,22524
    [create_date] => 1574317534
)
Array
(
    [uniacid] => 14
    [openid] => oR-IB0kDP459-EW0CGzRJL9QbsX4
    [FPQQLSH] => OGGP2019112220090988
    [DDH] => GGP20191122200909348
    [invoice_type] => park
    [KP_NSRSBH] => 91440606MA4WX4KK55
    [KP_NSRMC] => 佛山市成柏电子科技有限公司
    [DKBZ] => 0
    [XHF_NSRSBH] => 91440606MA4WX4KK55
    [XHF_MC] => 佛山市成柏电子科技有限公司
    [XHF_DZ] => 佛山市顺德区伦教街道办事处常教社区居民委员会尚成路1号唯美嘉园6座103号铺
    [XHF_DH] => 0757-22223287
    [XHF_YHZH] => 广东顺德农村商业银行股份有限公司大良信合支行  801101000927634235
    [GHF_NSRSBH] => 913410213438788519
    [GHF_SJ] => 
    [GHF_DZ] => 
    [GHF_GDDH] => 
    [GHF_EMAIL] => 272520157@qq.com
    [GHFQYLX] => 01
    [GHF_YHZH] => 
    [GHF_MC] => 黄山联固新材料科技有限公司
    [KPR] => 梁月华
    [SKR] => 梁月华
    [FHR] => 植银弟
    [KPLX] => 1
    [CZDM] => 10
    [YHZCBS] => 0
    [XMMC] => 路内智能停车服务
    [DW] => 台
    [GGXH] => 
    [SPBM] => 3040502020200000000
    [XMSL] => 1.00
    [XMDJ] => 17.50
    [HSBZ] => 1
    [KPHJJE] => 17.50
    [XMJE] => 17.50
    [SL] => 0.09
    [SE] => 1.44
    [oids] => 495452
    [create_date] => 1574424549
)
Array
(
    [uniacid] => 14
    [openid] => oR-IB0tc6L2V1W75qZGJO8ygaYyk
    [FPQQLSH] => OGGP2019112308331415
    [DDH] => GGP20191123083314868
    [invoice_type] => park
    [KP_NSRSBH] => 91440606MA4WX4KK55
    [KP_NSRMC] => 佛山市成柏电子科技有限公司
    [DKBZ] => 0
    [XHF_NSRSBH] => 91440606MA4WX4KK55
    [XHF_MC] => 佛山市成柏电子科技有限公司
    [XHF_DZ] => 佛山市顺德区伦教街道办事处常教社区居民委员会尚成路1号唯美嘉园6座103号铺
    [XHF_DH] => 0757-22223287
    [XHF_YHZH] => 广东顺德农村商业银行股份有限公司大良信合支行  801101000927634235
    [GHF_NSRSBH] => 91440000617653845D
    [GHF_SJ] => 
    [GHF_DZ] => 佛山市顺德区勒流镇政和南路
    [GHF_GDDH] => 
    [GHF_EMAIL] => digi_freedom@163.com
    [GHFQYLX] => 01
    [GHF_YHZH] => 
    [GHF_MC] => 广东新宝电器股份有限公司
    [KPR] => 梁月华
    [SKR] => 梁月华
    [FHR] => 植银弟
    [KPLX] => 1
    [CZDM] => 10
    [YHZCBS] => 0
    [XMMC] => 路内智能停车服务
    [DW] => 台
    [GGXH] => 
    [SPBM] => 3040502020200000000
    [XMSL] => 1.00
    [XMDJ] => 2250.00
    [HSBZ] => 1
    [KPHJJE] => 2250.00
    [XMJE] => 2250.00
    [SL] => 0.09
    [SE] => 185.78
    [oids] => 3114,2375
    [create_date] => 1574469194
)
Array
(
    [uniacid] => 14
    [openid] => oR-IB0lZaFaecMVHPdzu-ntjdVkc
    [FPQQLSH] => OGGP2019112418092560
    [DDH] => GGP20191124180925679
    [invoice_type] => park
    [KP_NSRSBH] => 91440606MA4WX4KK55
    [KP_NSRMC] => 佛山市成柏电子科技有限公司
    [DKBZ] => 0
    [XHF_NSRSBH] => 91440606MA4WX4KK55
    [XHF_MC] => 佛山市成柏电子科技有限公司
    [XHF_DZ] => 佛山市顺德区伦教街道办事处常教社区居民委员会尚成路1号唯美嘉园6座103号铺
    [XHF_DH] => 0757-22223287
    [XHF_YHZH] => 广东顺德农村商业银行股份有限公司大良信合支行  801101000927634235
    [GHF_NSRSBH] => 91440606MA53PXJX6Q
    [GHF_SJ] => 
    [GHF_DZ] => 
    [GHF_GDDH] => 
    [GHF_EMAIL] => 277984773@qq.com
    [GHFQYLX] => 01
    [GHF_YHZH] => 
    [GHF_MC] => 佛山市优一家电制造有限公司
    [KPR] => 梁月华
    [SKR] => 梁月华
    [FHR] => 植银弟
    [KPLX] => 1
    [CZDM] => 10
    [YHZCBS] => 0
    [XMMC] => 路内智能停车服务
    [DW] => 台
    [GGXH] => 
    [SPBM] => 3040502020200000000
    [XMSL] => 1.00
    [XMDJ] => 20.00
    [HSBZ] => 1
    [KPHJJE] => 20.00
    [XMJE] => 20.00
    [SL] => 0.09
    [SE] => 1.65
    [oids] => 491958,424518
    [create_date] => 1574590165
)
Array
(
    [uniacid] => 14
    [openid] => oR-IB0gZCw9czolVAlUUNyRORVGM
    [FPQQLSH] => OGGP2019112516105426
    [DDH] => GGP20191125161054478
    [invoice_type] => park
    [KP_NSRSBH] => 91440606MA4WX4KK55
    [KP_NSRMC] => 佛山市成柏电子科技有限公司
    [DKBZ] => 0
    [XHF_NSRSBH] => 91440606MA4WX4KK55
    [XHF_MC] => 佛山市成柏电子科技有限公司
    [XHF_DZ] => 佛山市顺德区伦教街道办事处常教社区居民委员会尚成路1号唯美嘉园6座103号铺
    [XHF_DH] => 0757-22223287
    [XHF_YHZH] => 广东顺德农村商业银行股份有限公司大良信合支行  801101000927634235
    [GHF_NSRSBH] => 91440606785786954K
    [GHF_SJ] => 
    [GHF_DZ] => 
    [GHF_GDDH] => 
    [GHF_EMAIL] => 3615474@qq.com
    [GHFQYLX] => 01
    [GHF_YHZH] => 
    [GHF_MC] => 广东新信德节能环保有限公司
    [KPR] => 梁月华
    [SKR] => 梁月华
    [FHR] => 植银弟
    [KPLX] => 1
    [CZDM] => 10
    [YHZCBS] => 0
    [XMMC] => 路内智能停车服务
    [DW] => 台
    [GGXH] => 
    [SPBM] => 3040502020200000000
    [XMSL] => 1.00
    [XMDJ] => 12.50
    [HSBZ] => 1
    [KPHJJE] => 12.50
    [XMJE] => 12.50
    [SL] => 0.09
    [SE] => 1.03
    [oids] => 491627,408409
    [create_date] => 1574669454
)
Array
(
    [uniacid] => 14
    [openid] => oR-IB0kfbqCOA8CcvGK5B7GUVj7M
    [FPQQLSH] => OGGP2019112709315726
    [DDH] => GGP20191127093157941
    [invoice_type] => park
    [KP_NSRSBH] => 91440606MA4WX4KK55
    [KP_NSRMC] => 佛山市成柏电子科技有限公司
    [DKBZ] => 0
    [XHF_NSRSBH] => 91440606MA4WX4KK55
    [XHF_MC] => 佛山市成柏电子科技有限公司
    [XHF_DZ] => 佛山市顺德区伦教街道办事处常教社区居民委员会尚成路1号唯美嘉园6座103号铺
    [XHF_DH] => 0757-22223287
    [XHF_YHZH] => 广东顺德农村商业银行股份有限公司大良信合支行  801101000927634235
    [GHF_NSRSBH] => 91440300664163435P
    [GHF_SJ] => 
    [GHF_DZ] => 
    [GHF_GDDH] => 
    [GHF_EMAIL] => 1343103997@qq.com
    [GHFQYLX] => 01
    [GHF_YHZH] => 
    [GHF_MC] => 深圳市杰美康机电有限公司
    [KPR] => 梁月华
    [SKR] => 梁月华
    [FHR] => 植银弟
    [KPLX] => 1
    [CZDM] => 10
    [YHZCBS] => 0
    [XMMC] => 路内智能停车服务
    [DW] => 台
    [GGXH] => 
    [SPBM] => 3040502020200000000
    [XMSL] => 1.00
    [XMDJ] => 30.00
    [HSBZ] => 1
    [KPHJJE] => 30.00
    [XMJE] => 30.00
    [SL] => 0.09
    [SE] => 2.48
    [oids] => 500237
    [create_date] => 1574818317
)
Array
(
    [uniacid] => 14
    [openid] => oR-IB0kfbqCOA8CcvGK5B7GUVj7M
    [FPQQLSH] => OGGP2019112714420950
    [DDH] => GGP20191127144209216
    [invoice_type] => park
    [KP_NSRSBH] => 91440606MA4WX4KK55
    [KP_NSRMC] => 佛山市成柏电子科技有限公司
    [DKBZ] => 0
    [XHF_NSRSBH] => 91440606MA4WX4KK55
    [XHF_MC] => 佛山市成柏电子科技有限公司
    [XHF_DZ] => 佛山市顺德区伦教街道办事处常教社区居民委员会尚成路1号唯美嘉园6座103号铺
    [XHF_DH] => 0757-22223287
    [XHF_YHZH] => 广东顺德农村商业银行股份有限公司大良信合支行  801101000927634235
    [GHF_NSRSBH] => 91440300664163435P
    [GHF_SJ] => 
    [GHF_DZ] => 
    [GHF_GDDH] => 
    [GHF_EMAIL] => 1343103997@qq.com
    [GHFQYLX] => 01
    [GHF_YHZH] => 
    [GHF_MC] => 深圳市杰美康机电有限公司
    [KPR] => 梁月华
    [SKR] => 梁月华
    [FHR] => 植银弟
    [KPLX] => 1
    [CZDM] => 10
    [YHZCBS] => 0
    [XMMC] => 路内智能停车服务
    [DW] => 台
    [GGXH] => 
    [SPBM] => 3040502020200000000
    [XMSL] => 1.00
    [XMDJ] => 17.50
    [HSBZ] => 1
    [KPHJJE] => 17.50
    [XMJE] => 17.50
    [SL] => 0.09
    [SE] => 1.44
    [oids] => 501070
    [create_date] => 1574836929
)
Array
(
    [uniacid] => 14
    [openid] => oR-IB0gbQ7u125yPOOyncNp8Wcyo
    [FPQQLSH] => OGGP2019112718382890
    [DDH] => GGP20191127183828671
    [invoice_type] => park
    [KP_NSRSBH] => 91440606MA4WX4KK55
    [KP_NSRMC] => 佛山市成柏电子科技有限公司
    [DKBZ] => 0
    [XHF_NSRSBH] => 91440606MA4WX4KK55
    [XHF_MC] => 佛山市成柏电子科技有限公司
    [XHF_DZ] => 佛山市顺德区伦教街道办事处常教社区居民委员会尚成路1号唯美嘉园6座103号铺
    [XHF_DH] => 0757-22223287
    [XHF_YHZH] => 广东顺德农村商业银行股份有限公司大良信合支行  801101000927634235
    [GHF_NSRSBH] => 91440606MA4W9DNM4B
    [GHF_SJ] => 
    [GHF_DZ] => 
    [GHF_GDDH] => 
    [GHF_EMAIL] => 397437156@qq.com
    [GHFQYLX] => 01
    [GHF_YHZH] => 
    [GHF_MC] => 佛山市盈威泰金属制品有限公司
    [KPR] => 梁月华
    [SKR] => 梁月华
    [FHR] => 植银弟
    [KPLX] => 1
    [CZDM] => 10
    [YHZCBS] => 0
    [XMMC] => 路内智能停车服务
    [DW] => 台
    [GGXH] => 
    [SPBM] => 3040502020200000000
    [XMSL] => 1.00
    [XMDJ] => 185.50
    [HSBZ] => 1
    [KPHJJE] => 185.50
    [XMJE] => 185.50
    [SL] => 0.09
    [SE] => 15.32
    [oids] => 495304,477572,471084,466973,458604,455047,448153,440802,419785,414149,410611,403221,401016,392397,369062,365731,364765,362928,360862,341543,329809,326228,317010,304774
    [create_date] => 1574851108
)
Array
(
    [uniacid] => 14
    [openid] => oR-IB0jm4vIDB7xL84DnRdVZsgY4
    [FPQQLSH] => OGGP2019112816382690
    [DDH] => GGP2019112816382651
    [invoice_type] => park
    [KP_NSRSBH] => 91440606MA4WX4KK55
    [KP_NSRMC] => 佛山市成柏电子科技有限公司
    [DKBZ] => 0
    [XHF_NSRSBH] => 91440606MA4WX4KK55
    [XHF_MC] => 佛山市成柏电子科技有限公司
    [XHF_DZ] => 佛山市顺德区伦教街道办事处常教社区居民委员会尚成路1号唯美嘉园6座103号铺
    [XHF_DH] => 0757-22223287
    [XHF_YHZH] => 广东顺德农村商业银行股份有限公司大良信合支行  801101000927634235
    [GHF_NSRSBH] => 91440606584716001Y
    [GHF_SJ] => 
    [GHF_DZ] => 
    [GHF_GDDH] => 
    [GHF_EMAIL] => 1985893049@qq.com
    [GHFQYLX] => 01
    [GHF_YHZH] => 
    [GHF_MC] => 广东广顺建筑工程有限公司
    [KPR] => 梁月华
    [SKR] => 梁月华
    [FHR] => 植银弟
    [KPLX] => 1
    [CZDM] => 10
    [YHZCBS] => 0
    [XMMC] => 路内智能停车服务
    [DW] => 台
    [GGXH] => 
    [SPBM] => 3040502020200000000
    [XMSL] => 1.00
    [XMDJ] => 107.50
    [HSBZ] => 1
    [KPHJJE] => 107.50
    [XMJE] => 107.50
    [SL] => 0.09
    [SE] => 8.88
    [oids] => 502167,500929,495028,493812,492996,485506,483556,482138,478429,477586,476423,475197,468961,467374,460237
    [create_date] => 1574930306
)
Array
(
    [uniacid] => 14
    [openid] => oR-IB0i24sn2OsYFZa7uPQ2rnFis
    [FPQQLSH] => OGGP201911291147132
    [DDH] => GGP20191129114713569
    [invoice_type] => park
    [KP_NSRSBH] => 91440606MA4WX4KK55
    [KP_NSRMC] => 佛山市成柏电子科技有限公司
    [DKBZ] => 0
    [XHF_NSRSBH] => 91440606MA4WX4KK55
    [XHF_MC] => 佛山市成柏电子科技有限公司
    [XHF_DZ] => 佛山市顺德区伦教街道办事处常教社区居民委员会尚成路1号唯美嘉园6座103号铺
    [XHF_DH] => 0757-22223287
    [XHF_YHZH] => 广东顺德农村商业银行股份有限公司大良信合支行  801101000927634235
    [GHF_NSRSBH] => 91440606577894774R
    [GHF_SJ] => 
    [GHF_DZ] => 
    [GHF_GDDH] => 
    [GHF_EMAIL] => 88262936@qq.com
    [GHFQYLX] => 01
    [GHF_YHZH] => 
    [GHF_MC] => 宁波弘讯科技股份有限公司顺德分公司
    [KPR] => 梁月华
    [SKR] => 梁月华
    [FHR] => 植银弟
    [KPLX] => 1
    [CZDM] => 10
    [YHZCBS] => 0
    [XMMC] => 路内智能停车服务
    [DW] => 台
    [GGXH] => 
    [SPBM] => 3040502020200000000
    [XMSL] => 1.00
    [XMDJ] => 9.00
    [HSBZ] => 1
    [KPHJJE] => 9.00
    [XMJE] => 9.00
    [SL] => 0.09
    [SE] => 0.74
    [oids] => 388720
    [create_date] => 1574999233
)
Array
(
    [uniacid] => 14
    [openid] => oR-IB0i24sn2OsYFZa7uPQ2rnFis
    [FPQQLSH] => OGGP2019112911483131
    [DDH] => GGP20191129114831411
    [invoice_type] => park
    [KP_NSRSBH] => 91440606MA4WX4KK55
    [KP_NSRMC] => 佛山市成柏电子科技有限公司
    [DKBZ] => 0
    [XHF_NSRSBH] => 91440606MA4WX4KK55
    [XHF_MC] => 佛山市成柏电子科技有限公司
    [XHF_DZ] => 佛山市顺德区伦教街道办事处常教社区居民委员会尚成路1号唯美嘉园6座103号铺
    [XHF_DH] => 0757-22223287
    [XHF_YHZH] => 广东顺德农村商业银行股份有限公司大良信合支行  801101000927634235
    [GHF_NSRSBH] => 91440606577894774R
    [GHF_SJ] => 
    [GHF_DZ] => 
    [GHF_GDDH] => 
    [GHF_EMAIL] => 88262936@qq.com
    [GHFQYLX] => 01
    [GHF_YHZH] => 
    [GHF_MC] => 宁波弘讯科技股份有限公司顺德分公司
    [KPR] => 梁月华
    [SKR] => 梁月华
    [FHR] => 植银弟
    [KPLX] => 1
    [CZDM] => 10
    [YHZCBS] => 0
    [XMMC] => 路内智能停车服务
    [DW] => 台
    [GGXH] => 
    [SPBM] => 3040502020200000000
    [XMSL] => 1.00
    [XMDJ] => 2.00
    [HSBZ] => 1
    [KPHJJE] => 2.00
    [XMJE] => 2.00
    [SL] => 0.09
    [SE] => 0.17
    [oids] => 371673
    [create_date] => 1574999311
)
Array
(
    [uniacid] => 14
    [openid] => oR-IB0i24sn2OsYFZa7uPQ2rnFis
    [FPQQLSH] => OGGP2019112911490166
    [DDH] => GGP20191129114901957
    [invoice_type] => park
    [KP_NSRSBH] => 91440606MA4WX4KK55
    [KP_NSRMC] => 佛山市成柏电子科技有限公司
    [DKBZ] => 0
    [XHF_NSRSBH] => 91440606MA4WX4KK55
    [XHF_MC] => 佛山市成柏电子科技有限公司
    [XHF_DZ] => 佛山市顺德区伦教街道办事处常教社区居民委员会尚成路1号唯美嘉园6座103号铺
    [XHF_DH] => 0757-22223287
    [XHF_YHZH] => 广东顺德农村商业银行股份有限公司大良信合支行  801101000927634235
    [GHF_NSRSBH] => 91440606577894774R
    [GHF_SJ] => 
    [GHF_DZ] => 
    [GHF_GDDH] => 
    [GHF_EMAIL] => 88262936@qq.com
    [GHFQYLX] => 01
    [GHF_YHZH] => 
    [GHF_MC] => 宁波弘讯科技股份有限公司顺德分公司
    [KPR] => 梁月华
    [SKR] => 梁月华
    [FHR] => 植银弟
    [KPLX] => 1
    [CZDM] => 10
    [YHZCBS] => 0
    [XMMC] => 路内智能停车服务
    [DW] => 台
    [GGXH] => 
    [SPBM] => 3040502020200000000
    [XMSL] => 1.00
    [XMDJ] => 2.00
    [HSBZ] => 1
    [KPHJJE] => 2.00
    [XMJE] => 2.00
    [SL] => 0.09
    [SE] => 0.17
    [oids] => 360148
    [create_date] => 1574999341
)
Array
(
    [uniacid] => 14
    [openid] => oR-IB0oWm1aO9SV-XoleUxM7Ub2o
    [FPQQLSH] => OGGP2019112916331765
    [DDH] => GGP20191129163317731
    [invoice_type] => park
    [KP_NSRSBH] => 91440606MA4WX4KK55
    [KP_NSRMC] => 佛山市成柏电子科技有限公司
    [DKBZ] => 0
    [XHF_NSRSBH] => 91440606MA4WX4KK55
    [XHF_MC] => 佛山市成柏电子科技有限公司
    [XHF_DZ] => 佛山市顺德区伦教街道办事处常教社区居民委员会尚成路1号唯美嘉园6座103号铺
    [XHF_DH] => 0757-22223287
    [XHF_YHZH] => 广东顺德农村商业银行股份有限公司大良信合支行  801101000927634235
    [GHF_NSRSBH] => 9144060656085483XC
    [GHF_SJ] => 
    [GHF_DZ] => 
    [GHF_GDDH] => 
    [GHF_EMAIL] => 185269240@qq.com
    [GHFQYLX] => 01
    [GHF_YHZH] => 
    [GHF_MC] => 佛山市纳邦企业管理有限公司
    [KPR] => 梁月华
    [SKR] => 梁月华
    [FHR] => 植银弟
    [KPLX] => 1
    [CZDM] => 10
    [YHZCBS] => 0
    [XMMC] => 路内智能停车服务
    [DW] => 台
    [GGXH] => 
    [SPBM] => 3040502020200000000
    [XMSL] => 1.00
    [XMDJ] => 1779.00
    [HSBZ] => 1
    [KPHJJE] => 1779.00
    [XMJE] => 1779.00
    [SL] => 0.09
    [SE] => 146.89
    [oids] => 315007,313849,312312,311734,310930,309054,307751,306688,304286,302798,301679,300490,299326,298195,296867,295467,294535,293288,292104,291015,286029,284894,283902,282686,281500,278822,278055,276865,275700,274339,273265,271467,271034,267149,265968,264752,263230,257866,256696,255736,253679,251782,250562,249470,248422,246884,246671,244550,243124,242317,240947,239907,236949,236249,233926,232660,231432,228986,228141,227526,226315,225208,224017
    [create_date] => 1575016397
)
Array
(
    [uniacid] => 14
    [openid] => oR-IB0sbk7DTmVml2GGWOrtQwqCo
    [FPQQLSH] => OGGP2019112923365325
    [DDH] => GGP20191129233653300
    [invoice_type] => park
    [KP_NSRSBH] => 91440606MA4WX4KK55
    [KP_NSRMC] => 佛山市成柏电子科技有限公司
    [DKBZ] => 0
    [XHF_NSRSBH] => 91440606MA4WX4KK55
    [XHF_MC] => 佛山市成柏电子科技有限公司
    [XHF_DZ] => 佛山市顺德区伦教街道办事处常教社区居民委员会尚成路1号唯美嘉园6座103号铺
    [XHF_DH] => 0757-22223287
    [XHF_YHZH] => 广东顺德农村商业银行股份有限公司大良信合支行  801101000927634235
    [GHF_NSRSBH] => 52440606MJL6649985
    [GHF_SJ] => 13302835338
    [GHF_DZ] => 
    [GHF_GDDH] => 
    [GHF_EMAIL] => 522601345@qq.com
    [GHFQYLX] => 01
    [GHF_YHZH] => 
    [GHF_MC] => 佛山市顺德区未名社区发展促进中心
    [KPR] => 梁月华
    [SKR] => 梁月华
    [FHR] => 植银弟
    [KPLX] => 1
    [CZDM] => 10
    [YHZCBS] => 0
    [XMMC] => 路内智能停车服务
    [DW] => 台
    [GGXH] => 
    [SPBM] => 3040502020200000000
    [XMSL] => 1.00
    [XMDJ] => 10.00
    [HSBZ] => 1
    [KPHJJE] => 10.00
    [XMJE] => 10.00
    [SL] => 0.09
    [SE] => 0.83
    [oids] => 502282
    [create_date] => 1575041813
)
Array
(
    [uniacid] => 14
    [openid] => oR-IB0iDtD0RJtwjOztot8ZBXtZc
    [FPQQLSH] => OGGP2019113010293480
    [DDH] => GGP20191130102934633
    [invoice_type] => park
    [KP_NSRSBH] => 91440606MA4WX4KK55
    [KP_NSRMC] => 佛山市成柏电子科技有限公司
    [DKBZ] => 0
    [XHF_NSRSBH] => 91440606MA4WX4KK55
    [XHF_MC] => 佛山市成柏电子科技有限公司
    [XHF_DZ] => 佛山市顺德区伦教街道办事处常教社区居民委员会尚成路1号唯美嘉园6座103号铺
    [XHF_DH] => 0757-22223287
    [XHF_YHZH] => 广东顺德农村商业银行股份有限公司大良信合支行  801101000927634235
    [GHF_NSRSBH] => 914406065608420110
    [GHF_SJ] => 13802646101
    [GHF_DZ] => 佛山市顺德区伦教街道办事处羊额村委会泰安路南85号
    [GHF_GDDH] => 
    [GHF_EMAIL] => 303875626@qq.com
    [GHFQYLX] => 01
    [GHF_YHZH] => 
    [GHF_MC] => 佛山市顺德区金万通新材料有限公司
    [KPR] => 梁月华
    [SKR] => 梁月华
    [FHR] => 植银弟
    [KPLX] => 1
    [CZDM] => 10
    [YHZCBS] => 0
    [XMMC] => 路内智能停车服务
    [DW] => 台
    [GGXH] => 
    [SPBM] => 3040502020200000000
    [XMSL] => 1.00
    [XMDJ] => 14.50
    [HSBZ] => 1
    [KPHJJE] => 14.50
    [XMJE] => 14.50
    [SL] => 0.09
    [SE] => 1.20
    [oids] => 381057,374511
    [create_date] => 1575080974
)
Array
(
    [uniacid] => 14
    [openid] => oR-IB0gBfLmdMx3x7cmEOTBtDIsY
    [FPQQLSH] => OGGP2019113015591182
    [DDH] => GGP20191130155911580
    [invoice_type] => park
    [KP_NSRSBH] => 91440606MA4WX4KK55
    [KP_NSRMC] => 佛山市成柏电子科技有限公司
    [DKBZ] => 0
    [XHF_NSRSBH] => 91440606MA4WX4KK55
    [XHF_MC] => 佛山市成柏电子科技有限公司
    [XHF_DZ] => 佛山市顺德区伦教街道办事处常教社区居民委员会尚成路1号唯美嘉园6座103号铺
    [XHF_DH] => 0757-22223287
    [XHF_YHZH] => 广东顺德农村商业银行股份有限公司大良信合支行  801101000927634235
    [GHF_NSRSBH] => 914406066176551975
    [GHF_SJ] => 
    [GHF_DZ] => 
    [GHF_GDDH] => 
    [GHF_EMAIL] => 568812508@qq.com
    [GHFQYLX] => 01
    [GHF_YHZH] => 
    [GHF_MC] => 广东顺德大地园林环境工程有限公司
    [KPR] => 梁月华
    [SKR] => 梁月华
    [FHR] => 植银弟
    [KPLX] => 1
    [CZDM] => 10
    [YHZCBS] => 0
    [XMMC] => 路内智能停车服务
    [DW] => 台
    [GGXH] => 
    [SPBM] => 3040502020200000000
    [XMSL] => 1.00
    [XMDJ] => 17.50
    [HSBZ] => 1
    [KPHJJE] => 17.50
    [XMJE] => 17.50
    [SL] => 0.09
    [SE] => 1.44
    [oids] => 472466,472371,96698,37034
    [create_date] => 1575100751
)
