Array
(
    [uniacid] => 14
    [openid] => oR-IB0toA7yx_jhFEgZlTgWZLtRg
    [FPQQLSH] => OGGP202006012228095
    [DDH] => GGP20200601222809410
    [invoice_type] => park
    [KP_NSRSBH] => 91440606MA4WX4KK55
    [KP_NSRMC] => 佛山市成柏电子科技有限公司
    [DKBZ] => 0
    [XHF_NSRSBH] => 91440606MA4WX4KK55
    [XHF_MC] => 佛山市成柏电子科技有限公司
    [XHF_DZ] => 佛山市顺德区伦教街道办事处常教社区居民委员会尚成路1号唯美嘉园6座103号铺
    [XHF_DH] => 0757-22223287
    [XHF_YHZH] => 广东顺德农村商业银行股份有限公司大良信合支行  801101000927634235
    [GHF_NSRSBH] => 91442000722909216Y
    [GHF_SJ] => 
    [GHF_DZ] => 
    [GHF_GDDH] => 
    [GHF_EMAIL] => 254791702@qq.com
    [GHFQYLX] => 01
    [GHF_YHZH] => 
    [GHF_MC] => 广东诺丝科技股份有限公司
    [KPR] => 梁月华
    [SKR] => 梁月华
    [FHR] => 植银弟
    [KPLX] => 1
    [CZDM] => 10
    [YHZCBS] => 0
    [XMMC] => 路内智能停车服务
    [DW] => 台
    [GGXH] => 
    [SPBM] => 3040502020200000000
    [XMSL] => 1.00
    [XMDJ] => 22.50
    [HSBZ] => 1
    [KPHJJE] => 22.50
    [XMJE] => 22.50
    [SL] => 0.09
    [SE] => 1.86
    [oids] => 687377,561810
    [create_date] => 1591021689
)
Array
(
    [uniacid] => 14
    [openid] => oR-IB0nQaefx__nO3EGUC1qYLppM
    [FPQQLSH] => OGGP2020060212092874
    [DDH] => GGP20200602120928262
    [invoice_type] => park
    [KP_NSRSBH] => 91440606MA4WX4KK55
    [KP_NSRMC] => 佛山市成柏电子科技有限公司
    [DKBZ] => 0
    [XHF_NSRSBH] => 91440606MA4WX4KK55
    [XHF_MC] => 佛山市成柏电子科技有限公司
    [XHF_DZ] => 佛山市顺德区伦教街道办事处常教社区居民委员会尚成路1号唯美嘉园6座103号铺
    [XHF_DH] => 0757-22223287
    [XHF_YHZH] => 广东顺德农村商业银行股份有限公司大良信合支行  801101000927634235
    [GHF_NSRSBH] => 91440606584716001Y
    [GHF_SJ] => 
    [GHF_DZ] => 
    [GHF_GDDH] => 
    [GHF_EMAIL] => 115386270@qq.com
    [GHFQYLX] => 01
    [GHF_YHZH] => 
    [GHF_MC] => 广东广顺建筑工程有限公司
    [KPR] => 梁月华
    [SKR] => 梁月华
    [FHR] => 植银弟
    [KPLX] => 1
    [CZDM] => 10
    [YHZCBS] => 0
    [XMMC] => 路内智能停车服务
    [DW] => 台
    [GGXH] => 
    [SPBM] => 3040502020200000000
    [XMSL] => 1.00
    [XMDJ] => 7.50
    [HSBZ] => 1
    [KPHJJE] => 7.50
    [XMJE] => 7.50
    [SL] => 0.09
    [SE] => 0.62
    [oids] => 687057
    [create_date] => 1591070968
)
Array
(
    [uniacid] => 14
    [openid] => oR-IB0iJUG-h5Heexlkk-ca3mmLg
    [FPQQLSH] => OGGP202006021822044
    [DDH] => GGP20200602182204183
    [invoice_type] => park
    [KP_NSRSBH] => 91440606MA4WX4KK55
    [KP_NSRMC] => 佛山市成柏电子科技有限公司
    [DKBZ] => 0
    [XHF_NSRSBH] => 91440606MA4WX4KK55
    [XHF_MC] => 佛山市成柏电子科技有限公司
    [XHF_DZ] => 佛山市顺德区伦教街道办事处常教社区居民委员会尚成路1号唯美嘉园6座103号铺
    [XHF_DH] => 0757-22223287
    [XHF_YHZH] => 广东顺德农村商业银行股份有限公司大良信合支行  801101000927634235
    [GHF_NSRSBH] => 91440605671552746F
    [GHF_SJ] => 
    [GHF_DZ] => 佛山市南海区桂城街道深海路17号瀚天科技城A区6号楼八楼808单元
    [GHF_GDDH] => 
    [GHF_EMAIL] => 695240646@qq.com
    [GHFQYLX] => 01
    [GHF_YHZH] => 
    [GHF_MC] => 广东辰誉电力科技有限公司
    [KPR] => 梁月华
    [SKR] => 梁月华
    [FHR] => 植银弟
    [KPLX] => 1
    [CZDM] => 10
    [YHZCBS] => 0
    [XMMC] => 路内智能停车服务
    [DW] => 台
    [GGXH] => 
    [SPBM] => 3040502020200000000
    [XMSL] => 1.00
    [XMDJ] => 7.50
    [HSBZ] => 1
    [KPHJJE] => 7.50
    [XMJE] => 7.50
    [SL] => 0.09
    [SE] => 0.62
    [oids] => 683084
    [create_date] => 1591093324
)
Array
(
    [uniacid] => 14
    [openid] => oR-IB0nkS0ICQL68pYYRmKdfxqiI
    [FPQQLSH] => OGGP2020060721140280
    [DDH] => GGP20200607211402593
    [invoice_type] => park
    [KP_NSRSBH] => 91440606MA4WX4KK55
    [KP_NSRMC] => 佛山市成柏电子科技有限公司
    [DKBZ] => 0
    [XHF_NSRSBH] => 91440606MA4WX4KK55
    [XHF_MC] => 佛山市成柏电子科技有限公司
    [XHF_DZ] => 佛山市顺德区伦教街道办事处常教社区居民委员会尚成路1号唯美嘉园6座103号铺
    [XHF_DH] => 0757-22223287
    [XHF_YHZH] => 广东顺德农村商业银行股份有限公司大良信合支行  801101000927634235
    [GHF_NSRSBH] => 91440000739867534X
    [GHF_SJ] => 
    [GHF_DZ] => 
    [GHF_GDDH] => 
    [GHF_EMAIL] => 13926193059@126.com
    [GHFQYLX] => 01
    [GHF_YHZH] => 
    [GHF_MC] => 广东复大医药有限公司
    [KPR] => 梁月华
    [SKR] => 梁月华
    [FHR] => 植银弟
    [KPLX] => 1
    [CZDM] => 10
    [YHZCBS] => 0
    [XMMC] => 路内智能停车服务
    [DW] => 台
    [GGXH] => 
    [SPBM] => 3040502020200000000
    [XMSL] => 1.00
    [XMDJ] => 226.75
    [HSBZ] => 1
    [KPHJJE] => 226.75
    [XMJE] => 226.75
    [SL] => 0.09
    [SE] => 18.72
    [oids] => 694823,633920,541079,480010,454755,413127,382595,202583,67558
    [create_date] => 1591535642
)
Array
(
    [uniacid] => 14
    [openid] => oR-IB0ghkYR-dQafxc_7xQYJOTm4
    [FPQQLSH] => OGGP2020060813184391
    [DDH] => GGP2020060813184379
    [invoice_type] => park
    [KP_NSRSBH] => 91440606MA4WX4KK55
    [KP_NSRMC] => 佛山市成柏电子科技有限公司
    [DKBZ] => 0
    [XHF_NSRSBH] => 91440606MA4WX4KK55
    [XHF_MC] => 佛山市成柏电子科技有限公司
    [XHF_DZ] => 佛山市顺德区伦教街道办事处常教社区居民委员会尚成路1号唯美嘉园6座103号铺
    [XHF_DH] => 0757-22223287
    [XHF_YHZH] => 广东顺德农村商业银行股份有限公司大良信合支行  801101000927634235
    [GHF_NSRSBH] => 91440606MA523HCN58
    [GHF_SJ] => 
    [GHF_DZ] => 
    [GHF_GDDH] => 
    [GHF_EMAIL] => 310566585@qq.com
    [GHFQYLX] => 01
    [GHF_YHZH] => 
    [GHF_MC] => 佛山市棱泰新材料有限公司
    [KPR] => 梁月华
    [SKR] => 梁月华
    [FHR] => 植银弟
    [KPLX] => 1
    [CZDM] => 10
    [YHZCBS] => 0
    [XMMC] => 路内智能停车服务
    [DW] => 台
    [GGXH] => 
    [SPBM] => 3040502020200000000
    [XMSL] => 1.00
    [XMDJ] => 930.50
    [HSBZ] => 1
    [KPHJJE] => 930.50
    [XMJE] => 930.50
    [SL] => 0.09
    [SE] => 76.83
    [oids] => 695975,685098,680544,664142,655834,652360,638499,634296,616971,616575,588343,525009,521011,498580,498573,494013,485852,461988,459065,399566,373501
    [create_date] => 1591593523
)
Array
(
    [uniacid] => 14
    [openid] => oR-IB0teQIaqA_05HCURDkZAeXYE
    [FPQQLSH] => OGGP2020060910320387
    [DDH] => GGP20200609103203924
    [invoice_type] => park
    [KP_NSRSBH] => 91440606MA4WX4KK55
    [KP_NSRMC] => 佛山市成柏电子科技有限公司
    [DKBZ] => 0
    [XHF_NSRSBH] => 91440606MA4WX4KK55
    [XHF_MC] => 佛山市成柏电子科技有限公司
    [XHF_DZ] => 佛山市顺德区伦教街道办事处常教社区居民委员会尚成路1号唯美嘉园6座103号铺
    [XHF_DH] => 0757-22223287
    [XHF_YHZH] => 广东顺德农村商业银行股份有限公司大良信合支行  801101000927634235
    [GHF_NSRSBH] => 31440000MD01828337
    [GHF_SJ] => 
    [GHF_DZ] => 
    [GHF_GDDH] => 
    [GHF_EMAIL] => wujunlaw@126.com
    [GHFQYLX] => 01
    [GHF_YHZH] => 
    [GHF_MC] => 广东南天明（律师）事务所
    [KPR] => 梁月华
    [SKR] => 梁月华
    [FHR] => 植银弟
    [KPLX] => 1
    [CZDM] => 10
    [YHZCBS] => 0
    [XMMC] => 路内智能停车服务
    [DW] => 台
    [GGXH] => 
    [SPBM] => 3040502020200000000
    [XMSL] => 1.00
    [XMDJ] => 75.00
    [HSBZ] => 1
    [KPHJJE] => 75.00
    [XMJE] => 75.00
    [SL] => 0.09
    [SE] => 6.19
    [oids] => 695992,692314,597026,558763,477574,477262
    [create_date] => 1591669923
)
Array
(
    [uniacid] => 14
    [openid] => oR-IB0kfbqCOA8CcvGK5B7GUVj7M
    [FPQQLSH] => OGGP2020061018182975
    [DDH] => GGP20200610181829162
    [invoice_type] => park
    [KP_NSRSBH] => 91440606MA4WX4KK55
    [KP_NSRMC] => 佛山市成柏电子科技有限公司
    [DKBZ] => 0
    [XHF_NSRSBH] => 91440606MA4WX4KK55
    [XHF_MC] => 佛山市成柏电子科技有限公司
    [XHF_DZ] => 佛山市顺德区伦教街道办事处常教社区居民委员会尚成路1号唯美嘉园6座103号铺
    [XHF_DH] => 0757-22223287
    [XHF_YHZH] => 广东顺德农村商业银行股份有限公司大良信合支行  801101000927634235
    [GHF_NSRSBH] => 91440300664163435P
    [GHF_SJ] => 
    [GHF_DZ] => 
    [GHF_GDDH] => 
    [GHF_EMAIL] => 1343103997@qq.com
    [GHFQYLX] => 01
    [GHF_YHZH] => 
    [GHF_MC] => 深圳市杰美康机电有限公司
    [KPR] => 梁月华
    [SKR] => 梁月华
    [FHR] => 植银弟
    [KPLX] => 1
    [CZDM] => 10
    [YHZCBS] => 0
    [XMMC] => 路内智能停车服务
    [DW] => 台
    [GGXH] => 
    [SPBM] => 3040502020200000000
    [XMSL] => 1.00
    [XMDJ] => 682.50
    [HSBZ] => 1
    [KPHJJE] => 682.50
    [XMJE] => 682.50
    [SL] => 0.09
    [SE] => 56.35
    [oids] => 699361,663293,658244,651768,649687,649345,646960
    [create_date] => 1591784310
)
Array
(
    [uniacid] => 14
    [openid] => oR-IB0jlwIj-YvJMlWIHpRwwS4Ik
    [FPQQLSH] => OGGP2020061109274090
    [DDH] => GGP20200611092740208
    [invoice_type] => park
    [KP_NSRSBH] => 91440606MA4WX4KK55
    [KP_NSRMC] => 佛山市成柏电子科技有限公司
    [DKBZ] => 0
    [XHF_NSRSBH] => 91440606MA4WX4KK55
    [XHF_MC] => 佛山市成柏电子科技有限公司
    [XHF_DZ] => 佛山市顺德区伦教街道办事处常教社区居民委员会尚成路1号唯美嘉园6座103号铺
    [XHF_DH] => 0757-22223287
    [XHF_YHZH] => 广东顺德农村商业银行股份有限公司大良信合支行  801101000927634235
    [GHF_NSRSBH] => 91440605MA51YYKTXC
    [GHF_SJ] => 
    [GHF_DZ] => 
    [GHF_GDDH] => 
    [GHF_EMAIL] => ex-linzh002@cmrh.com
    [GHFQYLX] => 01
    [GHF_YHZH] => 
    [GHF_MC] => 招商局仁和人寿保险股份有限公司佛山分公司
    [KPR] => 梁月华
    [SKR] => 梁月华
    [FHR] => 植银弟
    [KPLX] => 1
    [CZDM] => 10
    [YHZCBS] => 0
    [XMMC] => 路内智能停车服务
    [DW] => 台
    [GGXH] => 
    [SPBM] => 3040502020200000000
    [XMSL] => 1.00
    [XMDJ] => 7.50
    [HSBZ] => 1
    [KPHJJE] => 7.50
    [XMJE] => 7.50
    [SL] => 0.09
    [SE] => 0.62
    [oids] => 697585
    [create_date] => 1591838860
)
Array
(
    [uniacid] => 14
    [openid] => oR-IB0kITbrmg3d2ZhiUPN_4fRD4
    [FPQQLSH] => OGGP2020061219413836
    [DDH] => GGP20200612194138360
    [invoice_type] => park
    [KP_NSRSBH] => 91440606MA4WX4KK55
    [KP_NSRMC] => 佛山市成柏电子科技有限公司
    [DKBZ] => 0
    [XHF_NSRSBH] => 91440606MA4WX4KK55
    [XHF_MC] => 佛山市成柏电子科技有限公司
    [XHF_DZ] => 佛山市顺德区伦教街道办事处常教社区居民委员会尚成路1号唯美嘉园6座103号铺
    [XHF_DH] => 0757-22223287
    [XHF_YHZH] => 广东顺德农村商业银行股份有限公司大良信合支行  801101000927634235
    [GHF_NSRSBH] => 
    [GHF_SJ] => 
    [GHF_DZ] => 
    [GHF_GDDH] => 
    [GHF_EMAIL] => 53259666@qq.com
    [GHFQYLX] => 03
    [GHF_YHZH] => 
    [GHF_MC] => 个人(张毅铭)
    [KPR] => 梁月华
    [SKR] => 梁月华
    [FHR] => 植银弟
    [KPLX] => 1
    [CZDM] => 10
    [YHZCBS] => 0
    [XMMC] => 路内智能停车服务
    [DW] => 台
    [GGXH] => 
    [SPBM] => 3040502020200000000
    [XMSL] => 1.00
    [XMDJ] => 9.00
    [HSBZ] => 1
    [KPHJJE] => 9.00
    [XMJE] => 9.00
    [SL] => 0.09
    [SE] => 0.74
    [oids] => 688825
    [create_date] => 1591962098
)
Array
(
    [uniacid] => 14
    [openid] => oR-IB0vQ138B1D9-et6OPZQomTTs
    [FPQQLSH] => OGGP2020061410575947
    [DDH] => GGP20200614105759381
    [invoice_type] => park
    [KP_NSRSBH] => 91440606MA4WX4KK55
    [KP_NSRMC] => 佛山市成柏电子科技有限公司
    [DKBZ] => 0
    [XHF_NSRSBH] => 91440606MA4WX4KK55
    [XHF_MC] => 佛山市成柏电子科技有限公司
    [XHF_DZ] => 佛山市顺德区伦教街道办事处常教社区居民委员会尚成路1号唯美嘉园6座103号铺
    [XHF_DH] => 0757-22223287
    [XHF_YHZH] => 广东顺德农村商业银行股份有限公司大良信合支行  801101000927634235
    [GHF_NSRSBH] => 91440115061146011F
    [GHF_SJ] => 
    [GHF_DZ] => 
    [GHF_GDDH] => 
    [GHF_EMAIL] => 305497464@qq.com
    [GHFQYLX] => 01
    [GHF_YHZH] => 
    [GHF_MC] => 广州奥昆食品有限公司
    [KPR] => 梁月华
    [SKR] => 梁月华
    [FHR] => 植银弟
    [KPLX] => 1
    [CZDM] => 10
    [YHZCBS] => 0
    [XMMC] => 路内智能停车服务
    [DW] => 台
    [GGXH] => 
    [SPBM] => 3040502020200000000
    [XMSL] => 1.00
    [XMDJ] => 5.00
    [HSBZ] => 1
    [KPHJJE] => 5.00
    [XMJE] => 5.00
    [SL] => 0.09
    [SE] => 0.41
    [oids] => 702806
    [create_date] => 1592103479
)
Array
(
    [uniacid] => 14
    [openid] => oR-IB0s9Ikg-fhTKpSrS1SGQMB_A
    [FPQQLSH] => OGGP2020061412210982
    [DDH] => GGP20200614122109833
    [invoice_type] => park
    [KP_NSRSBH] => 91440606MA4WX4KK55
    [KP_NSRMC] => 佛山市成柏电子科技有限公司
    [DKBZ] => 0
    [XHF_NSRSBH] => 91440606MA4WX4KK55
    [XHF_MC] => 佛山市成柏电子科技有限公司
    [XHF_DZ] => 佛山市顺德区伦教街道办事处常教社区居民委员会尚成路1号唯美嘉园6座103号铺
    [XHF_DH] => 0757-22223287
    [XHF_YHZH] => 广东顺德农村商业银行股份有限公司大良信合支行  801101000927634235
    [GHF_NSRSBH] => 914406066614878646
    [GHF_SJ] => 
    [GHF_DZ] => 
    [GHF_GDDH] => 
    [GHF_EMAIL] => alexzhang@united-oce
    [GHFQYLX] => 01
    [GHF_YHZH] => 
    [GHF_MC] => 广州海邦国际货运代理有限公司顺德分公司
    [KPR] => 梁月华
    [SKR] => 梁月华
    [FHR] => 植银弟
    [KPLX] => 1
    [CZDM] => 10
    [YHZCBS] => 0
    [XMMC] => 路内智能停车服务
    [DW] => 台
    [GGXH] => 
    [SPBM] => 3040502020200000000
    [XMSL] => 1.00
    [XMDJ] => 25.50
    [HSBZ] => 1
    [KPHJJE] => 25.50
    [XMJE] => 25.50
    [SL] => 0.09
    [SE] => 2.11
    [oids] => 702671
    [create_date] => 1592108469
)
Array
(
    [uniacid] => 14
    [openid] => oR-IB0s9Ikg-fhTKpSrS1SGQMB_A
    [FPQQLSH] => OGGP2020061412212875
    [DDH] => GGP20200614122128882
    [invoice_type] => park
    [KP_NSRSBH] => 91440606MA4WX4KK55
    [KP_NSRMC] => 佛山市成柏电子科技有限公司
    [DKBZ] => 0
    [XHF_NSRSBH] => 91440606MA4WX4KK55
    [XHF_MC] => 佛山市成柏电子科技有限公司
    [XHF_DZ] => 佛山市顺德区伦教街道办事处常教社区居民委员会尚成路1号唯美嘉园6座103号铺
    [XHF_DH] => 0757-22223287
    [XHF_YHZH] => 广东顺德农村商业银行股份有限公司大良信合支行  801101000927634235
    [GHF_NSRSBH] => 914406066614878646
    [GHF_SJ] => 
    [GHF_DZ] => 
    [GHF_GDDH] => 
    [GHF_EMAIL] => alexzhang@united-oce
    [GHFQYLX] => 01
    [GHF_YHZH] => 
    [GHF_MC] => 广州海邦国际货运代理有限公司顺德分公司
    [KPR] => 梁月华
    [SKR] => 梁月华
    [FHR] => 植银弟
    [KPLX] => 1
    [CZDM] => 10
    [YHZCBS] => 0
    [XMMC] => 路内智能停车服务
    [DW] => 台
    [GGXH] => 
    [SPBM] => 3040502020200000000
    [XMSL] => 1.00
    [XMDJ] => 8.00
    [HSBZ] => 1
    [KPHJJE] => 8.00
    [XMJE] => 8.00
    [SL] => 0.09
    [SE] => 0.66
    [oids] => 701114
    [create_date] => 1592108488
)
Array
(
    [uniacid] => 14
    [openid] => oR-IB0s9Ikg-fhTKpSrS1SGQMB_A
    [FPQQLSH] => OGGP2020061412214393
    [DDH] => GGP20200614122143391
    [invoice_type] => park
    [KP_NSRSBH] => 91440606MA4WX4KK55
    [KP_NSRMC] => 佛山市成柏电子科技有限公司
    [DKBZ] => 0
    [XHF_NSRSBH] => 91440606MA4WX4KK55
    [XHF_MC] => 佛山市成柏电子科技有限公司
    [XHF_DZ] => 佛山市顺德区伦教街道办事处常教社区居民委员会尚成路1号唯美嘉园6座103号铺
    [XHF_DH] => 0757-22223287
    [XHF_YHZH] => 广东顺德农村商业银行股份有限公司大良信合支行  801101000927634235
    [GHF_NSRSBH] => 914406066614878646
    [GHF_SJ] => 
    [GHF_DZ] => 
    [GHF_GDDH] => 
    [GHF_EMAIL] => alexzhang@united-oce
    [GHFQYLX] => 01
    [GHF_YHZH] => 
    [GHF_MC] => 广州海邦国际货运代理有限公司顺德分公司
    [KPR] => 梁月华
    [SKR] => 梁月华
    [FHR] => 植银弟
    [KPLX] => 1
    [CZDM] => 10
    [YHZCBS] => 0
    [XMMC] => 路内智能停车服务
    [DW] => 台
    [GGXH] => 
    [SPBM] => 3040502020200000000
    [XMSL] => 1.00
    [XMDJ] => 20.00
    [HSBZ] => 1
    [KPHJJE] => 20.00
    [XMJE] => 20.00
    [SL] => 0.09
    [SE] => 1.65
    [oids] => 647997
    [create_date] => 1592108503
)
Array
(
    [uniacid] => 14
    [openid] => oR-IB0nahpgrkW4Taj5au7VT3JbE
    [FPQQLSH] => OGGP2020061418041474
    [DDH] => GGP20200614180414736
    [invoice_type] => park
    [KP_NSRSBH] => 91440606MA4WX4KK55
    [KP_NSRMC] => 佛山市成柏电子科技有限公司
    [DKBZ] => 0
    [XHF_NSRSBH] => 91440606MA4WX4KK55
    [XHF_MC] => 佛山市成柏电子科技有限公司
    [XHF_DZ] => 佛山市顺德区伦教街道办事处常教社区居民委员会尚成路1号唯美嘉园6座103号铺
    [XHF_DH] => 0757-22223287
    [XHF_YHZH] => 广东顺德农村商业银行股份有限公司大良信合支行  801101000927634235
    [GHF_NSRSBH] => 91440606725109978X
    [GHF_SJ] => 
    [GHF_DZ] => 
    [GHF_GDDH] => 
    [GHF_EMAIL] => 419521052@qq.com
    [GHFQYLX] => 01
    [GHF_YHZH] => 
    [GHF_MC] => 佛山市吉盈工程建设管理有限公司
    [KPR] => 梁月华
    [SKR] => 梁月华
    [FHR] => 植银弟
    [KPLX] => 1
    [CZDM] => 10
    [YHZCBS] => 0
    [XMMC] => 路内智能停车服务
    [DW] => 台
    [GGXH] => 
    [SPBM] => 3040502020200000000
    [XMSL] => 1.00
    [XMDJ] => 17.00
    [HSBZ] => 1
    [KPHJJE] => 17.00
    [XMJE] => 17.00
    [SL] => 0.09
    [SE] => 1.40
    [oids] => 702838,639937,638883
    [create_date] => 1592129054
)
Array
(
    [uniacid] => 14
    [openid] => oR-IB0ikweSG7PiSIvsSMkEkccNM
    [FPQQLSH] => OGGP2020061423041220
    [DDH] => GGP20200614230412554
    [invoice_type] => park
    [KP_NSRSBH] => 91440606MA4WX4KK55
    [KP_NSRMC] => 佛山市成柏电子科技有限公司
    [DKBZ] => 0
    [XHF_NSRSBH] => 91440606MA4WX4KK55
    [XHF_MC] => 佛山市成柏电子科技有限公司
    [XHF_DZ] => 佛山市顺德区伦教街道办事处常教社区居民委员会尚成路1号唯美嘉园6座103号铺
    [XHF_DH] => 0757-22223287
    [XHF_YHZH] => 广东顺德农村商业银行股份有限公司大良信合支行  801101000927634235
    [GHF_NSRSBH] => 914406067385572868
    [GHF_SJ] => 
    [GHF_DZ] => 
    [GHF_GDDH] => 
    [GHF_EMAIL] => 827636761@qq.com
    [GHFQYLX] => 01
    [GHF_YHZH] => 
    [GHF_MC] => 国泰君安证券股份有限公司顺德大良证券营业部
    [KPR] => 梁月华
    [SKR] => 梁月华
    [FHR] => 植银弟
    [KPLX] => 1
    [CZDM] => 10
    [YHZCBS] => 0
    [XMMC] => 路内智能停车服务
    [DW] => 台
    [GGXH] => 
    [SPBM] => 3040502020200000000
    [XMSL] => 1.00
    [XMDJ] => 7.00
    [HSBZ] => 1
    [KPHJJE] => 7.00
    [XMJE] => 7.00
    [SL] => 0.09
    [SE] => 0.58
    [oids] => 704975
    [create_date] => 1592147052
)
Array
(
    [uniacid] => 14
    [openid] => oR-IB0ikweSG7PiSIvsSMkEkccNM
    [FPQQLSH] => OGGP2020061423045233
    [DDH] => GGP20200614230452193
    [invoice_type] => park
    [KP_NSRSBH] => 91440606MA4WX4KK55
    [KP_NSRMC] => 佛山市成柏电子科技有限公司
    [DKBZ] => 0
    [XHF_NSRSBH] => 91440606MA4WX4KK55
    [XHF_MC] => 佛山市成柏电子科技有限公司
    [XHF_DZ] => 佛山市顺德区伦教街道办事处常教社区居民委员会尚成路1号唯美嘉园6座103号铺
    [XHF_DH] => 0757-22223287
    [XHF_YHZH] => 广东顺德农村商业银行股份有限公司大良信合支行  801101000927634235
    [GHF_NSRSBH] => 914406067385572868
    [GHF_SJ] => 
    [GHF_DZ] => 
    [GHF_GDDH] => 
    [GHF_EMAIL] => 827636761@qq.com
    [GHFQYLX] => 01
    [GHF_YHZH] => 
    [GHF_MC] => 国泰君安证券股份有限公司顺德大良证券营业部
    [KPR] => 梁月华
    [SKR] => 梁月华
    [FHR] => 植银弟
    [KPLX] => 1
    [CZDM] => 10
    [YHZCBS] => 0
    [XMMC] => 路内智能停车服务
    [DW] => 台
    [GGXH] => 
    [SPBM] => 3040502020200000000
    [XMSL] => 1.00
    [XMDJ] => 6.00
    [HSBZ] => 1
    [KPHJJE] => 6.00
    [XMJE] => 6.00
    [SL] => 0.09
    [SE] => 0.50
    [oids] => 45253
    [create_date] => 1592147092
)
Array
(
    [uniacid] => 14
    [openid] => oR-IB0ikweSG7PiSIvsSMkEkccNM
    [FPQQLSH] => OGGP2020061423051317
    [DDH] => GGP20200614230513355
    [invoice_type] => park
    [KP_NSRSBH] => 91440606MA4WX4KK55
    [KP_NSRMC] => 佛山市成柏电子科技有限公司
    [DKBZ] => 0
    [XHF_NSRSBH] => 91440606MA4WX4KK55
    [XHF_MC] => 佛山市成柏电子科技有限公司
    [XHF_DZ] => 佛山市顺德区伦教街道办事处常教社区居民委员会尚成路1号唯美嘉园6座103号铺
    [XHF_DH] => 0757-22223287
    [XHF_YHZH] => 广东顺德农村商业银行股份有限公司大良信合支行  801101000927634235
    [GHF_NSRSBH] => 914406067385572868
    [GHF_SJ] => 
    [GHF_DZ] => 
    [GHF_GDDH] => 
    [GHF_EMAIL] => 827636761@qq.com
    [GHFQYLX] => 01
    [GHF_YHZH] => 
    [GHF_MC] => 国泰君安证券股份有限公司顺德大良证券营业部
    [KPR] => 梁月华
    [SKR] => 梁月华
    [FHR] => 植银弟
    [KPLX] => 1
    [CZDM] => 10
    [YHZCBS] => 0
    [XMMC] => 路内智能停车服务
    [DW] => 台
    [GGXH] => 
    [SPBM] => 3040502020200000000
    [XMSL] => 1.00
    [XMDJ] => 2.50
    [HSBZ] => 1
    [KPHJJE] => 2.50
    [XMJE] => 2.50
    [SL] => 0.09
    [SE] => 0.21
    [oids] => 74531
    [create_date] => 1592147113
)
Array
(
    [uniacid] => 14
    [openid] => oR-IB0ikweSG7PiSIvsSMkEkccNM
    [FPQQLSH] => OGGP2020061423052949
    [DDH] => GGP20200614230529331
    [invoice_type] => park
    [KP_NSRSBH] => 91440606MA4WX4KK55
    [KP_NSRMC] => 佛山市成柏电子科技有限公司
    [DKBZ] => 0
    [XHF_NSRSBH] => 91440606MA4WX4KK55
    [XHF_MC] => 佛山市成柏电子科技有限公司
    [XHF_DZ] => 佛山市顺德区伦教街道办事处常教社区居民委员会尚成路1号唯美嘉园6座103号铺
    [XHF_DH] => 0757-22223287
    [XHF_YHZH] => 广东顺德农村商业银行股份有限公司大良信合支行  801101000927634235
    [GHF_NSRSBH] => 914406067385572868
    [GHF_SJ] => 
    [GHF_DZ] => 
    [GHF_GDDH] => 
    [GHF_EMAIL] => 827636761@qq.com
    [GHFQYLX] => 01
    [GHF_YHZH] => 
    [GHF_MC] => 国泰君安证券股份有限公司顺德大良证券营业部
    [KPR] => 梁月华
    [SKR] => 梁月华
    [FHR] => 植银弟
    [KPLX] => 1
    [CZDM] => 10
    [YHZCBS] => 0
    [XMMC] => 路内智能停车服务
    [DW] => 台
    [GGXH] => 
    [SPBM] => 3040502020200000000
    [XMSL] => 1.00
    [XMDJ] => 7.50
    [HSBZ] => 1
    [KPHJJE] => 7.50
    [XMJE] => 7.50
    [SL] => 0.09
    [SE] => 0.62
    [oids] => 370278
    [create_date] => 1592147129
)
Array
(
    [uniacid] => 14
    [openid] => oR-IB0ikweSG7PiSIvsSMkEkccNM
    [FPQQLSH] => OGGP2020061423054433
    [DDH] => GGP20200614230544412
    [invoice_type] => park
    [KP_NSRSBH] => 91440606MA4WX4KK55
    [KP_NSRMC] => 佛山市成柏电子科技有限公司
    [DKBZ] => 0
    [XHF_NSRSBH] => 91440606MA4WX4KK55
    [XHF_MC] => 佛山市成柏电子科技有限公司
    [XHF_DZ] => 佛山市顺德区伦教街道办事处常教社区居民委员会尚成路1号唯美嘉园6座103号铺
    [XHF_DH] => 0757-22223287
    [XHF_YHZH] => 广东顺德农村商业银行股份有限公司大良信合支行  801101000927634235
    [GHF_NSRSBH] => 914406067385572868
    [GHF_SJ] => 
    [GHF_DZ] => 
    [GHF_GDDH] => 
    [GHF_EMAIL] => 827636761@qq.com
    [GHFQYLX] => 01
    [GHF_YHZH] => 
    [GHF_MC] => 国泰君安证券股份有限公司顺德大良证券营业部
    [KPR] => 梁月华
    [SKR] => 梁月华
    [FHR] => 植银弟
    [KPLX] => 1
    [CZDM] => 10
    [YHZCBS] => 0
    [XMMC] => 路内智能停车服务
    [DW] => 台
    [GGXH] => 
    [SPBM] => 3040502020200000000
    [XMSL] => 1.00
    [XMDJ] => 7.50
    [HSBZ] => 1
    [KPHJJE] => 7.50
    [XMJE] => 7.50
    [SL] => 0.09
    [SE] => 0.62
    [oids] => 702793
    [create_date] => 1592147144
)
Array
(
    [uniacid] => 14
    [openid] => oR-IB0tKRTUltSHUZhcPwGIwrcIQ
    [FPQQLSH] => OGGP2020061509040119
    [DDH] => GGP20200615090401448
    [invoice_type] => park
    [KP_NSRSBH] => 91440606MA4WX4KK55
    [KP_NSRMC] => 佛山市成柏电子科技有限公司
    [DKBZ] => 0
    [XHF_NSRSBH] => 91440606MA4WX4KK55
    [XHF_MC] => 佛山市成柏电子科技有限公司
    [XHF_DZ] => 佛山市顺德区伦教街道办事处常教社区居民委员会尚成路1号唯美嘉园6座103号铺
    [XHF_DH] => 0757-22223287
    [XHF_YHZH] => 广东顺德农村商业银行股份有限公司大良信合支行  801101000927634235
    [GHF_NSRSBH] => 91440606785794508D
    [GHF_SJ] => 
    [GHF_DZ] => 
    [GHF_GDDH] => 
    [GHF_EMAIL] => 313572123@qq.com
    [GHFQYLX] => 01
    [GHF_YHZH] => 
    [GHF_MC] => 广东奇力士环保能源股份有限公南国西加油站
    [KPR] => 梁月华
    [SKR] => 梁月华
    [FHR] => 植银弟
    [KPLX] => 1
    [CZDM] => 10
    [YHZCBS] => 0
    [XMMC] => 路内智能停车服务
    [DW] => 台
    [GGXH] => 
    [SPBM] => 3040502020200000000
    [XMSL] => 1.00
    [XMDJ] => 7.50
    [HSBZ] => 1
    [KPHJJE] => 7.50
    [XMJE] => 7.50
    [SL] => 0.09
    [SE] => 0.62
    [oids] => 677869
    [create_date] => 1592183041
)
Array
(
    [uniacid] => 14
    [openid] => oR-IB0tKRTUltSHUZhcPwGIwrcIQ
    [FPQQLSH] => OGGP202006150911485
    [DDH] => GGP20200615091148355
    [invoice_type] => park
    [KP_NSRSBH] => 91440606MA4WX4KK55
    [KP_NSRMC] => 佛山市成柏电子科技有限公司
    [DKBZ] => 0
    [XHF_NSRSBH] => 91440606MA4WX4KK55
    [XHF_MC] => 佛山市成柏电子科技有限公司
    [XHF_DZ] => 佛山市顺德区伦教街道办事处常教社区居民委员会尚成路1号唯美嘉园6座103号铺
    [XHF_DH] => 0757-22223287
    [XHF_YHZH] => 广东顺德农村商业银行股份有限公司大良信合支行  801101000927634235
    [GHF_NSRSBH] => 91330206MA2925FC7N
    [GHF_SJ] => 
    [GHF_DZ] => 
    [GHF_GDDH] => 
    [GHF_EMAIL] => 313572123@qq.com
    [GHFQYLX] => 01
    [GHF_YHZH] => 
    [GHF_MC] => 宁波梅山保税港区千泰投资管理合伙企业(有限合伙）
    [KPR] => 梁月华
    [SKR] => 梁月华
    [FHR] => 植银弟
    [KPLX] => 1
    [CZDM] => 10
    [YHZCBS] => 0
    [XMMC] => 路内智能停车服务
    [DW] => 台
    [GGXH] => 
    [SPBM] => 3040502020200000000
    [XMSL] => 1.00
    [XMDJ] => 15.00
    [HSBZ] => 1
    [KPHJJE] => 15.00
    [XMJE] => 15.00
    [SL] => 0.09
    [SE] => 1.24
    [oids] => 594402,555688
    [create_date] => 1592183508
)
Array
(
    [uniacid] => 14
    [openid] => oR-IB0jMRdn1hK3yH63ERv835TH8
    [FPQQLSH] => OGGP202006171132292
    [DDH] => GGP20200617113229913
    [invoice_type] => park
    [KP_NSRSBH] => 91440606MA4WX4KK55
    [KP_NSRMC] => 佛山市成柏电子科技有限公司
    [DKBZ] => 0
    [XHF_NSRSBH] => 91440606MA4WX4KK55
    [XHF_MC] => 佛山市成柏电子科技有限公司
    [XHF_DZ] => 佛山市顺德区伦教街道办事处常教社区居民委员会尚成路1号唯美嘉园6座103号铺
    [XHF_DH] => 0757-22223287
    [XHF_YHZH] => 广东顺德农村商业银行股份有限公司大良信合支行  801101000927634235
    [GHF_NSRSBH] => 91440606724378439E
    [GHF_SJ] => 
    [GHF_DZ] => 佛山市顺德区大良红岗路红庙用地
    [GHF_GDDH] => 
    [GHF_EMAIL] => 737277846@qq.com
    [GHFQYLX] => 01
    [GHF_YHZH] => 
    [GHF_MC] => 广东汇盈电力工程有限公司
    [KPR] => 梁月华
    [SKR] => 梁月华
    [FHR] => 植银弟
    [KPLX] => 1
    [CZDM] => 10
    [YHZCBS] => 0
    [XMMC] => 路内智能停车服务
    [DW] => 台
    [GGXH] => 
    [SPBM] => 3040502020200000000
    [XMSL] => 1.00
    [XMDJ] => 25.00
    [HSBZ] => 1
    [KPHJJE] => 25.00
    [XMJE] => 25.00
    [SL] => 0.09
    [SE] => 2.06
    [oids] => 708074,692442
    [create_date] => 1592364749
)
Array
(
    [uniacid] => 14
    [openid] => oR-IB0hTriRyeTNMgRxg4PfUKgwo
    [FPQQLSH] => OGGP2020061715090463
    [DDH] => GGP20200617150904653
    [invoice_type] => park
    [KP_NSRSBH] => 91440606MA4WX4KK55
    [KP_NSRMC] => 佛山市成柏电子科技有限公司
    [DKBZ] => 0
    [XHF_NSRSBH] => 91440606MA4WX4KK55
    [XHF_MC] => 佛山市成柏电子科技有限公司
    [XHF_DZ] => 佛山市顺德区伦教街道办事处常教社区居民委员会尚成路1号唯美嘉园6座103号铺
    [XHF_DH] => 0757-22223287
    [XHF_YHZH] => 广东顺德农村商业银行股份有限公司大良信合支行  801101000927634235
    [GHF_NSRSBH] => 12440600456074016N
    [GHF_SJ] => 
    [GHF_DZ] => 
    [GHF_GDDH] => 
    [GHF_EMAIL] => 283765852@qq.com
    [GHFQYLX] => 01
    [GHF_YHZH] => 
    [GHF_MC] => 佛山市食品药品检验检测中心
    [KPR] => 梁月华
    [SKR] => 梁月华
    [FHR] => 植银弟
    [KPLX] => 1
    [CZDM] => 10
    [YHZCBS] => 0
    [XMMC] => 路内智能停车服务
    [DW] => 台
    [GGXH] => 
    [SPBM] => 3040502020200000000
    [XMSL] => 1.00
    [XMDJ] => 5.00
    [HSBZ] => 1
    [KPHJJE] => 5.00
    [XMJE] => 5.00
    [SL] => 0.09
    [SE] => 0.41
    [oids] => 708364
    [create_date] => 1592377744
)
Array
(
    [uniacid] => 14
    [openid] => oR-IB0jMRdn1hK3yH63ERv835TH8
    [FPQQLSH] => OGGP2020061716592549
    [DDH] => GGP20200617165925829
    [invoice_type] => park
    [KP_NSRSBH] => 91440606MA4WX4KK55
    [KP_NSRMC] => 佛山市成柏电子科技有限公司
    [DKBZ] => 0
    [XHF_NSRSBH] => 91440606MA4WX4KK55
    [XHF_MC] => 佛山市成柏电子科技有限公司
    [XHF_DZ] => 佛山市顺德区伦教街道办事处常教社区居民委员会尚成路1号唯美嘉园6座103号铺
    [XHF_DH] => 0757-22223287
    [XHF_YHZH] => 广东顺德农村商业银行股份有限公司大良信合支行  801101000927634235
    [GHF_NSRSBH] => 91440606724378439E
    [GHF_SJ] => 
    [GHF_DZ] => 佛山市顺德区大良红岗路红庙用地
    [GHF_GDDH] => 
    [GHF_EMAIL] => 737277846@qq.com
    [GHFQYLX] => 01
    [GHF_YHZH] => 
    [GHF_MC] => 广东汇盈电力工程有限公司
    [KPR] => 梁月华
    [SKR] => 梁月华
    [FHR] => 植银弟
    [KPLX] => 1
    [CZDM] => 10
    [YHZCBS] => 0
    [XMMC] => 路内智能停车服务
    [DW] => 台
    [GGXH] => 
    [SPBM] => 3040502020200000000
    [XMSL] => 1.00
    [XMDJ] => 10.00
    [HSBZ] => 1
    [KPHJJE] => 10.00
    [XMJE] => 10.00
    [SL] => 0.09
    [SE] => 0.83
    [oids] => 708460
    [create_date] => 1592384365
)
Array
(
    [uniacid] => 14
    [openid] => oR-IB0vALYGFufcz3p8SCZABQvJo
    [FPQQLSH] => OGGP2020061812041225
    [DDH] => GGP20200618120412466
    [invoice_type] => park
    [KP_NSRSBH] => 91440606MA4WX4KK55
    [KP_NSRMC] => 佛山市成柏电子科技有限公司
    [DKBZ] => 0
    [XHF_NSRSBH] => 91440606MA4WX4KK55
    [XHF_MC] => 佛山市成柏电子科技有限公司
    [XHF_DZ] => 佛山市顺德区伦教街道办事处常教社区居民委员会尚成路1号唯美嘉园6座103号铺
    [XHF_DH] => 0757-22223287
    [XHF_YHZH] => 广东顺德农村商业银行股份有限公司大良信合支行  801101000927634235
    [GHF_NSRSBH] => 91440400768404547E
    [GHF_SJ] => 15800131198
    [GHF_DZ] => 
    [GHF_GDDH] => 
    [GHF_EMAIL] => 375215100@qq.com
    [GHFQYLX] => 01
    [GHF_YHZH] => 
    [GHF_MC] => 珠海市爱婴岛商贸连锁有限公司
    [KPR] => 梁月华
    [SKR] => 梁月华
    [FHR] => 植银弟
    [KPLX] => 1
    [CZDM] => 10
    [YHZCBS] => 0
    [XMMC] => 路内智能停车服务
    [DW] => 台
    [GGXH] => 
    [SPBM] => 3040502020200000000
    [XMSL] => 1.00
    [XMDJ] => 30.00
    [HSBZ] => 1
    [KPHJJE] => 30.00
    [XMJE] => 30.00
    [SL] => 0.09
    [SE] => 2.48
    [oids] => 707955
    [create_date] => 1592453052
)
Array
(
    [uniacid] => 14
    [openid] => oR-IB0vALYGFufcz3p8SCZABQvJo
    [FPQQLSH] => OGGP2020061812044660
    [DDH] => GGP20200618120446903
    [invoice_type] => park
    [KP_NSRSBH] => 91440606MA4WX4KK55
    [KP_NSRMC] => 佛山市成柏电子科技有限公司
    [DKBZ] => 0
    [XHF_NSRSBH] => 91440606MA4WX4KK55
    [XHF_MC] => 佛山市成柏电子科技有限公司
    [XHF_DZ] => 佛山市顺德区伦教街道办事处常教社区居民委员会尚成路1号唯美嘉园6座103号铺
    [XHF_DH] => 0757-22223287
    [XHF_YHZH] => 广东顺德农村商业银行股份有限公司大良信合支行  801101000927634235
    [GHF_NSRSBH] => 91440400768404547E
    [GHF_SJ] => 15800131198
    [GHF_DZ] => 
    [GHF_GDDH] => 
    [GHF_EMAIL] => 375215100@qq.com
    [GHFQYLX] => 01
    [GHF_YHZH] => 
    [GHF_MC] => 珠海市爱婴岛商贸连锁有限公司
    [KPR] => 梁月华
    [SKR] => 梁月华
    [FHR] => 植银弟
    [KPLX] => 1
    [CZDM] => 10
    [YHZCBS] => 0
    [XMMC] => 路内智能停车服务
    [DW] => 台
    [GGXH] => 
    [SPBM] => 3040502020200000000
    [XMSL] => 1.00
    [XMDJ] => 23.00
    [HSBZ] => 1
    [KPHJJE] => 23.00
    [XMJE] => 23.00
    [SL] => 0.09
    [SE] => 1.90
    [oids] => 650046
    [create_date] => 1592453086
)
Array
(
    [uniacid] => 14
    [openid] => oR-IB0vALYGFufcz3p8SCZABQvJo
    [FPQQLSH] => OGGP202006181205065
    [DDH] => GGP20200618120506977
    [invoice_type] => park
    [KP_NSRSBH] => 91440606MA4WX4KK55
    [KP_NSRMC] => 佛山市成柏电子科技有限公司
    [DKBZ] => 0
    [XHF_NSRSBH] => 91440606MA4WX4KK55
    [XHF_MC] => 佛山市成柏电子科技有限公司
    [XHF_DZ] => 佛山市顺德区伦教街道办事处常教社区居民委员会尚成路1号唯美嘉园6座103号铺
    [XHF_DH] => 0757-22223287
    [XHF_YHZH] => 广东顺德农村商业银行股份有限公司大良信合支行  801101000927634235
    [GHF_NSRSBH] => 91440400768404547E
    [GHF_SJ] => 15800131198
    [GHF_DZ] => 
    [GHF_GDDH] => 
    [GHF_EMAIL] => 375215100@qq.com
    [GHFQYLX] => 01
    [GHF_YHZH] => 
    [GHF_MC] => 珠海市爱婴岛商贸连锁有限公司
    [KPR] => 梁月华
    [SKR] => 梁月华
    [FHR] => 植银弟
    [KPLX] => 1
    [CZDM] => 10
    [YHZCBS] => 0
    [XMMC] => 路内智能停车服务
    [DW] => 台
    [GGXH] => 
    [SPBM] => 3040502020200000000
    [XMSL] => 1.00
    [XMDJ] => 25.50
    [HSBZ] => 1
    [KPHJJE] => 25.50
    [XMJE] => 25.50
    [SL] => 0.09
    [SE] => 2.11
    [oids] => 648853
    [create_date] => 1592453106
)
Array
(
    [uniacid] => 14
    [openid] => oR-IB0iRRIFoVjRFO8odudRac_5E
    [FPQQLSH] => OGGP2020061815145582
    [DDH] => GGP20200618151455973
    [invoice_type] => park
    [KP_NSRSBH] => 91440606MA4WX4KK55
    [KP_NSRMC] => 佛山市成柏电子科技有限公司
    [DKBZ] => 0
    [XHF_NSRSBH] => 91440606MA4WX4KK55
    [XHF_MC] => 佛山市成柏电子科技有限公司
    [XHF_DZ] => 佛山市顺德区伦教街道办事处常教社区居民委员会尚成路1号唯美嘉园6座103号铺
    [XHF_DH] => 0757-22223287
    [XHF_YHZH] => 广东顺德农村商业银行股份有限公司大良信合支行  801101000927634235
    [GHF_NSRSBH] => 91310000607297293N
    [GHF_SJ] => 
    [GHF_DZ] => 
    [GHF_GDDH] => 
    [GHF_EMAIL] => zhangyanwei1202@163.
    [GHFQYLX] => 01
    [GHF_YHZH] => 
    [GHF_MC] => 汉高股份有限公司
    [KPR] => 梁月华
    [SKR] => 梁月华
    [FHR] => 植银弟
    [KPLX] => 1
    [CZDM] => 10
    [YHZCBS] => 0
    [XMMC] => 路内智能停车服务
    [DW] => 台
    [GGXH] => 
    [SPBM] => 3040502020200000000
    [XMSL] => 1.00
    [XMDJ] => 8.00
    [HSBZ] => 1
    [KPHJJE] => 8.00
    [XMJE] => 8.00
    [SL] => 0.09
    [SE] => 0.66
    [oids] => 682394
    [create_date] => 1592464495
)
Array
(
    [uniacid] => 14
    [openid] => oR-IB0iRRIFoVjRFO8odudRac_5E
    [FPQQLSH] => OGGP2020061815150395
    [DDH] => GGP20200618151503597
    [invoice_type] => park
    [KP_NSRSBH] => 91440606MA4WX4KK55
    [KP_NSRMC] => 佛山市成柏电子科技有限公司
    [DKBZ] => 0
    [XHF_NSRSBH] => 91440606MA4WX4KK55
    [XHF_MC] => 佛山市成柏电子科技有限公司
    [XHF_DZ] => 佛山市顺德区伦教街道办事处常教社区居民委员会尚成路1号唯美嘉园6座103号铺
    [XHF_DH] => 0757-22223287
    [XHF_YHZH] => 广东顺德农村商业银行股份有限公司大良信合支行  801101000927634235
    [GHF_NSRSBH] => 91310000607297293N
    [GHF_SJ] => 
    [GHF_DZ] => 
    [GHF_GDDH] => 
    [GHF_EMAIL] => zhangyanwei1202@163.
    [GHFQYLX] => 01
    [GHF_YHZH] => 
    [GHF_MC] => 汉高股份有限公司
    [KPR] => 梁月华
    [SKR] => 梁月华
    [FHR] => 植银弟
    [KPLX] => 1
    [CZDM] => 10
    [YHZCBS] => 0
    [XMMC] => 路内智能停车服务
    [DW] => 台
    [GGXH] => 
    [SPBM] => 3040502020200000000
    [XMSL] => 1.00
    [XMDJ] => 10.00
    [HSBZ] => 1
    [KPHJJE] => 10.00
    [XMJE] => 10.00
    [SL] => 0.09
    [SE] => 0.83
    [oids] => 691278
    [create_date] => 1592464503
)
Array
(
    [uniacid] => 14
    [openid] => oR-IB0jMRdn1hK3yH63ERv835TH8
    [FPQQLSH] => OGGP2020061816170851
    [DDH] => GGP20200618161708158
    [invoice_type] => park
    [KP_NSRSBH] => 91440606MA4WX4KK55
    [KP_NSRMC] => 佛山市成柏电子科技有限公司
    [DKBZ] => 0
    [XHF_NSRSBH] => 91440606MA4WX4KK55
    [XHF_MC] => 佛山市成柏电子科技有限公司
    [XHF_DZ] => 佛山市顺德区伦教街道办事处常教社区居民委员会尚成路1号唯美嘉园6座103号铺
    [XHF_DH] => 0757-22223287
    [XHF_YHZH] => 广东顺德农村商业银行股份有限公司大良信合支行  801101000927634235
    [GHF_NSRSBH] => 91440606724378439E
    [GHF_SJ] => 
    [GHF_DZ] => 佛山市顺德区大良红岗路红庙用地
    [GHF_GDDH] => 
    [GHF_EMAIL] => 737277846@qq.com
    [GHFQYLX] => 01
    [GHF_YHZH] => 
    [GHF_MC] => 广东汇盈电力工程有限公司
    [KPR] => 梁月华
    [SKR] => 梁月华
    [FHR] => 植银弟
    [KPLX] => 1
    [CZDM] => 10
    [YHZCBS] => 0
    [XMMC] => 路内智能停车服务
    [DW] => 台
    [GGXH] => 
    [SPBM] => 3040502020200000000
    [XMSL] => 1.00
    [XMDJ] => 7.50
    [HSBZ] => 1
    [KPHJJE] => 7.50
    [XMJE] => 7.50
    [SL] => 0.09
    [SE] => 0.62
    [oids] => 709691
    [create_date] => 1592468228
)
Array
(
    [uniacid] => 14
    [openid] => oR-IB0jMRdn1hK3yH63ERv835TH8
    [FPQQLSH] => OGGP2020061911274516
    [DDH] => GGP20200619112745226
    [invoice_type] => park
    [KP_NSRSBH] => 91440606MA4WX4KK55
    [KP_NSRMC] => 佛山市成柏电子科技有限公司
    [DKBZ] => 0
    [XHF_NSRSBH] => 91440606MA4WX4KK55
    [XHF_MC] => 佛山市成柏电子科技有限公司
    [XHF_DZ] => 佛山市顺德区伦教街道办事处常教社区居民委员会尚成路1号唯美嘉园6座103号铺
    [XHF_DH] => 0757-22223287
    [XHF_YHZH] => 广东顺德农村商业银行股份有限公司大良信合支行  801101000927634235
    [GHF_NSRSBH] => 91440606724378439E
    [GHF_SJ] => 
    [GHF_DZ] => 佛山市顺德区大良红岗路红庙用地
    [GHF_GDDH] => 
    [GHF_EMAIL] => 737277846@qq.com
    [GHFQYLX] => 01
    [GHF_YHZH] => 
    [GHF_MC] => 广东汇盈电力工程有限公司
    [KPR] => 梁月华
    [SKR] => 梁月华
    [FHR] => 植银弟
    [KPLX] => 1
    [CZDM] => 10
    [YHZCBS] => 0
    [XMMC] => 路内智能停车服务
    [DW] => 台
    [GGXH] => 
    [SPBM] => 3040502020200000000
    [XMSL] => 1.00
    [XMDJ] => 7.50
    [HSBZ] => 1
    [KPHJJE] => 7.50
    [XMJE] => 7.50
    [SL] => 0.09
    [SE] => 0.62
    [oids] => 710647
    [create_date] => 1592537265
)
Array
(
    [uniacid] => 14
    [openid] => oR-IB0mXrG1MhwQ7cJXWSRrHllSA
    [FPQQLSH] => OGGP202006191418205
    [DDH] => GGP20200619141820716
    [invoice_type] => park
    [KP_NSRSBH] => 91440606MA4WX4KK55
    [KP_NSRMC] => 佛山市成柏电子科技有限公司
    [DKBZ] => 0
    [XHF_NSRSBH] => 91440606MA4WX4KK55
    [XHF_MC] => 佛山市成柏电子科技有限公司
    [XHF_DZ] => 佛山市顺德区伦教街道办事处常教社区居民委员会尚成路1号唯美嘉园6座103号铺
    [XHF_DH] => 0757-22223287
    [XHF_YHZH] => 广东顺德农村商业银行股份有限公司大良信合支行  801101000927634235
    [GHF_NSRSBH] => 91440606MA517AWM6Y
    [GHF_SJ] => 
    [GHF_DZ] => 
    [GHF_GDDH] => 
    [GHF_EMAIL] => 317946703@qq.com
    [GHFQYLX] => 01
    [GHF_YHZH] => 
    [GHF_MC] => 广东天就建设工程有限公司
    [KPR] => 梁月华
    [SKR] => 梁月华
    [FHR] => 植银弟
    [KPLX] => 1
    [CZDM] => 10
    [YHZCBS] => 0
    [XMMC] => 路内智能停车服务
    [DW] => 台
    [GGXH] => 
    [SPBM] => 3040502020200000000
    [XMSL] => 1.00
    [XMDJ] => 7.50
    [HSBZ] => 1
    [KPHJJE] => 7.50
    [XMJE] => 7.50
    [SL] => 0.09
    [SE] => 0.62
    [oids] => 710704
    [create_date] => 1592547500
)
Array
(
    [uniacid] => 14
    [openid] => oR-IB0pJo1ehP4S_Kbm_b9dn0Wi8
    [FPQQLSH] => OGGP2020062122142882
    [DDH] => GGP20200621221428562
    [invoice_type] => park
    [KP_NSRSBH] => 91440606MA4WX4KK55
    [KP_NSRMC] => 佛山市成柏电子科技有限公司
    [DKBZ] => 0
    [XHF_NSRSBH] => 91440606MA4WX4KK55
    [XHF_MC] => 佛山市成柏电子科技有限公司
    [XHF_DZ] => 佛山市顺德区伦教街道办事处常教社区居民委员会尚成路1号唯美嘉园6座103号铺
    [XHF_DH] => 0757-22223287
    [XHF_YHZH] => 广东顺德农村商业银行股份有限公司大良信合支行  801101000927634235
    [GHF_NSRSBH] => 914406067224619927
    [GHF_SJ] => 
    [GHF_DZ] => 
    [GHF_GDDH] => 
    [GHF_EMAIL] => jjj352@126.com
    [GHFQYLX] => 01
    [GHF_YHZH] => 
    [GHF_MC] => 佛山市业兴建筑工程有限公司
    [KPR] => 梁月华
    [SKR] => 梁月华
    [FHR] => 植银弟
    [KPLX] => 1
    [CZDM] => 10
    [YHZCBS] => 0
    [XMMC] => 路内智能停车服务
    [DW] => 台
    [GGXH] => 
    [SPBM] => 3040502020200000000
    [XMSL] => 1.00
    [XMDJ] => 25.00
    [HSBZ] => 1
    [KPHJJE] => 25.00
    [XMJE] => 25.00
    [SL] => 0.09
    [SE] => 2.06
    [oids] => 713770
    [create_date] => 1592748868
)
Array
(
    [uniacid] => 14
    [openid] => oR-IB0jhBXYbWZ_EMgN5BO4ExCyY
    [FPQQLSH] => OGGP2020062219474566
    [DDH] => GGP20200622194745780
    [invoice_type] => park
    [KP_NSRSBH] => 91440606MA4WX4KK55
    [KP_NSRMC] => 佛山市成柏电子科技有限公司
    [DKBZ] => 0
    [XHF_NSRSBH] => 91440606MA4WX4KK55
    [XHF_MC] => 佛山市成柏电子科技有限公司
    [XHF_DZ] => 佛山市顺德区伦教街道办事处常教社区居民委员会尚成路1号唯美嘉园6座103号铺
    [XHF_DH] => 0757-22223287
    [XHF_YHZH] => 广东顺德农村商业银行股份有限公司大良信合支行  801101000927634235
    [GHF_NSRSBH] => 91440606776203390W
    [GHF_SJ] => 
    [GHF_DZ] => 
    [GHF_GDDH] => 
    [GHF_EMAIL] => 625517652@qq.com
    [GHFQYLX] => 01
    [GHF_YHZH] => 
    [GHF_MC] => 佛山市顺德区展诚财会咨询有限公司
    [KPR] => 梁月华
    [SKR] => 梁月华
    [FHR] => 植银弟
    [KPLX] => 1
    [CZDM] => 10
    [YHZCBS] => 0
    [XMMC] => 路内智能停车服务
    [DW] => 台
    [GGXH] => 
    [SPBM] => 3040502020200000000
    [XMSL] => 1.00
    [XMDJ] => 2649.50
    [HSBZ] => 1
    [KPHJJE] => 2649.50
    [XMJE] => 2649.50
    [SL] => 0.09
    [SE] => 218.77
    [oids] => 696021,682705,679005,638213,623380,601637,599979,556051,555015,552112,547052,529751,520001,518440,498894,477550,466342,428097,376355,356073,340144,331699,240461,227177,209982,172168,142690,137149,53481,29339,22157,11050,10963
    [create_date] => 1592826465
)
Array
(
    [uniacid] => 14
    [openid] => oR-IB0uaqQ4ZWsX3o-gepwpaQgsE
    [FPQQLSH] => OGGP2020062311274356
    [DDH] => GGP20200623112743954
    [invoice_type] => park
    [KP_NSRSBH] => 91440606MA4WX4KK55
    [KP_NSRMC] => 佛山市成柏电子科技有限公司
    [DKBZ] => 0
    [XHF_NSRSBH] => 91440606MA4WX4KK55
    [XHF_MC] => 佛山市成柏电子科技有限公司
    [XHF_DZ] => 佛山市顺德区伦教街道办事处常教社区居民委员会尚成路1号唯美嘉园6座103号铺
    [XHF_DH] => 0757-22223287
    [XHF_YHZH] => 广东顺德农村商业银行股份有限公司大良信合支行  801101000927634235
    [GHF_NSRSBH] => 914201057179127019
    [GHF_SJ] => 
    [GHF_DZ] => 
    [GHF_GDDH] => 
    [GHF_EMAIL] => 215015690@qq.com
    [GHFQYLX] => 01
    [GHF_YHZH] => 
    [GHF_MC] => 武汉金牛经济发展有限公司
    [KPR] => 梁月华
    [SKR] => 梁月华
    [FHR] => 植银弟
    [KPLX] => 1
    [CZDM] => 10
    [YHZCBS] => 0
    [XMMC] => 路内智能停车服务
    [DW] => 台
    [GGXH] => 
    [SPBM] => 3040502020200000000
    [XMSL] => 1.00
    [XMDJ] => 7.50
    [HSBZ] => 1
    [KPHJJE] => 7.50
    [XMJE] => 7.50
    [SL] => 0.09
    [SE] => 0.62
    [oids] => 716169
    [create_date] => 1592882863
)
Array
(
    [uniacid] => 14
    [openid] => oR-IB0nQaefx__nO3EGUC1qYLppM
    [FPQQLSH] => OGGP2020062312015583
    [DDH] => GGP20200623120155821
    [invoice_type] => park
    [KP_NSRSBH] => 91440606MA4WX4KK55
    [KP_NSRMC] => 佛山市成柏电子科技有限公司
    [DKBZ] => 0
    [XHF_NSRSBH] => 91440606MA4WX4KK55
    [XHF_MC] => 佛山市成柏电子科技有限公司
    [XHF_DZ] => 佛山市顺德区伦教街道办事处常教社区居民委员会尚成路1号唯美嘉园6座103号铺
    [XHF_DH] => 0757-22223287
    [XHF_YHZH] => 广东顺德农村商业银行股份有限公司大良信合支行  801101000927634235
    [GHF_NSRSBH] => 91440606584716001Y
    [GHF_SJ] => 
    [GHF_DZ] => 
    [GHF_GDDH] => 
    [GHF_EMAIL] => 115386270@qq.com
    [GHFQYLX] => 01
    [GHF_YHZH] => 
    [GHF_MC] => 广东广顺建筑工程有限公司
    [KPR] => 梁月华
    [SKR] => 梁月华
    [FHR] => 植银弟
    [KPLX] => 1
    [CZDM] => 10
    [YHZCBS] => 0
    [XMMC] => 路内智能停车服务
    [DW] => 台
    [GGXH] => 
    [SPBM] => 3040502020200000000
    [XMSL] => 1.00
    [XMDJ] => 22.50
    [HSBZ] => 1
    [KPHJJE] => 22.50
    [XMJE] => 22.50
    [SL] => 0.09
    [SE] => 1.86
    [oids] => 710969,709672
    [create_date] => 1592884915
)
Array
(
    [uniacid] => 14
    [openid] => oR-IB0jm4vIDB7xL84DnRdVZsgY4
    [FPQQLSH] => OGGP202006231202467
    [DDH] => GGP2020062312024624
    [invoice_type] => park
    [KP_NSRSBH] => 91440606MA4WX4KK55
    [KP_NSRMC] => 佛山市成柏电子科技有限公司
    [DKBZ] => 0
    [XHF_NSRSBH] => 91440606MA4WX4KK55
    [XHF_MC] => 佛山市成柏电子科技有限公司
    [XHF_DZ] => 佛山市顺德区伦教街道办事处常教社区居民委员会尚成路1号唯美嘉园6座103号铺
    [XHF_DH] => 0757-22223287
    [XHF_YHZH] => 广东顺德农村商业银行股份有限公司大良信合支行  801101000927634235
    [GHF_NSRSBH] => 91440606584716001Y
    [GHF_SJ] => 
    [GHF_DZ] => 
    [GHF_GDDH] => 
    [GHF_EMAIL] => 1985893049@qq.com
    [GHFQYLX] => 01
    [GHF_YHZH] => 
    [GHF_MC] => 广东广顺建筑工程有限公司
    [KPR] => 梁月华
    [SKR] => 梁月华
    [FHR] => 植银弟
    [KPLX] => 1
    [CZDM] => 10
    [YHZCBS] => 0
    [XMMC] => 路内智能停车服务
    [DW] => 台
    [GGXH] => 
    [SPBM] => 3040502020200000000
    [XMSL] => 1.00
    [XMDJ] => 115.50
    [HSBZ] => 1
    [KPHJJE] => 115.50
    [XMJE] => 115.50
    [SL] => 0.09
    [SE] => 9.54
    [oids] => 709318,708438,700122,696285,692324,689632,689373,686619,681350,677527,673755,670369,670027,660466,657669,656975,654496
    [create_date] => 1592884967
)
Array
(
    [uniacid] => 14
    [openid] => oR-IB0qnaSal1DRUSmkqcPJHbJDc
    [FPQQLSH] => OGGP2020062412364054
    [DDH] => GGP20200624123640793
    [invoice_type] => park
    [KP_NSRSBH] => 91440606MA4WX4KK55
    [KP_NSRMC] => 佛山市成柏电子科技有限公司
    [DKBZ] => 0
    [XHF_NSRSBH] => 91440606MA4WX4KK55
    [XHF_MC] => 佛山市成柏电子科技有限公司
    [XHF_DZ] => 佛山市顺德区伦教街道办事处常教社区居民委员会尚成路1号唯美嘉园6座103号铺
    [XHF_DH] => 0757-22223287
    [XHF_YHZH] => 广东顺德农村商业银行股份有限公司大良信合支行  801101000927634235
    [GHF_NSRSBH] => 91440606193850174R
    [GHF_SJ] => 
    [GHF_DZ] => 
    [GHF_GDDH] => 
    [GHF_EMAIL] => 66855112@qq.com
    [GHFQYLX] => 01
    [GHF_YHZH] => 
    [GHF_MC] => 佛山市顺德区建设工程质量安全监督检测中心
    [KPR] => 梁月华
    [SKR] => 梁月华
    [FHR] => 植银弟
    [KPLX] => 1
    [CZDM] => 10
    [YHZCBS] => 0
    [XMMC] => 路内智能停车服务
    [DW] => 台
    [GGXH] => 
    [SPBM] => 3040502020200000000
    [XMSL] => 1.00
    [XMDJ] => 7.50
    [HSBZ] => 1
    [KPHJJE] => 7.50
    [XMJE] => 7.50
    [SL] => 0.09
    [SE] => 0.62
    [oids] => 716448
    [create_date] => 1592973400
)
Array
(
    [uniacid] => 14
    [openid] => oR-IB0h30bcQRuphohoCcoVza9HQ
    [FPQQLSH] => OGGP2020062414413588
    [DDH] => GGP20200624144135945
    [invoice_type] => park
    [KP_NSRSBH] => 91440606MA4WX4KK55
    [KP_NSRMC] => 佛山市成柏电子科技有限公司
    [DKBZ] => 0
    [XHF_NSRSBH] => 91440606MA4WX4KK55
    [XHF_MC] => 佛山市成柏电子科技有限公司
    [XHF_DZ] => 佛山市顺德区伦教街道办事处常教社区居民委员会尚成路1号唯美嘉园6座103号铺
    [XHF_DH] => 0757-22223287
    [XHF_YHZH] => 广东顺德农村商业银行股份有限公司大良信合支行  801101000927634235
    [GHF_NSRSBH] => 314400007436785765
    [GHF_SJ] => 
    [GHF_DZ] => 
    [GHF_GDDH] => 
    [GHF_EMAIL] => 84104748@qq.com
    [GHFQYLX] => 01
    [GHF_YHZH] => 
    [GHF_MC] => 广东海迪森律师事务所
    [KPR] => 梁月华
    [SKR] => 梁月华
    [FHR] => 植银弟
    [KPLX] => 1
    [CZDM] => 10
    [YHZCBS] => 0
    [XMMC] => 路内智能停车服务
    [DW] => 台
    [GGXH] => 
    [SPBM] => 3040502020200000000
    [XMSL] => 1.00
    [XMDJ] => 126.25
    [HSBZ] => 1
    [KPHJJE] => 126.25
    [XMJE] => 126.25
    [SL] => 0.09
    [SE] => 10.42
    [oids] => 706006,694521,508546,498868,481991,454643,431930,399735,385399,348405,276335,224523,198786,122424,71691,48401
    [create_date] => 1592980895
)
Array
(
    [uniacid] => 14
    [openid] => oR-IB0jb3YziUxfhHBk_Im_EJ6ys
    [FPQQLSH] => OGGP2020062422362493
    [DDH] => GGP20200624223624922
    [invoice_type] => park
    [KP_NSRSBH] => 91440606MA4WX4KK55
    [KP_NSRMC] => 佛山市成柏电子科技有限公司
    [DKBZ] => 0
    [XHF_NSRSBH] => 91440606MA4WX4KK55
    [XHF_MC] => 佛山市成柏电子科技有限公司
    [XHF_DZ] => 佛山市顺德区伦教街道办事处常教社区居民委员会尚成路1号唯美嘉园6座103号铺
    [XHF_DH] => 0757-22223287
    [XHF_YHZH] => 广东顺德农村商业银行股份有限公司大良信合支行  801101000927634235
    [GHF_NSRSBH] => 91440606304092397K
    [GHF_SJ] => 
    [GHF_DZ] => 
    [GHF_GDDH] => 
    [GHF_EMAIL] => 20655710@qq.com
    [GHFQYLX] => 01
    [GHF_YHZH] => 
    [GHF_MC] => 广东顺德周大福珠宝制造有限公司 
    [KPR] => 梁月华
    [SKR] => 梁月华
    [FHR] => 植银弟
    [KPLX] => 1
    [CZDM] => 10
    [YHZCBS] => 0
    [XMMC] => 路内智能停车服务
    [DW] => 台
    [GGXH] => 
    [SPBM] => 3040502020200000000
    [XMSL] => 1.00
    [XMDJ] => 5.00
    [HSBZ] => 1
    [KPHJJE] => 5.00
    [XMJE] => 5.00
    [SL] => 0.09
    [SE] => 0.41
    [oids] => 696032
    [create_date] => 1593009385
)
Array
(
    [uniacid] => 14
    [openid] => oR-IB0hTP-b5DaajbCm33d9sdh3Q
    [FPQQLSH] => OGGP2020062608163874
    [DDH] => GGP2020062608163842
    [invoice_type] => park
    [KP_NSRSBH] => 91440606MA4WX4KK55
    [KP_NSRMC] => 佛山市成柏电子科技有限公司
    [DKBZ] => 0
    [XHF_NSRSBH] => 91440606MA4WX4KK55
    [XHF_MC] => 佛山市成柏电子科技有限公司
    [XHF_DZ] => 佛山市顺德区伦教街道办事处常教社区居民委员会尚成路1号唯美嘉园6座103号铺
    [XHF_DH] => 0757-22223287
    [XHF_YHZH] => 广东顺德农村商业银行股份有限公司大良信合支行  801101000927634235
    [GHF_NSRSBH] => 91440606586322831C
    [GHF_SJ] => 
    [GHF_DZ] => 
    [GHF_GDDH] => 
    [GHF_EMAIL] => 342802491@qq.com
    [GHFQYLX] => 01
    [GHF_YHZH] => 
    [GHF_MC] => 佛山市顺德区金磊环保科技有限公司
    [KPR] => 梁月华
    [SKR] => 梁月华
    [FHR] => 植银弟
    [KPLX] => 1
    [CZDM] => 10
    [YHZCBS] => 0
    [XMMC] => 路内智能停车服务
    [DW] => 台
    [GGXH] => 
    [SPBM] => 3040502020200000000
    [XMSL] => 1.00
    [XMDJ] => 14.00
    [HSBZ] => 1
    [KPHJJE] => 14.00
    [XMJE] => 14.00
    [SL] => 0.09
    [SE] => 1.16
    [oids] => 715490
    [create_date] => 1593130598
)
Array
(
    [uniacid] => 14
    [openid] => oR-IB0ve3IHLQXKyZbnnEsrj2pHg
    [FPQQLSH] => OGGP2020063009100057
    [DDH] => GGP20200630091000662
    [invoice_type] => park
    [KP_NSRSBH] => 91440606MA4WX4KK55
    [KP_NSRMC] => 佛山市成柏电子科技有限公司
    [DKBZ] => 0
    [XHF_NSRSBH] => 91440606MA4WX4KK55
    [XHF_MC] => 佛山市成柏电子科技有限公司
    [XHF_DZ] => 佛山市顺德区伦教街道办事处常教社区居民委员会尚成路1号唯美嘉园6座103号铺
    [XHF_DH] => 0757-22223287
    [XHF_YHZH] => 广东顺德农村商业银行股份有限公司大良信合支行  801101000927634235
    [GHF_NSRSBH] => 91440106093782661R
    [GHF_SJ] => 
    [GHF_DZ] => 
    [GHF_GDDH] => 
    [GHF_EMAIL] => 150313646@qq.com
    [GHFQYLX] => 01
    [GHF_YHZH] => 
    [GHF_MC] => 广州市慧祥网络科技有限公司
    [KPR] => 梁月华
    [SKR] => 梁月华
    [FHR] => 植银弟
    [KPLX] => 1
    [CZDM] => 10
    [YHZCBS] => 0
    [XMMC] => 路内智能停车服务
    [DW] => 台
    [GGXH] => 
    [SPBM] => 3040502020200000000
    [XMSL] => 1.00
    [XMDJ] => 40.00
    [HSBZ] => 1
    [KPHJJE] => 40.00
    [XMJE] => 40.00
    [SL] => 0.09
    [SE] => 3.30
    [oids] => 724572,664099,235733
    [create_date] => 1593479400
)
Array
(
    [uniacid] => 14
    [openid] => oR-IB0r6kW-kGnsRpghkc0oPM6kc
    [FPQQLSH] => OGGP2020063022024770
    [DDH] => GGP20200630220247572
    [invoice_type] => park
    [KP_NSRSBH] => 91440606MA4WX4KK55
    [KP_NSRMC] => 佛山市成柏电子科技有限公司
    [DKBZ] => 0
    [XHF_NSRSBH] => 91440606MA4WX4KK55
    [XHF_MC] => 佛山市成柏电子科技有限公司
    [XHF_DZ] => 佛山市顺德区伦教街道办事处常教社区居民委员会尚成路1号唯美嘉园6座103号铺
    [XHF_DH] => 0757-22223287
    [XHF_YHZH] => 广东顺德农村商业银行股份有限公司大良信合支行  801101000927634235
    [GHF_NSRSBH] => 91440606586322831C
    [GHF_SJ] => 13928200663
    [GHF_DZ] => 
    [GHF_GDDH] => 
    [GHF_EMAIL] => 3978336@qq.com
    [GHFQYLX] => 01
    [GHF_YHZH] => 
    [GHF_MC] => 佛山市顺德区金磊环保科技有限公司
    [KPR] => 梁月华
    [SKR] => 梁月华
    [FHR] => 植银弟
    [KPLX] => 1
    [CZDM] => 10
    [YHZCBS] => 0
    [XMMC] => 路内智能停车服务
    [DW] => 台
    [GGXH] => 
    [SPBM] => 3040502020200000000
    [XMSL] => 1.00
    [XMDJ] => 72.00
    [HSBZ] => 1
    [KPHJJE] => 72.00
    [XMJE] => 72.00
    [SL] => 0.09
    [SE] => 5.94
    [oids] => 715389,616741,611575,611141
    [create_date] => 1593525767
)
Array
(
    [uniacid] => 14
    [openid] => oR-IB0rBWE6RWxXOHDaihOW3pBXQ
    [FPQQLSH] => OGGP2020063023062514
    [DDH] => GGP20200630230625313
    [invoice_type] => park
    [KP_NSRSBH] => 91440606MA4WX4KK55
    [KP_NSRMC] => 佛山市成柏电子科技有限公司
    [DKBZ] => 0
    [XHF_NSRSBH] => 91440606MA4WX4KK55
    [XHF_MC] => 佛山市成柏电子科技有限公司
    [XHF_DZ] => 佛山市顺德区伦教街道办事处常教社区居民委员会尚成路1号唯美嘉园6座103号铺
    [XHF_DH] => 0757-22223287
    [XHF_YHZH] => 广东顺德农村商业银行股份有限公司大良信合支行  801101000927634235
    [GHF_NSRSBH] => 91440606784879737R
    [GHF_SJ] => 
    [GHF_DZ] => 
    [GHF_GDDH] => 
    [GHF_EMAIL] => 609599148@qq.com
    [GHFQYLX] => 01
    [GHF_YHZH] => 
    [GHF_MC] => 广东绿润环境科技有限公司
    [KPR] => 梁月华
    [SKR] => 梁月华
    [FHR] => 植银弟
    [KPLX] => 1
    [CZDM] => 10
    [YHZCBS] => 0
    [XMMC] => 路内智能停车服务
    [DW] => 台
    [GGXH] => 
    [SPBM] => 3040502020200000000
    [XMSL] => 1.00
    [XMDJ] => 14.00
    [HSBZ] => 1
    [KPHJJE] => 14.00
    [XMJE] => 14.00
    [SL] => 0.09
    [SE] => 1.16
    [oids] => 726610,670988,662661
    [create_date] => 1593529585
)
