Array
(
    [uniacid] => 14
    [openid] => oR-IB0jwQoya_RzHXe2_TqsHTklw
    [FPQQLSH] => OGGP2020030209362931
    [DDH] => GGP20200302093629807
    [invoice_type] => park
    [KP_NSRSBH] => 91440606MA4WX4KK55
    [KP_NSRMC] => 佛山市成柏电子科技有限公司
    [DKBZ] => 0
    [XHF_NSRSBH] => 91440606MA4WX4KK55
    [XHF_MC] => 佛山市成柏电子科技有限公司
    [XHF_DZ] => 佛山市顺德区伦教街道办事处常教社区居民委员会尚成路1号唯美嘉园6座103号铺
    [XHF_DH] => 0757-22223287
    [XHF_YHZH] => 广东顺德农村商业银行股份有限公司大良信合支行  801101000927634235
    [GHF_NSRSBH] => 91610000220522345A
    [GHF_SJ] => 13643965812
    [GHF_DZ] => 西安市雁塔路北路1号
    [GHF_GDDH] => 
    [GHF_EMAIL] => 1059458686@qq.com
    [GHFQYLX] => 01
    [GHF_YHZH] => 
    [GHF_MC] => 中铁一局集团有限公司
    [KPR] => 梁月华
    [SKR] => 梁月华
    [FHR] => 植银弟
    [KPLX] => 1
    [CZDM] => 10
    [YHZCBS] => 0
    [XMMC] => 路内智能停车服务
    [DW] => 台
    [GGXH] => 
    [SPBM] => 3040502020200000000
    [XMSL] => 1.00
    [XMDJ] => 10.00
    [HSBZ] => 1
    [KPHJJE] => 10.00
    [XMJE] => 10.00
    [SL] => 0.09
    [SE] => 0.83
    [oids] => 460523
    [create_date] => 1583112989
)
Array
(
    [uniacid] => 14
    [openid] => oR-IB0nxLdeSxdaBj3M9WUkFegYE
    [FPQQLSH] => OGGP2020030209565339
    [DDH] => GGP20200302095653950
    [invoice_type] => park
    [KP_NSRSBH] => 91440606MA4WX4KK55
    [KP_NSRMC] => 佛山市成柏电子科技有限公司
    [DKBZ] => 0
    [XHF_NSRSBH] => 91440606MA4WX4KK55
    [XHF_MC] => 佛山市成柏电子科技有限公司
    [XHF_DZ] => 佛山市顺德区伦教街道办事处常教社区居民委员会尚成路1号唯美嘉园6座103号铺
    [XHF_DH] => 0757-22223287
    [XHF_YHZH] => 广东顺德农村商业银行股份有限公司大良信合支行  801101000927634235
    [GHF_NSRSBH] => 91440606574456074L
    [GHF_SJ] => 
    [GHF_DZ] => 
    [GHF_GDDH] => 
    [GHF_EMAIL] => 371197248@qq.com
    [GHFQYLX] => 01
    [GHF_YHZH] => 
    [GHF_MC] => 佛山市广房网络科技有限公司
    [KPR] => 梁月华
    [SKR] => 梁月华
    [FHR] => 植银弟
    [KPLX] => 1
    [CZDM] => 10
    [YHZCBS] => 0
    [XMMC] => 路内智能停车服务
    [DW] => 台
    [GGXH] => 
    [SPBM] => 3040502020200000000
    [XMSL] => 1.00
    [XMDJ] => 780.00
    [HSBZ] => 1
    [KPHJJE] => 780.00
    [XMJE] => 780.00
    [SL] => 0.09
    [SE] => 64.40
    [oids] => 588068
    [create_date] => 1583114213
)
Array
(
    [uniacid] => 14
    [openid] => oR-IB0jwQoya_RzHXe2_TqsHTklw
    [FPQQLSH] => OGGP2020030214065278
    [DDH] => GGP20200302140652779
    [invoice_type] => park
    [KP_NSRSBH] => 91440606MA4WX4KK55
    [KP_NSRMC] => 佛山市成柏电子科技有限公司
    [DKBZ] => 0
    [XHF_NSRSBH] => 91440606MA4WX4KK55
    [XHF_MC] => 佛山市成柏电子科技有限公司
    [XHF_DZ] => 佛山市顺德区伦教街道办事处常教社区居民委员会尚成路1号唯美嘉园6座103号铺
    [XHF_DH] => 0757-22223287
    [XHF_YHZH] => 广东顺德农村商业银行股份有限公司大良信合支行  801101000927634235
    [GHF_NSRSBH] => 91610000220522345A
    [GHF_SJ] => 13643965812
    [GHF_DZ] => 西安市雁塔路北路1号
    [GHF_GDDH] => 
    [GHF_EMAIL] => 1059458686@qq.com
    [GHFQYLX] => 01
    [GHF_YHZH] => 
    [GHF_MC] => 中铁一局集团有限公司
    [KPR] => 梁月华
    [SKR] => 梁月华
    [FHR] => 植银弟
    [KPLX] => 1
    [CZDM] => 10
    [YHZCBS] => 0
    [XMMC] => 路内智能停车服务
    [DW] => 台
    [GGXH] => 
    [SPBM] => 3040502020200000000
    [XMSL] => 1.00
    [XMDJ] => 4.00
    [HSBZ] => 1
    [KPHJJE] => 4.00
    [XMJE] => 4.00
    [SL] => 0.09
    [SE] => 0.33
    [oids] => 392031
    [create_date] => 1583129212
)
Array
(
    [uniacid] => 14
    [openid] => oR-IB0jwQoya_RzHXe2_TqsHTklw
    [FPQQLSH] => OGGP202003021414322
    [DDH] => GGP20200302141432849
    [invoice_type] => park
    [KP_NSRSBH] => 91440606MA4WX4KK55
    [KP_NSRMC] => 佛山市成柏电子科技有限公司
    [DKBZ] => 0
    [XHF_NSRSBH] => 91440606MA4WX4KK55
    [XHF_MC] => 佛山市成柏电子科技有限公司
    [XHF_DZ] => 佛山市顺德区伦教街道办事处常教社区居民委员会尚成路1号唯美嘉园6座103号铺
    [XHF_DH] => 0757-22223287
    [XHF_YHZH] => 广东顺德农村商业银行股份有限公司大良信合支行  801101000927634235
    [GHF_NSRSBH] => 91610000220522345A
    [GHF_SJ] => 13643965812
    [GHF_DZ] => 西安市雁塔路北路1号
    [GHF_GDDH] => 
    [GHF_EMAIL] => 1059458686@qq.com
    [GHFQYLX] => 01
    [GHF_YHZH] => 
    [GHF_MC] => 中铁一局集团有限公司
    [KPR] => 梁月华
    [SKR] => 梁月华
    [FHR] => 植银弟
    [KPLX] => 1
    [CZDM] => 10
    [YHZCBS] => 0
    [XMMC] => 路内智能停车服务
    [DW] => 台
    [GGXH] => 
    [SPBM] => 3040502020200000000
    [XMSL] => 1.00
    [XMDJ] => 48.50
    [HSBZ] => 1
    [KPHJJE] => 48.50
    [XMJE] => 48.50
    [SL] => 0.09
    [SE] => 4.00
    [oids] => 403016,398086,391191,390903
    [create_date] => 1583129672
)
Array
(
    [uniacid] => 14
    [openid] => oR-IB0jwQoya_RzHXe2_TqsHTklw
    [FPQQLSH] => OGGP2020030214250718
    [DDH] => GGP20200302142507716
    [invoice_type] => park
    [KP_NSRSBH] => 91440606MA4WX4KK55
    [KP_NSRMC] => 佛山市成柏电子科技有限公司
    [DKBZ] => 0
    [XHF_NSRSBH] => 91440606MA4WX4KK55
    [XHF_MC] => 佛山市成柏电子科技有限公司
    [XHF_DZ] => 佛山市顺德区伦教街道办事处常教社区居民委员会尚成路1号唯美嘉园6座103号铺
    [XHF_DH] => 0757-22223287
    [XHF_YHZH] => 广东顺德农村商业银行股份有限公司大良信合支行  801101000927634235
    [GHF_NSRSBH] => 91610000220522345A
    [GHF_SJ] => 13643965812
    [GHF_DZ] => 西安市雁塔路北路1号
    [GHF_GDDH] => 
    [GHF_EMAIL] => 1059458686@qq.com
    [GHFQYLX] => 01
    [GHF_YHZH] => 
    [GHF_MC] => 中铁一局集团有限公司
    [KPR] => 梁月华
    [SKR] => 梁月华
    [FHR] => 植银弟
    [KPLX] => 1
    [CZDM] => 10
    [YHZCBS] => 0
    [XMMC] => 路内智能停车服务
    [DW] => 台
    [GGXH] => 
    [SPBM] => 3040502020200000000
    [XMSL] => 1.00
    [XMDJ] => 48.50
    [HSBZ] => 1
    [KPHJJE] => 48.50
    [XMJE] => 48.50
    [SL] => 0.09
    [SE] => 4.00
    [oids] => 459415,458316,402875,401482
    [create_date] => 1583130307
)
Array
(
    [uniacid] => 14
    [openid] => oR-IB0jwQoya_RzHXe2_TqsHTklw
    [FPQQLSH] => OGGP2020030214260910
    [DDH] => GGP20200302142609579
    [invoice_type] => park
    [KP_NSRSBH] => 91440606MA4WX4KK55
    [KP_NSRMC] => 佛山市成柏电子科技有限公司
    [DKBZ] => 0
    [XHF_NSRSBH] => 91440606MA4WX4KK55
    [XHF_MC] => 佛山市成柏电子科技有限公司
    [XHF_DZ] => 佛山市顺德区伦教街道办事处常教社区居民委员会尚成路1号唯美嘉园6座103号铺
    [XHF_DH] => 0757-22223287
    [XHF_YHZH] => 广东顺德农村商业银行股份有限公司大良信合支行  801101000927634235
    [GHF_NSRSBH] => 91610000220522345A
    [GHF_SJ] => 13643965812
    [GHF_DZ] => 西安市雁塔路北路1号
    [GHF_GDDH] => 
    [GHF_EMAIL] => 1059458686@qq.com
    [GHFQYLX] => 01
    [GHF_YHZH] => 
    [GHF_MC] => 中铁一局集团有限公司
    [KPR] => 梁月华
    [SKR] => 梁月华
    [FHR] => 植银弟
    [KPLX] => 1
    [CZDM] => 10
    [YHZCBS] => 0
    [XMMC] => 路内智能停车服务
    [DW] => 台
    [GGXH] => 
    [SPBM] => 3040502020200000000
    [XMSL] => 1.00
    [XMDJ] => 22.50
    [HSBZ] => 1
    [KPHJJE] => 22.50
    [XMJE] => 22.50
    [SL] => 0.09
    [SE] => 1.86
    [oids] => 399576
    [create_date] => 1583130369
)
Array
(
    [uniacid] => 14
    [openid] => oR-IB0uCSfK7hKXwNel1cNAphLpU
    [FPQQLSH] => OGGP2020030310350597
    [DDH] => GGP2020030310350516
    [invoice_type] => park
    [KP_NSRSBH] => 91440606MA4WX4KK55
    [KP_NSRMC] => 佛山市成柏电子科技有限公司
    [DKBZ] => 0
    [XHF_NSRSBH] => 91440606MA4WX4KK55
    [XHF_MC] => 佛山市成柏电子科技有限公司
    [XHF_DZ] => 佛山市顺德区伦教街道办事处常教社区居民委员会尚成路1号唯美嘉园6座103号铺
    [XHF_DH] => 0757-22223287
    [XHF_YHZH] => 广东顺德农村商业银行股份有限公司大良信合支行  801101000927634235
    [GHF_NSRSBH] => 
    [GHF_SJ] => 13790071855
    [GHF_DZ] => 
    [GHF_GDDH] => 
    [GHF_EMAIL] => 331419556@QQ.com
    [GHFQYLX] => 03
    [GHF_YHZH] => 
    [GHF_MC] => 个人(何炳娴)
    [KPR] => 梁月华
    [SKR] => 梁月华
    [FHR] => 植银弟
    [KPLX] => 1
    [CZDM] => 10
    [YHZCBS] => 0
    [XMMC] => 路内智能停车服务
    [DW] => 台
    [GGXH] => 
    [SPBM] => 3040502020200000000
    [XMSL] => 1.00
    [XMDJ] => 7.50
    [HSBZ] => 1
    [KPHJJE] => 7.50
    [XMJE] => 7.50
    [SL] => 0.09
    [SE] => 0.62
    [oids] => 582031
    [create_date] => 1583202905
)
Array
(
    [uniacid] => 14
    [openid] => oR-IB0ulQzkf4s-TIYvdy1OJhs3w
    [FPQQLSH] => OGGP202003031133533
    [DDH] => GGP20200303113353487
    [invoice_type] => park
    [KP_NSRSBH] => 91440606MA4WX4KK55
    [KP_NSRMC] => 佛山市成柏电子科技有限公司
    [DKBZ] => 0
    [XHF_NSRSBH] => 91440606MA4WX4KK55
    [XHF_MC] => 佛山市成柏电子科技有限公司
    [XHF_DZ] => 佛山市顺德区伦教街道办事处常教社区居民委员会尚成路1号唯美嘉园6座103号铺
    [XHF_DH] => 0757-22223287
    [XHF_YHZH] => 广东顺德农村商业银行股份有限公司大良信合支行  801101000927634235
    [GHF_NSRSBH] => 9144060676294717XC
    [GHF_SJ] => 15017687994
    [GHF_DZ] => 
    [GHF_GDDH] => 
    [GHF_EMAIL] => 252377176@qq.com
    [GHFQYLX] => 01
    [GHF_YHZH] => 
    [GHF_MC] => 广东顺德天地行房地产顾问有限公司
    [KPR] => 梁月华
    [SKR] => 梁月华
    [FHR] => 植银弟
    [KPLX] => 1
    [CZDM] => 10
    [YHZCBS] => 0
    [XMMC] => 路内智能停车服务
    [DW] => 台
    [GGXH] => 
    [SPBM] => 3040502020200000000
    [XMSL] => 1.00
    [XMDJ] => 130.00
    [HSBZ] => 1
    [KPHJJE] => 130.00
    [XMJE] => 130.00
    [SL] => 0.09
    [SE] => 10.73
    [oids] => 589011
    [create_date] => 1583206433
)
Array
(
    [uniacid] => 14
    [openid] => oR-IB0pKuR3iyUJNlXHMP60VL9-s
    [FPQQLSH] => OGGP2020030411172812
    [DDH] => GGP20200304111728395
    [invoice_type] => park
    [KP_NSRSBH] => 91440606MA4WX4KK55
    [KP_NSRMC] => 佛山市成柏电子科技有限公司
    [DKBZ] => 0
    [XHF_NSRSBH] => 91440606MA4WX4KK55
    [XHF_MC] => 佛山市成柏电子科技有限公司
    [XHF_DZ] => 佛山市顺德区伦教街道办事处常教社区居民委员会尚成路1号唯美嘉园6座103号铺
    [XHF_DH] => 0757-22223287
    [XHF_YHZH] => 广东顺德农村商业银行股份有限公司大良信合支行  801101000927634235
    [GHF_NSRSBH] => 91310000607403041J
    [GHF_SJ] => 
    [GHF_DZ] => 
    [GHF_GDDH] => 
    [GHF_EMAIL] => 754212242@qq.com
    [GHFQYLX] => 01
    [GHF_YHZH] => 
    [GHF_MC] => 上海西艾爱电子有限公司
    [KPR] => 梁月华
    [SKR] => 梁月华
    [FHR] => 植银弟
    [KPLX] => 1
    [CZDM] => 10
    [YHZCBS] => 0
    [XMMC] => 路内智能停车服务
    [DW] => 台
    [GGXH] => 
    [SPBM] => 3040502020200000000
    [XMSL] => 1.00
    [XMDJ] => 10.00
    [HSBZ] => 1
    [KPHJJE] => 10.00
    [XMJE] => 10.00
    [SL] => 0.09
    [SE] => 0.83
    [oids] => 579896
    [create_date] => 1583291848
)
Array
(
    [uniacid] => 14
    [openid] => oR-IB0pKuR3iyUJNlXHMP60VL9-s
    [FPQQLSH] => OGGP2020030411200542
    [DDH] => GGP20200304112005326
    [invoice_type] => park
    [KP_NSRSBH] => 91440606MA4WX4KK55
    [KP_NSRMC] => 佛山市成柏电子科技有限公司
    [DKBZ] => 0
    [XHF_NSRSBH] => 91440606MA4WX4KK55
    [XHF_MC] => 佛山市成柏电子科技有限公司
    [XHF_DZ] => 佛山市顺德区伦教街道办事处常教社区居民委员会尚成路1号唯美嘉园6座103号铺
    [XHF_DH] => 0757-22223287
    [XHF_YHZH] => 广东顺德农村商业银行股份有限公司大良信合支行  801101000927634235
    [GHF_NSRSBH] => 91310000607403041J
    [GHF_SJ] => 
    [GHF_DZ] => 
    [GHF_GDDH] => 
    [GHF_EMAIL] => 754212242@qq.com
    [GHFQYLX] => 01
    [GHF_YHZH] => 
    [GHF_MC] => 上海西艾爱电子有限公司
    [KPR] => 梁月华
    [SKR] => 梁月华
    [FHR] => 植银弟
    [KPLX] => 1
    [CZDM] => 10
    [YHZCBS] => 0
    [XMMC] => 路内智能停车服务
    [DW] => 台
    [GGXH] => 
    [SPBM] => 3040502020200000000
    [XMSL] => 1.00
    [XMDJ] => 5.00
    [HSBZ] => 1
    [KPHJJE] => 5.00
    [XMJE] => 5.00
    [SL] => 0.09
    [SE] => 0.41
    [oids] => 490417
    [create_date] => 1583292005
)
Array
(
    [uniacid] => 14
    [openid] => oR-IB0pKuR3iyUJNlXHMP60VL9-s
    [FPQQLSH] => OGGP2020030411235459
    [DDH] => GGP20200304112354246
    [invoice_type] => park
    [KP_NSRSBH] => 91440606MA4WX4KK55
    [KP_NSRMC] => 佛山市成柏电子科技有限公司
    [DKBZ] => 0
    [XHF_NSRSBH] => 91440606MA4WX4KK55
    [XHF_MC] => 佛山市成柏电子科技有限公司
    [XHF_DZ] => 佛山市顺德区伦教街道办事处常教社区居民委员会尚成路1号唯美嘉园6座103号铺
    [XHF_DH] => 0757-22223287
    [XHF_YHZH] => 广东顺德农村商业银行股份有限公司大良信合支行  801101000927634235
    [GHF_NSRSBH] => 91310000607403041J
    [GHF_SJ] => 
    [GHF_DZ] => 
    [GHF_GDDH] => 
    [GHF_EMAIL] => 754212242@qq.com
    [GHFQYLX] => 01
    [GHF_YHZH] => 
    [GHF_MC] => 上海西艾爱电子有限公司
    [KPR] => 梁月华
    [SKR] => 梁月华
    [FHR] => 植银弟
    [KPLX] => 1
    [CZDM] => 10
    [YHZCBS] => 0
    [XMMC] => 路内智能停车服务
    [DW] => 台
    [GGXH] => 
    [SPBM] => 3040502020200000000
    [XMSL] => 1.00
    [XMDJ] => 12.50
    [HSBZ] => 1
    [KPHJJE] => 12.50
    [XMJE] => 12.50
    [SL] => 0.09
    [SE] => 1.03
    [oids] => 424459,416394
    [create_date] => 1583292234
)
Array
(
    [uniacid] => 14
    [openid] => oR-IB0rumX29uMeWER-3uJoxi99Q
    [FPQQLSH] => OGGP2020030616203165
    [DDH] => GGP20200306162031218
    [invoice_type] => park
    [KP_NSRSBH] => 91440606MA4WX4KK55
    [KP_NSRMC] => 佛山市成柏电子科技有限公司
    [DKBZ] => 0
    [XHF_NSRSBH] => 91440606MA4WX4KK55
    [XHF_MC] => 佛山市成柏电子科技有限公司
    [XHF_DZ] => 佛山市顺德区伦教街道办事处常教社区居民委员会尚成路1号唯美嘉园6座103号铺
    [XHF_DH] => 0757-22223287
    [XHF_YHZH] => 广东顺德农村商业银行股份有限公司大良信合支行  801101000927634235
    [GHF_NSRSBH] => 914406067638496437
    [GHF_SJ] => 
    [GHF_DZ] => 
    [GHF_GDDH] => 
    [GHF_EMAIL] => tanxixuan@qq.com
    [GHFQYLX] => 01
    [GHF_YHZH] => 
    [GHF_MC] => 广东金宝力化工科技装备股份有限公司
    [KPR] => 梁月华
    [SKR] => 梁月华
    [FHR] => 植银弟
    [KPLX] => 1
    [CZDM] => 10
    [YHZCBS] => 0
    [XMMC] => 路内智能停车服务
    [DW] => 台
    [GGXH] => 
    [SPBM] => 3040502020200000000
    [XMSL] => 1.00
    [XMDJ] => 15.00
    [HSBZ] => 1
    [KPHJJE] => 15.00
    [XMJE] => 15.00
    [SL] => 0.09
    [SE] => 1.24
    [oids] => 360485,154661,57046
    [create_date] => 1583482831
)
Array
(
    [uniacid] => 14
    [openid] => oR-IB0jfVzRResKJ1bsSw-eflP4M
    [FPQQLSH] => OGGP2020030713264191
    [DDH] => GGP20200307132641562
    [invoice_type] => park
    [KP_NSRSBH] => 91440606MA4WX4KK55
    [KP_NSRMC] => 佛山市成柏电子科技有限公司
    [DKBZ] => 0
    [XHF_NSRSBH] => 91440606MA4WX4KK55
    [XHF_MC] => 佛山市成柏电子科技有限公司
    [XHF_DZ] => 佛山市顺德区伦教街道办事处常教社区居民委员会尚成路1号唯美嘉园6座103号铺
    [XHF_DH] => 0757-22223287
    [XHF_YHZH] => 广东顺德农村商业银行股份有限公司大良信合支行  801101000927634235
    [GHF_NSRSBH] => 91440300342808763T
    [GHF_SJ] => 13927206656
    [GHF_DZ] => 深圳市南山区南山街道学府社区桂庙路22号向南瑞峰花园375
    [GHF_GDDH] => 
    [GHF_EMAIL] => shizhibiao325@163.co
    [GHFQYLX] => 01
    [GHF_YHZH] => 
    [GHF_MC] => 深圳市宗匠科技有限公司
    [KPR] => 梁月华
    [SKR] => 梁月华
    [FHR] => 植银弟
    [KPLX] => 1
    [CZDM] => 10
    [YHZCBS] => 0
    [XMMC] => 路内智能停车服务
    [DW] => 台
    [GGXH] => 
    [SPBM] => 3040502020200000000
    [XMSL] => 1.00
    [XMDJ] => 3104.50
    [HSBZ] => 1
    [KPHJJE] => 3104.50
    [XMJE] => 3104.50
    [SL] => 0.09
    [SE] => 256.33
    [oids] => 591862,589491,587213,575889,575815,557267,543420,451388,400683,296673,75283,46803
    [create_date] => 1583558802
)
Array
(
    [uniacid] => 14
    [openid] => oR-IB0u05xlHl0Nedgn-ACxxPRq4
    [FPQQLSH] => OGGP2020031220434065
    [DDH] => GGP2020031220434078
    [invoice_type] => park
    [KP_NSRSBH] => 91440606MA4WX4KK55
    [KP_NSRMC] => 佛山市成柏电子科技有限公司
    [DKBZ] => 0
    [XHF_NSRSBH] => 91440606MA4WX4KK55
    [XHF_MC] => 佛山市成柏电子科技有限公司
    [XHF_DZ] => 佛山市顺德区伦教街道办事处常教社区居民委员会尚成路1号唯美嘉园6座103号铺
    [XHF_DH] => 0757-22223287
    [XHF_YHZH] => 广东顺德农村商业银行股份有限公司大良信合支行  801101000927634235
    [GHF_NSRSBH] => 914301003206795183
    [GHF_SJ] => 
    [GHF_DZ] => 
    [GHF_GDDH] => 
    [GHF_EMAIL] => 1307911569@qq.com
    [GHFQYLX] => 01
    [GHF_YHZH] => 
    [GHF_MC] => 科力远混合动力技术有限公司
    [KPR] => 梁月华
    [SKR] => 梁月华
    [FHR] => 植银弟
    [KPLX] => 1
    [CZDM] => 10
    [YHZCBS] => 0
    [XMMC] => 路内智能停车服务
    [DW] => 台
    [GGXH] => 
    [SPBM] => 3040502020200000000
    [XMSL] => 1.00
    [XMDJ] => 16.00
    [HSBZ] => 1
    [KPHJJE] => 16.00
    [XMJE] => 16.00
    [SL] => 0.09
    [SE] => 1.32
    [oids] => 338632,337159
    [create_date] => 1584017020
)
Array
(
    [uniacid] => 14
    [openid] => oR-IB0kU1tsIT65vgTxGHDOjtsic
    [FPQQLSH] => OGGP2020031413052965
    [DDH] => GGP20200314130529964
    [invoice_type] => park
    [KP_NSRSBH] => 91440606MA4WX4KK55
    [KP_NSRMC] => 佛山市成柏电子科技有限公司
    [DKBZ] => 0
    [XHF_NSRSBH] => 91440606MA4WX4KK55
    [XHF_MC] => 佛山市成柏电子科技有限公司
    [XHF_DZ] => 佛山市顺德区伦教街道办事处常教社区居民委员会尚成路1号唯美嘉园6座103号铺
    [XHF_DH] => 0757-22223287
    [XHF_YHZH] => 广东顺德农村商业银行股份有限公司大良信合支行  801101000927634235
    [GHF_NSRSBH] => 914401017792068107
    [GHF_SJ] => 
    [GHF_DZ] => 
    [GHF_GDDH] => 
    [GHF_EMAIL] => 717577277@qq.com
    [GHFQYLX] => 01
    [GHF_YHZH] => 
    [GHF_MC] => 广东政和工程有限公司
    [KPR] => 梁月华
    [SKR] => 梁月华
    [FHR] => 植银弟
    [KPLX] => 1
    [CZDM] => 10
    [YHZCBS] => 0
    [XMMC] => 路内智能停车服务
    [DW] => 台
    [GGXH] => 
    [SPBM] => 3040502020200000000
    [XMSL] => 1.00
    [XMDJ] => 10.00
    [HSBZ] => 1
    [KPHJJE] => 10.00
    [XMJE] => 10.00
    [SL] => 0.09
    [SE] => 0.83
    [oids] => 597915
    [create_date] => 1584162329
)
Array
(
    [uniacid] => 14
    [openid] => oR-IB0vf-NeITq5hDuUE0NqfXQS4
    [FPQQLSH] => OGGP2020031608483660
    [DDH] => GGP20200316084836726
    [invoice_type] => park
    [KP_NSRSBH] => 91440606MA4WX4KK55
    [KP_NSRMC] => 佛山市成柏电子科技有限公司
    [DKBZ] => 0
    [XHF_NSRSBH] => 91440606MA4WX4KK55
    [XHF_MC] => 佛山市成柏电子科技有限公司
    [XHF_DZ] => 佛山市顺德区伦教街道办事处常教社区居民委员会尚成路1号唯美嘉园6座103号铺
    [XHF_DH] => 0757-22223287
    [XHF_YHZH] => 广东顺德农村商业银行股份有限公司大良信合支行  801101000927634235
    [GHF_NSRSBH] => 914406062800942235
    [GHF_SJ] => 
    [GHF_DZ] => 
    [GHF_GDDH] => 
    [GHF_EMAIL] => ellen_93@163.com
    [GHFQYLX] => 01
    [GHF_YHZH] => 
    [GHF_MC] => 广东博意建筑设计院有限公司
    [KPR] => 梁月华
    [SKR] => 梁月华
    [FHR] => 植银弟
    [KPLX] => 1
    [CZDM] => 10
    [YHZCBS] => 0
    [XMMC] => 路内智能停车服务
    [DW] => 台
    [GGXH] => 
    [SPBM] => 3040502020200000000
    [XMSL] => 1.00
    [XMDJ] => 7.50
    [HSBZ] => 1
    [KPHJJE] => 7.50
    [XMJE] => 7.50
    [SL] => 0.09
    [SE] => 0.62
    [oids] => 598697
    [create_date] => 1584319716
)
Array
(
    [uniacid] => 14
    [openid] => oR-IB0kU1tsIT65vgTxGHDOjtsic
    [FPQQLSH] => OGGP2020031811260575
    [DDH] => GGP20200318112605496
    [invoice_type] => park
    [KP_NSRSBH] => 91440606MA4WX4KK55
    [KP_NSRMC] => 佛山市成柏电子科技有限公司
    [DKBZ] => 0
    [XHF_NSRSBH] => 91440606MA4WX4KK55
    [XHF_MC] => 佛山市成柏电子科技有限公司
    [XHF_DZ] => 佛山市顺德区伦教街道办事处常教社区居民委员会尚成路1号唯美嘉园6座103号铺
    [XHF_DH] => 0757-22223287
    [XHF_YHZH] => 广东顺德农村商业银行股份有限公司大良信合支行  801101000927634235
    [GHF_NSRSBH] => 914401017792068107
    [GHF_SJ] => 
    [GHF_DZ] => 
    [GHF_GDDH] => 
    [GHF_EMAIL] => 717577277@qq.com
    [GHFQYLX] => 01
    [GHF_YHZH] => 
    [GHF_MC] => 广东政和工程有限公司
    [KPR] => 梁月华
    [SKR] => 梁月华
    [FHR] => 植银弟
    [KPLX] => 1
    [CZDM] => 10
    [YHZCBS] => 0
    [XMMC] => 路内智能停车服务
    [DW] => 台
    [GGXH] => 
    [SPBM] => 3040502020200000000
    [XMSL] => 1.00
    [XMDJ] => 5.00
    [HSBZ] => 1
    [KPHJJE] => 5.00
    [XMJE] => 5.00
    [SL] => 0.09
    [SE] => 0.41
    [oids] => 601620
    [create_date] => 1584501965
)
Array
(
    [uniacid] => 14
    [openid] => oR-IB0s9Ikg-fhTKpSrS1SGQMB_A
    [FPQQLSH] => OGGP202003191612419
    [DDH] => GGP20200319161241479
    [invoice_type] => park
    [KP_NSRSBH] => 91440606MA4WX4KK55
    [KP_NSRMC] => 佛山市成柏电子科技有限公司
    [DKBZ] => 0
    [XHF_NSRSBH] => 91440606MA4WX4KK55
    [XHF_MC] => 佛山市成柏电子科技有限公司
    [XHF_DZ] => 佛山市顺德区伦教街道办事处常教社区居民委员会尚成路1号唯美嘉园6座103号铺
    [XHF_DH] => 0757-22223287
    [XHF_YHZH] => 广东顺德农村商业银行股份有限公司大良信合支行  801101000927634235
    [GHF_NSRSBH] => 914406066614878646
    [GHF_SJ] => 
    [GHF_DZ] => 
    [GHF_GDDH] => 
    [GHF_EMAIL] => alexzhang@united-oce
    [GHFQYLX] => 01
    [GHF_YHZH] => 
    [GHF_MC] => 广州海邦国际货运代理有限公司顺德分公司
    [KPR] => 梁月华
    [SKR] => 梁月华
    [FHR] => 植银弟
    [KPLX] => 1
    [CZDM] => 10
    [YHZCBS] => 0
    [XMMC] => 路内智能停车服务
    [DW] => 台
    [GGXH] => 
    [SPBM] => 3040502020200000000
    [XMSL] => 1.00
    [XMDJ] => 23.00
    [HSBZ] => 1
    [KPHJJE] => 23.00
    [XMJE] => 23.00
    [SL] => 0.09
    [SE] => 1.90
    [oids] => 566601
    [create_date] => 1584605561
)
Array
(
    [uniacid] => 14
    [openid] => oR-IB0s9Ikg-fhTKpSrS1SGQMB_A
    [FPQQLSH] => OGGP2020031916132423
    [DDH] => GGP20200319161324215
    [invoice_type] => park
    [KP_NSRSBH] => 91440606MA4WX4KK55
    [KP_NSRMC] => 佛山市成柏电子科技有限公司
    [DKBZ] => 0
    [XHF_NSRSBH] => 91440606MA4WX4KK55
    [XHF_MC] => 佛山市成柏电子科技有限公司
    [XHF_DZ] => 佛山市顺德区伦教街道办事处常教社区居民委员会尚成路1号唯美嘉园6座103号铺
    [XHF_DH] => 0757-22223287
    [XHF_YHZH] => 广东顺德农村商业银行股份有限公司大良信合支行  801101000927634235
    [GHF_NSRSBH] => 914406066614878646
    [GHF_SJ] => 
    [GHF_DZ] => 
    [GHF_GDDH] => 
    [GHF_EMAIL] => alexzhang@united-oce
    [GHFQYLX] => 01
    [GHF_YHZH] => 
    [GHF_MC] => 广州海邦国际货运代理有限公司顺德分公司
    [KPR] => 梁月华
    [SKR] => 梁月华
    [FHR] => 植银弟
    [KPLX] => 1
    [CZDM] => 10
    [YHZCBS] => 0
    [XMMC] => 路内智能停车服务
    [DW] => 台
    [GGXH] => 
    [SPBM] => 3040502020200000000
    [XMSL] => 1.00
    [XMDJ] => 10.00
    [HSBZ] => 1
    [KPHJJE] => 10.00
    [XMJE] => 10.00
    [SL] => 0.09
    [SE] => 0.83
    [oids] => 566404
    [create_date] => 1584605604
)
Array
(
    [uniacid] => 14
    [openid] => oR-IB0s9Ikg-fhTKpSrS1SGQMB_A
    [FPQQLSH] => OGGP2020031916135119
    [DDH] => GGP20200319161351906
    [invoice_type] => park
    [KP_NSRSBH] => 91440606MA4WX4KK55
    [KP_NSRMC] => 佛山市成柏电子科技有限公司
    [DKBZ] => 0
    [XHF_NSRSBH] => 91440606MA4WX4KK55
    [XHF_MC] => 佛山市成柏电子科技有限公司
    [XHF_DZ] => 佛山市顺德区伦教街道办事处常教社区居民委员会尚成路1号唯美嘉园6座103号铺
    [XHF_DH] => 0757-22223287
    [XHF_YHZH] => 广东顺德农村商业银行股份有限公司大良信合支行  801101000927634235
    [GHF_NSRSBH] => 914406066614878646
    [GHF_SJ] => 
    [GHF_DZ] => 
    [GHF_GDDH] => 
    [GHF_EMAIL] => alexzhang@united-oce
    [GHFQYLX] => 01
    [GHF_YHZH] => 
    [GHF_MC] => 广州海邦国际货运代理有限公司顺德分公司
    [KPR] => 梁月华
    [SKR] => 梁月华
    [FHR] => 植银弟
    [KPLX] => 1
    [CZDM] => 10
    [YHZCBS] => 0
    [XMMC] => 路内智能停车服务
    [DW] => 台
    [GGXH] => 
    [SPBM] => 3040502020200000000
    [XMSL] => 1.00
    [XMDJ] => 20.50
    [HSBZ] => 1
    [KPHJJE] => 20.50
    [XMJE] => 20.50
    [SL] => 0.09
    [SE] => 1.69
    [oids] => 565700
    [create_date] => 1584605631
)
Array
(
    [uniacid] => 14
    [openid] => oR-IB0s9Ikg-fhTKpSrS1SGQMB_A
    [FPQQLSH] => OGGP2020031916142152
    [DDH] => GGP20200319161421259
    [invoice_type] => park
    [KP_NSRSBH] => 91440606MA4WX4KK55
    [KP_NSRMC] => 佛山市成柏电子科技有限公司
    [DKBZ] => 0
    [XHF_NSRSBH] => 91440606MA4WX4KK55
    [XHF_MC] => 佛山市成柏电子科技有限公司
    [XHF_DZ] => 佛山市顺德区伦教街道办事处常教社区居民委员会尚成路1号唯美嘉园6座103号铺
    [XHF_DH] => 0757-22223287
    [XHF_YHZH] => 广东顺德农村商业银行股份有限公司大良信合支行  801101000927634235
    [GHF_NSRSBH] => 914406066614878646
    [GHF_SJ] => 
    [GHF_DZ] => 
    [GHF_GDDH] => 
    [GHF_EMAIL] => alexzhang@united-oce
    [GHFQYLX] => 01
    [GHF_YHZH] => 
    [GHF_MC] => 广州海邦国际货运代理有限公司顺德分公司
    [KPR] => 梁月华
    [SKR] => 梁月华
    [FHR] => 植银弟
    [KPLX] => 1
    [CZDM] => 10
    [YHZCBS] => 0
    [XMMC] => 路内智能停车服务
    [DW] => 台
    [GGXH] => 
    [SPBM] => 3040502020200000000
    [XMSL] => 1.00
    [XMDJ] => 8.00
    [HSBZ] => 1
    [KPHJJE] => 8.00
    [XMJE] => 8.00
    [SL] => 0.09
    [SE] => 0.66
    [oids] => 449220
    [create_date] => 1584605661
)
Array
(
    [uniacid] => 14
    [openid] => oR-IB0s9Ikg-fhTKpSrS1SGQMB_A
    [FPQQLSH] => OGGP2020031916190937
    [DDH] => GGP20200319161909990
    [invoice_type] => park
    [KP_NSRSBH] => 91440606MA4WX4KK55
    [KP_NSRMC] => 佛山市成柏电子科技有限公司
    [DKBZ] => 0
    [XHF_NSRSBH] => 91440606MA4WX4KK55
    [XHF_MC] => 佛山市成柏电子科技有限公司
    [XHF_DZ] => 佛山市顺德区伦教街道办事处常教社区居民委员会尚成路1号唯美嘉园6座103号铺
    [XHF_DH] => 0757-22223287
    [XHF_YHZH] => 广东顺德农村商业银行股份有限公司大良信合支行  801101000927634235
    [GHF_NSRSBH] => 914406066614878646
    [GHF_SJ] => 
    [GHF_DZ] => 
    [GHF_GDDH] => 
    [GHF_EMAIL] => alexzhang@united-oce
    [GHFQYLX] => 01
    [GHF_YHZH] => 
    [GHF_MC] => 广州海邦国际货运代理有限公司顺德分公司
    [KPR] => 梁月华
    [SKR] => 梁月华
    [FHR] => 植银弟
    [KPLX] => 1
    [CZDM] => 10
    [YHZCBS] => 0
    [XMMC] => 路内智能停车服务
    [DW] => 台
    [GGXH] => 
    [SPBM] => 3040502020200000000
    [XMSL] => 1.00
    [XMDJ] => 8.00
    [HSBZ] => 1
    [KPHJJE] => 8.00
    [XMJE] => 8.00
    [SL] => 0.09
    [SE] => 0.66
    [oids] => 291433
    [create_date] => 1584605949
)
Array
(
    [uniacid] => 14
    [openid] => oR-IB0s9Ikg-fhTKpSrS1SGQMB_A
    [FPQQLSH] => OGGP2020031916193199
    [DDH] => GGP20200319161931102
    [invoice_type] => park
    [KP_NSRSBH] => 91440606MA4WX4KK55
    [KP_NSRMC] => 佛山市成柏电子科技有限公司
    [DKBZ] => 0
    [XHF_NSRSBH] => 91440606MA4WX4KK55
    [XHF_MC] => 佛山市成柏电子科技有限公司
    [XHF_DZ] => 佛山市顺德区伦教街道办事处常教社区居民委员会尚成路1号唯美嘉园6座103号铺
    [XHF_DH] => 0757-22223287
    [XHF_YHZH] => 广东顺德农村商业银行股份有限公司大良信合支行  801101000927634235
    [GHF_NSRSBH] => 914406066614878646
    [GHF_SJ] => 
    [GHF_DZ] => 
    [GHF_GDDH] => 
    [GHF_EMAIL] => alexzhang@united-oce
    [GHFQYLX] => 01
    [GHF_YHZH] => 
    [GHF_MC] => 广州海邦国际货运代理有限公司顺德分公司
    [KPR] => 梁月华
    [SKR] => 梁月华
    [FHR] => 植银弟
    [KPLX] => 1
    [CZDM] => 10
    [YHZCBS] => 0
    [XMMC] => 路内智能停车服务
    [DW] => 台
    [GGXH] => 
    [SPBM] => 3040502020200000000
    [XMSL] => 1.00
    [XMDJ] => 15.50
    [HSBZ] => 1
    [KPHJJE] => 15.50
    [XMJE] => 15.50
    [SL] => 0.09
    [SE] => 1.28
    [oids] => 287339
    [create_date] => 1584605972
)
Array
(
    [uniacid] => 14
    [openid] => oR-IB0s9Ikg-fhTKpSrS1SGQMB_A
    [FPQQLSH] => OGGP2020031916194519
    [DDH] => GGP20200319161945659
    [invoice_type] => park
    [KP_NSRSBH] => 91440606MA4WX4KK55
    [KP_NSRMC] => 佛山市成柏电子科技有限公司
    [DKBZ] => 0
    [XHF_NSRSBH] => 91440606MA4WX4KK55
    [XHF_MC] => 佛山市成柏电子科技有限公司
    [XHF_DZ] => 佛山市顺德区伦教街道办事处常教社区居民委员会尚成路1号唯美嘉园6座103号铺
    [XHF_DH] => 0757-22223287
    [XHF_YHZH] => 广东顺德农村商业银行股份有限公司大良信合支行  801101000927634235
    [GHF_NSRSBH] => 914406066614878646
    [GHF_SJ] => 
    [GHF_DZ] => 
    [GHF_GDDH] => 
    [GHF_EMAIL] => alexzhang@united-oce
    [GHFQYLX] => 01
    [GHF_YHZH] => 
    [GHF_MC] => 广州海邦国际货运代理有限公司顺德分公司
    [KPR] => 梁月华
    [SKR] => 梁月华
    [FHR] => 植银弟
    [KPLX] => 1
    [CZDM] => 10
    [YHZCBS] => 0
    [XMMC] => 路内智能停车服务
    [DW] => 台
    [GGXH] => 
    [SPBM] => 3040502020200000000
    [XMSL] => 1.00
    [XMDJ] => 20.00
    [HSBZ] => 1
    [KPHJJE] => 20.00
    [XMJE] => 20.00
    [SL] => 0.09
    [SE] => 1.65
    [oids] => 288159
    [create_date] => 1584605985
)
Array
(
    [uniacid] => 14
    [openid] => oR-IB0s9Ikg-fhTKpSrS1SGQMB_A
    [FPQQLSH] => OGGP2020031916200355
    [DDH] => GGP20200319162003615
    [invoice_type] => park
    [KP_NSRSBH] => 91440606MA4WX4KK55
    [KP_NSRMC] => 佛山市成柏电子科技有限公司
    [DKBZ] => 0
    [XHF_NSRSBH] => 91440606MA4WX4KK55
    [XHF_MC] => 佛山市成柏电子科技有限公司
    [XHF_DZ] => 佛山市顺德区伦教街道办事处常教社区居民委员会尚成路1号唯美嘉园6座103号铺
    [XHF_DH] => 0757-22223287
    [XHF_YHZH] => 广东顺德农村商业银行股份有限公司大良信合支行  801101000927634235
    [GHF_NSRSBH] => 914406066614878646
    [GHF_SJ] => 
    [GHF_DZ] => 
    [GHF_GDDH] => 
    [GHF_EMAIL] => alexzhang@united-oce
    [GHFQYLX] => 01
    [GHF_YHZH] => 
    [GHF_MC] => 广州海邦国际货运代理有限公司顺德分公司
    [KPR] => 梁月华
    [SKR] => 梁月华
    [FHR] => 植银弟
    [KPLX] => 1
    [CZDM] => 10
    [YHZCBS] => 0
    [XMMC] => 路内智能停车服务
    [DW] => 台
    [GGXH] => 
    [SPBM] => 3040502020200000000
    [XMSL] => 1.00
    [XMDJ] => 7.50
    [HSBZ] => 1
    [KPHJJE] => 7.50
    [XMJE] => 7.50
    [SL] => 0.09
    [SE] => 0.62
    [oids] => 288799
    [create_date] => 1584606003
)
Array
(
    [uniacid] => 14
    [openid] => oR-IB0s9Ikg-fhTKpSrS1SGQMB_A
    [FPQQLSH] => OGGP2020031916214218
    [DDH] => GGP20200319162142313
    [invoice_type] => park
    [KP_NSRSBH] => 91440606MA4WX4KK55
    [KP_NSRMC] => 佛山市成柏电子科技有限公司
    [DKBZ] => 0
    [XHF_NSRSBH] => 91440606MA4WX4KK55
    [XHF_MC] => 佛山市成柏电子科技有限公司
    [XHF_DZ] => 佛山市顺德区伦教街道办事处常教社区居民委员会尚成路1号唯美嘉园6座103号铺
    [XHF_DH] => 0757-22223287
    [XHF_YHZH] => 广东顺德农村商业银行股份有限公司大良信合支行  801101000927634235
    [GHF_NSRSBH] => 914406066614878646
    [GHF_SJ] => 
    [GHF_DZ] => 
    [GHF_GDDH] => 
    [GHF_EMAIL] => alexzhang@united-oce
    [GHFQYLX] => 01
    [GHF_YHZH] => 
    [GHF_MC] => 广州海邦国际货运代理有限公司顺德分公司
    [KPR] => 梁月华
    [SKR] => 梁月华
    [FHR] => 植银弟
    [KPLX] => 1
    [CZDM] => 10
    [YHZCBS] => 0
    [XMMC] => 路内智能停车服务
    [DW] => 台
    [GGXH] => 
    [SPBM] => 3040502020200000000
    [XMSL] => 1.00
    [XMDJ] => 38.50
    [HSBZ] => 1
    [KPHJJE] => 38.50
    [XMJE] => 38.50
    [SL] => 0.09
    [SE] => 3.18
    [oids] => 246050,245118
    [create_date] => 1584606102
)
Array
(
    [uniacid] => 14
    [openid] => oR-IB0k92zQA2C3GQX25eEP-Cncw
    [FPQQLSH] => OGGP2020032013475036
    [DDH] => GGP20200320134750545
    [invoice_type] => park
    [KP_NSRSBH] => 91440606MA4WX4KK55
    [KP_NSRMC] => 佛山市成柏电子科技有限公司
    [DKBZ] => 0
    [XHF_NSRSBH] => 91440606MA4WX4KK55
    [XHF_MC] => 佛山市成柏电子科技有限公司
    [XHF_DZ] => 佛山市顺德区伦教街道办事处常教社区居民委员会尚成路1号唯美嘉园6座103号铺
    [XHF_DH] => 0757-22223287
    [XHF_YHZH] => 广东顺德农村商业银行股份有限公司大良信合支行  801101000927634235
    [GHF_NSRSBH] => 91440605559176453A
    [GHF_SJ] => 
    [GHF_DZ] => 
    [GHF_GDDH] => 
    [GHF_EMAIL] => 156591823@qq.com
    [GHFQYLX] => 01
    [GHF_YHZH] => 
    [GHF_MC] => 佛山市南海区正方达数码系统有限公司
    [KPR] => 梁月华
    [SKR] => 梁月华
    [FHR] => 植银弟
    [KPLX] => 1
    [CZDM] => 10
    [YHZCBS] => 0
    [XMMC] => 路内智能停车服务
    [DW] => 台
    [GGXH] => 
    [SPBM] => 3040502020200000000
    [XMSL] => 1.00
    [XMDJ] => 10.00
    [HSBZ] => 1
    [KPHJJE] => 10.00
    [XMJE] => 10.00
    [SL] => 0.09
    [SE] => 0.83
    [oids] => 602827
    [create_date] => 1584683270
)
Array
(
    [uniacid] => 14
    [openid] => oR-IB0s4XD4dGZgAzwUyfRdQ9z14
    [FPQQLSH] => OGGP2020032217433785
    [DDH] => GGP20200322174337561
    [invoice_type] => park
    [KP_NSRSBH] => 91440606MA4WX4KK55
    [KP_NSRMC] => 佛山市成柏电子科技有限公司
    [DKBZ] => 0
    [XHF_NSRSBH] => 91440606MA4WX4KK55
    [XHF_MC] => 佛山市成柏电子科技有限公司
    [XHF_DZ] => 佛山市顺德区伦教街道办事处常教社区居民委员会尚成路1号唯美嘉园6座103号铺
    [XHF_DH] => 0757-22223287
    [XHF_YHZH] => 广东顺德农村商业银行股份有限公司大良信合支行  801101000927634235
    [GHF_NSRSBH] => 91430000183761776J
    [GHF_SJ] => 
    [GHF_DZ] => 
    [GHF_GDDH] => 
    [GHF_EMAIL] => 343599810@qq.com
    [GHFQYLX] => 01
    [GHF_YHZH] => 
    [GHF_MC] => 中国水利水电第八工程局有限公司
    [KPR] => 梁月华
    [SKR] => 梁月华
    [FHR] => 植银弟
    [KPLX] => 1
    [CZDM] => 10
    [YHZCBS] => 0
    [XMMC] => 路内智能停车服务
    [DW] => 台
    [GGXH] => 
    [SPBM] => 3040502020200000000
    [XMSL] => 1.00
    [XMDJ] => 5.00
    [HSBZ] => 1
    [KPHJJE] => 5.00
    [XMJE] => 5.00
    [SL] => 0.09
    [SE] => 0.41
    [oids] => 605645
    [create_date] => 1584870217
)
Array
(
    [uniacid] => 14
    [openid] => oR-IB0tOMHS2PHuJG_gehmkrzxvw
    [FPQQLSH] => OGGP202003260834124
    [DDH] => GGP20200326083412987
    [invoice_type] => park
    [KP_NSRSBH] => 91440606MA4WX4KK55
    [KP_NSRMC] => 佛山市成柏电子科技有限公司
    [DKBZ] => 0
    [XHF_NSRSBH] => 91440606MA4WX4KK55
    [XHF_MC] => 佛山市成柏电子科技有限公司
    [XHF_DZ] => 佛山市顺德区伦教街道办事处常教社区居民委员会尚成路1号唯美嘉园6座103号铺
    [XHF_DH] => 0757-22223287
    [XHF_YHZH] => 广东顺德农村商业银行股份有限公司大良信合支行  801101000927634235
    [GHF_NSRSBH] => 91440606597483446N
    [GHF_SJ] => 
    [GHF_DZ] => 
    [GHF_GDDH] => 
    [GHF_EMAIL] => zhanweisi@163.com
    [GHFQYLX] => 01
    [GHF_YHZH] => 
    [GHF_MC] => 佛山市学博电子电器科技有限公司
    [KPR] => 梁月华
    [SKR] => 梁月华
    [FHR] => 植银弟
    [KPLX] => 1
    [CZDM] => 10
    [YHZCBS] => 0
    [XMMC] => 路内智能停车服务
    [DW] => 台
    [GGXH] => 
    [SPBM] => 3040502020200000000
    [XMSL] => 1.00
    [XMDJ] => 2766.00
    [HSBZ] => 1
    [KPHJJE] => 2766.00
    [XMJE] => 2766.00
    [SL] => 0.09
    [SE] => 228.39
    [oids] => 601338,580133,381193,351244
    [create_date] => 1585182852
)
Array
(
    [uniacid] => 14
    [openid] => oR-IB0oCxTH1uFeL3qKKBQFSbX8w
    [FPQQLSH] => OGGP202003300927189
    [DDH] => GGP20200330092718596
    [invoice_type] => park
    [KP_NSRSBH] => 91440606MA4WX4KK55
    [KP_NSRMC] => 佛山市成柏电子科技有限公司
    [DKBZ] => 0
    [XHF_NSRSBH] => 91440606MA4WX4KK55
    [XHF_MC] => 佛山市成柏电子科技有限公司
    [XHF_DZ] => 佛山市顺德区伦教街道办事处常教社区居民委员会尚成路1号唯美嘉园6座103号铺
    [XHF_DH] => 0757-22223287
    [XHF_YHZH] => 广东顺德农村商业银行股份有限公司大良信合支行  801101000927634235
    [GHF_NSRSBH] => 914406067638496437
    [GHF_SJ] => 
    [GHF_DZ] => 
    [GHF_GDDH] => 
    [GHF_EMAIL] => 793910887@163.com
    [GHFQYLX] => 01
    [GHF_YHZH] => 
    [GHF_MC] => 广东金宝力化工科技装备股份有限公司
    [KPR] => 梁月华
    [SKR] => 梁月华
    [FHR] => 植银弟
    [KPLX] => 1
    [CZDM] => 10
    [YHZCBS] => 0
    [XMMC] => 路内智能停车服务
    [DW] => 台
    [GGXH] => 
    [SPBM] => 3040502020200000000
    [XMSL] => 1.00
    [XMDJ] => 12.50
    [HSBZ] => 1
    [KPHJJE] => 12.50
    [XMJE] => 12.50
    [SL] => 0.09
    [SE] => 1.03
    [oids] => 600949
    [create_date] => 1585531638
)
Array
(
    [uniacid] => 14
    [openid] => oR-IB0kfbqCOA8CcvGK5B7GUVj7M
    [FPQQLSH] => OGGP2020033113462246
    [DDH] => GGP20200331134622944
    [invoice_type] => park
    [KP_NSRSBH] => 91440606MA4WX4KK55
    [KP_NSRMC] => 佛山市成柏电子科技有限公司
    [DKBZ] => 0
    [XHF_NSRSBH] => 91440606MA4WX4KK55
    [XHF_MC] => 佛山市成柏电子科技有限公司
    [XHF_DZ] => 佛山市顺德区伦教街道办事处常教社区居民委员会尚成路1号唯美嘉园6座103号铺
    [XHF_DH] => 0757-22223287
    [XHF_YHZH] => 广东顺德农村商业银行股份有限公司大良信合支行  801101000927634235
    [GHF_NSRSBH] => 91440300664163435P
    [GHF_SJ] => 
    [GHF_DZ] => 
    [GHF_GDDH] => 
    [GHF_EMAIL] => 1343103997@qq.com
    [GHFQYLX] => 01
    [GHF_YHZH] => 
    [GHF_MC] => 深圳市杰美康机电有限公司
    [KPR] => 梁月华
    [SKR] => 梁月华
    [FHR] => 植银弟
    [KPLX] => 1
    [CZDM] => 10
    [YHZCBS] => 0
    [XMMC] => 路内智能停车服务
    [DW] => 台
    [GGXH] => 
    [SPBM] => 3040502020200000000
    [XMSL] => 1.00
    [XMDJ] => 28.00
    [HSBZ] => 1
    [KPHJJE] => 28.00
    [XMJE] => 28.00
    [SL] => 0.09
    [SE] => 2.31
    [oids] => 594873
    [create_date] => 1585633582
)
Array
(
    [uniacid] => 14
    [openid] => oR-IB0kfbqCOA8CcvGK5B7GUVj7M
    [FPQQLSH] => OGGP2020033113474721
    [DDH] => GGP20200331134747615
    [invoice_type] => park
    [KP_NSRSBH] => 91440606MA4WX4KK55
    [KP_NSRMC] => 佛山市成柏电子科技有限公司
    [DKBZ] => 0
    [XHF_NSRSBH] => 91440606MA4WX4KK55
    [XHF_MC] => 佛山市成柏电子科技有限公司
    [XHF_DZ] => 佛山市顺德区伦教街道办事处常教社区居民委员会尚成路1号唯美嘉园6座103号铺
    [XHF_DH] => 0757-22223287
    [XHF_YHZH] => 广东顺德农村商业银行股份有限公司大良信合支行  801101000927634235
    [GHF_NSRSBH] => 91440300664163435P
    [GHF_SJ] => 
    [GHF_DZ] => 
    [GHF_GDDH] => 
    [GHF_EMAIL] => 1343103997@qq.com
    [GHFQYLX] => 01
    [GHF_YHZH] => 
    [GHF_MC] => 深圳市杰美康机电有限公司
    [KPR] => 梁月华
    [SKR] => 梁月华
    [FHR] => 植银弟
    [KPLX] => 1
    [CZDM] => 10
    [YHZCBS] => 0
    [XMMC] => 路内智能停车服务
    [DW] => 台
    [GGXH] => 
    [SPBM] => 3040502020200000000
    [XMSL] => 1.00
    [XMDJ] => 28.00
    [HSBZ] => 1
    [KPHJJE] => 28.00
    [XMJE] => 28.00
    [SL] => 0.09
    [SE] => 2.31
    [oids] => 594873
    [create_date] => 1585633667
)
Array
(
    [uniacid] => 14
    [openid] => oR-IB0nCloXGtTHhUkQrwAffeKMI
    [FPQQLSH] => OGGP2020033116185626
    [DDH] => GGP20200331161856562
    [invoice_type] => park
    [KP_NSRSBH] => 91440606MA4WX4KK55
    [KP_NSRMC] => 佛山市成柏电子科技有限公司
    [DKBZ] => 0
    [XHF_NSRSBH] => 91440606MA4WX4KK55
    [XHF_MC] => 佛山市成柏电子科技有限公司
    [XHF_DZ] => 佛山市顺德区伦教街道办事处常教社区居民委员会尚成路1号唯美嘉园6座103号铺
    [XHF_DH] => 0757-22223287
    [XHF_YHZH] => 广东顺德农村商业银行股份有限公司大良信合支行  801101000927634235
    [GHF_NSRSBH] => 92440606MA53JU4H9X
    [GHF_SJ] => 
    [GHF_DZ] => 
    [GHF_GDDH] => 
    [GHF_EMAIL] => 549177503@qq.com
    [GHFQYLX] => 01
    [GHF_YHZH] => 
    [GHF_MC] => 佛山市顺德区金慧企商务咨询策划代理部
    [KPR] => 梁月华
    [SKR] => 梁月华
    [FHR] => 植银弟
    [KPLX] => 1
    [CZDM] => 10
    [YHZCBS] => 0
    [XMMC] => 路内智能停车服务
    [DW] => 台
    [GGXH] => 
    [SPBM] => 3040502020200000000
    [XMSL] => 1.00
    [XMDJ] => 8.00
    [HSBZ] => 1
    [KPHJJE] => 8.00
    [XMJE] => 8.00
    [SL] => 0.09
    [SE] => 0.66
    [oids] => 614204
    [create_date] => 1585642736
)
