Array
(
    [uniacid] => 14
    [openid] => oR-IB0sMcRA3zHG52GCUAAK3f7T0
    [FPQQLSH] => OGGP2020050215204936
    [DDH] => GGP20200502152049360
    [invoice_type] => park
    [KP_NSRSBH] => 91440606MA4WX4KK55
    [KP_NSRMC] => 佛山市成柏电子科技有限公司
    [DKBZ] => 0
    [XHF_NSRSBH] => 91440606MA4WX4KK55
    [XHF_MC] => 佛山市成柏电子科技有限公司
    [XHF_DZ] => 佛山市顺德区伦教街道办事处常教社区居民委员会尚成路1号唯美嘉园6座103号铺
    [XHF_DH] => 0757-22223287
    [XHF_YHZH] => 广东顺德农村商业银行股份有限公司大良信合支行  801101000927634235
    [GHF_NSRSBH] => 914406063452907441
    [GHF_SJ] => 
    [GHF_DZ] => 
    [GHF_GDDH] => 
    [GHF_EMAIL] => 542309563@qq.com
    [GHFQYLX] => 01
    [GHF_YHZH] => 
    [GHF_MC] => 广东泰林电力工程有限公司
    [KPR] => 梁月华
    [SKR] => 梁月华
    [FHR] => 植银弟
    [KPLX] => 1
    [CZDM] => 10
    [YHZCBS] => 0
    [XMMC] => 路内智能停车服务
    [DW] => 台
    [GGXH] => 
    [SPBM] => 3040502020200000000
    [XMSL] => 1.00
    [XMDJ] => 22.50
    [HSBZ] => 1
    [KPHJJE] => 22.50
    [XMJE] => 22.50
    [SL] => 0.09
    [SE] => 1.86
    [oids] => 606245
    [create_date] => 1588404049
)
Array
(
    [uniacid] => 14
    [openid] => oR-IB0sMcRA3zHG52GCUAAK3f7T0
    [FPQQLSH] => OGGP202005021521542
    [DDH] => GGP20200502152154150
    [invoice_type] => park
    [KP_NSRSBH] => 91440606MA4WX4KK55
    [KP_NSRMC] => 佛山市成柏电子科技有限公司
    [DKBZ] => 0
    [XHF_NSRSBH] => 91440606MA4WX4KK55
    [XHF_MC] => 佛山市成柏电子科技有限公司
    [XHF_DZ] => 佛山市顺德区伦教街道办事处常教社区居民委员会尚成路1号唯美嘉园6座103号铺
    [XHF_DH] => 0757-22223287
    [XHF_YHZH] => 广东顺德农村商业银行股份有限公司大良信合支行  801101000927634235
    [GHF_NSRSBH] => 914406063452907441
    [GHF_SJ] => 
    [GHF_DZ] => 
    [GHF_GDDH] => 
    [GHF_EMAIL] => 542309563@qq.com
    [GHFQYLX] => 01
    [GHF_YHZH] => 
    [GHF_MC] => 广东泰林电力工程有限公司
    [KPR] => 梁月华
    [SKR] => 梁月华
    [FHR] => 植银弟
    [KPLX] => 1
    [CZDM] => 10
    [YHZCBS] => 0
    [XMMC] => 路内智能停车服务
    [DW] => 台
    [GGXH] => 
    [SPBM] => 3040502020200000000
    [XMSL] => 1.00
    [XMDJ] => 67.50
    [HSBZ] => 1
    [KPHJJE] => 67.50
    [XMJE] => 67.50
    [SL] => 0.09
    [SE] => 5.57
    [oids] => 642881,640412,639454,622215,621302
    [create_date] => 1588404114
)
Array
(
    [uniacid] => 14
    [openid] => oR-IB0nQaefx__nO3EGUC1qYLppM
    [FPQQLSH] => OGGP2020050417125178
    [DDH] => GGP2020050417125156
    [invoice_type] => park
    [KP_NSRSBH] => 91440606MA4WX4KK55
    [KP_NSRMC] => 佛山市成柏电子科技有限公司
    [DKBZ] => 0
    [XHF_NSRSBH] => 91440606MA4WX4KK55
    [XHF_MC] => 佛山市成柏电子科技有限公司
    [XHF_DZ] => 佛山市顺德区伦教街道办事处常教社区居民委员会尚成路1号唯美嘉园6座103号铺
    [XHF_DH] => 0757-22223287
    [XHF_YHZH] => 广东顺德农村商业银行股份有限公司大良信合支行  801101000927634235
    [GHF_NSRSBH] => 91440606584716001Y
    [GHF_SJ] => 
    [GHF_DZ] => 
    [GHF_GDDH] => 
    [GHF_EMAIL] => 115386270@qq.com
    [GHFQYLX] => 01
    [GHF_YHZH] => 
    [GHF_MC] => 广东广顺建筑工程有限公司
    [KPR] => 梁月华
    [SKR] => 梁月华
    [FHR] => 植银弟
    [KPLX] => 1
    [CZDM] => 10
    [YHZCBS] => 0
    [XMMC] => 路内智能停车服务
    [DW] => 台
    [GGXH] => 
    [SPBM] => 3040502020200000000
    [XMSL] => 1.00
    [XMDJ] => 52.00
    [HSBZ] => 1
    [KPHJJE] => 52.00
    [XMJE] => 52.00
    [SL] => 0.09
    [SE] => 4.29
    [oids] => 648520,647806,646555,645330
    [create_date] => 1588583571
)
Array
(
    [uniacid] => 14
    [openid] => oR-IB0jm4vIDB7xL84DnRdVZsgY4
    [FPQQLSH] => OGGP2020050417164755
    [DDH] => GGP20200504171647270
    [invoice_type] => park
    [KP_NSRSBH] => 91440606MA4WX4KK55
    [KP_NSRMC] => 佛山市成柏电子科技有限公司
    [DKBZ] => 0
    [XHF_NSRSBH] => 91440606MA4WX4KK55
    [XHF_MC] => 佛山市成柏电子科技有限公司
    [XHF_DZ] => 佛山市顺德区伦教街道办事处常教社区居民委员会尚成路1号唯美嘉园6座103号铺
    [XHF_DH] => 0757-22223287
    [XHF_YHZH] => 广东顺德农村商业银行股份有限公司大良信合支行  801101000927634235
    [GHF_NSRSBH] => 91440606584716001Y
    [GHF_SJ] => 
    [GHF_DZ] => 
    [GHF_GDDH] => 
    [GHF_EMAIL] => 1985893049@qq.com
    [GHFQYLX] => 01
    [GHF_YHZH] => 
    [GHF_MC] => 广东广顺建筑工程有限公司
    [KPR] => 梁月华
    [SKR] => 梁月华
    [FHR] => 植银弟
    [KPLX] => 1
    [CZDM] => 10
    [YHZCBS] => 0
    [XMMC] => 路内智能停车服务
    [DW] => 台
    [GGXH] => 
    [SPBM] => 3040502020200000000
    [XMSL] => 1.00
    [XMDJ] => 87.50
    [HSBZ] => 1
    [KPHJJE] => 87.50
    [XMJE] => 87.50
    [SL] => 0.09
    [SE] => 7.22
    [oids] => 651400,649217,647798,646862,639227,632482,632285,631194,630033,628964
    [create_date] => 1588583808
)
Array
(
    [uniacid] => 14
    [openid] => oR-IB0gXaVUOyJJCmASrenr0QkwM
    [FPQQLSH] => OGGP2020050513535258
    [DDH] => GGP20200505135352618
    [invoice_type] => park
    [KP_NSRSBH] => 91440606MA4WX4KK55
    [KP_NSRMC] => 佛山市成柏电子科技有限公司
    [DKBZ] => 0
    [XHF_NSRSBH] => 91440606MA4WX4KK55
    [XHF_MC] => 佛山市成柏电子科技有限公司
    [XHF_DZ] => 佛山市顺德区伦教街道办事处常教社区居民委员会尚成路1号唯美嘉园6座103号铺
    [XHF_DH] => 0757-22223287
    [XHF_YHZH] => 广东顺德农村商业银行股份有限公司大良信合支行  801101000927634235
    [GHF_NSRSBH] => 91440606749151564K
    [GHF_SJ] => 
    [GHF_DZ] => 
    [GHF_GDDH] => 
    [GHF_EMAIL] => bixin-lu@qq.com
    [GHFQYLX] => 01
    [GHF_YHZH] => 
    [GHF_MC] => 佛山市顺德区弘信实业有限公司
    [KPR] => 梁月华
    [SKR] => 梁月华
    [FHR] => 植银弟
    [KPLX] => 1
    [CZDM] => 10
    [YHZCBS] => 0
    [XMMC] => 路内智能停车服务
    [DW] => 台
    [GGXH] => 
    [SPBM] => 3040502020200000000
    [XMSL] => 1.00
    [XMDJ] => 82.50
    [HSBZ] => 1
    [KPHJJE] => 82.50
    [XMJE] => 82.50
    [SL] => 0.09
    [SE] => 6.81
    [oids] => 650882,630803,554931,489847,475266,447501,291087,261404,123446,80428,37051
    [create_date] => 1588658032
)
Array
(
    [uniacid] => 14
    [openid] => oR-IB0nIb-xIfi3LmZ17s09BBJg8
    [FPQQLSH] => OGGP2020050619360031
    [DDH] => GGP20200506193600683
    [invoice_type] => park
    [KP_NSRSBH] => 91440606MA4WX4KK55
    [KP_NSRMC] => 佛山市成柏电子科技有限公司
    [DKBZ] => 0
    [XHF_NSRSBH] => 91440606MA4WX4KK55
    [XHF_MC] => 佛山市成柏电子科技有限公司
    [XHF_DZ] => 佛山市顺德区伦教街道办事处常教社区居民委员会尚成路1号唯美嘉园6座103号铺
    [XHF_DH] => 0757-22223287
    [XHF_YHZH] => 广东顺德农村商业银行股份有限公司大良信合支行  801101000927634235
    [GHF_NSRSBH] => 91440606MA4UHQ726K
    [GHF_SJ] => 
    [GHF_DZ] => 
    [GHF_GDDH] => 
    [GHF_EMAIL] => 601318910@qq.com
    [GHFQYLX] => 01
    [GHF_YHZH] => 
    [GHF_MC] => 佛山市顺德区汇企通财税有限公司
    [KPR] => 梁月华
    [SKR] => 梁月华
    [FHR] => 植银弟
    [KPLX] => 1
    [CZDM] => 10
    [YHZCBS] => 0
    [XMMC] => 路内智能停车服务
    [DW] => 台
    [GGXH] => 
    [SPBM] => 3040502020200000000
    [XMSL] => 1.00
    [XMDJ] => 12.50
    [HSBZ] => 1
    [KPHJJE] => 12.50
    [XMJE] => 12.50
    [SL] => 0.09
    [SE] => 1.03
    [oids] => 654845,342437
    [create_date] => 1588764960
)
Array
(
    [uniacid] => 14
    [openid] => oR-IB0iRRIFoVjRFO8odudRac_5E
    [FPQQLSH] => OGGP2020050717481129
    [DDH] => GGP20200507174811883
    [invoice_type] => park
    [KP_NSRSBH] => 91440606MA4WX4KK55
    [KP_NSRMC] => 佛山市成柏电子科技有限公司
    [DKBZ] => 0
    [XHF_NSRSBH] => 91440606MA4WX4KK55
    [XHF_MC] => 佛山市成柏电子科技有限公司
    [XHF_DZ] => 佛山市顺德区伦教街道办事处常教社区居民委员会尚成路1号唯美嘉园6座103号铺
    [XHF_DH] => 0757-22223287
    [XHF_YHZH] => 广东顺德农村商业银行股份有限公司大良信合支行  801101000927634235
    [GHF_NSRSBH] => 91310000607297293N
    [GHF_SJ] => 
    [GHF_DZ] => 
    [GHF_GDDH] => 
    [GHF_EMAIL] => zhangyanwei1202@163.
    [GHFQYLX] => 01
    [GHF_YHZH] => 
    [GHF_MC] => 汉高股份有限公司
    [KPR] => 梁月华
    [SKR] => 梁月华
    [FHR] => 植银弟
    [KPLX] => 1
    [CZDM] => 10
    [YHZCBS] => 0
    [XMMC] => 路内智能停车服务
    [DW] => 台
    [GGXH] => 
    [SPBM] => 3040502020200000000
    [XMSL] => 1.00
    [XMDJ] => 30.00
    [HSBZ] => 1
    [KPHJJE] => 30.00
    [XMJE] => 30.00
    [SL] => 0.09
    [SE] => 2.48
    [oids] => 653143
    [create_date] => 1588844891
)
Array
(
    [uniacid] => 14
    [openid] => oR-IB0nbsizVWlsF3vcTHJlU0FK4
    [FPQQLSH] => OGGP2020050814232738
    [DDH] => GGP20200508142327406
    [invoice_type] => park
    [KP_NSRSBH] => 91440606MA4WX4KK55
    [KP_NSRMC] => 佛山市成柏电子科技有限公司
    [DKBZ] => 0
    [XHF_NSRSBH] => 91440606MA4WX4KK55
    [XHF_MC] => 佛山市成柏电子科技有限公司
    [XHF_DZ] => 佛山市顺德区伦教街道办事处常教社区居民委员会尚成路1号唯美嘉园6座103号铺
    [XHF_DH] => 0757-22223287
    [XHF_YHZH] => 广东顺德农村商业银行股份有限公司大良信合支行  801101000927634235
    [GHF_NSRSBH] => 91440101MA59HG0U6H
    [GHF_SJ] => 
    [GHF_DZ] => 
    [GHF_GDDH] => 
    [GHF_EMAIL] => 408951276@qq.com
    [GHFQYLX] => 01
    [GHF_YHZH] => 
    [GHF_MC] => 广州引亮智能技术有限公司
    [KPR] => 梁月华
    [SKR] => 梁月华
    [FHR] => 植银弟
    [KPLX] => 1
    [CZDM] => 10
    [YHZCBS] => 0
    [XMMC] => 路内智能停车服务
    [DW] => 台
    [GGXH] => 
    [SPBM] => 3040502020200000000
    [XMSL] => 1.00
    [XMDJ] => 17.50
    [HSBZ] => 1
    [KPHJJE] => 17.50
    [XMJE] => 17.50
    [SL] => 0.09
    [SE] => 1.44
    [oids] => 657002
    [create_date] => 1588919007
)
Array
(
    [uniacid] => 14
    [openid] => oR-IB0tuDahXoedg7MRJhS6IRcbc
    [FPQQLSH] => OGGP2020050819421619
    [DDH] => GGP20200508194216500
    [invoice_type] => park
    [KP_NSRSBH] => 91440606MA4WX4KK55
    [KP_NSRMC] => 佛山市成柏电子科技有限公司
    [DKBZ] => 0
    [XHF_NSRSBH] => 91440606MA4WX4KK55
    [XHF_MC] => 佛山市成柏电子科技有限公司
    [XHF_DZ] => 佛山市顺德区伦教街道办事处常教社区居民委员会尚成路1号唯美嘉园6座103号铺
    [XHF_DH] => 0757-22223287
    [XHF_YHZH] => 广东顺德农村商业银行股份有限公司大良信合支行  801101000927634235
    [GHF_NSRSBH] => 91440606789431683Q
    [GHF_SJ] => 
    [GHF_DZ] => 
    [GHF_GDDH] => 
    [GHF_EMAIL] => 8232013@qq.com
    [GHFQYLX] => 01
    [GHF_YHZH] => 
    [GHF_MC] => 佛山市顺德区法福特电气有限公司
    [KPR] => 梁月华
    [SKR] => 梁月华
    [FHR] => 植银弟
    [KPLX] => 1
    [CZDM] => 10
    [YHZCBS] => 0
    [XMMC] => 路内智能停车服务
    [DW] => 台
    [GGXH] => 
    [SPBM] => 3040502020200000000
    [XMSL] => 1.00
    [XMDJ] => 23.00
    [HSBZ] => 1
    [KPHJJE] => 23.00
    [XMJE] => 23.00
    [SL] => 0.09
    [SE] => 1.90
    [oids] => 578116,150771
    [create_date] => 1588938136
)
Array
(
    [uniacid] => 14
    [openid] => oR-IB0pn20ah--gpT6onUqyoXBBY
    [FPQQLSH] => OGGP202005102107119
    [DDH] => GGP20200510210711806
    [invoice_type] => park
    [KP_NSRSBH] => 91440606MA4WX4KK55
    [KP_NSRMC] => 佛山市成柏电子科技有限公司
    [DKBZ] => 0
    [XHF_NSRSBH] => 91440606MA4WX4KK55
    [XHF_MC] => 佛山市成柏电子科技有限公司
    [XHF_DZ] => 佛山市顺德区伦教街道办事处常教社区居民委员会尚成路1号唯美嘉园6座103号铺
    [XHF_DH] => 0757-22223287
    [XHF_YHZH] => 广东顺德农村商业银行股份有限公司大良信合支行  801101000927634235
    [GHF_NSRSBH] => 914406067606236497
    [GHF_SJ] => 
    [GHF_DZ] => 
    [GHF_GDDH] => 
    [GHF_EMAIL] => 740225919@qq.com
    [GHFQYLX] => 01
    [GHF_YHZH] => 
    [GHF_MC] => 佛山市顺德区新景建筑工程有限公司
    [KPR] => 梁月华
    [SKR] => 梁月华
    [FHR] => 植银弟
    [KPLX] => 1
    [CZDM] => 10
    [YHZCBS] => 0
    [XMMC] => 路内智能停车服务
    [DW] => 台
    [GGXH] => 
    [SPBM] => 3040502020200000000
    [XMSL] => 1.00
    [XMDJ] => 56.25
    [HSBZ] => 1
    [KPHJJE] => 56.25
    [XMJE] => 56.25
    [SL] => 0.09
    [SE] => 4.64
    [oids] => 659854,608365,591280,409536,408185,196750,88861,62849,39719,39650
    [create_date] => 1589116032
)
Array
(
    [uniacid] => 14
    [openid] => oR-IB0rb8gKZYgFTOnBJMs8eTRnM
    [FPQQLSH] => OGGP2020051117054765
    [DDH] => GGP2020051117054797
    [invoice_type] => park
    [KP_NSRSBH] => 91440606MA4WX4KK55
    [KP_NSRMC] => 佛山市成柏电子科技有限公司
    [DKBZ] => 0
    [XHF_NSRSBH] => 91440606MA4WX4KK55
    [XHF_MC] => 佛山市成柏电子科技有限公司
    [XHF_DZ] => 佛山市顺德区伦教街道办事处常教社区居民委员会尚成路1号唯美嘉园6座103号铺
    [XHF_DH] => 0757-22223287
    [XHF_YHZH] => 广东顺德农村商业银行股份有限公司大良信合支行  801101000927634235
    [GHF_NSRSBH] => 91440606MA523HCN58
    [GHF_SJ] => 
    [GHF_DZ] => 
    [GHF_GDDH] => 
    [GHF_EMAIL] => 348678759@qq.com
    [GHFQYLX] => 01
    [GHF_YHZH] => 
    [GHF_MC] => 佛山市棱泰新材料有限公司
    [KPR] => 梁月华
    [SKR] => 梁月华
    [FHR] => 植银弟
    [KPLX] => 1
    [CZDM] => 10
    [YHZCBS] => 0
    [XMMC] => 路内智能停车服务
    [DW] => 台
    [GGXH] => 
    [SPBM] => 3040502020200000000
    [XMSL] => 1.00
    [XMDJ] => 504.50
    [HSBZ] => 1
    [KPHJJE] => 504.50
    [XMJE] => 504.50
    [SL] => 0.09
    [SE] => 41.66
    [oids] => 655827,653631,633722,624433,620178,598049,588976,468242,462111,351399,335434,24657
    [create_date] => 1589187947
)
Array
(
    [uniacid] => 14
    [openid] => oR-IB0hC5YdDyNv5DcHIfmUEyQg4
    [FPQQLSH] => OGGP2020051309420478
    [DDH] => GGP20200513094204864
    [invoice_type] => park
    [KP_NSRSBH] => 91440606MA4WX4KK55
    [KP_NSRMC] => 佛山市成柏电子科技有限公司
    [DKBZ] => 0
    [XHF_NSRSBH] => 91440606MA4WX4KK55
    [XHF_MC] => 佛山市成柏电子科技有限公司
    [XHF_DZ] => 佛山市顺德区伦教街道办事处常教社区居民委员会尚成路1号唯美嘉园6座103号铺
    [XHF_DH] => 0757-22223287
    [XHF_YHZH] => 广东顺德农村商业银行股份有限公司大良信合支行  801101000927634235
    [GHF_NSRSBH] => 91310000607403041J
    [GHF_SJ] => 
    [GHF_DZ] => 
    [GHF_GDDH] => 
    [GHF_EMAIL] => guo2638886747@foxmai
    [GHFQYLX] => 01
    [GHF_YHZH] => 
    [GHF_MC] => 上海西艾爱电子有限公司
    [KPR] => 梁月华
    [SKR] => 梁月华
    [FHR] => 植银弟
    [KPLX] => 1
    [CZDM] => 10
    [YHZCBS] => 0
    [XMMC] => 路内智能停车服务
    [DW] => 台
    [GGXH] => 
    [SPBM] => 3040502020200000000
    [XMSL] => 1.00
    [XMDJ] => 30.00
    [HSBZ] => 1
    [KPHJJE] => 30.00
    [XMJE] => 30.00
    [SL] => 0.09
    [SE] => 2.48
    [oids] => 662167,653423,651216,642770
    [create_date] => 1589334124
)
Array
(
    [uniacid] => 14
    [openid] => oR-IB0kgQTu5MzD6iC_3omLbGQy0
    [FPQQLSH] => OGGP2020051310021162
    [DDH] => GGP20200513100211823
    [invoice_type] => park
    [KP_NSRSBH] => 91440606MA4WX4KK55
    [KP_NSRMC] => 佛山市成柏电子科技有限公司
    [DKBZ] => 0
    [XHF_NSRSBH] => 91440606MA4WX4KK55
    [XHF_MC] => 佛山市成柏电子科技有限公司
    [XHF_DZ] => 佛山市顺德区伦教街道办事处常教社区居民委员会尚成路1号唯美嘉园6座103号铺
    [XHF_DH] => 0757-22223287
    [XHF_YHZH] => 广东顺德农村商业银行股份有限公司大良信合支行  801101000927634235
    [GHF_NSRSBH] => 91310000607403041J
    [GHF_SJ] => 
    [GHF_DZ] => 
    [GHF_GDDH] => 
    [GHF_EMAIL] => 415954700@qq.com
    [GHFQYLX] => 01
    [GHF_YHZH] => 
    [GHF_MC] => 上海西艾爱电子有限公司
    [KPR] => 梁月华
    [SKR] => 梁月华
    [FHR] => 植银弟
    [KPLX] => 1
    [CZDM] => 10
    [YHZCBS] => 0
    [XMMC] => 路内智能停车服务
    [DW] => 台
    [GGXH] => 
    [SPBM] => 3040502020200000000
    [XMSL] => 1.00
    [XMDJ] => 27.00
    [HSBZ] => 1
    [KPHJJE] => 27.00
    [XMJE] => 27.00
    [SL] => 0.09
    [SE] => 2.23
    [oids] => 650114,641567,558478,373355
    [create_date] => 1589335331
)
Array
(
    [uniacid] => 14
    [openid] => oR-IB0qBr-CdYyTQu-ygj0cnZn50
    [FPQQLSH] => OGGP2020051313465781
    [DDH] => GGP20200513134657793
    [invoice_type] => park
    [KP_NSRSBH] => 91440606MA4WX4KK55
    [KP_NSRMC] => 佛山市成柏电子科技有限公司
    [DKBZ] => 0
    [XHF_NSRSBH] => 91440606MA4WX4KK55
    [XHF_MC] => 佛山市成柏电子科技有限公司
    [XHF_DZ] => 佛山市顺德区伦教街道办事处常教社区居民委员会尚成路1号唯美嘉园6座103号铺
    [XHF_DH] => 0757-22223287
    [XHF_YHZH] => 广东顺德农村商业银行股份有限公司大良信合支行  801101000927634235
    [GHF_NSRSBH] => 91440606304084848L
    [GHF_SJ] => 
    [GHF_DZ] => 
    [GHF_GDDH] => 
    [GHF_EMAIL] => 13923238668@139.com
    [GHFQYLX] => 01
    [GHF_YHZH] => 
    [GHF_MC] => 佛山润汉房地产开发有限公司
    [KPR] => 梁月华
    [SKR] => 梁月华
    [FHR] => 植银弟
    [KPLX] => 1
    [CZDM] => 10
    [YHZCBS] => 0
    [XMMC] => 路内智能停车服务
    [DW] => 台
    [GGXH] => 
    [SPBM] => 3040502020200000000
    [XMSL] => 1.00
    [XMDJ] => 35.00
    [HSBZ] => 1
    [KPHJJE] => 35.00
    [XMJE] => 35.00
    [SL] => 0.09
    [SE] => 2.89
    [oids] => 663128,602148,597549,557863
    [create_date] => 1589348817
)
Array
(
    [uniacid] => 14
    [openid] => oR-IB0u05xlHl0Nedgn-ACxxPRq4
    [FPQQLSH] => OGGP2020051314463879
    [DDH] => GGP20200513144638259
    [invoice_type] => park
    [KP_NSRSBH] => 91440606MA4WX4KK55
    [KP_NSRMC] => 佛山市成柏电子科技有限公司
    [DKBZ] => 0
    [XHF_NSRSBH] => 91440606MA4WX4KK55
    [XHF_MC] => 佛山市成柏电子科技有限公司
    [XHF_DZ] => 佛山市顺德区伦教街道办事处常教社区居民委员会尚成路1号唯美嘉园6座103号铺
    [XHF_DH] => 0757-22223287
    [XHF_YHZH] => 广东顺德农村商业银行股份有限公司大良信合支行  801101000927634235
    [GHF_NSRSBH] => 914301003206795183
    [GHF_SJ] => 
    [GHF_DZ] => 
    [GHF_GDDH] => 
    [GHF_EMAIL] => 1307911569@qq.com
    [GHFQYLX] => 01
    [GHF_YHZH] => 
    [GHF_MC] => 科力远混合动力技术有限公司
    [KPR] => 梁月华
    [SKR] => 梁月华
    [FHR] => 植银弟
    [KPLX] => 1
    [CZDM] => 10
    [YHZCBS] => 0
    [XMMC] => 路内智能停车服务
    [DW] => 台
    [GGXH] => 
    [SPBM] => 3040502020200000000
    [XMSL] => 1.00
    [XMDJ] => 273.50
    [HSBZ] => 1
    [KPHJJE] => 273.50
    [XMJE] => 273.50
    [SL] => 0.09
    [SE] => 22.58
    [oids] => 635434,442756,395463,394409
    [create_date] => 1589352398
)
Array
(
    [uniacid] => 14
    [openid] => oR-IB0v41seJ0OQKHnoirJoEaeXU
    [FPQQLSH] => OGGP2020051317402689
    [DDH] => GGP20200513174026388
    [invoice_type] => park
    [KP_NSRSBH] => 91440606MA4WX4KK55
    [KP_NSRMC] => 佛山市成柏电子科技有限公司
    [DKBZ] => 0
    [XHF_NSRSBH] => 91440606MA4WX4KK55
    [XHF_MC] => 佛山市成柏电子科技有限公司
    [XHF_DZ] => 佛山市顺德区伦教街道办事处常教社区居民委员会尚成路1号唯美嘉园6座103号铺
    [XHF_DH] => 0757-22223287
    [XHF_YHZH] => 广东顺德农村商业银行股份有限公司大良信合支行  801101000927634235
    [GHF_NSRSBH] => 91440606724378439E
    [GHF_SJ] => 
    [GHF_DZ] => 
    [GHF_GDDH] => 
    [GHF_EMAIL] => 313636565@qq.com
    [GHFQYLX] => 01
    [GHF_YHZH] => 
    [GHF_MC] => 广东汇盈电力工程有限公司
    [KPR] => 梁月华
    [SKR] => 梁月华
    [FHR] => 植银弟
    [KPLX] => 1
    [CZDM] => 10
    [YHZCBS] => 0
    [XMMC] => 路内智能停车服务
    [DW] => 台
    [GGXH] => 
    [SPBM] => 3040502020200000000
    [XMSL] => 1.00
    [XMDJ] => 12.50
    [HSBZ] => 1
    [KPHJJE] => 12.50
    [XMJE] => 12.50
    [SL] => 0.09
    [SE] => 1.03
    [oids] => 663262
    [create_date] => 1589362826
)
Array
(
    [uniacid] => 14
    [openid] => oR-IB0lEuoQ2ud9HrJ5bJNG9N0Cc
    [FPQQLSH] => OGGP2020051410372724
    [DDH] => GGP20200514103727224
    [invoice_type] => park
    [KP_NSRSBH] => 91440606MA4WX4KK55
    [KP_NSRMC] => 佛山市成柏电子科技有限公司
    [DKBZ] => 0
    [XHF_NSRSBH] => 91440606MA4WX4KK55
    [XHF_MC] => 佛山市成柏电子科技有限公司
    [XHF_DZ] => 佛山市顺德区伦教街道办事处常教社区居民委员会尚成路1号唯美嘉园6座103号铺
    [XHF_DH] => 0757-22223287
    [XHF_YHZH] => 广东顺德农村商业银行股份有限公司大良信合支行  801101000927634235
    [GHF_NSRSBH] => 
    [GHF_SJ] => 13726373784
    [GHF_DZ] => 
    [GHF_GDDH] => 
    [GHF_EMAIL] => 280765363@qq.com
    [GHFQYLX] => 03
    [GHF_YHZH] => 
    [GHF_MC] => 个人(陈健鸿)
    [KPR] => 梁月华
    [SKR] => 梁月华
    [FHR] => 植银弟
    [KPLX] => 1
    [CZDM] => 10
    [YHZCBS] => 0
    [XMMC] => 路内智能停车服务
    [DW] => 台
    [GGXH] => 
    [SPBM] => 3040502020200000000
    [XMSL] => 1.00
    [XMDJ] => 15.50
    [HSBZ] => 1
    [KPHJJE] => 15.50
    [XMJE] => 15.50
    [SL] => 0.09
    [SE] => 1.28
    [oids] => 656715,397280,150171
    [create_date] => 1589423847
)
Array
(
    [uniacid] => 14
    [openid] => oR-IB0k0JMsYge4pUYeHIznJkfxg
    [FPQQLSH] => OGGP2020051710145127
    [DDH] => GGP20200517101451655
    [invoice_type] => park
    [KP_NSRSBH] => 91440606MA4WX4KK55
    [KP_NSRMC] => 佛山市成柏电子科技有限公司
    [DKBZ] => 0
    [XHF_NSRSBH] => 91440606MA4WX4KK55
    [XHF_MC] => 佛山市成柏电子科技有限公司
    [XHF_DZ] => 佛山市顺德区伦教街道办事处常教社区居民委员会尚成路1号唯美嘉园6座103号铺
    [XHF_DH] => 0757-22223287
    [XHF_YHZH] => 广东顺德农村商业银行股份有限公司大良信合支行  801101000927634235
    [GHF_NSRSBH] => 91520000214424968P
    [GHF_SJ] => 
    [GHF_DZ] => 
    [GHF_GDDH] => 
    [GHF_EMAIL] => 253932182qq@qq.com
    [GHFQYLX] => 01
    [GHF_YHZH] => 
    [GHF_MC] => 中建四局安装工程有限公司
    [KPR] => 梁月华
    [SKR] => 梁月华
    [FHR] => 植银弟
    [KPLX] => 1
    [CZDM] => 10
    [YHZCBS] => 0
    [XMMC] => 路内智能停车服务
    [DW] => 台
    [GGXH] => 
    [SPBM] => 3040502020200000000
    [XMSL] => 1.00
    [XMDJ] => 23.00
    [HSBZ] => 1
    [KPHJJE] => 23.00
    [XMJE] => 23.00
    [SL] => 0.09
    [SE] => 1.90
    [oids] => 667574,477472
    [create_date] => 1589681691
)
Array
(
    [uniacid] => 14
    [openid] => oR-IB0mOC4jwVw5n7JmL4Xfb0K70
    [FPQQLSH] => OGGP2020051911213065
    [DDH] => GGP20200519112130124
    [invoice_type] => park
    [KP_NSRSBH] => 91440606MA4WX4KK55
    [KP_NSRMC] => 佛山市成柏电子科技有限公司
    [DKBZ] => 0
    [XHF_NSRSBH] => 91440606MA4WX4KK55
    [XHF_MC] => 佛山市成柏电子科技有限公司
    [XHF_DZ] => 佛山市顺德区伦教街道办事处常教社区居民委员会尚成路1号唯美嘉园6座103号铺
    [XHF_DH] => 0757-22223287
    [XHF_YHZH] => 广东顺德农村商业银行股份有限公司大良信合支行  801101000927634235
    [GHF_NSRSBH] => 914406061938288151
    [GHF_SJ] => 
    [GHF_DZ] => 
    [GHF_GDDH] => 
    [GHF_EMAIL] => shundeqimao@126.com
    [GHFQYLX] => 01
    [GHF_YHZH] => 
    [GHF_MC] => 佛山市顺德区汽车贸易有限公司
    [KPR] => 梁月华
    [SKR] => 梁月华
    [FHR] => 植银弟
    [KPLX] => 1
    [CZDM] => 10
    [YHZCBS] => 0
    [XMMC] => 路内智能停车服务
    [DW] => 台
    [GGXH] => 
    [SPBM] => 3040502020200000000
    [XMSL] => 1.00
    [XMDJ] => 5.00
    [HSBZ] => 1
    [KPHJJE] => 5.00
    [XMJE] => 5.00
    [SL] => 0.09
    [SE] => 0.41
    [oids] => 665730
    [create_date] => 1589858490
)
Array
(
    [uniacid] => 14
    [openid] => oR-IB0pq6-T0L8-UIz-Vda2z0fAs
    [FPQQLSH] => OGGP2020051923562837
    [DDH] => GGP20200519235628398
    [invoice_type] => park
    [KP_NSRSBH] => 91440606MA4WX4KK55
    [KP_NSRMC] => 佛山市成柏电子科技有限公司
    [DKBZ] => 0
    [XHF_NSRSBH] => 91440606MA4WX4KK55
    [XHF_MC] => 佛山市成柏电子科技有限公司
    [XHF_DZ] => 佛山市顺德区伦教街道办事处常教社区居民委员会尚成路1号唯美嘉园6座103号铺
    [XHF_DH] => 0757-22223287
    [XHF_YHZH] => 广东顺德农村商业银行股份有限公司大良信合支行  801101000927634235
    [GHF_NSRSBH] => 91440101MA5AU1T73T
    [GHF_SJ] => 13680250768
    [GHF_DZ] => 广州市南沙区双山大道5号2617房（仅限办公用途）
    [GHF_GDDH] => 
    [GHF_EMAIL] => 745972437@qq.com
    [GHFQYLX] => 01
    [GHF_YHZH] => 
    [GHF_MC] => 广州市安邦园林有限公司
    [KPR] => 梁月华
    [SKR] => 梁月华
    [FHR] => 植银弟
    [KPLX] => 1
    [CZDM] => 10
    [YHZCBS] => 0
    [XMMC] => 路内智能停车服务
    [DW] => 台
    [GGXH] => 
    [SPBM] => 3040502020200000000
    [XMSL] => 1.00
    [XMDJ] => 9.00
    [HSBZ] => 1
    [KPHJJE] => 9.00
    [XMJE] => 9.00
    [SL] => 0.09
    [SE] => 0.74
    [oids] => 670804
    [create_date] => 1589903788
)
Array
(
    [uniacid] => 14
    [openid] => oR-IB0udI7194dilBsEElwNvoAKk
    [FPQQLSH] => OGGP2020052014070664
    [DDH] => GGP20200520140706877
    [invoice_type] => park
    [KP_NSRSBH] => 91440606MA4WX4KK55
    [KP_NSRMC] => 佛山市成柏电子科技有限公司
    [DKBZ] => 0
    [XHF_NSRSBH] => 91440606MA4WX4KK55
    [XHF_MC] => 佛山市成柏电子科技有限公司
    [XHF_DZ] => 佛山市顺德区伦教街道办事处常教社区居民委员会尚成路1号唯美嘉园6座103号铺
    [XHF_DH] => 0757-22223287
    [XHF_YHZH] => 广东顺德农村商业银行股份有限公司大良信合支行  801101000927634235
    [GHF_NSRSBH] => 91440606692420371W
    [GHF_SJ] => 
    [GHF_DZ] => 
    [GHF_GDDH] => 
    [GHF_EMAIL] => 9494631@qq.com
    [GHFQYLX] => 01
    [GHF_YHZH] => 
    [GHF_MC] => 佛山市早和设计工程有限公司
    [KPR] => 梁月华
    [SKR] => 梁月华
    [FHR] => 植银弟
    [KPLX] => 1
    [CZDM] => 10
    [YHZCBS] => 0
    [XMMC] => 路内智能停车服务
    [DW] => 台
    [GGXH] => 
    [SPBM] => 3040502020200000000
    [XMSL] => 1.00
    [XMDJ] => 10.00
    [HSBZ] => 1
    [KPHJJE] => 10.00
    [XMJE] => 10.00
    [SL] => 0.09
    [SE] => 0.83
    [oids] => 671474,419725
    [create_date] => 1589954826
)
Array
(
    [uniacid] => 14
    [openid] => oR-IB0sO3H-gjGM3X793QmjW9Grc
    [FPQQLSH] => OGGP2020052221212570
    [DDH] => GGP20200522212125741
    [invoice_type] => park
    [KP_NSRSBH] => 91440606MA4WX4KK55
    [KP_NSRMC] => 佛山市成柏电子科技有限公司
    [DKBZ] => 0
    [XHF_NSRSBH] => 91440606MA4WX4KK55
    [XHF_MC] => 佛山市成柏电子科技有限公司
    [XHF_DZ] => 佛山市顺德区伦教街道办事处常教社区居民委员会尚成路1号唯美嘉园6座103号铺
    [XHF_DH] => 0757-22223287
    [XHF_YHZH] => 广东顺德农村商业银行股份有限公司大良信合支行  801101000927634235
    [GHF_NSRSBH] => 91440606694777374K
    [GHF_SJ] => 13922553868
    [GHF_DZ] => 佛山市顺德区勒流街道富安工业区16一1一3号
    [GHF_GDDH] => 
    [GHF_EMAIL] => 18927531710@189.cn
    [GHFQYLX] => 01
    [GHF_YHZH] => 
    [GHF_MC] => 佛山市工正包装设备科技股份有限公司
    [KPR] => 梁月华
    [SKR] => 梁月华
    [FHR] => 植银弟
    [KPLX] => 1
    [CZDM] => 10
    [YHZCBS] => 0
    [XMMC] => 路内智能停车服务
    [DW] => 台
    [GGXH] => 
    [SPBM] => 3040502020200000000
    [XMSL] => 1.00
    [XMDJ] => 24.50
    [HSBZ] => 1
    [KPHJJE] => 24.50
    [XMJE] => 24.50
    [SL] => 0.09
    [SE] => 2.02
    [oids] => 674470,625613,552317,512521
    [create_date] => 1590153685
)
Array
(
    [uniacid] => 14
    [openid] => oR-IB0p2js8s2EuKycHIRETi2SX4
    [FPQQLSH] => OGGP2020052512023733
    [DDH] => GGP20200525120237533
    [invoice_type] => park
    [KP_NSRSBH] => 91440606MA4WX4KK55
    [KP_NSRMC] => 佛山市成柏电子科技有限公司
    [DKBZ] => 0
    [XHF_NSRSBH] => 91440606MA4WX4KK55
    [XHF_MC] => 佛山市成柏电子科技有限公司
    [XHF_DZ] => 佛山市顺德区伦教街道办事处常教社区居民委员会尚成路1号唯美嘉园6座103号铺
    [XHF_DH] => 0757-22223287
    [XHF_YHZH] => 广东顺德农村商业银行股份有限公司大良信合支行  801101000927634235
    [GHF_NSRSBH] => 914406067606236497
    [GHF_SJ] => 
    [GHF_DZ] => 
    [GHF_GDDH] => 
    [GHF_EMAIL] => 415374930@qq.com
    [GHFQYLX] => 01
    [GHF_YHZH] => 
    [GHF_MC] => 佛山市顺德区新景建筑工程有限公司
    [KPR] => 梁月华
    [SKR] => 梁月华
    [FHR] => 植银弟
    [KPLX] => 1
    [CZDM] => 10
    [YHZCBS] => 0
    [XMMC] => 路内智能停车服务
    [DW] => 台
    [GGXH] => 
    [SPBM] => 3040502020200000000
    [XMSL] => 1.00
    [XMDJ] => 15.00
    [HSBZ] => 1
    [KPHJJE] => 15.00
    [XMJE] => 15.00
    [SL] => 0.09
    [SE] => 1.24
    [oids] => 677479
    [create_date] => 1590379357
)
Array
(
    [uniacid] => 14
    [openid] => oR-IB0ulQzkf4s-TIYvdy1OJhs3w
    [FPQQLSH] => OGGP202005251442352
    [DDH] => GGP20200525144235264
    [invoice_type] => park
    [KP_NSRSBH] => 91440606MA4WX4KK55
    [KP_NSRMC] => 佛山市成柏电子科技有限公司
    [DKBZ] => 0
    [XHF_NSRSBH] => 91440606MA4WX4KK55
    [XHF_MC] => 佛山市成柏电子科技有限公司
    [XHF_DZ] => 佛山市顺德区伦教街道办事处常教社区居民委员会尚成路1号唯美嘉园6座103号铺
    [XHF_DH] => 0757-22223287
    [XHF_YHZH] => 广东顺德农村商业银行股份有限公司大良信合支行  801101000927634235
    [GHF_NSRSBH] => 9144060676294717XC
    [GHF_SJ] => 15017687994
    [GHF_DZ] => 
    [GHF_GDDH] => 
    [GHF_EMAIL] => 252377176@qq.com
    [GHFQYLX] => 01
    [GHF_YHZH] => 
    [GHF_MC] => 广东顺德天地行房地产顾问有限公司
    [KPR] => 梁月华
    [SKR] => 梁月华
    [FHR] => 植银弟
    [KPLX] => 1
    [CZDM] => 10
    [YHZCBS] => 0
    [XMMC] => 路内智能停车服务
    [DW] => 台
    [GGXH] => 
    [SPBM] => 3040502020200000000
    [XMSL] => 1.00
    [XMDJ] => 390.00
    [HSBZ] => 1
    [KPHJJE] => 390.00
    [XMJE] => 390.00
    [SL] => 0.09
    [SE] => 32.20
    [oids] => 617970
    [create_date] => 1590388955
)
Array
(
    [uniacid] => 14
    [openid] => oR-IB0nTjiPH88HM6kuugC4riYcE
    [FPQQLSH] => OGGP202005251505499
    [DDH] => GGP20200525150549952
    [invoice_type] => park
    [KP_NSRSBH] => 91440606MA4WX4KK55
    [KP_NSRMC] => 佛山市成柏电子科技有限公司
    [DKBZ] => 0
    [XHF_NSRSBH] => 91440606MA4WX4KK55
    [XHF_MC] => 佛山市成柏电子科技有限公司
    [XHF_DZ] => 佛山市顺德区伦教街道办事处常教社区居民委员会尚成路1号唯美嘉园6座103号铺
    [XHF_DH] => 0757-22223287
    [XHF_YHZH] => 广东顺德农村商业银行股份有限公司大良信合支行  801101000927634235
    [GHF_NSRSBH] => 91440605MA517LF838
    [GHF_SJ] => 
    [GHF_DZ] => 
    [GHF_GDDH] => 
    [GHF_EMAIL] => 519328171@qq.com
    [GHFQYLX] => 01
    [GHF_YHZH] => 
    [GHF_MC] => 广东烨杨建设工程有限公司
    [KPR] => 梁月华
    [SKR] => 梁月华
    [FHR] => 植银弟
    [KPLX] => 1
    [CZDM] => 10
    [YHZCBS] => 0
    [XMMC] => 路内智能停车服务
    [DW] => 台
    [GGXH] => 
    [SPBM] => 3040502020200000000
    [XMSL] => 1.00
    [XMDJ] => 17.50
    [HSBZ] => 1
    [KPHJJE] => 17.50
    [XMJE] => 17.50
    [SL] => 0.09
    [SE] => 1.44
    [oids] => 677511
    [create_date] => 1590390349
)
Array
(
    [uniacid] => 14
    [openid] => oR-IB0hhgXKROeHzAp98RCC2nNqc
    [FPQQLSH] => OGGP2020052613000376
    [DDH] => GGP20200526130003619
    [invoice_type] => park
    [KP_NSRSBH] => 91440606MA4WX4KK55
    [KP_NSRMC] => 佛山市成柏电子科技有限公司
    [DKBZ] => 0
    [XHF_NSRSBH] => 91440606MA4WX4KK55
    [XHF_MC] => 佛山市成柏电子科技有限公司
    [XHF_DZ] => 佛山市顺德区伦教街道办事处常教社区居民委员会尚成路1号唯美嘉园6座103号铺
    [XHF_DH] => 0757-22223287
    [XHF_YHZH] => 广东顺德农村商业银行股份有限公司大良信合支行  801101000927634235
    [GHF_NSRSBH] => 91440606334780190L
    [GHF_SJ] => 18169802333
    [GHF_DZ] => 
    [GHF_GDDH] => 
    [GHF_EMAIL] => 464900636@qq.com
    [GHFQYLX] => 01
    [GHF_YHZH] => 
    [GHF_MC] => 佛山市明润贸易有限公司
    [KPR] => 梁月华
    [SKR] => 梁月华
    [FHR] => 植银弟
    [KPLX] => 1
    [CZDM] => 10
    [YHZCBS] => 0
    [XMMC] => 路内智能停车服务
    [DW] => 台
    [GGXH] => 
    [SPBM] => 3040502020200000000
    [XMSL] => 1.00
    [XMDJ] => 7.50
    [HSBZ] => 1
    [KPHJJE] => 7.50
    [XMJE] => 7.50
    [SL] => 0.09
    [SE] => 0.62
    [oids] => 678974
    [create_date] => 1590469203
)
Array
(
    [uniacid] => 14
    [openid] => oR-IB0hhgXKROeHzAp98RCC2nNqc
    [FPQQLSH] => OGGP2020052613001996
    [DDH] => GGP20200526130019350
    [invoice_type] => park
    [KP_NSRSBH] => 91440606MA4WX4KK55
    [KP_NSRMC] => 佛山市成柏电子科技有限公司
    [DKBZ] => 0
    [XHF_NSRSBH] => 91440606MA4WX4KK55
    [XHF_MC] => 佛山市成柏电子科技有限公司
    [XHF_DZ] => 佛山市顺德区伦教街道办事处常教社区居民委员会尚成路1号唯美嘉园6座103号铺
    [XHF_DH] => 0757-22223287
    [XHF_YHZH] => 广东顺德农村商业银行股份有限公司大良信合支行  801101000927634235
    [GHF_NSRSBH] => 91440606334780190L
    [GHF_SJ] => 18169802333
    [GHF_DZ] => 
    [GHF_GDDH] => 
    [GHF_EMAIL] => 464900636@qq.com
    [GHFQYLX] => 01
    [GHF_YHZH] => 
    [GHF_MC] => 佛山市明润贸易有限公司
    [KPR] => 梁月华
    [SKR] => 梁月华
    [FHR] => 植银弟
    [KPLX] => 1
    [CZDM] => 10
    [YHZCBS] => 0
    [XMMC] => 路内智能停车服务
    [DW] => 台
    [GGXH] => 
    [SPBM] => 3040502020200000000
    [XMSL] => 1.00
    [XMDJ] => 17.00
    [HSBZ] => 1
    [KPHJJE] => 17.00
    [XMJE] => 17.00
    [SL] => 0.09
    [SE] => 1.40
    [oids] => 602820,248712,66256
    [create_date] => 1590469219
)
Array
(
    [uniacid] => 14
    [openid] => oR-IB0mDRwZ5b2HI1tvsf3-NWSMk
    [FPQQLSH] => OGGP2020052614492462
    [DDH] => GGP20200526144924534
    [invoice_type] => park
    [KP_NSRSBH] => 91440606MA4WX4KK55
    [KP_NSRMC] => 佛山市成柏电子科技有限公司
    [DKBZ] => 0
    [XHF_NSRSBH] => 91440606MA4WX4KK55
    [XHF_MC] => 佛山市成柏电子科技有限公司
    [XHF_DZ] => 佛山市顺德区伦教街道办事处常教社区居民委员会尚成路1号唯美嘉园6座103号铺
    [XHF_DH] => 0757-22223287
    [XHF_YHZH] => 广东顺德农村商业银行股份有限公司大良信合支行  801101000927634235
    [GHF_NSRSBH] => 9131000078671061XP
    [GHF_SJ] => 
    [GHF_DZ] => 
    [GHF_GDDH] => 
    [GHF_EMAIL] => 199499449@qq.com
    [GHFQYLX] => 01
    [GHF_YHZH] => 
    [GHF_MC] => 百隆家具配件（上海）有限公司
    [KPR] => 梁月华
    [SKR] => 梁月华
    [FHR] => 植银弟
    [KPLX] => 1
    [CZDM] => 10
    [YHZCBS] => 0
    [XMMC] => 路内智能停车服务
    [DW] => 台
    [GGXH] => 
    [SPBM] => 3040502020200000000
    [XMSL] => 1.00
    [XMDJ] => 12.50
    [HSBZ] => 1
    [KPHJJE] => 12.50
    [XMJE] => 12.50
    [SL] => 0.09
    [SE] => 1.03
    [oids] => 679108
    [create_date] => 1590475764
)
Array
(
    [uniacid] => 14
    [openid] => oR-IB0vnZSvqN7jDIDVSVMin9p7o
    [FPQQLSH] => OGGP2020052618513547
    [DDH] => GGP20200526185135153
    [invoice_type] => park
    [KP_NSRSBH] => 91440606MA4WX4KK55
    [KP_NSRMC] => 佛山市成柏电子科技有限公司
    [DKBZ] => 0
    [XHF_NSRSBH] => 91440606MA4WX4KK55
    [XHF_MC] => 佛山市成柏电子科技有限公司
    [XHF_DZ] => 佛山市顺德区伦教街道办事处常教社区居民委员会尚成路1号唯美嘉园6座103号铺
    [XHF_DH] => 0757-22223287
    [XHF_YHZH] => 广东顺德农村商业银行股份有限公司大良信合支行  801101000927634235
    [GHF_NSRSBH] => 914406063452907441
    [GHF_SJ] => 
    [GHF_DZ] => 
    [GHF_GDDH] => 
    [GHF_EMAIL] => gdtailin@163.com
    [GHFQYLX] => 01
    [GHF_YHZH] => 
    [GHF_MC] => 广东泰林电力工程有限公司
    [KPR] => 梁月华
    [SKR] => 梁月华
    [FHR] => 植银弟
    [KPLX] => 1
    [CZDM] => 10
    [YHZCBS] => 0
    [XMMC] => 路内智能停车服务
    [DW] => 台
    [GGXH] => 
    [SPBM] => 3040502020200000000
    [XMSL] => 1.00
    [XMDJ] => 30.00
    [HSBZ] => 1
    [KPHJJE] => 30.00
    [XMJE] => 30.00
    [SL] => 0.09
    [SE] => 2.48
    [oids] => 679170
    [create_date] => 1590490295
)
Array
(
    [uniacid] => 14
    [openid] => oR-IB0vnZSvqN7jDIDVSVMin9p7o
    [FPQQLSH] => OGGP2020052618533479
    [DDH] => GGP20200526185334381
    [invoice_type] => park
    [KP_NSRSBH] => 91440606MA4WX4KK55
    [KP_NSRMC] => 佛山市成柏电子科技有限公司
    [DKBZ] => 0
    [XHF_NSRSBH] => 91440606MA4WX4KK55
    [XHF_MC] => 佛山市成柏电子科技有限公司
    [XHF_DZ] => 佛山市顺德区伦教街道办事处常教社区居民委员会尚成路1号唯美嘉园6座103号铺
    [XHF_DH] => 0757-22223287
    [XHF_YHZH] => 广东顺德农村商业银行股份有限公司大良信合支行  801101000927634235
    [GHF_NSRSBH] => 914406063452907441
    [GHF_SJ] => 
    [GHF_DZ] => 
    [GHF_GDDH] => 
    [GHF_EMAIL] => gdtailin@163.com
    [GHFQYLX] => 01
    [GHF_YHZH] => 
    [GHF_MC] => 广东泰林电力工程有限公司
    [KPR] => 梁月华
    [SKR] => 梁月华
    [FHR] => 植银弟
    [KPLX] => 1
    [CZDM] => 10
    [YHZCBS] => 0
    [XMMC] => 路内智能停车服务
    [DW] => 台
    [GGXH] => 
    [SPBM] => 3040502020200000000
    [XMSL] => 1.00
    [XMDJ] => 15.00
    [HSBZ] => 1
    [KPHJJE] => 15.00
    [XMJE] => 15.00
    [SL] => 0.09
    [SE] => 1.24
    [oids] => 671297
    [create_date] => 1590490414
)
Array
(
    [uniacid] => 14
    [openid] => oR-IB0vnZSvqN7jDIDVSVMin9p7o
    [FPQQLSH] => OGGP202005261854542
    [DDH] => GGP20200526185454156
    [invoice_type] => park
    [KP_NSRSBH] => 91440606MA4WX4KK55
    [KP_NSRMC] => 佛山市成柏电子科技有限公司
    [DKBZ] => 0
    [XHF_NSRSBH] => 91440606MA4WX4KK55
    [XHF_MC] => 佛山市成柏电子科技有限公司
    [XHF_DZ] => 佛山市顺德区伦教街道办事处常教社区居民委员会尚成路1号唯美嘉园6座103号铺
    [XHF_DH] => 0757-22223287
    [XHF_YHZH] => 广东顺德农村商业银行股份有限公司大良信合支行  801101000927634235
    [GHF_NSRSBH] => 914406063452907441
    [GHF_SJ] => 
    [GHF_DZ] => 
    [GHF_GDDH] => 
    [GHF_EMAIL] => gdtailin@163.com
    [GHFQYLX] => 01
    [GHF_YHZH] => 
    [GHF_MC] => 广东泰林电力工程有限公司
    [KPR] => 梁月华
    [SKR] => 梁月华
    [FHR] => 植银弟
    [KPLX] => 1
    [CZDM] => 10
    [YHZCBS] => 0
    [XMMC] => 路内智能停车服务
    [DW] => 台
    [GGXH] => 
    [SPBM] => 3040502020200000000
    [XMSL] => 1.00
    [XMDJ] => 15.00
    [HSBZ] => 1
    [KPHJJE] => 15.00
    [XMJE] => 15.00
    [SL] => 0.09
    [SE] => 1.24
    [oids] => 670399
    [create_date] => 1590490494
)
Array
(
    [uniacid] => 14
    [openid] => oR-IB0vnZSvqN7jDIDVSVMin9p7o
    [FPQQLSH] => OGGP2020052618561590
    [DDH] => GGP20200526185615482
    [invoice_type] => park
    [KP_NSRSBH] => 91440606MA4WX4KK55
    [KP_NSRMC] => 佛山市成柏电子科技有限公司
    [DKBZ] => 0
    [XHF_NSRSBH] => 91440606MA4WX4KK55
    [XHF_MC] => 佛山市成柏电子科技有限公司
    [XHF_DZ] => 佛山市顺德区伦教街道办事处常教社区居民委员会尚成路1号唯美嘉园6座103号铺
    [XHF_DH] => 0757-22223287
    [XHF_YHZH] => 广东顺德农村商业银行股份有限公司大良信合支行  801101000927634235
    [GHF_NSRSBH] => 914406063452907441
    [GHF_SJ] => 
    [GHF_DZ] => 
    [GHF_GDDH] => 
    [GHF_EMAIL] => gdtailin@163.com
    [GHFQYLX] => 01
    [GHF_YHZH] => 
    [GHF_MC] => 广东泰林电力工程有限公司
    [KPR] => 梁月华
    [SKR] => 梁月华
    [FHR] => 植银弟
    [KPLX] => 1
    [CZDM] => 10
    [YHZCBS] => 0
    [XMMC] => 路内智能停车服务
    [DW] => 台
    [GGXH] => 
    [SPBM] => 3040502020200000000
    [XMSL] => 1.00
    [XMDJ] => 17.50
    [HSBZ] => 1
    [KPHJJE] => 17.50
    [XMJE] => 17.50
    [SL] => 0.09
    [SE] => 1.44
    [oids] => 669996
    [create_date] => 1590490575
)
Array
(
    [uniacid] => 14
    [openid] => oR-IB0vnZSvqN7jDIDVSVMin9p7o
    [FPQQLSH] => OGGP2020052618570594
    [DDH] => GGP20200526185705211
    [invoice_type] => park
    [KP_NSRSBH] => 91440606MA4WX4KK55
    [KP_NSRMC] => 佛山市成柏电子科技有限公司
    [DKBZ] => 0
    [XHF_NSRSBH] => 91440606MA4WX4KK55
    [XHF_MC] => 佛山市成柏电子科技有限公司
    [XHF_DZ] => 佛山市顺德区伦教街道办事处常教社区居民委员会尚成路1号唯美嘉园6座103号铺
    [XHF_DH] => 0757-22223287
    [XHF_YHZH] => 广东顺德农村商业银行股份有限公司大良信合支行  801101000927634235
    [GHF_NSRSBH] => 914406063452907441
    [GHF_SJ] => 
    [GHF_DZ] => 
    [GHF_GDDH] => 
    [GHF_EMAIL] => gdtailin@163.com
    [GHFQYLX] => 01
    [GHF_YHZH] => 
    [GHF_MC] => 广东泰林电力工程有限公司
    [KPR] => 梁月华
    [SKR] => 梁月华
    [FHR] => 植银弟
    [KPLX] => 1
    [CZDM] => 10
    [YHZCBS] => 0
    [XMMC] => 路内智能停车服务
    [DW] => 台
    [GGXH] => 
    [SPBM] => 3040502020200000000
    [XMSL] => 1.00
    [XMDJ] => 20.00
    [HSBZ] => 1
    [KPHJJE] => 20.00
    [XMJE] => 20.00
    [SL] => 0.09
    [SE] => 1.65
    [oids] => 669122
    [create_date] => 1590490625
)
Array
(
    [uniacid] => 14
    [openid] => oR-IB0vnZSvqN7jDIDVSVMin9p7o
    [FPQQLSH] => OGGP2020052618574397
    [DDH] => GGP20200526185743186
    [invoice_type] => park
    [KP_NSRSBH] => 91440606MA4WX4KK55
    [KP_NSRMC] => 佛山市成柏电子科技有限公司
    [DKBZ] => 0
    [XHF_NSRSBH] => 91440606MA4WX4KK55
    [XHF_MC] => 佛山市成柏电子科技有限公司
    [XHF_DZ] => 佛山市顺德区伦教街道办事处常教社区居民委员会尚成路1号唯美嘉园6座103号铺
    [XHF_DH] => 0757-22223287
    [XHF_YHZH] => 广东顺德农村商业银行股份有限公司大良信合支行  801101000927634235
    [GHF_NSRSBH] => 914406063452907441
    [GHF_SJ] => 
    [GHF_DZ] => 
    [GHF_GDDH] => 
    [GHF_EMAIL] => gdtailin@163.com
    [GHFQYLX] => 01
    [GHF_YHZH] => 
    [GHF_MC] => 广东泰林电力工程有限公司
    [KPR] => 梁月华
    [SKR] => 梁月华
    [FHR] => 植银弟
    [KPLX] => 1
    [CZDM] => 10
    [YHZCBS] => 0
    [XMMC] => 路内智能停车服务
    [DW] => 台
    [GGXH] => 
    [SPBM] => 3040502020200000000
    [XMSL] => 1.00
    [XMDJ] => 12.50
    [HSBZ] => 1
    [KPHJJE] => 12.50
    [XMJE] => 12.50
    [SL] => 0.09
    [SE] => 1.03
    [oids] => 668839
    [create_date] => 1590490663
)
Array
(
    [uniacid] => 14
    [openid] => oR-IB0vnZSvqN7jDIDVSVMin9p7o
    [FPQQLSH] => OGGP2020052618582360
    [DDH] => GGP20200526185823522
    [invoice_type] => park
    [KP_NSRSBH] => 91440606MA4WX4KK55
    [KP_NSRMC] => 佛山市成柏电子科技有限公司
    [DKBZ] => 0
    [XHF_NSRSBH] => 91440606MA4WX4KK55
    [XHF_MC] => 佛山市成柏电子科技有限公司
    [XHF_DZ] => 佛山市顺德区伦教街道办事处常教社区居民委员会尚成路1号唯美嘉园6座103号铺
    [XHF_DH] => 0757-22223287
    [XHF_YHZH] => 广东顺德农村商业银行股份有限公司大良信合支行  801101000927634235
    [GHF_NSRSBH] => 914406063452907441
    [GHF_SJ] => 
    [GHF_DZ] => 
    [GHF_GDDH] => 
    [GHF_EMAIL] => gdtailin@163.com
    [GHFQYLX] => 01
    [GHF_YHZH] => 
    [GHF_MC] => 广东泰林电力工程有限公司
    [KPR] => 梁月华
    [SKR] => 梁月华
    [FHR] => 植银弟
    [KPLX] => 1
    [CZDM] => 10
    [YHZCBS] => 0
    [XMMC] => 路内智能停车服务
    [DW] => 台
    [GGXH] => 
    [SPBM] => 3040502020200000000
    [XMSL] => 1.00
    [XMDJ] => 17.50
    [HSBZ] => 1
    [KPHJJE] => 17.50
    [XMJE] => 17.50
    [SL] => 0.09
    [SE] => 1.44
    [oids] => 665339
    [create_date] => 1590490703
)
Array
(
    [uniacid] => 14
    [openid] => oR-IB0vnZSvqN7jDIDVSVMin9p7o
    [FPQQLSH] => OGGP2020052618590833
    [DDH] => GGP20200526185908158
    [invoice_type] => park
    [KP_NSRSBH] => 91440606MA4WX4KK55
    [KP_NSRMC] => 佛山市成柏电子科技有限公司
    [DKBZ] => 0
    [XHF_NSRSBH] => 91440606MA4WX4KK55
    [XHF_MC] => 佛山市成柏电子科技有限公司
    [XHF_DZ] => 佛山市顺德区伦教街道办事处常教社区居民委员会尚成路1号唯美嘉园6座103号铺
    [XHF_DH] => 0757-22223287
    [XHF_YHZH] => 广东顺德农村商业银行股份有限公司大良信合支行  801101000927634235
    [GHF_NSRSBH] => 914406063452907441
    [GHF_SJ] => 
    [GHF_DZ] => 
    [GHF_GDDH] => 
    [GHF_EMAIL] => gdtailin@163.com
    [GHFQYLX] => 01
    [GHF_YHZH] => 
    [GHF_MC] => 广东泰林电力工程有限公司
    [KPR] => 梁月华
    [SKR] => 梁月华
    [FHR] => 植银弟
    [KPLX] => 1
    [CZDM] => 10
    [YHZCBS] => 0
    [XMMC] => 路内智能停车服务
    [DW] => 台
    [GGXH] => 
    [SPBM] => 3040502020200000000
    [XMSL] => 1.00
    [XMDJ] => 17.50
    [HSBZ] => 1
    [KPHJJE] => 17.50
    [XMJE] => 17.50
    [SL] => 0.09
    [SE] => 1.44
    [oids] => 662953
    [create_date] => 1590490748
)
Array
(
    [uniacid] => 14
    [openid] => oR-IB0lWQ2WKp8sABrIvS0eBp74w
    [FPQQLSH] => OGGP2020052811025060
    [DDH] => GGP20200528110250277
    [invoice_type] => park
    [KP_NSRSBH] => 91440606MA4WX4KK55
    [KP_NSRMC] => 佛山市成柏电子科技有限公司
    [DKBZ] => 0
    [XHF_NSRSBH] => 91440606MA4WX4KK55
    [XHF_MC] => 佛山市成柏电子科技有限公司
    [XHF_DZ] => 佛山市顺德区伦教街道办事处常教社区居民委员会尚成路1号唯美嘉园6座103号铺
    [XHF_DH] => 0757-22223287
    [XHF_YHZH] => 广东顺德农村商业银行股份有限公司大良信合支行  801101000927634235
    [GHF_NSRSBH] => 91440606MA4WBP0A3P
    [GHF_SJ] => 
    [GHF_DZ] => 
    [GHF_GDDH] => 
    [GHF_EMAIL] => 731409764@qq.com
    [GHFQYLX] => 01
    [GHF_YHZH] => 
    [GHF_MC] => 佛山市顺德区安玛烈文化传播有限公司
    [KPR] => 梁月华
    [SKR] => 梁月华
    [FHR] => 植银弟
    [KPLX] => 1
    [CZDM] => 10
    [YHZCBS] => 0
    [XMMC] => 路内智能停车服务
    [DW] => 台
    [GGXH] => 
    [SPBM] => 3040502020200000000
    [XMSL] => 1.00
    [XMDJ] => 20.00
    [HSBZ] => 1
    [KPHJJE] => 20.00
    [XMJE] => 20.00
    [SL] => 0.09
    [SE] => 1.65
    [oids] => 378348,330687,329669
    [create_date] => 1590634970
)
Array
(
    [uniacid] => 14
    [openid] => oR-IB0p3l5cL3wWsj71tYZv-9AUg
    [FPQQLSH] => OGGP2020052815183660
    [DDH] => GGP2020052815183667
    [invoice_type] => park
    [KP_NSRSBH] => 91440606MA4WX4KK55
    [KP_NSRMC] => 佛山市成柏电子科技有限公司
    [DKBZ] => 0
    [XHF_NSRSBH] => 91440606MA4WX4KK55
    [XHF_MC] => 佛山市成柏电子科技有限公司
    [XHF_DZ] => 佛山市顺德区伦教街道办事处常教社区居民委员会尚成路1号唯美嘉园6座103号铺
    [XHF_DH] => 0757-22223287
    [XHF_YHZH] => 广东顺德农村商业银行股份有限公司大良信合支行  801101000927634235
    [GHF_NSRSBH] => 91440606MA51MGPR0U
    [GHF_SJ] => 
    [GHF_DZ] => 
    [GHF_GDDH] => 
    [GHF_EMAIL] => 571912813@qq.com
    [GHFQYLX] => 01
    [GHF_YHZH] => 
    [GHF_MC] => 佛山市华亿产业园运营管理有限公司
    [KPR] => 梁月华
    [SKR] => 梁月华
    [FHR] => 植银弟
    [KPLX] => 1
    [CZDM] => 10
    [YHZCBS] => 0
    [XMMC] => 路内智能停车服务
    [DW] => 台
    [GGXH] => 
    [SPBM] => 3040502020200000000
    [XMSL] => 1.00
    [XMDJ] => 5.00
    [HSBZ] => 1
    [KPHJJE] => 5.00
    [XMJE] => 5.00
    [SL] => 0.09
    [SE] => 0.41
    [oids] => 560477
    [create_date] => 1590650316
)
Array
(
    [uniacid] => 14
    [openid] => oR-IB0q_FBCINgRPe5St_X8IpQEc
    [FPQQLSH] => OGGP2020052908281374
    [DDH] => GGP2020052908281390
    [invoice_type] => park
    [KP_NSRSBH] => 91440606MA4WX4KK55
    [KP_NSRMC] => 佛山市成柏电子科技有限公司
    [DKBZ] => 0
    [XHF_NSRSBH] => 91440606MA4WX4KK55
    [XHF_MC] => 佛山市成柏电子科技有限公司
    [XHF_DZ] => 佛山市顺德区伦教街道办事处常教社区居民委员会尚成路1号唯美嘉园6座103号铺
    [XHF_DH] => 0757-22223287
    [XHF_YHZH] => 广东顺德农村商业银行股份有限公司大良信合支行  801101000927634235
    [GHF_NSRSBH] => 91440606MA4UUQRH7R
    [GHF_SJ] => 
    [GHF_DZ] => 
    [GHF_GDDH] => 
    [GHF_EMAIL] => liting4444@126.com
    [GHFQYLX] => 01
    [GHF_YHZH] => 
    [GHF_MC] => 佛山市顺德区成同汽车贸易有限公司
    [KPR] => 梁月华
    [SKR] => 梁月华
    [FHR] => 植银弟
    [KPLX] => 1
    [CZDM] => 10
    [YHZCBS] => 0
    [XMMC] => 路内智能停车服务
    [DW] => 台
    [GGXH] => 
    [SPBM] => 3040502020200000000
    [XMSL] => 1.00
    [XMDJ] => 13.00
    [HSBZ] => 1
    [KPHJJE] => 13.00
    [XMJE] => 13.00
    [SL] => 0.09
    [SE] => 1.07
    [oids] => 629906
    [create_date] => 1590712093
)
Array
(
    [uniacid] => 14
    [openid] => oR-IB0q_FBCINgRPe5St_X8IpQEc
    [FPQQLSH] => OGGP2020052908290268
    [DDH] => GGP20200529082902328
    [invoice_type] => park
    [KP_NSRSBH] => 91440606MA4WX4KK55
    [KP_NSRMC] => 佛山市成柏电子科技有限公司
    [DKBZ] => 0
    [XHF_NSRSBH] => 91440606MA4WX4KK55
    [XHF_MC] => 佛山市成柏电子科技有限公司
    [XHF_DZ] => 佛山市顺德区伦教街道办事处常教社区居民委员会尚成路1号唯美嘉园6座103号铺
    [XHF_DH] => 0757-22223287
    [XHF_YHZH] => 广东顺德农村商业银行股份有限公司大良信合支行  801101000927634235
    [GHF_NSRSBH] => 91440606MA4UUQRH7R
    [GHF_SJ] => 
    [GHF_DZ] => 
    [GHF_GDDH] => 
    [GHF_EMAIL] => liting4444@126.com
    [GHFQYLX] => 01
    [GHF_YHZH] => 
    [GHF_MC] => 佛山市顺德区成同汽车贸易有限公司
    [KPR] => 梁月华
    [SKR] => 梁月华
    [FHR] => 植银弟
    [KPLX] => 1
    [CZDM] => 10
    [YHZCBS] => 0
    [XMMC] => 路内智能停车服务
    [DW] => 台
    [GGXH] => 
    [SPBM] => 3040502020200000000
    [XMSL] => 1.00
    [XMDJ] => 8.00
    [HSBZ] => 1
    [KPHJJE] => 8.00
    [XMJE] => 8.00
    [SL] => 0.09
    [SE] => 0.66
    [oids] => 682286
    [create_date] => 1590712142
)
Array
(
    [uniacid] => 14
    [openid] => oR-IB0nQaefx__nO3EGUC1qYLppM
    [FPQQLSH] => OGGP2020052909035894
    [DDH] => GGP20200529090358588
    [invoice_type] => park
    [KP_NSRSBH] => 91440606MA4WX4KK55
    [KP_NSRMC] => 佛山市成柏电子科技有限公司
    [DKBZ] => 0
    [XHF_NSRSBH] => 91440606MA4WX4KK55
    [XHF_MC] => 佛山市成柏电子科技有限公司
    [XHF_DZ] => 佛山市顺德区伦教街道办事处常教社区居民委员会尚成路1号唯美嘉园6座103号铺
    [XHF_DH] => 0757-22223287
    [XHF_YHZH] => 广东顺德农村商业银行股份有限公司大良信合支行  801101000927634235
    [GHF_NSRSBH] => 91440606584716001Y
    [GHF_SJ] => 
    [GHF_DZ] => 
    [GHF_GDDH] => 
    [GHF_EMAIL] => 115386270@qq.com
    [GHFQYLX] => 01
    [GHF_YHZH] => 
    [GHF_MC] => 广东广顺建筑工程有限公司
    [KPR] => 梁月华
    [SKR] => 梁月华
    [FHR] => 植银弟
    [KPLX] => 1
    [CZDM] => 10
    [YHZCBS] => 0
    [XMMC] => 路内智能停车服务
    [DW] => 台
    [GGXH] => 
    [SPBM] => 3040502020200000000
    [XMSL] => 1.00
    [XMDJ] => 10.00
    [HSBZ] => 1
    [KPHJJE] => 10.00
    [XMJE] => 10.00
    [SL] => 0.09
    [SE] => 0.83
    [oids] => 670023
    [create_date] => 1590714238
)
Array
(
    [uniacid] => 14
    [openid] => oR-IB0nQaefx__nO3EGUC1qYLppM
    [FPQQLSH] => OGGP2020052909042575
    [DDH] => GGP20200529090425250
    [invoice_type] => park
    [KP_NSRSBH] => 91440606MA4WX4KK55
    [KP_NSRMC] => 佛山市成柏电子科技有限公司
    [DKBZ] => 0
    [XHF_NSRSBH] => 91440606MA4WX4KK55
    [XHF_MC] => 佛山市成柏电子科技有限公司
    [XHF_DZ] => 佛山市顺德区伦教街道办事处常教社区居民委员会尚成路1号唯美嘉园6座103号铺
    [XHF_DH] => 0757-22223287
    [XHF_YHZH] => 广东顺德农村商业银行股份有限公司大良信合支行  801101000927634235
    [GHF_NSRSBH] => 91440606584716001Y
    [GHF_SJ] => 
    [GHF_DZ] => 
    [GHF_GDDH] => 
    [GHF_EMAIL] => 115386270@qq.com
    [GHFQYLX] => 01
    [GHF_YHZH] => 
    [GHF_MC] => 广东广顺建筑工程有限公司
    [KPR] => 梁月华
    [SKR] => 梁月华
    [FHR] => 植银弟
    [KPLX] => 1
    [CZDM] => 10
    [YHZCBS] => 0
    [XMMC] => 路内智能停车服务
    [DW] => 台
    [GGXH] => 
    [SPBM] => 3040502020200000000
    [XMSL] => 1.00
    [XMDJ] => 12.50
    [HSBZ] => 1
    [KPHJJE] => 12.50
    [XMJE] => 12.50
    [SL] => 0.09
    [SE] => 1.03
    [oids] => 657934
    [create_date] => 1590714265
)
Array
(
    [uniacid] => 14
    [openid] => oR-IB0nQaefx__nO3EGUC1qYLppM
    [FPQQLSH] => OGGP2020052909044336
    [DDH] => GGP20200529090443930
    [invoice_type] => park
    [KP_NSRSBH] => 91440606MA4WX4KK55
    [KP_NSRMC] => 佛山市成柏电子科技有限公司
    [DKBZ] => 0
    [XHF_NSRSBH] => 91440606MA4WX4KK55
    [XHF_MC] => 佛山市成柏电子科技有限公司
    [XHF_DZ] => 佛山市顺德区伦教街道办事处常教社区居民委员会尚成路1号唯美嘉园6座103号铺
    [XHF_DH] => 0757-22223287
    [XHF_YHZH] => 广东顺德农村商业银行股份有限公司大良信合支行  801101000927634235
    [GHF_NSRSBH] => 91440606584716001Y
    [GHF_SJ] => 
    [GHF_DZ] => 
    [GHF_GDDH] => 
    [GHF_EMAIL] => 115386270@qq.com
    [GHFQYLX] => 01
    [GHF_YHZH] => 
    [GHF_MC] => 广东广顺建筑工程有限公司
    [KPR] => 梁月华
    [SKR] => 梁月华
    [FHR] => 植银弟
    [KPLX] => 1
    [CZDM] => 10
    [YHZCBS] => 0
    [XMMC] => 路内智能停车服务
    [DW] => 台
    [GGXH] => 
    [SPBM] => 3040502020200000000
    [XMSL] => 1.00
    [XMDJ] => 10.00
    [HSBZ] => 1
    [KPHJJE] => 10.00
    [XMJE] => 10.00
    [SL] => 0.09
    [SE] => 0.83
    [oids] => 655711
    [create_date] => 1590714283
)
Array
(
    [uniacid] => 14
    [openid] => oR-IB0vnZSvqN7jDIDVSVMin9p7o
    [FPQQLSH] => OGGP2020053008091976
    [DDH] => GGP20200530080919122
    [invoice_type] => park
    [KP_NSRSBH] => 91440606MA4WX4KK55
    [KP_NSRMC] => 佛山市成柏电子科技有限公司
    [DKBZ] => 0
    [XHF_NSRSBH] => 91440606MA4WX4KK55
    [XHF_MC] => 佛山市成柏电子科技有限公司
    [XHF_DZ] => 佛山市顺德区伦教街道办事处常教社区居民委员会尚成路1号唯美嘉园6座103号铺
    [XHF_DH] => 0757-22223287
    [XHF_YHZH] => 广东顺德农村商业银行股份有限公司大良信合支行  801101000927634235
    [GHF_NSRSBH] => 914406063452907441
    [GHF_SJ] => 
    [GHF_DZ] => 
    [GHF_GDDH] => 
    [GHF_EMAIL] => gdtailin@163.com
    [GHFQYLX] => 01
    [GHF_YHZH] => 
    [GHF_MC] => 广东泰林电力工程有限公司
    [KPR] => 梁月华
    [SKR] => 梁月华
    [FHR] => 植银弟
    [KPLX] => 1
    [CZDM] => 10
    [YHZCBS] => 0
    [XMMC] => 路内智能停车服务
    [DW] => 台
    [GGXH] => 
    [SPBM] => 3040502020200000000
    [XMSL] => 1.00
    [XMDJ] => 30.00
    [HSBZ] => 1
    [KPHJJE] => 30.00
    [XMJE] => 30.00
    [SL] => 0.09
    [SE] => 2.48
    [oids] => 681488
    [create_date] => 1590797359
)
Array
(
    [uniacid] => 14
    [openid] => oR-IB0vnZSvqN7jDIDVSVMin9p7o
    [FPQQLSH] => OGGP2020053008094796
    [DDH] => GGP20200530080947643
    [invoice_type] => park
    [KP_NSRSBH] => 91440606MA4WX4KK55
    [KP_NSRMC] => 佛山市成柏电子科技有限公司
    [DKBZ] => 0
    [XHF_NSRSBH] => 91440606MA4WX4KK55
    [XHF_MC] => 佛山市成柏电子科技有限公司
    [XHF_DZ] => 佛山市顺德区伦教街道办事处常教社区居民委员会尚成路1号唯美嘉园6座103号铺
    [XHF_DH] => 0757-22223287
    [XHF_YHZH] => 广东顺德农村商业银行股份有限公司大良信合支行  801101000927634235
    [GHF_NSRSBH] => 914406063452907441
    [GHF_SJ] => 
    [GHF_DZ] => 
    [GHF_GDDH] => 
    [GHF_EMAIL] => gdtailin@163.com
    [GHFQYLX] => 01
    [GHF_YHZH] => 
    [GHF_MC] => 广东泰林电力工程有限公司
    [KPR] => 梁月华
    [SKR] => 梁月华
    [FHR] => 植银弟
    [KPLX] => 1
    [CZDM] => 10
    [YHZCBS] => 0
    [XMMC] => 路内智能停车服务
    [DW] => 台
    [GGXH] => 
    [SPBM] => 3040502020200000000
    [XMSL] => 1.00
    [XMDJ] => 15.00
    [HSBZ] => 1
    [KPHJJE] => 15.00
    [XMJE] => 15.00
    [SL] => 0.09
    [SE] => 1.24
    [oids] => 680080
    [create_date] => 1590797387
)
