Array
(
    [statu] => error
    [pdfurl] => 
    [msg] => Array
        (
            [out] => Array
                (
                    [CZDM] => 
                    [DDH] => GGP2018101620055855
                    [EWM] => 
                    [FPQQLSH] => OGGP2018101620055863
                    [FPZL_DM] => 
                    [FP_DM] => 
                    [FP_HM] => 
                    [FWM] => 
                    [HJBHSJE] => 0
                    [JYM] => 
                    [KPHJJE] => 0
                    [KPLSH] => 
                    [KPLX] => 
                    [KPRQ] => 
                    [PDF_FILE] => OGGP2018101620055863__.pdf
                    [PDF_URL] => http://www.aisinogz.com:19876/AisinoFp_fscbdz/pd?id=OGGP2018101620055863__.pdf
                    [SE] => 0
                    [returnCode] => 9999
                    [returnMsg] => HX1000 获取开票服务地址失败:分机1离线上传超限
                )

        )

)
