[2017-09-30 15:47:31] {"fd":1,"finish":true,"opcode":1,"data":"{\"toUser\":\"system\",\"type\":\"login\",\"scene\":\"live\",\"roomid\":\"4\",\"uniacid\":3,\"uid\":\"2317\",\"nickname\":\"\u949f\u575a\"}"}
[2017-09-30 15:47:39] {"fd":1,"finish":true,"opcode":1,"data":"{\"toUser\":\"system\",\"type\":\"communication\",\"scene\":\"live\",\"roomid\":\"4\",\"uniacid\":3,\"uid\":\"2317\",\"nickname\":\"\u949f\u575a\"}"}
[2017-09-30 15:47:47] {"fd":1,"finish":true,"opcode":1,"data":"{\"toUser\":\"system\",\"type\":\"communication\",\"scene\":\"live\",\"roomid\":\"4\",\"uniacid\":3,\"uid\":\"2317\",\"nickname\":\"\u949f\u575a\"}"}
[2017-09-30 15:47:55] {"fd":1,"finish":true,"opcode":1,"data":"{\"toUser\":\"system\",\"type\":\"communication\",\"scene\":\"live\",\"roomid\":\"4\",\"uniacid\":3,\"uid\":\"2317\",\"nickname\":\"\u949f\u575a\"}"}
[2017-09-30 15:49:59] {"fd":2,"finish":true,"opcode":1,"data":"{\"toUser\":\"system\",\"type\":\"login\",\"scene\":\"live\",\"roomid\":\"4\",\"uniacid\":3,\"uid\":\"2215\",\"nickname\":\"\u5340\u5ee3\u797aGogo\"}"}
[2017-09-30 15:50:07] {"fd":2,"finish":true,"opcode":1,"data":"{\"toUser\":\"system\",\"type\":\"communication\",\"scene\":\"live\",\"roomid\":\"4\",\"uniacid\":3,\"uid\":\"2215\",\"nickname\":\"\u5340\u5ee3\u797aGogo\"}"}
[2017-09-30 15:50:15] {"fd":2,"finish":true,"opcode":1,"data":"{\"toUser\":\"system\",\"type\":\"communication\",\"scene\":\"live\",\"roomid\":\"4\",\"uniacid\":3,\"uid\":\"2215\",\"nickname\":\"\u5340\u5ee3\u797aGogo\"}"}
[2017-09-30 16:11:24] {"fd":3,"finish":true,"opcode":1,"data":"{\"toUser\":\"system\",\"type\":\"login\",\"scene\":\"live\",\"roomid\":\"4\",\"uniacid\":3,\"uid\":\"2253\",\"nickname\":\"\u56fd\u6210\u2022\u4e13\u6ce8\u4e92\u8054\u7f51+\u2022\"}"}
[2017-09-30 16:11:32] {"fd":3,"finish":true,"opcode":1,"data":"{\"toUser\":\"system\",\"type\":\"communication\",\"scene\":\"live\",\"roomid\":\"4\",\"uniacid\":3,\"uid\":\"2253\",\"nickname\":\"\u56fd\u6210\u2022\u4e13\u6ce8\u4e92\u8054\u7f51+\u2022\"}"}
[2017-09-30 16:11:37] {"fd":3,"finish":true,"opcode":1,"data":"{\"toUser\":\"system\",\"type\":\"clicklike\",\"scene\":\"live\",\"roomid\":\"4\",\"uniacid\":3,\"uid\":\"2253\",\"nickname\":\"\u56fd\u6210\u2022\u4e13\u6ce8\u4e92\u8054\u7f51+\u2022\"}"}
[2017-09-30 17:31:08] {"fd":4,"finish":true,"opcode":1,"data":"{\"toUser\":\"system\",\"type\":\"login\",\"scene\":\"live\",\"roomid\":\"4\",\"uniacid\":3,\"uid\":\"2215\",\"nickname\":\"\u5340\u5ee3\u797aGogo\"}"}
[2017-09-30 17:31:15] {"fd":4,"finish":true,"opcode":1,"data":"{\"toUser\":\"system\",\"type\":\"communication\",\"scene\":\"live\",\"roomid\":\"4\",\"uniacid\":3,\"uid\":\"2215\",\"nickname\":\"\u5340\u5ee3\u797aGogo\"}"}
[2017-09-30 17:31:23] {"fd":4,"finish":true,"opcode":1,"data":"{\"toUser\":\"system\",\"type\":\"communication\",\"scene\":\"live\",\"roomid\":\"4\",\"uniacid\":3,\"uid\":\"2215\",\"nickname\":\"\u5340\u5ee3\u797aGogo\"}"}
[2017-09-30 17:31:31] {"fd":4,"finish":true,"opcode":1,"data":"{\"toUser\":\"system\",\"type\":\"communication\",\"scene\":\"live\",\"roomid\":\"4\",\"uniacid\":3,\"uid\":\"2215\",\"nickname\":\"\u5340\u5ee3\u797aGogo\"}"}
[2017-09-30 19:21:49] {"fd":5,"finish":true,"opcode":1,"data":"{\"toUser\":\"system\",\"type\":\"login\",\"scene\":\"live\",\"roomid\":\"4\",\"uniacid\":3,\"uid\":\"2239\",\"nickname\":\" \u65c5\u9014alex\"}"}
[2017-09-30 19:21:57] {"fd":5,"finish":true,"opcode":1,"data":"{\"toUser\":\"system\",\"type\":\"communication\",\"scene\":\"live\",\"roomid\":\"4\",\"uniacid\":3,\"uid\":\"2239\",\"nickname\":\" \u65c5\u9014alex\"}"}
[2017-09-30 19:22:05] {"fd":5,"finish":true,"opcode":1,"data":"{\"toUser\":\"system\",\"type\":\"communication\",\"scene\":\"live\",\"roomid\":\"4\",\"uniacid\":3,\"uid\":\"2239\",\"nickname\":\" \u65c5\u9014alex\"}"}
[2017-09-30 19:22:06] {"fd":6,"finish":true,"opcode":1,"data":"{\"toUser\":\"system\",\"type\":\"login\",\"scene\":\"live\",\"roomid\":\"4\",\"uniacid\":3,\"uid\":\"2239\",\"nickname\":\" \u65c5\u9014alex\"}"}
[2017-09-30 19:22:13] {"fd":6,"finish":true,"opcode":1,"data":"{\"toUser\":\"system\",\"type\":\"communication\",\"scene\":\"live\",\"roomid\":\"4\",\"uniacid\":3,\"uid\":\"2239\",\"nickname\":\" \u65c5\u9014alex\"}"}
[2017-09-30 19:22:14] {"fd":6,"finish":true,"opcode":1,"data":"{\"toUser\":\"system\",\"type\":\"communication\",\"scene\":\"live\",\"roomid\":\"4\",\"uniacid\":3,\"uid\":\"2239\",\"nickname\":\" \u65c5\u9014alex\"}"}
[2017-10-01 00:13:09] {"fd":7,"finish":true,"opcode":1,"data":"{\"toUser\":\"system\",\"type\":\"login\",\"scene\":\"live\",\"roomid\":\"4\",\"uniacid\":3,\"uid\":\"2215\",\"nickname\":\"\u5340\u5ee3\u797aGogo\"}"}
[2017-10-01 00:13:17] {"fd":7,"finish":true,"opcode":1,"data":"{\"toUser\":\"system\",\"type\":\"communication\",\"scene\":\"live\",\"roomid\":\"4\",\"uniacid\":3,\"uid\":\"2215\",\"nickname\":\"\u5340\u5ee3\u797aGogo\"}"}
[2017-10-01 00:13:26] {"fd":7,"finish":true,"opcode":1,"data":"{\"toUser\":\"system\",\"type\":\"communication\",\"scene\":\"live\",\"roomid\":\"4\",\"uniacid\":3,\"uid\":\"2215\",\"nickname\":\"\u5340\u5ee3\u797aGogo\"}"}
[2017-10-01 00:13:34] {"fd":7,"finish":true,"opcode":1,"data":"{\"toUser\":\"system\",\"type\":\"communication\",\"scene\":\"live\",\"roomid\":\"4\",\"uniacid\":3,\"uid\":\"2215\",\"nickname\":\"\u5340\u5ee3\u797aGogo\"}"}
[2017-10-01 00:13:41] {"fd":7,"finish":true,"opcode":1,"data":"{\"toUser\":\"system\",\"type\":\"communication\",\"scene\":\"live\",\"roomid\":\"4\",\"uniacid\":3,\"uid\":\"2215\",\"nickname\":\"\u5340\u5ee3\u797aGogo\"}"}
[2017-10-01 00:13:50] {"fd":7,"finish":true,"opcode":1,"data":"{\"toUser\":\"system\",\"type\":\"communication\",\"scene\":\"live\",\"roomid\":\"4\",\"uniacid\":3,\"uid\":\"2215\",\"nickname\":\"\u5340\u5ee3\u797aGogo\"}"}
[2017-10-01 00:13:58] {"fd":8,"finish":true,"opcode":1,"data":"{\"toUser\":\"system\",\"type\":\"login\",\"scene\":\"live\",\"roomid\":\"4\",\"uniacid\":3,\"uid\":\"2215\",\"nickname\":\"\u5340\u5ee3\u797aGogo\"}"}
[2017-10-01 00:14:03] {"fd":8,"finish":true,"opcode":1,"data":"{\"toUser\":\"system\",\"type\":\"clicklike\",\"scene\":\"live\",\"roomid\":\"4\",\"uniacid\":3,\"uid\":\"2215\",\"nickname\":\"\u5340\u5ee3\u797aGogo\"}"}
[2017-10-01 00:14:06] {"fd":8,"finish":true,"opcode":1,"data":"{\"toUser\":\"system\",\"type\":\"communication\",\"scene\":\"live\",\"roomid\":\"4\",\"uniacid\":3,\"uid\":\"2215\",\"nickname\":\"\u5340\u5ee3\u797aGogo\"}"}
[2017-10-01 00:14:14] {"fd":8,"finish":true,"opcode":1,"data":"{\"toUser\":\"system\",\"type\":\"communication\",\"scene\":\"live\",\"roomid\":\"4\",\"uniacid\":3,\"uid\":\"2215\",\"nickname\":\"\u5340\u5ee3\u797aGogo\"}"}
[2017-10-01 00:14:22] {"fd":8,"finish":true,"opcode":1,"data":"{\"toUser\":\"system\",\"type\":\"communication\",\"scene\":\"live\",\"roomid\":\"4\",\"uniacid\":3,\"uid\":\"2215\",\"nickname\":\"\u5340\u5ee3\u797aGogo\"}"}
[2017-10-01 00:14:30] {"fd":8,"finish":true,"opcode":1,"data":"{\"toUser\":\"system\",\"type\":\"communication\",\"scene\":\"live\",\"roomid\":\"4\",\"uniacid\":3,\"uid\":\"2215\",\"nickname\":\"\u5340\u5ee3\u797aGogo\"}"}
[2017-10-01 14:17:08] {"fd":9,"finish":true,"opcode":1,"data":"{\"toUser\":\"system\",\"type\":\"login\",\"scene\":\"live\",\"roomid\":\"4\",\"uniacid\":3,\"uid\":\"2256\",\"nickname\":\"\u6f58\u60e0\u7476\"}"}
[2017-10-01 14:17:16] {"fd":9,"finish":true,"opcode":1,"data":"{\"toUser\":\"system\",\"type\":\"communication\",\"scene\":\"live\",\"roomid\":\"4\",\"uniacid\":3,\"uid\":\"2256\",\"nickname\":\"\u6f58\u60e0\u7476\"}"}
[2017-10-05 19:51:28] {"fd":10,"finish":true,"opcode":1,"data":"{\"toUser\":\"system\",\"type\":\"login\",\"scene\":\"live\",\"roomid\":\"4\",\"uniacid\":3,\"uid\":\"2215\",\"nickname\":\"\u5340\u5ee3\u797aGogo\"}"}
[2017-10-05 19:51:36] {"fd":10,"finish":true,"opcode":1,"data":"{\"toUser\":\"system\",\"type\":\"communication\",\"scene\":\"live\",\"roomid\":\"4\",\"uniacid\":3,\"uid\":\"2215\",\"nickname\":\"\u5340\u5ee3\u797aGogo\"}"}
[2017-10-06 11:01:11] {"fd":11,"finish":true,"opcode":1,"data":"{\"toUser\":\"system\",\"type\":\"login\",\"scene\":\"live\",\"roomid\":\"4\",\"uniacid\":3,\"uid\":\"2215\",\"nickname\":\"\u5340\u5ee3\u797aGogo\"}"}
[2017-10-06 11:01:19] {"fd":11,"finish":true,"opcode":1,"data":"{\"toUser\":\"system\",\"type\":\"communication\",\"scene\":\"live\",\"roomid\":\"4\",\"uniacid\":3,\"uid\":\"2215\",\"nickname\":\"\u5340\u5ee3\u797aGogo\"}"}
[2017-10-06 11:01:27] {"fd":11,"finish":true,"opcode":1,"data":"{\"toUser\":\"system\",\"type\":\"communication\",\"scene\":\"live\",\"roomid\":\"4\",\"uniacid\":3,\"uid\":\"2215\",\"nickname\":\"\u5340\u5ee3\u797aGogo\"}"}
[2017-10-11 18:35:44] {"fd":13,"finish":true,"opcode":1,"data":"{\"toUser\":\"system\",\"type\":\"login\",\"scene\":\"live\",\"roomid\":\"4\",\"uniacid\":3,\"uid\":\"2215\",\"nickname\":\"\u5340\u5ee3\u797aGogo\"}"}
[2017-10-11 18:35:52] {"fd":13,"finish":true,"opcode":1,"data":"{\"toUser\":\"system\",\"type\":\"communication\",\"scene\":\"live\",\"roomid\":\"4\",\"uniacid\":3,\"uid\":\"2215\",\"nickname\":\"\u5340\u5ee3\u797aGogo\"}"}
[2017-10-11 18:36:00] {"fd":13,"finish":true,"opcode":1,"data":"{\"toUser\":\"system\",\"type\":\"communication\",\"scene\":\"live\",\"roomid\":\"4\",\"uniacid\":3,\"uid\":\"2215\",\"nickname\":\"\u5340\u5ee3\u797aGogo\"}"}
[2017-10-11 18:36:08] {"fd":13,"finish":true,"opcode":1,"data":"{\"toUser\":\"system\",\"type\":\"communication\",\"scene\":\"live\",\"roomid\":\"4\",\"uniacid\":3,\"uid\":\"2215\",\"nickname\":\"\u5340\u5ee3\u797aGogo\"}"}
[2017-10-11 18:36:10] {"fd":14,"finish":true,"opcode":1,"data":"{\"toUser\":\"system\",\"type\":\"login\",\"scene\":\"live\",\"roomid\":\"4\",\"uniacid\":3,\"uid\":\"2215\",\"nickname\":\"\u5340\u5ee3\u797aGogo\"}"}
[2017-10-11 18:36:16] {"fd":14,"finish":true,"opcode":1,"data":"{\"toUser\":\"system\",\"type\":\"communication\",\"scene\":\"live\",\"roomid\":\"4\",\"uniacid\":3,\"uid\":\"2215\",\"nickname\":\"\u5340\u5ee3\u797aGogo\"}"}
[2017-10-11 18:36:18] {"fd":14,"finish":true,"opcode":1,"data":"{\"toUser\":\"system\",\"type\":\"communication\",\"scene\":\"live\",\"roomid\":\"4\",\"uniacid\":3,\"uid\":\"2215\",\"nickname\":\"\u5340\u5ee3\u797aGogo\"}"}
[2017-10-11 18:36:24] {"fd":14,"finish":true,"opcode":1,"data":"{\"toUser\":\"system\",\"type\":\"communication\",\"scene\":\"live\",\"roomid\":\"4\",\"uniacid\":3,\"uid\":\"2215\",\"nickname\":\"\u5340\u5ee3\u797aGogo\"}"}
[2017-10-11 18:36:26] {"fd":14,"finish":true,"opcode":1,"data":"{\"toUser\":\"system\",\"type\":\"communication\",\"scene\":\"live\",\"roomid\":\"4\",\"uniacid\":3,\"uid\":\"2215\",\"nickname\":\"\u5340\u5ee3\u797aGogo\"}"}
[2017-10-11 18:36:32] {"fd":14,"finish":true,"opcode":1,"data":"{\"toUser\":\"system\",\"type\":\"communication\",\"scene\":\"live\",\"roomid\":\"4\",\"uniacid\":3,\"uid\":\"2215\",\"nickname\":\"\u5340\u5ee3\u797aGogo\"}"}
[2017-10-11 18:36:33] {"fd":15,"finish":true,"opcode":1,"data":"{\"scene\":\"reload\"}"}
[2017-10-11 18:50:45] {"fd":17,"finish":true,"opcode":1,"data":"{\"toUser\":\"system\",\"type\":\"login\",\"scene\":\"live\",\"roomid\":\"4\",\"uniacid\":3,\"uid\":\"2215\",\"nickname\":\"\u5340\u5ee3\u797aGogo\"}"}
